[ 2015-10-05T13:21:57+08:00 ] 127.0.0.1 /index.php/User/Operation/logout.html
INFO: [ app_init ] --START--
INFO: Run Behavior\BuildLiteBehavior [ RunTime:0.000030s ]
INFO: [ app_init ] --END-- [ RunTime:0.000916s ]
INFO: [ app_begin ] --START--
INFO: Run Behavior\ReadHtmlCacheBehavior [ RunTime:0.002417s ]
INFO: [ app_begin ] --END-- [ RunTime:0.002563s ]
SQL: SHOW COLUMNS FROM `lab_user` [ RunTime:0.0127s ]
INFO: [ app_end ] --START--
INFO: Run Behavior\ShowPageTraceBehavior [ RunTime:0.001157s ]
INFO: [ app_end ] --END-- [ RunTime:0.001246s ]

[ 2015-10-05T13:21:59+08:00 ] 127.0.0.1 /index.php/User/Login.html
INFO: [ app_init ] --START--
INFO: Run Behavior\BuildLiteBehavior [ RunTime:0.000028s ]
INFO: [ app_init ] --END-- [ RunTime:0.000793s ]
INFO: [ app_begin ] --START--
INFO: Run Behavior\ReadHtmlCacheBehavior [ RunTime:0.000827s ]
INFO: [ app_begin ] --END-- [ RunTime:0.000900s ]
INFO: [ view_parse ] --START--
INFO: [ template_filter ] --START--
INFO: Run Behavior\ContentReplaceBehavior [ RunTime:0.000049s ]
INFO: [ template_filter ] --END-- [ RunTime:0.000122s ]
INFO: Run Behavior\ParseTemplateBehavior [ RunTime:0.022517s ]
INFO: [ view_parse ] --END-- [ RunTime:0.022666s ]
INFO: [ view_filter ] --START--
INFO: Run Behavior\WriteHtmlCacheBehavior [ RunTime:0.001201s ]
INFO: [ view_filter ] --END-- [ RunTime:0.001293s ]
INFO: [ app_end ] --START--
INFO: Run Behavior\ShowPageTraceBehavior [ RunTime:0.000999s ]
INFO: [ app_end ] --END-- [ RunTime:0.001069s ]

[ 2015-10-05T13:22:00+08:00 ] 127.0.0.1 /index.php/User/Operation/login.html
INFO: [ app_init ] --START--
INFO: Run Behavior\BuildLiteBehavior [ RunTime:0.000020s ]
INFO: [ app_init ] --END-- [ RunTime:0.000601s ]
INFO: [ app_begin ] --START--
INFO: Run Behavior\ReadHtmlCacheBehavior [ RunTime:0.000672s ]
INFO: [ app_begin ] --END-- [ RunTime:0.000768s ]
SQL: SHOW COLUMNS FROM `lab_user` [ RunTime:0.0291s ]
SQL: SELECT * FROM `lab_user` WHERE ( email="sxcuican@163.com" ) LIMIT 1   [ RunTime:0.0005s ]
SQL: SELECT * FROM `lab_user` WHERE ( username="Smilec" ) LIMIT 1   [ RunTime:0.0005s ]
DEBUG: test:8
NOTIC: [2] Illegal offset type in isset or empty D:\php\HttpClient\phpStudy\LAB\ThinkPHP\Library\Think\Model.class.php 第 445 行.
SQL: UPDATE `lab_user` SET `random`='32331' WHERE ( username="Smilec" ) [ RunTime:0.0011s ]
INFO: [ app_end ] --START--
INFO: Run Behavior\ShowPageTraceBehavior [ RunTime:0.001654s ]
INFO: [ app_end ] --END-- [ RunTime:0.001797s ]

[ 2015-10-05T13:23:28+08:00 ] 127.0.0.1 /index.php/User.html
INFO: [ app_init ] --START--
INFO: Run Behavior\BuildLiteBehavior [ RunTime:0.000019s ]
INFO: [ app_init ] --END-- [ RunTime:0.000625s ]
INFO: [ app_begin ] --START--
INFO: Run Behavior\ReadHtmlCacheBehavior [ RunTime:0.000754s ]
INFO: [ app_begin ] --END-- [ RunTime:0.000850s ]
SQL: SHOW COLUMNS FROM `lab_project` [ RunTime:0.0164s ]
SQL: SELECT * FROM `lab_project` WHERE ( username="Smilec" )  [ RunTime:0.0004s ]
SQL: SHOW COLUMNS FROM `lab_project_class` [ RunTime:0.0173s ]
SQL: SELECT * FROM `lab_project_class` WHERE ( class=1 )  [ RunTime:0.0004s ]
SQL: SELECT * FROM `lab_project_class` WHERE ( class=2 )  [ RunTime:0.0003s ]
SQL: SELECT * FROM `lab_project_class` WHERE ( class=3 )  [ RunTime:0.0003s ]
INFO: [ view_parse ] --START--
INFO: [ template_filter ] --START--
INFO: Run Behavior\ContentReplaceBehavior [ RunTime:0.000128s ]
INFO: [ template_filter ] --END-- [ RunTime:0.000262s ]
SQL: SHOW COLUMNS FROM `lab_user` [ RunTime:0.0143s ]
NOTIC: [8] Undefined variable: page D:\php\HttpClient\phpStudy\LAB\Application\Runtime\Cache\User\d7a7632f153cf12d0db44c934c28bcfe.php 第 103 行.
NOTIC: [8] Undefined variable: page D:\php\HttpClient\phpStudy\LAB\Application\Runtime\Cache\User\d7a7632f153cf12d0db44c934c28bcfe.php 第 104 行.
INFO: Run Behavior\ParseTemplateBehavior [ RunTime:0.035565s ]
INFO: [ view_parse ] --END-- [ RunTime:0.035668s ]
INFO: [ view_filter ] --START--
INFO: Run Behavior\WriteHtmlCacheBehavior [ RunTime:0.000925s ]
INFO: [ view_filter ] --END-- [ RunTime:0.001041s ]
INFO: [ app_end ] --START--
INFO: Run Behavior\ShowPageTraceBehavior [ RunTime:0.001872s ]
INFO: [ app_end ] --END-- [ RunTime:0.002006s ]

[ 2015-10-05T13:30:55+08:00 ] 127.0.0.1 /index.php/User
INFO: [ app_init ] --START--
INFO: Run Behavior\BuildLiteBehavior [ RunTime:0.000017s ]
INFO: [ app_init ] --END-- [ RunTime:0.000529s ]
INFO: [ app_begin ] --START--
INFO: Run Behavior\ReadHtmlCacheBehavior [ RunTime:0.000982s ]
INFO: [ app_begin ] --END-- [ RunTime:0.001079s ]
SQL: SHOW COLUMNS FROM `lab_project` [ RunTime:0.0131s ]
SQL: SELECT * FROM `lab_project` WHERE ( username="Smilec" )  [ RunTime:0.0003s ]
SQL: SHOW COLUMNS FROM `lab_project_class` [ RunTime:0.0121s ]
SQL: SELECT * FROM `lab_project_class` WHERE ( class=1 )  [ RunTime:0.0003s ]
SQL: SELECT * FROM `lab_project_class` WHERE ( class=2 )  [ RunTime:0.0002s ]
SQL: SELECT * FROM `lab_project_class` WHERE ( class=3 )  [ RunTime:0.0002s ]
INFO: [ view_parse ] --START--
INFO: [ template_filter ] --START--
INFO: Run Behavior\ContentReplaceBehavior [ RunTime:0.000060s ]
INFO: [ template_filter ] --END-- [ RunTime:0.000141s ]
SQL: SHOW COLUMNS FROM `lab_user` [ RunTime:0.0132s ]
NOTIC: [8] Undefined variable: page D:\php\HttpClient\phpStudy\LAB\Application\Runtime\Cache\User\d7a7632f153cf12d0db44c934c28bcfe.php 第 103 行.
NOTIC: [8] Undefined variable: page D:\php\HttpClient\phpStudy\LAB\Application\Runtime\Cache\User\d7a7632f153cf12d0db44c934c28bcfe.php 第 104 行.
INFO: Run Behavior\ParseTemplateBehavior [ RunTime:0.030342s ]
INFO: [ view_parse ] --END-- [ RunTime:0.030430s ]
INFO: [ view_filter ] --START--
INFO: Run Behavior\WriteHtmlCacheBehavior [ RunTime:0.000889s ]
INFO: [ view_filter ] --END-- [ RunTime:0.000977s ]
INFO: [ app_end ] --START--
INFO: Run Behavior\ShowPageTraceBehavior [ RunTime:0.000959s ]
INFO: [ app_end ] --END-- [ RunTime:0.001032s ]

[ 2015-10-05T13:42:57+08:00 ] 127.0.0.1 /index.php/User.html
INFO: [ app_init ] --START--
INFO: Run Behavior\BuildLiteBehavior [ RunTime:0.000019s ]
INFO: [ app_init ] --END-- [ RunTime:0.000466s ]
INFO: [ app_begin ] --START--
INFO: Run Behavior\ReadHtmlCacheBehavior [ RunTime:0.000577s ]
INFO: [ app_begin ] --END-- [ RunTime:0.000648s ]
SQL: SHOW COLUMNS FROM `lab_project` [ RunTime:0.0145s ]
SQL: SELECT * FROM `lab_project` WHERE ( username="Smilec" )  [ RunTime:0.0005s ]
SQL: SHOW COLUMNS FROM `lab_project_class` [ RunTime:0.0123s ]
SQL: SELECT * FROM `lab_project_class` WHERE ( class=1 )  [ RunTime:0.0003s ]
SQL: SELECT * FROM `lab_project_class` WHERE ( class=2 )  [ RunTime:0.0002s ]
SQL: SELECT * FROM `lab_project_class` WHERE ( class=3 )  [ RunTime:0.0002s ]
INFO: [ view_parse ] --START--
INFO: [ template_filter ] --START--
INFO: Run Behavior\ContentReplaceBehavior [ RunTime:0.000059s ]
INFO: [ template_filter ] --END-- [ RunTime:0.000139s ]
SQL: SHOW COLUMNS FROM `lab_user` [ RunTime:0.0130s ]
NOTIC: [8] Undefined variable: page D:\php\HttpClient\phpStudy\LAB\Application\Runtime\Cache\User\d7a7632f153cf12d0db44c934c28bcfe.php 第 103 行.
NOTIC: [8] Undefined variable: page D:\php\HttpClient\phpStudy\LAB\Application\Runtime\Cache\User\d7a7632f153cf12d0db44c934c28bcfe.php 第 104 行.
INFO: Run Behavior\ParseTemplateBehavior [ RunTime:0.039120s ]
INFO: [ view_parse ] --END-- [ RunTime:0.039191s ]
INFO: [ view_filter ] --START--
INFO: Run Behavior\WriteHtmlCacheBehavior [ RunTime:0.000494s ]
INFO: [ view_filter ] --END-- [ RunTime:0.000571s ]
INFO: [ app_end ] --START--
INFO: Run Behavior\ShowPageTraceBehavior [ RunTime:0.001097s ]
INFO: [ app_end ] --END-- [ RunTime:0.001166s ]

[ 2015-10-05T13:42:59+08:00 ] 127.0.0.1 /index.php/User/Index.html
INFO: [ app_init ] --START--
INFO: Run Behavior\BuildLiteBehavior [ RunTime:0.000019s ]
INFO: [ app_init ] --END-- [ RunTime:0.000459s ]
INFO: [ app_begin ] --START--
INFO: Run Behavior\ReadHtmlCacheBehavior [ RunTime:0.000573s ]
INFO: [ app_begin ] --END-- [ RunTime:0.000642s ]
SQL: SHOW COLUMNS FROM `lab_project` [ RunTime:0.0129s ]
SQL: SELECT * FROM `lab_project` WHERE ( username="Smilec" )  [ RunTime:0.0003s ]
SQL: SHOW COLUMNS FROM `lab_project_class` [ RunTime:0.0103s ]
SQL: SELECT * FROM `lab_project_class` WHERE ( class=1 )  [ RunTime:0.0003s ]
SQL: SELECT * FROM `lab_project_class` WHERE ( class=2 )  [ RunTime:0.0002s ]
SQL: SELECT * FROM `lab_project_class` WHERE ( class=3 )  [ RunTime:0.0002s ]
INFO: [ view_parse ] --START--
INFO: [ template_filter ] --START--
INFO: Run Behavior\ContentReplaceBehavior [ RunTime:0.000053s ]
INFO: [ template_filter ] --END-- [ RunTime:0.000125s ]
SQL: SHOW COLUMNS FROM `lab_user` [ RunTime:0.0110s ]
NOTIC: [8] Undefined variable: page D:\php\HttpClient\phpStudy\LAB\Application\Runtime\Cache\User\d7a7632f153cf12d0db44c934c28bcfe.php 第 103 行.
NOTIC: [8] Undefined variable: page D:\php\HttpClient\phpStudy\LAB\Application\Runtime\Cache\User\d7a7632f153cf12d0db44c934c28bcfe.php 第 104 行.
INFO: Run Behavior\ParseTemplateBehavior [ RunTime:0.025920s ]
INFO: [ view_parse ] --END-- [ RunTime:0.025998s ]
INFO: [ view_filter ] --START--
INFO: Run Behavior\WriteHtmlCacheBehavior [ RunTime:0.000494s ]
INFO: [ view_filter ] --END-- [ RunTime:0.000579s ]
INFO: [ app_end ] --START--
INFO: Run Behavior\ShowPageTraceBehavior [ RunTime:0.000936s ]
INFO: [ app_end ] --END-- [ RunTime:0.001010s ]

[ 2015-10-05T13:42:59+08:00 ] 127.0.0.1 /index.php/User/Setting.html
INFO: [ app_init ] --START--
INFO: Run Behavior\BuildLiteBehavior [ RunTime:0.000017s ]
INFO: [ app_init ] --END-- [ RunTime:0.000399s ]
INFO: [ app_begin ] --START--
INFO: Run Behavior\ReadHtmlCacheBehavior [ RunTime:0.000471s ]
INFO: [ app_begin ] --END-- [ RunTime:0.000530s ]
INFO: [ view_parse ] --START--
INFO: [ template_filter ] --START--
INFO: Run Behavior\ContentReplaceBehavior [ RunTime:0.000056s ]
INFO: [ template_filter ] --END-- [ RunTime:0.000128s ]
SQL: SHOW COLUMNS FROM `lab_user` [ RunTime:0.0102s ]
INFO: Run Behavior\ParseTemplateBehavior [ RunTime:0.041616s ]
INFO: [ view_parse ] --END-- [ RunTime:0.041689s ]
INFO: [ view_filter ] --START--
INFO: Run Behavior\WriteHtmlCacheBehavior [ RunTime:0.000636s ]
INFO: [ view_filter ] --END-- [ RunTime:0.000701s ]
INFO: [ app_end ] --START--
INFO: Run Behavior\ShowPageTraceBehavior [ RunTime:0.001130s ]
INFO: [ app_end ] --END-- [ RunTime:0.001201s ]

[ 2015-10-05T13:43:22+08:00 ] 127.0.0.1 /index.php/User/Setting.html
INFO: [ app_init ] --START--
INFO: Run Behavior\BuildLiteBehavior [ RunTime:0.000020s ]
INFO: [ app_init ] --END-- [ RunTime:0.000487s ]
INFO: [ app_begin ] --START--
INFO: Run Behavior\ReadHtmlCacheBehavior [ RunTime:0.000587s ]
INFO: [ app_begin ] --END-- [ RunTime:0.000659s ]
INFO: [ view_parse ] --START--
INFO: [ template_filter ] --START--
INFO: Run Behavior\ContentReplaceBehavior [ RunTime:0.000065s ]
INFO: [ template_filter ] --END-- [ RunTime:0.000147s ]
SQL: SHOW COLUMNS FROM `lab_user` [ RunTime:0.0129s ]
INFO: Run Behavior\ParseTemplateBehavior [ RunTime:0.037970s ]
INFO: [ view_parse ] --END-- [ RunTime:0.038039s ]
INFO: [ view_filter ] --START--
INFO: Run Behavior\WriteHtmlCacheBehavior [ RunTime:0.000470s ]
INFO: [ view_filter ] --END-- [ RunTime:0.000523s ]
INFO: [ app_end ] --START--
INFO: Run Behavior\ShowPageTraceBehavior [ RunTime:0.000551s ]
INFO: [ app_end ] --END-- [ RunTime:0.000604s ]

[ 2015-10-05T13:43:24+08:00 ] 127.0.0.1 /index.php/User/Index.html
INFO: [ app_init ] --START--
INFO: Run Behavior\BuildLiteBehavior [ RunTime:0.000017s ]
INFO: [ app_init ] --END-- [ RunTime:0.000521s ]
INFO: [ app_begin ] --START--
INFO: Run Behavior\ReadHtmlCacheBehavior [ RunTime:0.000520s ]
INFO: [ app_begin ] --END-- [ RunTime:0.000581s ]
SQL: SHOW COLUMNS FROM `lab_project` [ RunTime:0.0137s ]
SQL: SELECT * FROM `lab_project` WHERE ( username="Smilec" )  [ RunTime:0.0004s ]
SQL: SHOW COLUMNS FROM `lab_project_class` [ RunTime:0.0105s ]
SQL: SELECT * FROM `lab_project_class` WHERE ( class=1 )  [ RunTime:0.0006s ]
SQL: SELECT * FROM `lab_project_class` WHERE ( class=2 )  [ RunTime:0.0003s ]
SQL: SELECT * FROM `lab_project_class` WHERE ( class=3 )  [ RunTime:0.0004s ]
INFO: [ view_parse ] --START--
INFO: [ template_filter ] --START--
INFO: Run Behavior\ContentReplaceBehavior [ RunTime:0.000060s ]
INFO: [ template_filter ] --END-- [ RunTime:0.000139s ]
SQL: SHOW COLUMNS FROM `lab_user` [ RunTime:0.0103s ]
NOTIC: [8] Undefined variable: page D:\php\HttpClient\phpStudy\LAB\Application\Runtime\Cache\User\d7a7632f153cf12d0db44c934c28bcfe.php 第 103 行.
NOTIC: [8] Undefined variable: page D:\php\HttpClient\phpStudy\LAB\Application\Runtime\Cache\User\d7a7632f153cf12d0db44c934c28bcfe.php 第 104 行.
INFO: Run Behavior\ParseTemplateBehavior [ RunTime:0.025536s ]
INFO: [ view_parse ] --END-- [ RunTime:0.025619s ]
INFO: [ view_filter ] --START--
INFO: Run Behavior\WriteHtmlCacheBehavior [ RunTime:0.000447s ]
INFO: [ view_filter ] --END-- [ RunTime:0.000499s ]
INFO: [ app_end ] --START--
INFO: Run Behavior\ShowPageTraceBehavior [ RunTime:0.000534s ]
INFO: [ app_end ] --END-- [ RunTime:0.000587s ]

[ 2015-10-05T13:43:24+08:00 ] 127.0.0.1 /index.php/User/Setting.html
INFO: [ app_init ] --START--
INFO: Run Behavior\BuildLiteBehavior [ RunTime:0.000018s ]
INFO: [ app_init ] --END-- [ RunTime:0.000474s ]
INFO: [ app_begin ] --START--
INFO: Run Behavior\ReadHtmlCacheBehavior [ RunTime:0.000850s ]
INFO: [ app_begin ] --END-- [ RunTime:0.000935s ]
INFO: [ view_parse ] --START--
INFO: [ template_filter ] --START--
INFO: Run Behavior\ContentReplaceBehavior [ RunTime:0.000067s ]
INFO: [ template_filter ] --END-- [ RunTime:0.000153s ]
SQL: SHOW COLUMNS FROM `lab_user` [ RunTime:0.0093s ]
INFO: Run Behavior\ParseTemplateBehavior [ RunTime:0.034074s ]
INFO: [ view_parse ] --END-- [ RunTime:0.034142s ]
INFO: [ view_filter ] --START--
INFO: Run Behavior\WriteHtmlCacheBehavior [ RunTime:0.000464s ]
INFO: [ view_filter ] --END-- [ RunTime:0.000517s ]
INFO: [ app_end ] --START--
INFO: Run Behavior\ShowPageTraceBehavior [ RunTime:0.000511s ]
INFO: [ app_end ] --END-- [ RunTime:0.000590s ]

[ 2015-10-05T13:43:25+08:00 ] 127.0.0.1 /index.php/User/Index.html
INFO: [ app_init ] --START--
INFO: Run Behavior\BuildLiteBehavior [ RunTime:0.000033s ]
INFO: [ app_init ] --END-- [ RunTime:0.000697s ]
INFO: [ app_begin ] --START--
INFO: Run Behavior\ReadHtmlCacheBehavior [ RunTime:0.000793s ]
INFO: [ app_begin ] --END-- [ RunTime:0.000905s ]
SQL: SHOW COLUMNS FROM `lab_project` [ RunTime:0.0131s ]
SQL: SELECT * FROM `lab_project` WHERE ( username="Smilec" )  [ RunTime:0.0003s ]
SQL: SHOW COLUMNS FROM `lab_project_class` [ RunTime:0.0108s ]
SQL: SELECT * FROM `lab_project_class` WHERE ( class=1 )  [ RunTime:0.0003s ]
SQL: SELECT * FROM `lab_project_class` WHERE ( class=2 )  [ RunTime:0.0002s ]
SQL: SELECT * FROM `lab_project_class` WHERE ( class=3 )  [ RunTime:0.0002s ]
INFO: [ view_parse ] --START--
INFO: [ template_filter ] --START--
INFO: Run Behavior\ContentReplaceBehavior [ RunTime:0.000063s ]
INFO: [ template_filter ] --END-- [ RunTime:0.000162s ]
SQL: SHOW COLUMNS FROM `lab_user` [ RunTime:0.0132s ]
NOTIC: [8] Undefined variable: page D:\php\HttpClient\phpStudy\LAB\Application\Runtime\Cache\User\d7a7632f153cf12d0db44c934c28bcfe.php 第 103 行.
NOTIC: [8] Undefined variable: page D:\php\HttpClient\phpStudy\LAB\Application\Runtime\Cache\User\d7a7632f153cf12d0db44c934c28bcfe.php 第 104 行.
INFO: Run Behavior\ParseTemplateBehavior [ RunTime:0.029496s ]
INFO: [ view_parse ] --END-- [ RunTime:0.029561s ]
INFO: [ view_filter ] --START--
INFO: Run Behavior\WriteHtmlCacheBehavior [ RunTime:0.000480s ]
INFO: [ view_filter ] --END-- [ RunTime:0.000542s ]
INFO: [ app_end ] --START--
INFO: Run Behavior\ShowPageTraceBehavior [ RunTime:0.000670s ]
INFO: [ app_end ] --END-- [ RunTime:0.000767s ]

[ 2015-10-05T13:43:43+08:00 ] 127.0.0.1 /index.php/User/Index.html
INFO: [ app_init ] --START--
INFO: Run Behavior\BuildLiteBehavior [ RunTime:0.000022s ]
INFO: [ app_init ] --END-- [ RunTime:0.000623s ]
INFO: [ app_begin ] --START--
INFO: Run Behavior\ReadHtmlCacheBehavior [ RunTime:0.001382s ]
INFO: [ app_begin ] --END-- [ RunTime:0.001473s ]
SQL: SHOW COLUMNS FROM `lab_project` [ RunTime:0.0126s ]
SQL: SELECT * FROM `lab_project` WHERE ( username="Smilec" )  [ RunTime:0.0004s ]
SQL: SHOW COLUMNS FROM `lab_project_class` [ RunTime:0.0145s ]
SQL: SELECT * FROM `lab_project_class` WHERE ( class=1 )  [ RunTime:0.0003s ]
SQL: SELECT * FROM `lab_project_class` WHERE ( class=2 )  [ RunTime:0.0003s ]
SQL: SELECT * FROM `lab_project_class` WHERE ( class=3 )  [ RunTime:0.0002s ]
INFO: [ view_parse ] --START--
INFO: [ template_filter ] --START--
INFO: Run Behavior\ContentReplaceBehavior [ RunTime:0.000149s ]
INFO: [ template_filter ] --END-- [ RunTime:0.000301s ]
SQL: SHOW COLUMNS FROM `lab_user` [ RunTime:0.0117s ]
NOTIC: [8] Undefined variable: page D:\php\HttpClient\phpStudy\LAB\Application\Runtime\Cache\User\d7a7632f153cf12d0db44c934c28bcfe.php 第 103 行.
NOTIC: [8] Undefined variable: page D:\php\HttpClient\phpStudy\LAB\Application\Runtime\Cache\User\d7a7632f153cf12d0db44c934c28bcfe.php 第 104 行.
INFO: Run Behavior\ParseTemplateBehavior [ RunTime:0.044672s ]
INFO: [ view_parse ] --END-- [ RunTime:0.044744s ]
INFO: [ view_filter ] --START--
INFO: Run Behavior\WriteHtmlCacheBehavior [ RunTime:0.001446s ]
INFO: [ view_filter ] --END-- [ RunTime:0.001535s ]
INFO: [ app_end ] --START--
INFO: Run Behavior\ShowPageTraceBehavior [ RunTime:0.001845s ]
INFO: [ app_end ] --END-- [ RunTime:0.001939s ]

[ 2015-10-05T13:43:47+08:00 ] 127.0.0.1 /index.php/User/Index.html
INFO: [ app_init ] --START--
INFO: Run Behavior\BuildLiteBehavior [ RunTime:0.000018s ]
INFO: [ app_init ] --END-- [ RunTime:0.000437s ]
INFO: [ app_begin ] --START--
INFO: Run Behavior\ReadHtmlCacheBehavior [ RunTime:0.000594s ]
INFO: [ app_begin ] --END-- [ RunTime:0.000668s ]
SQL: SHOW COLUMNS FROM `lab_project` [ RunTime:0.0152s ]
SQL: SELECT * FROM `lab_project` WHERE ( username="Smilec" )  [ RunTime:0.0004s ]
SQL: SHOW COLUMNS FROM `lab_project_class` [ RunTime:0.0124s ]
SQL: SELECT * FROM `lab_project_class` WHERE ( class=1 )  [ RunTime:0.0004s ]
SQL: SELECT * FROM `lab_project_class` WHERE ( class=2 )  [ RunTime:0.0002s ]
SQL: SELECT * FROM `lab_project_class` WHERE ( class=3 )  [ RunTime:0.0002s ]
INFO: [ view_parse ] --START--
INFO: [ template_filter ] --START--
INFO: Run Behavior\ContentReplaceBehavior [ RunTime:0.000056s ]
INFO: [ template_filter ] --END-- [ RunTime:0.000134s ]
SQL: SHOW COLUMNS FROM `lab_user` [ RunTime:0.0126s ]
NOTIC: [8] Undefined variable: page D:\php\HttpClient\phpStudy\LAB\Application\Runtime\Cache\User\d7a7632f153cf12d0db44c934c28bcfe.php 第 103 行.
NOTIC: [8] Undefined variable: page D:\php\HttpClient\phpStudy\LAB\Application\Runtime\Cache\User\d7a7632f153cf12d0db44c934c28bcfe.php 第 104 行.
INFO: Run Behavior\ParseTemplateBehavior [ RunTime:0.028082s ]
INFO: [ view_parse ] --END-- [ RunTime:0.028176s ]
INFO: [ view_filter ] --START--
INFO: Run Behavior\WriteHtmlCacheBehavior [ RunTime:0.000548s ]
INFO: [ view_filter ] --END-- [ RunTime:0.000632s ]
INFO: [ app_end ] --START--
INFO: Run Behavior\ShowPageTraceBehavior [ RunTime:0.001145s ]
INFO: [ app_end ] --END-- [ RunTime:0.001237s ]

