[ 2015-10-14T14:47:16+08:00 ] ::1 /index.php/User/Login.html
INFO: [ app_init ] --START--
INFO: Run Behavior\BuildLiteBehavior [ RunTime:0.000021s ]
INFO: [ app_init ] --END-- [ RunTime:0.000447s ]
INFO: [ app_begin ] --START--
INFO: Run Behavior\ReadHtmlCacheBehavior [ RunTime:0.000607s ]
INFO: [ app_begin ] --END-- [ RunTime:0.000688s ]
INFO: [ view_parse ] --START--
INFO: [ template_filter ] --START--
INFO: Run Behavior\ContentReplaceBehavior [ RunTime:0.000047s ]
INFO: [ template_filter ] --END-- [ RunTime:0.000137s ]
INFO: Run Behavior\ParseTemplateBehavior [ RunTime:0.009405s ]
INFO: [ view_parse ] --END-- [ RunTime:0.009484s ]
INFO: [ view_filter ] --START--
INFO: Run Behavior\WriteHtmlCacheBehavior [ RunTime:0.000151s ]
INFO: [ view_filter ] --END-- [ RunTime:0.000200s ]
INFO: [ app_end ] --START--
INFO: Run Behavior\ShowPageTraceBehavior [ RunTime:0.000557s ]
INFO: [ app_end ] --END-- [ RunTime:0.000616s ]

[ 2015-10-14T14:47:16+08:00 ] ::1 /index.php/User/assets/i/favicon.png
INFO: [ app_init ] --START--
INFO: Run Behavior\BuildLiteBehavior [ RunTime:0.000017s ]
INFO: [ app_init ] --END-- [ RunTime:0.000382s ]

[ 2015-10-14T14:47:21+08:00 ] ::1 /index.php/User/Operation/login.html
INFO: [ app_init ] --START--
INFO: Run Behavior\BuildLiteBehavior [ RunTime:0.000029s ]
INFO: [ app_init ] --END-- [ RunTime:0.000370s ]
INFO: [ app_begin ] --START--
INFO: Run Behavior\ReadHtmlCacheBehavior [ RunTime:0.000543s ]
INFO: [ app_begin ] --END-- [ RunTime:0.000625s ]
SQL: SHOW COLUMNS FROM `lab_user` [ RunTime:0.0015s ]
SQL: SELECT * FROM `lab_user` WHERE ( email="sxcuican@163.com" ) LIMIT 1   [ RunTime:0.0014s ]
INFO: [ app_end ] --START--
INFO: Run Behavior\ShowPageTraceBehavior [ RunTime:0.001116s ]
INFO: [ app_end ] --END-- [ RunTime:0.001291s ]

[ 2015-10-14T14:47:31+08:00 ] ::1 /index.php/User/Operation/login.html
INFO: [ app_init ] --START--
INFO: Run Behavior\BuildLiteBehavior [ RunTime:0.000023s ]
INFO: [ app_init ] --END-- [ RunTime:0.000455s ]
INFO: [ app_begin ] --START--
INFO: Run Behavior\ReadHtmlCacheBehavior [ RunTime:0.000513s ]
INFO: [ app_begin ] --END-- [ RunTime:0.000578s ]
SQL: SHOW COLUMNS FROM `lab_user` [ RunTime:0.0015s ]
SQL: SELECT * FROM `lab_user` WHERE ( email="sxcuican@163.com" ) LIMIT 1   [ RunTime:0.0004s ]
SQL: SELECT * FROM `lab_user` WHERE ( username="Smilec" ) LIMIT 1   [ RunTime:0.0003s ]
DEBUG: test:8
NOTIC: [2] Illegal offset type in isset or empty /Users/smilec/Code/Lab/ThinkPHP/Library/Think/Model.class.php 第 445 行.
SQL: UPDATE `lab_user` SET `random`='659533324' WHERE ( username="Smilec" ) [ RunTime:0.0069s ]
INFO: [ app_end ] --START--
INFO: Run Behavior\ShowPageTraceBehavior [ RunTime:0.000626s ]
INFO: [ app_end ] --END-- [ RunTime:0.000701s ]

[ 2015-10-14T14:47:46+08:00 ] ::1 /index.php/User.html
INFO: [ app_init ] --START--
INFO: Run Behavior\BuildLiteBehavior [ RunTime:0.000025s ]
INFO: [ app_init ] --END-- [ RunTime:0.000533s ]
INFO: [ app_begin ] --START--
INFO: Run Behavior\ReadHtmlCacheBehavior [ RunTime:0.000572s ]
INFO: [ app_begin ] --END-- [ RunTime:0.000679s ]
SQL: SHOW COLUMNS FROM `lab_project` [ RunTime:0.0015s ]
SQL: SELECT * FROM `lab_project` WHERE ( username="Smilec" )  [ RunTime:0.0004s ]
SQL: SHOW COLUMNS FROM `lab_project_class` [ RunTime:0.0013s ]
SQL: SELECT * FROM `lab_project_class` WHERE ( class=1 )  [ RunTime:0.0003s ]
SQL: SELECT * FROM `lab_project_class` WHERE ( class=2 )  [ RunTime:0.0003s ]
SQL: SELECT * FROM `lab_project_class` WHERE ( class=3 )  [ RunTime:0.0003s ]
INFO: [ view_parse ] --START--
INFO: [ template_filter ] --START--
INFO: Run Behavior\ContentReplaceBehavior [ RunTime:0.000062s ]
INFO: [ template_filter ] --END-- [ RunTime:0.000157s ]
SQL: SHOW COLUMNS FROM `lab_user` [ RunTime:0.0015s ]
NOTIC: [8] Undefined variable: page /Users/smilec/Code/Lab/Application/Runtime/Cache/User/d7a7632f153cf12d0db44c934c28bcfe.php 第 103 行.
NOTIC: [8] Undefined variable: page /Users/smilec/Code/Lab/Application/Runtime/Cache/User/d7a7632f153cf12d0db44c934c28bcfe.php 第 104 行.
INFO: Run Behavior\ParseTemplateBehavior [ RunTime:0.019193s ]
INFO: [ view_parse ] --END-- [ RunTime:0.019263s ]
INFO: [ view_filter ] --START--
INFO: Run Behavior\WriteHtmlCacheBehavior [ RunTime:0.000192s ]
INFO: [ view_filter ] --END-- [ RunTime:0.000246s ]
INFO: [ app_end ] --START--
INFO: Run Behavior\ShowPageTraceBehavior [ RunTime:0.000559s ]
INFO: [ app_end ] --END-- [ RunTime:0.000616s ]

[ 2015-10-14T14:47:57+08:00 ] ::1 /index.php/User.html
INFO: [ app_init ] --START--
INFO: Run Behavior\BuildLiteBehavior [ RunTime:0.000017s ]
INFO: [ app_init ] --END-- [ RunTime:0.000357s ]
INFO: [ app_begin ] --START--
INFO: Run Behavior\ReadHtmlCacheBehavior [ RunTime:0.000460s ]
INFO: [ app_begin ] --END-- [ RunTime:0.000517s ]
SQL: SHOW COLUMNS FROM `lab_project` [ RunTime:0.0017s ]
SQL: SELECT * FROM `lab_project` WHERE ( username="Smilec" )  [ RunTime:0.0004s ]
SQL: SHOW COLUMNS FROM `lab_project_class` [ RunTime:0.0014s ]
SQL: SELECT * FROM `lab_project_class` WHERE ( class=1 )  [ RunTime:0.0003s ]
SQL: SELECT * FROM `lab_project_class` WHERE ( class=2 )  [ RunTime:0.0003s ]
SQL: SELECT * FROM `lab_project_class` WHERE ( class=3 )  [ RunTime:0.0003s ]
INFO: [ view_parse ] --START--
INFO: [ template_filter ] --START--
INFO: Run Behavior\ContentReplaceBehavior [ RunTime:0.000043s ]
INFO: [ template_filter ] --END-- [ RunTime:0.000113s ]
SQL: SHOW COLUMNS FROM `lab_user` [ RunTime:0.0014s ]
NOTIC: [8] Undefined variable: page /Users/smilec/Code/Lab/Application/Runtime/Cache/User/d7a7632f153cf12d0db44c934c28bcfe.php 第 103 行.
NOTIC: [8] Undefined variable: page /Users/smilec/Code/Lab/Application/Runtime/Cache/User/d7a7632f153cf12d0db44c934c28bcfe.php 第 104 行.
INFO: Run Behavior\ParseTemplateBehavior [ RunTime:0.014113s ]
INFO: [ view_parse ] --END-- [ RunTime:0.014167s ]
INFO: [ view_filter ] --START--
INFO: Run Behavior\WriteHtmlCacheBehavior [ RunTime:0.000190s ]
INFO: [ view_filter ] --END-- [ RunTime:0.000240s ]
INFO: [ app_end ] --START--
INFO: Run Behavior\ShowPageTraceBehavior [ RunTime:0.000530s ]
INFO: [ app_end ] --END-- [ RunTime:0.000584s ]

[ 2015-10-14T14:48:04+08:00 ] ::1 /index.php/User.html
INFO: [ app_init ] --START--
INFO: Run Behavior\BuildLiteBehavior [ RunTime:0.000022s ]
INFO: [ app_init ] --END-- [ RunTime:0.000450s ]
INFO: [ app_begin ] --START--
INFO: Run Behavior\ReadHtmlCacheBehavior [ RunTime:0.000525s ]
INFO: [ app_begin ] --END-- [ RunTime:0.000601s ]
SQL: SHOW COLUMNS FROM `lab_project` [ RunTime:0.0016s ]
SQL: SELECT * FROM `lab_project` WHERE ( username="Smilec" )  [ RunTime:0.0004s ]
SQL: SHOW COLUMNS FROM `lab_project_class` [ RunTime:0.0024s ]
SQL: SELECT * FROM `lab_project_class` WHERE ( class=1 )  [ RunTime:0.0003s ]
SQL: SELECT * FROM `lab_project_class` WHERE ( class=2 )  [ RunTime:0.0003s ]
SQL: SELECT * FROM `lab_project_class` WHERE ( class=3 )  [ RunTime:0.0003s ]
INFO: [ view_parse ] --START--
INFO: [ template_filter ] --START--
INFO: Run Behavior\ContentReplaceBehavior [ RunTime:0.000051s ]
INFO: [ template_filter ] --END-- [ RunTime:0.000120s ]
SQL: SHOW COLUMNS FROM `lab_user` [ RunTime:0.0013s ]
NOTIC: [8] Undefined variable: page /Users/smilec/Code/Lab/Application/Runtime/Cache/User/d7a7632f153cf12d0db44c934c28bcfe.php 第 103 行.
NOTIC: [8] Undefined variable: page /Users/smilec/Code/Lab/Application/Runtime/Cache/User/d7a7632f153cf12d0db44c934c28bcfe.php 第 104 行.
INFO: Run Behavior\ParseTemplateBehavior [ RunTime:0.016042s ]
INFO: [ view_parse ] --END-- [ RunTime:0.016101s ]
INFO: [ view_filter ] --START--
INFO: Run Behavior\WriteHtmlCacheBehavior [ RunTime:0.000196s ]
INFO: [ view_filter ] --END-- [ RunTime:0.000245s ]
INFO: [ app_end ] --START--
INFO: Run Behavior\ShowPageTraceBehavior [ RunTime:0.000588s ]
INFO: [ app_end ] --END-- [ RunTime:0.000642s ]

[ 2015-10-14T15:01:31+08:00 ] ::1 /index.php/User/Operation/logout.html
INFO: [ app_init ] --START--
INFO: Run Behavior\BuildLiteBehavior [ RunTime:0.000051s ]
INFO: [ app_init ] --END-- [ RunTime:0.000895s ]
INFO: [ app_begin ] --START--
INFO: Run Behavior\ReadHtmlCacheBehavior [ RunTime:0.000650s ]
INFO: [ app_begin ] --END-- [ RunTime:0.000728s ]
SQL: SHOW COLUMNS FROM `lab_user` [ RunTime:0.0015s ]
INFO: [ app_end ] --START--
INFO: Run Behavior\ShowPageTraceBehavior [ RunTime:0.000548s ]
INFO: [ app_end ] --END-- [ RunTime:0.000606s ]

[ 2015-10-14T15:01:36+08:00 ] ::1 /index.php/User/Login.html
INFO: [ app_init ] --START--
INFO: Run Behavior\BuildLiteBehavior [ RunTime:0.000022s ]
INFO: [ app_init ] --END-- [ RunTime:0.000451s ]
INFO: [ app_begin ] --START--
INFO: Run Behavior\ReadHtmlCacheBehavior [ RunTime:0.000516s ]
INFO: [ app_begin ] --END-- [ RunTime:0.000584s ]
INFO: [ view_parse ] --START--
INFO: [ template_filter ] --START--
INFO: Run Behavior\ContentReplaceBehavior [ RunTime:0.000075s ]
INFO: [ template_filter ] --END-- [ RunTime:0.000199s ]
INFO: Run Behavior\ParseTemplateBehavior [ RunTime:0.009752s ]
INFO: [ view_parse ] --END-- [ RunTime:0.009832s ]
INFO: [ view_filter ] --START--
INFO: Run Behavior\WriteHtmlCacheBehavior [ RunTime:0.000202s ]
INFO: [ view_filter ] --END-- [ RunTime:0.000269s ]
INFO: [ app_end ] --START--
INFO: Run Behavior\ShowPageTraceBehavior [ RunTime:0.000715s ]
INFO: [ app_end ] --END-- [ RunTime:0.000793s ]

[ 2015-10-14T15:01:38+08:00 ] ::1 /index.php/User/Operation/login.html
INFO: [ app_init ] --START--
INFO: Run Behavior\BuildLiteBehavior [ RunTime:0.000015s ]
INFO: [ app_init ] --END-- [ RunTime:0.000341s ]
INFO: [ app_begin ] --START--
INFO: Run Behavior\ReadHtmlCacheBehavior [ RunTime:0.000456s ]
INFO: [ app_begin ] --END-- [ RunTime:0.000510s ]
SQL: SHOW COLUMNS FROM `lab_user` [ RunTime:0.0017s ]
SQL: SELECT * FROM `lab_user` WHERE ( email="sxcuican@163.com" ) LIMIT 1   [ RunTime:0.0004s ]
SQL: SELECT * FROM `lab_user` WHERE ( username="Smilec" ) LIMIT 1   [ RunTime:0.0003s ]
DEBUG: test:8
NOTIC: [2] Illegal offset type in isset or empty /Users/smilec/Code/Lab/ThinkPHP/Library/Think/Model.class.php 第 445 行.
SQL: UPDATE `lab_user` SET `random`='859558028' WHERE ( username="Smilec" ) [ RunTime:0.0007s ]
INFO: [ app_end ] --START--
INFO: Run Behavior\ShowPageTraceBehavior [ RunTime:0.000615s ]
INFO: [ app_end ] --END-- [ RunTime:0.000683s ]

[ 2015-10-14T15:51:17+08:00 ] ::1 /index.php/User.html
INFO: [ app_init ] --START--
INFO: Run Behavior\BuildLiteBehavior [ RunTime:0.000031s ]
INFO: [ app_init ] --END-- [ RunTime:0.000695s ]
INFO: [ app_begin ] --START--
INFO: Run Behavior\ReadHtmlCacheBehavior [ RunTime:0.000984s ]
INFO: [ app_begin ] --END-- [ RunTime:0.001097s ]
SQL: SHOW COLUMNS FROM `lab_project` [ RunTime:0.0019s ]
SQL: SELECT * FROM `lab_project` WHERE ( username="Smilec" )  [ RunTime:0.0003s ]
SQL: SHOW COLUMNS FROM `lab_project_class` [ RunTime:0.0014s ]
SQL: SELECT * FROM `lab_project_class` WHERE ( class=1 )  [ RunTime:0.0004s ]
SQL: SELECT * FROM `lab_project_class` WHERE ( class=2 )  [ RunTime:0.0003s ]
SQL: SELECT * FROM `lab_project_class` WHERE ( class=3 )  [ RunTime:0.0003s ]
INFO: [ view_parse ] --START--
INFO: [ template_filter ] --START--
INFO: Run Behavior\ContentReplaceBehavior [ RunTime:0.000049s ]
INFO: [ template_filter ] --END-- [ RunTime:0.000134s ]
SQL: SHOW COLUMNS FROM `lab_user` [ RunTime:0.0016s ]
NOTIC: [8] Undefined variable: page /Users/smilec/Code/Lab/Application/Runtime/Cache/User/d7a7632f153cf12d0db44c934c28bcfe.php 第 103 行.
NOTIC: [8] Undefined variable: page /Users/smilec/Code/Lab/Application/Runtime/Cache/User/d7a7632f153cf12d0db44c934c28bcfe.php 第 104 行.
INFO: Run Behavior\ParseTemplateBehavior [ RunTime:0.017440s ]
INFO: [ view_parse ] --END-- [ RunTime:0.017496s ]
INFO: [ view_filter ] --START--
INFO: Run Behavior\WriteHtmlCacheBehavior [ RunTime:0.000193s ]
INFO: [ view_filter ] --END-- [ RunTime:0.000241s ]
INFO: [ app_end ] --START--
INFO: Run Behavior\ShowPageTraceBehavior [ RunTime:0.000509s ]
INFO: [ app_end ] --END-- [ RunTime:0.000560s ]

[ 2015-10-14T15:52:38+08:00 ] ::1 /index.php/User.html
INFO: [ app_init ] --START--
INFO: Run Behavior\BuildLiteBehavior [ RunTime:0.000015s ]
INFO: [ app_init ] --END-- [ RunTime:0.000343s ]
INFO: [ app_begin ] --START--
INFO: Run Behavior\ReadHtmlCacheBehavior [ RunTime:0.000452s ]
INFO: [ app_begin ] --END-- [ RunTime:0.000514s ]
SQL: SHOW COLUMNS FROM `lab_project` [ RunTime:0.0015s ]
SQL: SELECT * FROM `lab_project` WHERE ( username="Smilec" )  [ RunTime:0.0004s ]
SQL: SHOW COLUMNS FROM `lab_project_class` [ RunTime:0.0013s ]
SQL: SELECT * FROM `lab_project_class` WHERE ( class=1 )  [ RunTime:0.0003s ]
SQL: SELECT * FROM `lab_project_class` WHERE ( class=2 )  [ RunTime:0.0003s ]
SQL: SELECT * FROM `lab_project_class` WHERE ( class=3 )  [ RunTime:0.0003s ]
INFO: [ view_parse ] --START--
INFO: [ template_filter ] --START--
INFO: Run Behavior\ContentReplaceBehavior [ RunTime:0.000046s ]
INFO: [ template_filter ] --END-- [ RunTime:0.000137s ]

[ 2015-10-14T15:52:50+08:00 ] ::1 /index.php/User.html
INFO: [ app_init ] --START--
INFO: Run Behavior\BuildLiteBehavior [ RunTime:0.000021s ]
INFO: [ app_init ] --END-- [ RunTime:0.000452s ]
INFO: [ app_begin ] --START--
INFO: Run Behavior\ReadHtmlCacheBehavior [ RunTime:0.000520s ]
INFO: [ app_begin ] --END-- [ RunTime:0.000588s ]
SQL: SHOW COLUMNS FROM `lab_project` [ RunTime:0.0018s ]
SQL: SELECT * FROM `lab_project` WHERE ( username="Smilec" )  [ RunTime:0.0004s ]
SQL: SHOW COLUMNS FROM `lab_project_class` [ RunTime:0.0013s ]
SQL: SELECT * FROM `lab_project_class` WHERE ( class=1 )  [ RunTime:0.0003s ]
SQL: SELECT * FROM `lab_project_class` WHERE ( class=2 )  [ RunTime:0.0003s ]
SQL: SELECT * FROM `lab_project_class` WHERE ( class=3 )  [ RunTime:0.0003s ]
INFO: [ view_parse ] --START--
INFO: [ template_filter ] --START--
INFO: Run Behavior\ContentReplaceBehavior [ RunTime:0.000053s ]
INFO: [ template_filter ] --END-- [ RunTime:0.000127s ]
SQL: SHOW COLUMNS FROM `lab_user` [ RunTime:0.0014s ]
NOTIC: [8] Undefined variable: page /Users/smilec/Code/Lab/Application/Runtime/Cache/User/d7a7632f153cf12d0db44c934c28bcfe.php 第 103 行.
NOTIC: [8] Undefined variable: page /Users/smilec/Code/Lab/Application/Runtime/Cache/User/d7a7632f153cf12d0db44c934c28bcfe.php 第 104 行.
INFO: Run Behavior\ParseTemplateBehavior [ RunTime:0.014750s ]
INFO: [ view_parse ] --END-- [ RunTime:0.014811s ]
INFO: [ view_filter ] --START--
INFO: Run Behavior\WriteHtmlCacheBehavior [ RunTime:0.000188s ]
INFO: [ view_filter ] --END-- [ RunTime:0.000237s ]
INFO: [ app_end ] --START--
INFO: Run Behavior\ShowPageTraceBehavior [ RunTime:0.000585s ]
INFO: [ app_end ] --END-- [ RunTime:0.000640s ]

[ 2015-10-14T15:53:19+08:00 ] ::1 /index.php/User.html
INFO: [ app_init ] --START--
INFO: Run Behavior\BuildLiteBehavior [ RunTime:0.000015s ]
INFO: [ app_init ] --END-- [ RunTime:0.000341s ]
INFO: [ app_begin ] --START--
INFO: Run Behavior\ReadHtmlCacheBehavior [ RunTime:0.000451s ]
INFO: [ app_begin ] --END-- [ RunTime:0.000511s ]
SQL: SHOW COLUMNS FROM `lab_project` [ RunTime:0.0014s ]
SQL: SELECT * FROM `lab_project` WHERE ( username="Smilec" )  [ RunTime:0.0004s ]
SQL: SHOW COLUMNS FROM `lab_project_class` [ RunTime:0.0013s ]
SQL: SELECT * FROM `lab_project_class` WHERE ( class=1 )  [ RunTime:0.0003s ]
SQL: SELECT * FROM `lab_project_class` WHERE ( class=2 )  [ RunTime:0.0003s ]
SQL: SELECT * FROM `lab_project_class` WHERE ( class=3 )  [ RunTime:0.0003s ]
INFO: [ view_parse ] --START--
INFO: [ template_filter ] --START--
INFO: Run Behavior\ContentReplaceBehavior [ RunTime:0.000043s ]
INFO: [ template_filter ] --END-- [ RunTime:0.000117s ]
SQL: SHOW COLUMNS FROM `lab_user` [ RunTime:0.0014s ]
NOTIC: [8] Undefined variable: page /Users/smilec/Code/Lab/Application/Runtime/Cache/User/d7a7632f153cf12d0db44c934c28bcfe.php 第 103 行.
NOTIC: [8] Undefined variable: page /Users/smilec/Code/Lab/Application/Runtime/Cache/User/d7a7632f153cf12d0db44c934c28bcfe.php 第 104 行.
INFO: Run Behavior\ParseTemplateBehavior [ RunTime:0.013732s ]
INFO: [ view_parse ] --END-- [ RunTime:0.013787s ]
INFO: [ view_filter ] --START--
INFO: Run Behavior\WriteHtmlCacheBehavior [ RunTime:0.000188s ]
INFO: [ view_filter ] --END-- [ RunTime:0.000239s ]
INFO: [ app_end ] --START--
INFO: Run Behavior\ShowPageTraceBehavior [ RunTime:0.000504s ]
INFO: [ app_end ] --END-- [ RunTime:0.000558s ]

[ 2015-10-14T15:53:22+08:00 ] ::1 /index.php/User.html
INFO: [ app_init ] --START--
INFO: Run Behavior\BuildLiteBehavior [ RunTime:0.000015s ]
INFO: [ app_init ] --END-- [ RunTime:0.000346s ]
INFO: [ app_begin ] --START--
INFO: Run Behavior\ReadHtmlCacheBehavior [ RunTime:0.000453s ]
INFO: [ app_begin ] --END-- [ RunTime:0.000511s ]
SQL: SHOW COLUMNS FROM `lab_project` [ RunTime:0.0015s ]
SQL: SELECT * FROM `lab_project` WHERE ( username="Smilec" )  [ RunTime:0.0004s ]
SQL: SHOW COLUMNS FROM `lab_project_class` [ RunTime:0.0013s ]
SQL: SELECT * FROM `lab_project_class` WHERE ( class=1 )  [ RunTime:0.0003s ]
SQL: SELECT * FROM `lab_project_class` WHERE ( class=2 )  [ RunTime:0.0002s ]
SQL: SELECT * FROM `lab_project_class` WHERE ( class=3 )  [ RunTime:0.0002s ]
INFO: [ view_parse ] --START--
INFO: [ template_filter ] --START--
INFO: Run Behavior\ContentReplaceBehavior [ RunTime:0.000043s ]
INFO: [ template_filter ] --END-- [ RunTime:0.000116s ]
SQL: SHOW COLUMNS FROM `lab_user` [ RunTime:0.0014s ]
NOTIC: [8] Undefined variable: page /Users/smilec/Code/Lab/Application/Runtime/Cache/User/d7a7632f153cf12d0db44c934c28bcfe.php 第 103 行.
NOTIC: [8] Undefined variable: page /Users/smilec/Code/Lab/Application/Runtime/Cache/User/d7a7632f153cf12d0db44c934c28bcfe.php 第 104 行.
INFO: Run Behavior\ParseTemplateBehavior [ RunTime:0.013590s ]
INFO: [ view_parse ] --END-- [ RunTime:0.013644s ]
INFO: [ view_filter ] --START--
INFO: Run Behavior\WriteHtmlCacheBehavior [ RunTime:0.000187s ]
INFO: [ view_filter ] --END-- [ RunTime:0.000238s ]
INFO: [ app_end ] --START--
INFO: Run Behavior\ShowPageTraceBehavior [ RunTime:0.000528s ]
INFO: [ app_end ] --END-- [ RunTime:0.000581s ]

[ 2015-10-14T15:53:24+08:00 ] ::1 /index.php/User.html
INFO: [ app_init ] --START--
INFO: Run Behavior\BuildLiteBehavior [ RunTime:0.000015s ]
INFO: [ app_init ] --END-- [ RunTime:0.000343s ]
INFO: [ app_begin ] --START--
INFO: Run Behavior\ReadHtmlCacheBehavior [ RunTime:0.000463s ]
INFO: [ app_begin ] --END-- [ RunTime:0.000523s ]
SQL: SHOW COLUMNS FROM `lab_project` [ RunTime:0.0016s ]
SQL: SELECT * FROM `lab_project` WHERE ( username="Smilec" )  [ RunTime:0.0004s ]
SQL: SHOW COLUMNS FROM `lab_project_class` [ RunTime:0.0013s ]
SQL: SELECT * FROM `lab_project_class` WHERE ( class=1 )  [ RunTime:0.0003s ]
SQL: SELECT * FROM `lab_project_class` WHERE ( class=2 )  [ RunTime:0.0003s ]
SQL: SELECT * FROM `lab_project_class` WHERE ( class=3 )  [ RunTime:0.0003s ]
INFO: [ view_parse ] --START--
INFO: [ template_filter ] --START--
INFO: Run Behavior\ContentReplaceBehavior [ RunTime:0.000041s ]
INFO: [ template_filter ] --END-- [ RunTime:0.000109s ]
SQL: SHOW COLUMNS FROM `lab_user` [ RunTime:0.0014s ]
NOTIC: [8] Undefined variable: page /Users/smilec/Code/Lab/Application/Runtime/Cache/User/d7a7632f153cf12d0db44c934c28bcfe.php 第 103 行.
NOTIC: [8] Undefined variable: page /Users/smilec/Code/Lab/Application/Runtime/Cache/User/d7a7632f153cf12d0db44c934c28bcfe.php 第 104 行.
INFO: Run Behavior\ParseTemplateBehavior [ RunTime:0.013406s ]
INFO: [ view_parse ] --END-- [ RunTime:0.013459s ]
INFO: [ view_filter ] --START--
INFO: Run Behavior\WriteHtmlCacheBehavior [ RunTime:0.000185s ]
INFO: [ view_filter ] --END-- [ RunTime:0.000234s ]
INFO: [ app_end ] --START--
INFO: Run Behavior\ShowPageTraceBehavior [ RunTime:0.000499s ]
INFO: [ app_end ] --END-- [ RunTime:0.000551s ]

[ 2015-10-14T15:54:05+08:00 ] ::1 /index.php/User.html
INFO: [ app_init ] --START--
INFO: Run Behavior\BuildLiteBehavior [ RunTime:0.000016s ]
INFO: [ app_init ] --END-- [ RunTime:0.000353s ]
INFO: [ app_begin ] --START--
INFO: Run Behavior\ReadHtmlCacheBehavior [ RunTime:0.000459s ]
INFO: [ app_begin ] --END-- [ RunTime:0.000518s ]
SQL: SHOW COLUMNS FROM `lab_project` [ RunTime:0.0016s ]
SQL: SELECT * FROM `lab_project` WHERE ( username="Smilec" )  [ RunTime:0.0004s ]
SQL: SHOW COLUMNS FROM `lab_project_class` [ RunTime:0.0014s ]
SQL: SELECT * FROM `lab_project_class` WHERE ( class=1 )  [ RunTime:0.0004s ]
SQL: SELECT * FROM `lab_project_class` WHERE ( class=2 )  [ RunTime:0.0003s ]
SQL: SELECT * FROM `lab_project_class` WHERE ( class=3 )  [ RunTime:0.0002s ]
INFO: [ view_parse ] --START--
INFO: [ template_filter ] --START--
INFO: Run Behavior\ContentReplaceBehavior [ RunTime:0.000041s ]
INFO: [ template_filter ] --END-- [ RunTime:0.000105s ]
SQL: SHOW COLUMNS FROM `lab_user` [ RunTime:0.0013s ]
NOTIC: [8] Undefined variable: page /Users/smilec/Code/Lab/Application/Runtime/Cache/User/d7a7632f153cf12d0db44c934c28bcfe.php 第 103 行.
NOTIC: [8] Undefined variable: page /Users/smilec/Code/Lab/Application/Runtime/Cache/User/d7a7632f153cf12d0db44c934c28bcfe.php 第 104 行.
NOTIC: [8] Undefined variable: temp /Users/smilec/Code/Lab/Application/Runtime/Cache/User/d7a7632f153cf12d0db44c934c28bcfe.php 第 129 行.
INFO: Run Behavior\ParseTemplateBehavior [ RunTime:0.013322s ]
INFO: [ view_parse ] --END-- [ RunTime:0.013381s ]
INFO: [ view_filter ] --START--
INFO: Run Behavior\WriteHtmlCacheBehavior [ RunTime:0.000198s ]
INFO: [ view_filter ] --END-- [ RunTime:0.000249s ]
INFO: [ app_end ] --START--
INFO: Run Behavior\ShowPageTraceBehavior [ RunTime:0.000504s ]
INFO: [ app_end ] --END-- [ RunTime:0.000558s ]

[ 2015-10-14T15:54:33+08:00 ] ::1 /index.php/User.html
INFO: [ app_init ] --START--
INFO: Run Behavior\BuildLiteBehavior [ RunTime:0.000015s ]
INFO: [ app_init ] --END-- [ RunTime:0.000342s ]
INFO: [ app_begin ] --START--
INFO: Run Behavior\ReadHtmlCacheBehavior [ RunTime:0.000451s ]
INFO: [ app_begin ] --END-- [ RunTime:0.000509s ]
SQL: SHOW COLUMNS FROM `lab_project` [ RunTime:0.0016s ]
SQL: SELECT * FROM `lab_project` WHERE ( username="Smilec" )  [ RunTime:0.0004s ]
SQL: SHOW COLUMNS FROM `lab_project_class` [ RunTime:0.0015s ]
SQL: SELECT * FROM `lab_project_class` WHERE ( class=1 )  [ RunTime:0.0003s ]
SQL: SELECT * FROM `lab_project_class` WHERE ( class=2 )  [ RunTime:0.0003s ]
SQL: SELECT * FROM `lab_project_class` WHERE ( class=3 )  [ RunTime:0.0003s ]
INFO: [ view_parse ] --START--
INFO: [ template_filter ] --START--
INFO: Run Behavior\ContentReplaceBehavior [ RunTime:0.000047s ]
INFO: [ template_filter ] --END-- [ RunTime:0.000116s ]
SQL: SHOW COLUMNS FROM `lab_user` [ RunTime:0.0015s ]
NOTIC: [8] Undefined variable: page /Users/smilec/Code/Lab/Application/Runtime/Cache/User/d7a7632f153cf12d0db44c934c28bcfe.php 第 103 行.
NOTIC: [8] Undefined variable: page /Users/smilec/Code/Lab/Application/Runtime/Cache/User/d7a7632f153cf12d0db44c934c28bcfe.php 第 104 行.
NOTIC: [8] Undefined variable: temp /Users/smilec/Code/Lab/Application/Runtime/Cache/User/d7a7632f153cf12d0db44c934c28bcfe.php 第 129 行.
INFO: Run Behavior\ParseTemplateBehavior [ RunTime:0.015967s ]
INFO: [ view_parse ] --END-- [ RunTime:0.016035s ]
INFO: [ view_filter ] --START--
INFO: Run Behavior\WriteHtmlCacheBehavior [ RunTime:0.000202s ]
INFO: [ view_filter ] --END-- [ RunTime:0.000253s ]
INFO: [ app_end ] --START--
INFO: Run Behavior\ShowPageTraceBehavior [ RunTime:0.000565s ]
INFO: [ app_end ] --END-- [ RunTime:0.000620s ]

[ 2015-10-14T15:54:35+08:00 ] ::1 /index.php/User.html
INFO: [ app_init ] --START--
INFO: Run Behavior\BuildLiteBehavior [ RunTime:0.000022s ]
INFO: [ app_init ] --END-- [ RunTime:0.000450s ]
INFO: [ app_begin ] --START--
INFO: Run Behavior\ReadHtmlCacheBehavior [ RunTime:0.000519s ]
INFO: [ app_begin ] --END-- [ RunTime:0.000586s ]
SQL: SHOW COLUMNS FROM `lab_project` [ RunTime:0.0017s ]
SQL: SELECT * FROM `lab_project` WHERE ( username="Smilec" )  [ RunTime:0.0004s ]
SQL: SHOW COLUMNS FROM `lab_project_class` [ RunTime:0.0014s ]
SQL: SELECT * FROM `lab_project_class` WHERE ( class=1 )  [ RunTime:0.0003s ]
SQL: SELECT * FROM `lab_project_class` WHERE ( class=2 )  [ RunTime:0.0003s ]
SQL: SELECT * FROM `lab_project_class` WHERE ( class=3 )  [ RunTime:0.0003s ]
INFO: [ view_parse ] --START--
INFO: [ template_filter ] --START--
INFO: Run Behavior\ContentReplaceBehavior [ RunTime:0.000070s ]
INFO: [ template_filter ] --END-- [ RunTime:0.000160s ]
SQL: SHOW COLUMNS FROM `lab_user` [ RunTime:0.0014s ]
NOTIC: [8] Undefined variable: page /Users/smilec/Code/Lab/Application/Runtime/Cache/User/d7a7632f153cf12d0db44c934c28bcfe.php 第 103 行.
NOTIC: [8] Undefined variable: page /Users/smilec/Code/Lab/Application/Runtime/Cache/User/d7a7632f153cf12d0db44c934c28bcfe.php 第 104 行.
NOTIC: [8] Undefined variable: temp /Users/smilec/Code/Lab/Application/Runtime/Cache/User/d7a7632f153cf12d0db44c934c28bcfe.php 第 129 行.
INFO: Run Behavior\ParseTemplateBehavior [ RunTime:0.015253s ]
INFO: [ view_parse ] --END-- [ RunTime:0.015312s ]
INFO: [ view_filter ] --START--
INFO: Run Behavior\WriteHtmlCacheBehavior [ RunTime:0.000190s ]
INFO: [ view_filter ] --END-- [ RunTime:0.000239s ]
INFO: [ app_end ] --START--
INFO: Run Behavior\ShowPageTraceBehavior [ RunTime:0.000562s ]
INFO: [ app_end ] --END-- [ RunTime:0.000617s ]

[ 2015-10-14T15:54:43+08:00 ] ::1 /index.php/User.html
INFO: [ app_init ] --START--
INFO: Run Behavior\BuildLiteBehavior [ RunTime:0.000015s ]
INFO: [ app_init ] --END-- [ RunTime:0.000340s ]
INFO: [ app_begin ] --START--
INFO: Run Behavior\ReadHtmlCacheBehavior [ RunTime:0.000473s ]
INFO: [ app_begin ] --END-- [ RunTime:0.000543s ]
SQL: SHOW COLUMNS FROM `lab_project` [ RunTime:0.0016s ]
SQL: SELECT * FROM `lab_project` WHERE ( username="Smilec" )  [ RunTime:0.0003s ]
SQL: SHOW COLUMNS FROM `lab_project_class` [ RunTime:0.0012s ]
SQL: SELECT * FROM `lab_project_class` WHERE ( class=1 )  [ RunTime:0.0002s ]
SQL: SELECT * FROM `lab_project_class` WHERE ( class=2 )  [ RunTime:0.0002s ]
SQL: SELECT * FROM `lab_project_class` WHERE ( class=3 )  [ RunTime:0.0002s ]
INFO: [ view_parse ] --START--
INFO: [ template_filter ] --START--
INFO: Run Behavior\ContentReplaceBehavior [ RunTime:0.000043s ]
INFO: [ template_filter ] --END-- [ RunTime:0.000116s ]
SQL: SHOW COLUMNS FROM `lab_user` [ RunTime:0.0014s ]
NOTIC: [8] Undefined variable: page /Users/smilec/Code/Lab/Application/Runtime/Cache/User/d7a7632f153cf12d0db44c934c28bcfe.php 第 103 行.
NOTIC: [8] Undefined variable: page /Users/smilec/Code/Lab/Application/Runtime/Cache/User/d7a7632f153cf12d0db44c934c28bcfe.php 第 104 行.
NOTIC: [8] Undefined variable: temp /Users/smilec/Code/Lab/Application/Runtime/Cache/User/d7a7632f153cf12d0db44c934c28bcfe.php 第 129 行.
INFO: Run Behavior\ParseTemplateBehavior [ RunTime:0.013822s ]
INFO: [ view_parse ] --END-- [ RunTime:0.013885s ]
INFO: [ view_filter ] --START--
INFO: Run Behavior\WriteHtmlCacheBehavior [ RunTime:0.000210s ]
INFO: [ view_filter ] --END-- [ RunTime:0.000265s ]
INFO: [ app_end ] --START--
INFO: Run Behavior\ShowPageTraceBehavior [ RunTime:0.000513s ]
INFO: [ app_end ] --END-- [ RunTime:0.000566s ]

[ 2015-10-14T15:54:50+08:00 ] ::1 /index.php/User.html
INFO: [ app_init ] --START--
INFO: Run Behavior\BuildLiteBehavior [ RunTime:0.000016s ]
INFO: [ app_init ] --END-- [ RunTime:0.000363s ]
INFO: [ app_begin ] --START--
INFO: Run Behavior\ReadHtmlCacheBehavior [ RunTime:0.000457s ]
INFO: [ app_begin ] --END-- [ RunTime:0.000517s ]
SQL: SHOW COLUMNS FROM `lab_project` [ RunTime:0.0016s ]
SQL: SELECT * FROM `lab_project` WHERE ( username="Smilec" )  [ RunTime:0.0004s ]
SQL: SHOW COLUMNS FROM `lab_project_class` [ RunTime:0.0022s ]
SQL: SELECT * FROM `lab_project_class` WHERE ( class=1 )  [ RunTime:0.0003s ]
SQL: SELECT * FROM `lab_project_class` WHERE ( class=2 )  [ RunTime:0.0003s ]
SQL: SELECT * FROM `lab_project_class` WHERE ( class=3 )  [ RunTime:0.0003s ]
INFO: [ view_parse ] --START--
INFO: [ template_filter ] --START--
INFO: Run Behavior\ContentReplaceBehavior [ RunTime:0.000046s ]
INFO: [ template_filter ] --END-- [ RunTime:0.000142s ]
SQL: SHOW COLUMNS FROM `lab_user` [ RunTime:0.0013s ]
NOTIC: [8] Undefined variable: page /Users/smilec/Code/Lab/Application/Runtime/Cache/User/d7a7632f153cf12d0db44c934c28bcfe.php 第 103 行.
NOTIC: [8] Undefined variable: page /Users/smilec/Code/Lab/Application/Runtime/Cache/User/d7a7632f153cf12d0db44c934c28bcfe.php 第 104 行.
NOTIC: [8] Undefined variable: temp /Users/smilec/Code/Lab/Application/Runtime/Cache/User/d7a7632f153cf12d0db44c934c28bcfe.php 第 129 行.
INFO: Run Behavior\ParseTemplateBehavior [ RunTime:0.016954s ]
INFO: [ view_parse ] --END-- [ RunTime:0.017014s ]
INFO: [ view_filter ] --START--
INFO: Run Behavior\WriteHtmlCacheBehavior [ RunTime:0.000210s ]
INFO: [ view_filter ] --END-- [ RunTime:0.000264s ]
INFO: [ app_end ] --START--
INFO: Run Behavior\ShowPageTraceBehavior [ RunTime:0.000577s ]
INFO: [ app_end ] --END-- [ RunTime:0.000634s ]

[ 2015-10-14T15:57:53+08:00 ] ::1 /index.php/User.html
INFO: [ app_init ] --START--
INFO: Run Behavior\BuildLiteBehavior [ RunTime:0.000020s ]
INFO: [ app_init ] --END-- [ RunTime:0.000461s ]
INFO: [ app_begin ] --START--
INFO: Run Behavior\ReadHtmlCacheBehavior [ RunTime:0.000610s ]
INFO: [ app_begin ] --END-- [ RunTime:0.000688s ]
SQL: SHOW COLUMNS FROM `lab_project` [ RunTime:0.0017s ]
SQL: SELECT * FROM `lab_project` WHERE ( username="Smilec" )  [ RunTime:0.0003s ]
SQL: SHOW COLUMNS FROM `lab_project_class` [ RunTime:0.0013s ]
SQL: SELECT * FROM `lab_project_class` WHERE ( class=1 )  [ RunTime:0.0003s ]
SQL: SELECT * FROM `lab_project_class` WHERE ( class=2 )  [ RunTime:0.0003s ]
SQL: SELECT * FROM `lab_project_class` WHERE ( class=3 )  [ RunTime:0.0003s ]
INFO: [ view_parse ] --START--
INFO: [ template_filter ] --START--
INFO: Run Behavior\ContentReplaceBehavior [ RunTime:0.000059s ]
INFO: [ template_filter ] --END-- [ RunTime:0.000134s ]

[ 2015-10-14T15:58:38+08:00 ] ::1 /index.php/User.html
INFO: [ app_init ] --START--
INFO: Run Behavior\BuildLiteBehavior [ RunTime:0.000015s ]
INFO: [ app_init ] --END-- [ RunTime:0.000348s ]
INFO: [ app_begin ] --START--
INFO: Run Behavior\ReadHtmlCacheBehavior [ RunTime:0.000484s ]
INFO: [ app_begin ] --END-- [ RunTime:0.000554s ]
SQL: SHOW COLUMNS FROM `lab_project` [ RunTime:0.0015s ]
SQL: SELECT * FROM `lab_project` WHERE ( username="Smilec" )  [ RunTime:0.0003s ]
SQL: SHOW COLUMNS FROM `lab_project_class` [ RunTime:0.0011s ]
SQL: SELECT * FROM `lab_project_class` WHERE ( class=1 )  [ RunTime:0.0002s ]
SQL: SELECT * FROM `lab_project_class` WHERE ( class=2 )  [ RunTime:0.0002s ]
SQL: SELECT * FROM `lab_project_class` WHERE ( class=3 )  [ RunTime:0.0002s ]
INFO: [ view_parse ] --START--
INFO: [ template_filter ] --START--
INFO: Run Behavior\ContentReplaceBehavior [ RunTime:0.000061s ]
INFO: [ template_filter ] --END-- [ RunTime:0.000179s ]

[ 2015-10-14T15:59:09+08:00 ] ::1 /index.php/User.html
INFO: [ app_init ] --START--
INFO: Run Behavior\BuildLiteBehavior [ RunTime:0.000015s ]
INFO: [ app_init ] --END-- [ RunTime:0.000353s ]
INFO: [ app_begin ] --START--
INFO: Run Behavior\ReadHtmlCacheBehavior [ RunTime:0.000457s ]
INFO: [ app_begin ] --END-- [ RunTime:0.000517s ]
SQL: SHOW COLUMNS FROM `lab_project` [ RunTime:0.0016s ]
SQL: SELECT * FROM `lab_project` WHERE ( username="Smilec" )  [ RunTime:0.0004s ]
SQL: SHOW COLUMNS FROM `lab_project_class` [ RunTime:0.0013s ]
SQL: SELECT * FROM `lab_project_class` WHERE ( class=1 )  [ RunTime:0.0003s ]
SQL: SELECT * FROM `lab_project_class` WHERE ( class=2 )  [ RunTime:0.0003s ]
SQL: SELECT * FROM `lab_project_class` WHERE ( class=3 )  [ RunTime:0.0003s ]
INFO: [ view_parse ] --START--
INFO: [ template_filter ] --START--
INFO: Run Behavior\ContentReplaceBehavior [ RunTime:0.000041s ]
INFO: [ template_filter ] --END-- [ RunTime:0.000108s ]

[ 2015-10-14T16:00:35+08:00 ] ::1 /index.php/User.html
INFO: [ app_init ] --START--
INFO: Run Behavior\BuildLiteBehavior [ RunTime:0.000016s ]
INFO: [ app_init ] --END-- [ RunTime:0.000361s ]
INFO: [ app_begin ] --START--
INFO: Run Behavior\ReadHtmlCacheBehavior [ RunTime:0.000495s ]
INFO: [ app_begin ] --END-- [ RunTime:0.000567s ]
SQL: SHOW COLUMNS FROM `lab_project` [ RunTime:0.0015s ]
SQL: SELECT * FROM `lab_project` WHERE ( username="Smilec" )  [ RunTime:0.0004s ]
SQL: SHOW COLUMNS FROM `lab_project_class` [ RunTime:0.0016s ]
SQL: SELECT * FROM `lab_project_class` WHERE ( class=1 )  [ RunTime:0.0003s ]
SQL: SELECT * FROM `lab_project_class` WHERE ( class=2 )  [ RunTime:0.0002s ]
SQL: SELECT * FROM `lab_project_class` WHERE ( class=3 )  [ RunTime:0.0002s ]
INFO: [ view_parse ] --START--
INFO: [ template_filter ] --START--
INFO: Run Behavior\ContentReplaceBehavior [ RunTime:0.000045s ]
INFO: [ template_filter ] --END-- [ RunTime:0.000123s ]
SQL: SHOW COLUMNS FROM `lab_user` [ RunTime:0.0017s ]
NOTIC: [8] Undefined variable: page /Users/smilec/Code/Lab/Application/Runtime/Cache/User/d7a7632f153cf12d0db44c934c28bcfe.php 第 103 行.
NOTIC: [8] Undefined variable: page /Users/smilec/Code/Lab/Application/Runtime/Cache/User/d7a7632f153cf12d0db44c934c28bcfe.php 第 104 行.
INFO: Run Behavior\ParseTemplateBehavior [ RunTime:0.016085s ]
INFO: [ view_parse ] --END-- [ RunTime:0.016141s ]
INFO: [ view_filter ] --START--
INFO: Run Behavior\WriteHtmlCacheBehavior [ RunTime:0.000195s ]
INFO: [ view_filter ] --END-- [ RunTime:0.000245s ]
INFO: [ app_end ] --START--
INFO: Run Behavior\ShowPageTraceBehavior [ RunTime:0.000507s ]
INFO: [ app_end ] --END-- [ RunTime:0.000560s ]

[ 2015-10-14T16:00:57+08:00 ] ::1 /index.php/User.html
INFO: [ app_init ] --START--
INFO: Run Behavior\BuildLiteBehavior [ RunTime:0.000016s ]
INFO: [ app_init ] --END-- [ RunTime:0.000364s ]
INFO: [ app_begin ] --START--
INFO: Run Behavior\ReadHtmlCacheBehavior [ RunTime:0.000452s ]
INFO: [ app_begin ] --END-- [ RunTime:0.000509s ]
SQL: SHOW COLUMNS FROM `lab_project` [ RunTime:0.0015s ]
SQL: SELECT * FROM `lab_project` WHERE ( username="Smilec" )  [ RunTime:0.0003s ]
SQL: SHOW COLUMNS FROM `lab_project_class` [ RunTime:0.0029s ]
SQL: SELECT * FROM `lab_project_class` WHERE ( class=1 )  [ RunTime:0.0003s ]
SQL: SELECT * FROM `lab_project_class` WHERE ( class=2 )  [ RunTime:0.0002s ]
SQL: SELECT * FROM `lab_project_class` WHERE ( class=3 )  [ RunTime:0.0002s ]
INFO: [ view_parse ] --START--
INFO: [ template_filter ] --START--
INFO: Run Behavior\ContentReplaceBehavior [ RunTime:0.000042s ]
INFO: [ template_filter ] --END-- [ RunTime:0.000109s ]
SQL: SHOW COLUMNS FROM `lab_user` [ RunTime:0.0013s ]
NOTIC: [8] Undefined variable: page /Users/smilec/Code/Lab/Application/Runtime/Cache/User/d7a7632f153cf12d0db44c934c28bcfe.php 第 103 行.
NOTIC: [8] Undefined variable: page /Users/smilec/Code/Lab/Application/Runtime/Cache/User/d7a7632f153cf12d0db44c934c28bcfe.php 第 104 行.
INFO: Run Behavior\ParseTemplateBehavior [ RunTime:0.013942s ]
INFO: [ view_parse ] --END-- [ RunTime:0.013996s ]
INFO: [ view_filter ] --START--
INFO: Run Behavior\WriteHtmlCacheBehavior [ RunTime:0.000193s ]
INFO: [ view_filter ] --END-- [ RunTime:0.000243s ]
INFO: [ app_end ] --START--
INFO: Run Behavior\ShowPageTraceBehavior [ RunTime:0.000509s ]
INFO: [ app_end ] --END-- [ RunTime:0.000561s ]

[ 2015-10-14T16:01:13+08:00 ] ::1 /index.php/User.html
INFO: [ app_init ] --START--
INFO: Run Behavior\BuildLiteBehavior [ RunTime:0.000015s ]
INFO: [ app_init ] --END-- [ RunTime:0.000349s ]
INFO: [ app_begin ] --START--
INFO: Run Behavior\ReadHtmlCacheBehavior [ RunTime:0.000464s ]
INFO: [ app_begin ] --END-- [ RunTime:0.000524s ]
SQL: SHOW COLUMNS FROM `lab_project` [ RunTime:0.0015s ]
SQL: SELECT * FROM `lab_project` WHERE ( username="Smilec" )  [ RunTime:0.0004s ]
SQL: SHOW COLUMNS FROM `lab_project_class` [ RunTime:0.0015s ]
SQL: SELECT * FROM `lab_project_class` WHERE ( class=1 )  [ RunTime:0.0003s ]
SQL: SELECT * FROM `lab_project_class` WHERE ( class=2 )  [ RunTime:0.0003s ]
SQL: SELECT * FROM `lab_project_class` WHERE ( class=3 )  [ RunTime:0.0003s ]
INFO: [ view_parse ] --START--
INFO: [ template_filter ] --START--
INFO: Run Behavior\ContentReplaceBehavior [ RunTime:0.000041s ]
INFO: [ template_filter ] --END-- [ RunTime:0.000108s ]
SQL: SHOW COLUMNS FROM `lab_user` [ RunTime:0.0014s ]
NOTIC: [8] Undefined variable: page /Users/smilec/Code/Lab/Application/Runtime/Cache/User/d7a7632f153cf12d0db44c934c28bcfe.php 第 103 行.
NOTIC: [8] Undefined variable: page /Users/smilec/Code/Lab/Application/Runtime/Cache/User/d7a7632f153cf12d0db44c934c28bcfe.php 第 104 行.
INFO: Run Behavior\ParseTemplateBehavior [ RunTime:0.014521s ]
INFO: [ view_parse ] --END-- [ RunTime:0.014577s ]
INFO: [ view_filter ] --START--
INFO: Run Behavior\WriteHtmlCacheBehavior [ RunTime:0.000192s ]
INFO: [ view_filter ] --END-- [ RunTime:0.000241s ]
INFO: [ app_end ] --START--
INFO: Run Behavior\ShowPageTraceBehavior [ RunTime:0.000507s ]
INFO: [ app_end ] --END-- [ RunTime:0.000560s ]

[ 2015-10-14T16:01:26+08:00 ] ::1 /index.php/User.html
INFO: [ app_init ] --START--
INFO: Run Behavior\BuildLiteBehavior [ RunTime:0.000016s ]
INFO: [ app_init ] --END-- [ RunTime:0.000355s ]
INFO: [ app_begin ] --START--
INFO: Run Behavior\ReadHtmlCacheBehavior [ RunTime:0.000459s ]
INFO: [ app_begin ] --END-- [ RunTime:0.000518s ]
SQL: SHOW COLUMNS FROM `lab_project` [ RunTime:0.0014s ]
SQL: SELECT * FROM `lab_project` WHERE ( username="Smilec" )  [ RunTime:0.0004s ]
SQL: SHOW COLUMNS FROM `lab_project_class` [ RunTime:0.0015s ]
SQL: SELECT * FROM `lab_project_class` WHERE ( class=1 )  [ RunTime:0.0004s ]
SQL: SELECT * FROM `lab_project_class` WHERE ( class=2 )  [ RunTime:0.0002s ]
SQL: SELECT * FROM `lab_project_class` WHERE ( class=3 )  [ RunTime:0.0004s ]
INFO: [ view_parse ] --START--
INFO: [ template_filter ] --START--
INFO: Run Behavior\ContentReplaceBehavior [ RunTime:0.000056s ]
INFO: [ template_filter ] --END-- [ RunTime:0.000152s ]
SQL: SHOW COLUMNS FROM `lab_user` [ RunTime:0.0013s ]
NOTIC: [8] Undefined variable: page /Users/smilec/Code/Lab/Application/Runtime/Cache/User/d7a7632f153cf12d0db44c934c28bcfe.php 第 103 行.
NOTIC: [8] Undefined variable: page /Users/smilec/Code/Lab/Application/Runtime/Cache/User/d7a7632f153cf12d0db44c934c28bcfe.php 第 104 行.
INFO: Run Behavior\ParseTemplateBehavior [ RunTime:0.015245s ]
INFO: [ view_parse ] --END-- [ RunTime:0.015317s ]
INFO: [ view_filter ] --START--
INFO: Run Behavior\WriteHtmlCacheBehavior [ RunTime:0.000262s ]
INFO: [ view_filter ] --END-- [ RunTime:0.000328s ]
INFO: [ app_end ] --START--
INFO: Run Behavior\ShowPageTraceBehavior [ RunTime:0.000511s ]
INFO: [ app_end ] --END-- [ RunTime:0.000565s ]

[ 2015-10-14T16:01:42+08:00 ] ::1 /index.php/User.html
INFO: [ app_init ] --START--
INFO: Run Behavior\BuildLiteBehavior [ RunTime:0.000015s ]
INFO: [ app_init ] --END-- [ RunTime:0.000358s ]
INFO: [ app_begin ] --START--
INFO: Run Behavior\ReadHtmlCacheBehavior [ RunTime:0.000453s ]
INFO: [ app_begin ] --END-- [ RunTime:0.000511s ]
SQL: SHOW COLUMNS FROM `lab_project` [ RunTime:0.0016s ]
SQL: SELECT * FROM `lab_project` WHERE ( username="Smilec" )  [ RunTime:0.0005s ]
SQL: SHOW COLUMNS FROM `lab_project_class` [ RunTime:0.0014s ]
SQL: SELECT * FROM `lab_project_class` WHERE ( class=1 )  [ RunTime:0.0002s ]
SQL: SELECT * FROM `lab_project_class` WHERE ( class=2 )  [ RunTime:0.0002s ]
SQL: SELECT * FROM `lab_project_class` WHERE ( class=3 )  [ RunTime:0.0002s ]
INFO: [ view_parse ] --START--
INFO: [ template_filter ] --START--
INFO: Run Behavior\ContentReplaceBehavior [ RunTime:0.000041s ]
INFO: [ template_filter ] --END-- [ RunTime:0.000108s ]
SQL: SHOW COLUMNS FROM `lab_user` [ RunTime:0.0014s ]
NOTIC: [8] Undefined variable: page /Users/smilec/Code/Lab/Application/Runtime/Cache/User/d7a7632f153cf12d0db44c934c28bcfe.php 第 103 行.
NOTIC: [8] Undefined variable: page /Users/smilec/Code/Lab/Application/Runtime/Cache/User/d7a7632f153cf12d0db44c934c28bcfe.php 第 104 行.
INFO: Run Behavior\ParseTemplateBehavior [ RunTime:0.013621s ]
INFO: [ view_parse ] --END-- [ RunTime:0.013696s ]
INFO: [ view_filter ] --START--
INFO: Run Behavior\WriteHtmlCacheBehavior [ RunTime:0.000196s ]
INFO: [ view_filter ] --END-- [ RunTime:0.000247s ]
INFO: [ app_end ] --START--
INFO: Run Behavior\ShowPageTraceBehavior [ RunTime:0.000545s ]
INFO: [ app_end ] --END-- [ RunTime:0.000597s ]

[ 2015-10-14T16:01:52+08:00 ] ::1 /index.php/User/Setting.html
INFO: [ app_init ] --START--
INFO: Run Behavior\BuildLiteBehavior [ RunTime:0.000026s ]
INFO: [ app_init ] --END-- [ RunTime:0.000594s ]
INFO: [ app_begin ] --START--
INFO: Run Behavior\ReadHtmlCacheBehavior [ RunTime:0.000761s ]
INFO: [ app_begin ] --END-- [ RunTime:0.000890s ]
INFO: [ view_parse ] --START--
INFO: [ template_filter ] --START--
INFO: Run Behavior\ContentReplaceBehavior [ RunTime:0.000048s ]
INFO: [ template_filter ] --END-- [ RunTime:0.000119s ]
SQL: SHOW COLUMNS FROM `lab_user` [ RunTime:0.0015s ]
INFO: Run Behavior\ParseTemplateBehavior [ RunTime:0.025886s ]
INFO: [ view_parse ] --END-- [ RunTime:0.025962s ]
INFO: [ view_filter ] --START--
INFO: Run Behavior\WriteHtmlCacheBehavior [ RunTime:0.000194s ]
INFO: [ view_filter ] --END-- [ RunTime:0.000243s ]
INFO: [ app_end ] --START--
INFO: Run Behavior\ShowPageTraceBehavior [ RunTime:0.000544s ]
INFO: [ app_end ] --END-- [ RunTime:0.000600s ]

[ 2015-10-14T16:01:53+08:00 ] ::1 /index.php/User/Index.html
INFO: [ app_init ] --START--
INFO: Run Behavior\BuildLiteBehavior [ RunTime:0.000014s ]
INFO: [ app_init ] --END-- [ RunTime:0.000336s ]
INFO: [ app_begin ] --START--
INFO: Run Behavior\ReadHtmlCacheBehavior [ RunTime:0.000475s ]
INFO: [ app_begin ] --END-- [ RunTime:0.000545s ]
SQL: SHOW COLUMNS FROM `lab_project` [ RunTime:0.0029s ]
SQL: SELECT * FROM `lab_project` WHERE ( username="Smilec" )  [ RunTime:0.0003s ]
SQL: SHOW COLUMNS FROM `lab_project_class` [ RunTime:0.0012s ]
SQL: SELECT * FROM `lab_project_class` WHERE ( class=1 )  [ RunTime:0.0003s ]
SQL: SELECT * FROM `lab_project_class` WHERE ( class=2 )  [ RunTime:0.0003s ]
SQL: SELECT * FROM `lab_project_class` WHERE ( class=3 )  [ RunTime:0.0004s ]
INFO: [ view_parse ] --START--
INFO: [ template_filter ] --START--
INFO: Run Behavior\ContentReplaceBehavior [ RunTime:0.000057s ]
INFO: [ template_filter ] --END-- [ RunTime:0.000154s ]
SQL: SHOW COLUMNS FROM `lab_user` [ RunTime:0.0013s ]
NOTIC: [8] Undefined variable: page /Users/smilec/Code/Lab/Application/Runtime/Cache/User/d7a7632f153cf12d0db44c934c28bcfe.php 第 103 行.
NOTIC: [8] Undefined variable: page /Users/smilec/Code/Lab/Application/Runtime/Cache/User/d7a7632f153cf12d0db44c934c28bcfe.php 第 104 行.
INFO: Run Behavior\ParseTemplateBehavior [ RunTime:0.016303s ]
INFO: [ view_parse ] --END-- [ RunTime:0.016364s ]
INFO: [ view_filter ] --START--
INFO: Run Behavior\WriteHtmlCacheBehavior [ RunTime:0.000202s ]
INFO: [ view_filter ] --END-- [ RunTime:0.000254s ]
INFO: [ app_end ] --START--
INFO: Run Behavior\ShowPageTraceBehavior [ RunTime:0.000530s ]
INFO: [ app_end ] --END-- [ RunTime:0.000584s ]

[ 2015-10-14T16:06:01+08:00 ] ::1 /index.php/User/Index.html
INFO: [ app_init ] --START--
INFO: Run Behavior\BuildLiteBehavior [ RunTime:0.000033s ]
INFO: [ app_init ] --END-- [ RunTime:0.001078s ]
INFO: [ app_begin ] --START--
INFO: Run Behavior\ReadHtmlCacheBehavior [ RunTime:0.000927s ]
INFO: [ app_begin ] --END-- [ RunTime:0.001024s ]
SQL: SHOW COLUMNS FROM `lab_project` [ RunTime:0.0015s ]
SQL: SELECT * FROM `lab_project` WHERE ( username="Smilec" )  [ RunTime:0.0004s ]
SQL: SHOW COLUMNS FROM `lab_project_class` [ RunTime:0.0013s ]
SQL: SELECT * FROM `lab_project_class` WHERE ( class=1 )  [ RunTime:0.0004s ]
SQL: SELECT * FROM `lab_project_class` WHERE ( class=2 )  [ RunTime:0.0003s ]
SQL: SELECT * FROM `lab_project_class` WHERE ( class=3 )  [ RunTime:0.0004s ]
INFO: [ view_parse ] --START--
INFO: [ template_filter ] --START--
INFO: Run Behavior\ContentReplaceBehavior [ RunTime:0.000052s ]
INFO: [ template_filter ] --END-- [ RunTime:0.000131s ]
SQL: SHOW COLUMNS FROM `lab_user` [ RunTime:0.0014s ]
NOTIC: [8] Undefined variable: page /Users/smilec/Code/Lab/Application/Runtime/Cache/User/d7a7632f153cf12d0db44c934c28bcfe.php 第 103 行.
NOTIC: [8] Undefined variable: page /Users/smilec/Code/Lab/Application/Runtime/Cache/User/d7a7632f153cf12d0db44c934c28bcfe.php 第 104 行.
INFO: Run Behavior\ParseTemplateBehavior [ RunTime:0.020705s ]
INFO: [ view_parse ] --END-- [ RunTime:0.020775s ]
INFO: [ view_filter ] --START--
INFO: Run Behavior\WriteHtmlCacheBehavior [ RunTime:0.000613s ]
INFO: [ view_filter ] --END-- [ RunTime:0.000696s ]
INFO: [ app_end ] --START--
INFO: Run Behavior\ShowPageTraceBehavior [ RunTime:0.001205s ]
INFO: [ app_end ] --END-- [ RunTime:0.001303s ]

[ 2015-10-14T16:06:03+08:00 ] ::1 /index.php/User/Setting.html
INFO: [ app_init ] --START--
INFO: Run Behavior\BuildLiteBehavior [ RunTime:0.000022s ]
INFO: [ app_init ] --END-- [ RunTime:0.000459s ]
INFO: [ app_begin ] --START--
INFO: Run Behavior\ReadHtmlCacheBehavior [ RunTime:0.000532s ]
INFO: [ app_begin ] --END-- [ RunTime:0.000601s ]
INFO: [ view_parse ] --START--
INFO: [ template_filter ] --START--
INFO: Run Behavior\ContentReplaceBehavior [ RunTime:0.000055s ]
INFO: [ template_filter ] --END-- [ RunTime:0.000148s ]
SQL: SHOW COLUMNS FROM `lab_user` [ RunTime:0.0015s ]
INFO: Run Behavior\ParseTemplateBehavior [ RunTime:0.030861s ]
INFO: [ view_parse ] --END-- [ RunTime:0.030956s ]
INFO: [ view_filter ] --START--
INFO: Run Behavior\WriteHtmlCacheBehavior [ RunTime:0.000195s ]
INFO: [ view_filter ] --END-- [ RunTime:0.000245s ]
INFO: [ app_end ] --START--
INFO: Run Behavior\ShowPageTraceBehavior [ RunTime:0.000566s ]
INFO: [ app_end ] --END-- [ RunTime:0.000626s ]

[ 2015-10-14T16:06:05+08:00 ] ::1 /index.php/User/Index.html
INFO: [ app_init ] --START--
INFO: Run Behavior\BuildLiteBehavior [ RunTime:0.000016s ]
INFO: [ app_init ] --END-- [ RunTime:0.000343s ]
INFO: [ app_begin ] --START--
INFO: Run Behavior\ReadHtmlCacheBehavior [ RunTime:0.001238s ]
INFO: [ app_begin ] --END-- [ RunTime:0.001405s ]
SQL: SHOW COLUMNS FROM `lab_project` [ RunTime:0.0017s ]
SQL: SELECT * FROM `lab_project` WHERE ( username="Smilec" )  [ RunTime:0.0004s ]
SQL: SHOW COLUMNS FROM `lab_project_class` [ RunTime:0.0032s ]
SQL: SELECT * FROM `lab_project_class` WHERE ( class=1 )  [ RunTime:0.0003s ]
SQL: SELECT * FROM `lab_project_class` WHERE ( class=2 )  [ RunTime:0.0002s ]
SQL: SELECT * FROM `lab_project_class` WHERE ( class=3 )  [ RunTime:0.0003s ]
INFO: [ view_parse ] --START--
INFO: [ template_filter ] --START--
INFO: Run Behavior\ContentReplaceBehavior [ RunTime:0.000047s ]
INFO: [ template_filter ] --END-- [ RunTime:0.000130s ]
SQL: SHOW COLUMNS FROM `lab_user` [ RunTime:0.0014s ]
NOTIC: [8] Undefined variable: page /Users/smilec/Code/Lab/Application/Runtime/Cache/User/d7a7632f153cf12d0db44c934c28bcfe.php 第 103 行.
NOTIC: [8] Undefined variable: page /Users/smilec/Code/Lab/Application/Runtime/Cache/User/d7a7632f153cf12d0db44c934c28bcfe.php 第 104 行.
INFO: Run Behavior\ParseTemplateBehavior [ RunTime:0.014398s ]
INFO: [ view_parse ] --END-- [ RunTime:0.014458s ]
INFO: [ view_filter ] --START--
INFO: Run Behavior\WriteHtmlCacheBehavior [ RunTime:0.000190s ]
INFO: [ view_filter ] --END-- [ RunTime:0.000240s ]
INFO: [ app_end ] --START--
INFO: Run Behavior\ShowPageTraceBehavior [ RunTime:0.000536s ]
INFO: [ app_end ] --END-- [ RunTime:0.000590s ]

[ 2015-10-14T16:07:10+08:00 ] ::1 /index.php/User/Index.html
INFO: [ app_init ] --START--
INFO: Run Behavior\BuildLiteBehavior [ RunTime:0.000016s ]
INFO: [ app_init ] --END-- [ RunTime:0.000341s ]
INFO: [ app_begin ] --START--
INFO: Run Behavior\ReadHtmlCacheBehavior [ RunTime:0.000457s ]
INFO: [ app_begin ] --END-- [ RunTime:0.000516s ]
SQL: SHOW COLUMNS FROM `lab_project` [ RunTime:0.0015s ]
SQL: SELECT * FROM `lab_project` WHERE ( username="Smilec" )  [ RunTime:0.0003s ]
SQL: SHOW COLUMNS FROM `lab_project_class` [ RunTime:0.0013s ]
SQL: SELECT * FROM `lab_project_class` WHERE ( class=1 )  [ RunTime:0.0003s ]
SQL: SELECT * FROM `lab_project_class` WHERE ( class=2 )  [ RunTime:0.0002s ]
SQL: SELECT * FROM `lab_project_class` WHERE ( class=3 )  [ RunTime:0.0002s ]
INFO: [ view_parse ] --START--
INFO: [ template_filter ] --START--
INFO: Run Behavior\ContentReplaceBehavior [ RunTime:0.000040s ]
INFO: [ template_filter ] --END-- [ RunTime:0.000107s ]
SQL: SHOW COLUMNS FROM `lab_user` [ RunTime:0.0013s ]
NOTIC: [8] Undefined variable: page /Users/smilec/Code/Lab/Application/Runtime/Cache/User/d7a7632f153cf12d0db44c934c28bcfe.php 第 103 行.
NOTIC: [8] Undefined variable: page /Users/smilec/Code/Lab/Application/Runtime/Cache/User/d7a7632f153cf12d0db44c934c28bcfe.php 第 104 行.
INFO: Run Behavior\ParseTemplateBehavior [ RunTime:0.015072s ]
INFO: [ view_parse ] --END-- [ RunTime:0.015127s ]
INFO: [ view_filter ] --START--
INFO: Run Behavior\WriteHtmlCacheBehavior [ RunTime:0.000193s ]
INFO: [ view_filter ] --END-- [ RunTime:0.000242s ]
INFO: [ app_end ] --START--
INFO: Run Behavior\ShowPageTraceBehavior [ RunTime:0.000504s ]
INFO: [ app_end ] --END-- [ RunTime:0.000564s ]

[ 2015-10-14T16:08:23+08:00 ] ::1 /index.php/User/Index.html
INFO: [ app_init ] --START--
INFO: Run Behavior\BuildLiteBehavior [ RunTime:0.000015s ]
INFO: [ app_init ] --END-- [ RunTime:0.000342s ]
INFO: [ app_begin ] --START--
INFO: Run Behavior\ReadHtmlCacheBehavior [ RunTime:0.000458s ]
INFO: [ app_begin ] --END-- [ RunTime:0.000517s ]
SQL: SHOW COLUMNS FROM `lab_project` [ RunTime:0.0016s ]
SQL: SELECT * FROM `lab_project` WHERE ( username="Smilec" )  [ RunTime:0.0003s ]
SQL: SHOW COLUMNS FROM `lab_project_class` [ RunTime:0.0012s ]
SQL: SELECT * FROM `lab_project_class` WHERE ( class=1 )  [ RunTime:0.0003s ]
SQL: SELECT * FROM `lab_project_class` WHERE ( class=2 )  [ RunTime:0.0003s ]
SQL: SELECT * FROM `lab_project_class` WHERE ( class=3 )  [ RunTime:0.0003s ]
INFO: [ view_parse ] --START--
INFO: [ template_filter ] --START--
INFO: Run Behavior\ContentReplaceBehavior [ RunTime:0.000043s ]
INFO: [ template_filter ] --END-- [ RunTime:0.000116s ]
SQL: SHOW COLUMNS FROM `lab_user` [ RunTime:0.0014s ]
NOTIC: [8] Undefined variable: page /Users/smilec/Code/Lab/Application/Runtime/Cache/User/d7a7632f153cf12d0db44c934c28bcfe.php 第 103 行.
NOTIC: [8] Undefined variable: page /Users/smilec/Code/Lab/Application/Runtime/Cache/User/d7a7632f153cf12d0db44c934c28bcfe.php 第 104 行.
INFO: Run Behavior\ParseTemplateBehavior [ RunTime:0.014457s ]
INFO: [ view_parse ] --END-- [ RunTime:0.014513s ]
INFO: [ view_filter ] --START--
INFO: Run Behavior\WriteHtmlCacheBehavior [ RunTime:0.000190s ]
INFO: [ view_filter ] --END-- [ RunTime:0.000241s ]
INFO: [ app_end ] --START--
INFO: Run Behavior\ShowPageTraceBehavior [ RunTime:0.000500s ]
INFO: [ app_end ] --END-- [ RunTime:0.000553s ]

[ 2015-10-14T16:12:00+08:00 ] ::1 /index.php/User/Index.html
INFO: [ app_init ] --START--
INFO: Run Behavior\BuildLiteBehavior [ RunTime:0.000016s ]
INFO: [ app_init ] --END-- [ RunTime:0.000369s ]
INFO: [ app_begin ] --START--
INFO: Run Behavior\ReadHtmlCacheBehavior [ RunTime:0.000510s ]
INFO: [ app_begin ] --END-- [ RunTime:0.000582s ]
SQL: SHOW COLUMNS FROM `lab_project` [ RunTime:0.0015s ]
SQL: SELECT * FROM `lab_project` WHERE ( username="Smilec" )  [ RunTime:0.0004s ]
SQL: SHOW COLUMNS FROM `lab_project_class` [ RunTime:0.0020s ]
SQL: SELECT * FROM `lab_project_class` WHERE ( class=1 )  [ RunTime:0.0003s ]
SQL: SELECT * FROM `lab_project_class` WHERE ( class=2 )  [ RunTime:0.0003s ]
SQL: SELECT * FROM `lab_project_class` WHERE ( class=3 )  [ RunTime:0.0003s ]
INFO: [ view_parse ] --START--
INFO: [ template_filter ] --START--
INFO: Run Behavior\ContentReplaceBehavior [ RunTime:0.000043s ]
INFO: [ template_filter ] --END-- [ RunTime:0.000115s ]
SQL: SHOW COLUMNS FROM `lab_user` [ RunTime:0.0013s ]
NOTIC: [8] Undefined variable: page /Users/smilec/Code/Lab/Application/Runtime/Cache/User/d7a7632f153cf12d0db44c934c28bcfe.php 第 103 行.
NOTIC: [8] Undefined variable: page /Users/smilec/Code/Lab/Application/Runtime/Cache/User/d7a7632f153cf12d0db44c934c28bcfe.php 第 104 行.
INFO: Run Behavior\ParseTemplateBehavior [ RunTime:0.014091s ]
INFO: [ view_parse ] --END-- [ RunTime:0.014156s ]
INFO: [ view_filter ] --START--
INFO: Run Behavior\WriteHtmlCacheBehavior [ RunTime:0.000194s ]
INFO: [ view_filter ] --END-- [ RunTime:0.000243s ]
INFO: [ app_end ] --START--
INFO: Run Behavior\ShowPageTraceBehavior [ RunTime:0.000504s ]
INFO: [ app_end ] --END-- [ RunTime:0.000559s ]

[ 2015-10-14T16:13:10+08:00 ] ::1 /index.php/User/Index.html
INFO: [ app_init ] --START--
INFO: Run Behavior\BuildLiteBehavior [ RunTime:0.000016s ]
INFO: [ app_init ] --END-- [ RunTime:0.000344s ]
INFO: [ app_begin ] --START--
INFO: Run Behavior\ReadHtmlCacheBehavior [ RunTime:0.000453s ]
INFO: [ app_begin ] --END-- [ RunTime:0.000512s ]
SQL: SHOW COLUMNS FROM `lab_project` [ RunTime:0.0016s ]
SQL: SELECT * FROM `lab_project` WHERE ( username="Smilec" )  [ RunTime:0.0004s ]
SQL: SHOW COLUMNS FROM `lab_project_class` [ RunTime:0.0013s ]
SQL: SELECT * FROM `lab_project_class` WHERE ( class=1 )  [ RunTime:0.0003s ]
SQL: SELECT * FROM `lab_project_class` WHERE ( class=2 )  [ RunTime:0.0003s ]
SQL: SELECT * FROM `lab_project_class` WHERE ( class=3 )  [ RunTime:0.0003s ]
INFO: [ view_parse ] --START--
INFO: [ template_filter ] --START--
INFO: Run Behavior\ContentReplaceBehavior [ RunTime:0.000043s ]
INFO: [ template_filter ] --END-- [ RunTime:0.000115s ]
SQL: SHOW COLUMNS FROM `lab_user` [ RunTime:0.0013s ]
NOTIC: [8] Undefined variable: page /Users/smilec/Code/Lab/Application/Runtime/Cache/User/d7a7632f153cf12d0db44c934c28bcfe.php 第 103 行.
NOTIC: [8] Undefined variable: page /Users/smilec/Code/Lab/Application/Runtime/Cache/User/d7a7632f153cf12d0db44c934c28bcfe.php 第 104 行.
INFO: Run Behavior\ParseTemplateBehavior [ RunTime:0.013966s ]
INFO: [ view_parse ] --END-- [ RunTime:0.014021s ]
INFO: [ view_filter ] --START--
INFO: Run Behavior\WriteHtmlCacheBehavior [ RunTime:0.000190s ]
INFO: [ view_filter ] --END-- [ RunTime:0.000239s ]
INFO: [ app_end ] --START--
INFO: Run Behavior\ShowPageTraceBehavior [ RunTime:0.000498s ]
INFO: [ app_end ] --END-- [ RunTime:0.000551s ]

[ 2015-10-14T16:47:31+08:00 ] ::1 /index.php/User.html
INFO: [ app_init ] --START--
INFO: Run Behavior\BuildLiteBehavior [ RunTime:0.000015s ]
INFO: [ app_init ] --END-- [ RunTime:0.000353s ]
INFO: [ app_begin ] --START--
INFO: Run Behavior\ReadHtmlCacheBehavior [ RunTime:0.000667s ]
INFO: [ app_begin ] --END-- [ RunTime:0.000761s ]
SQL: SHOW COLUMNS FROM `lab_project` [ RunTime:0.0015s ]
SQL: SELECT * FROM `lab_project` WHERE ( username="Smilec" )  [ RunTime:0.0004s ]
SQL: SHOW COLUMNS FROM `lab_project_class` [ RunTime:0.0013s ]
SQL: SELECT * FROM `lab_project_class` WHERE ( class=1 )  [ RunTime:0.0003s ]
SQL: SELECT * FROM `lab_project_class` WHERE ( class=2 )  [ RunTime:0.0003s ]
SQL: SELECT * FROM `lab_project_class` WHERE ( class=3 )  [ RunTime:0.0003s ]
INFO: [ view_parse ] --START--
INFO: [ template_filter ] --START--
INFO: Run Behavior\ContentReplaceBehavior [ RunTime:0.000043s ]
INFO: [ template_filter ] --END-- [ RunTime:0.000115s ]
SQL: SHOW COLUMNS FROM `lab_user` [ RunTime:0.0017s ]
NOTIC: [8] Undefined variable: page /Users/smilec/Code/Lab/Application/Runtime/Cache/User/d7a7632f153cf12d0db44c934c28bcfe.php 第 103 行.
NOTIC: [8] Undefined variable: page /Users/smilec/Code/Lab/Application/Runtime/Cache/User/d7a7632f153cf12d0db44c934c28bcfe.php 第 104 行.
INFO: Run Behavior\ParseTemplateBehavior [ RunTime:0.017465s ]
INFO: [ view_parse ] --END-- [ RunTime:0.017520s ]
INFO: [ view_filter ] --START--
INFO: Run Behavior\WriteHtmlCacheBehavior [ RunTime:0.000195s ]
INFO: [ view_filter ] --END-- [ RunTime:0.000244s ]
INFO: [ app_end ] --START--
INFO: Run Behavior\ShowPageTraceBehavior [ RunTime:0.000500s ]
INFO: [ app_end ] --END-- [ RunTime:0.000572s ]

[ 2015-10-14T17:15:56+08:00 ] ::1 /index.php/User/Operation/logout.html
INFO: [ app_init ] --START--
INFO: Run Behavior\BuildLiteBehavior [ RunTime:0.000018s ]
INFO: [ app_init ] --END-- [ RunTime:0.000418s ]
INFO: [ app_begin ] --START--
INFO: Run Behavior\ReadHtmlCacheBehavior [ RunTime:0.000505s ]
INFO: [ app_begin ] --END-- [ RunTime:0.000570s ]
SQL: SHOW COLUMNS FROM `lab_user` [ RunTime:0.0014s ]
INFO: [ app_end ] --START--
INFO: Run Behavior\ShowPageTraceBehavior [ RunTime:0.000553s ]
INFO: [ app_end ] --END-- [ RunTime:0.000611s ]

[ 2015-10-14T17:15:57+08:00 ] ::1 /index.php/User/Login.html
INFO: [ app_init ] --START--
INFO: Run Behavior\BuildLiteBehavior [ RunTime:0.000018s ]
INFO: [ app_init ] --END-- [ RunTime:0.000459s ]
INFO: [ app_begin ] --START--
INFO: Run Behavior\ReadHtmlCacheBehavior [ RunTime:0.000730s ]
INFO: [ app_begin ] --END-- [ RunTime:0.000869s ]
INFO: [ view_parse ] --START--
INFO: [ template_filter ] --START--
INFO: Run Behavior\ContentReplaceBehavior [ RunTime:0.000039s ]
INFO: [ template_filter ] --END-- [ RunTime:0.000112s ]
INFO: Run Behavior\ParseTemplateBehavior [ RunTime:0.007067s ]
INFO: [ view_parse ] --END-- [ RunTime:0.007143s ]
INFO: [ view_filter ] --START--
INFO: Run Behavior\WriteHtmlCacheBehavior [ RunTime:0.000183s ]
INFO: [ view_filter ] --END-- [ RunTime:0.000233s ]
INFO: [ app_end ] --START--
INFO: Run Behavior\ShowPageTraceBehavior [ RunTime:0.000488s ]
INFO: [ app_end ] --END-- [ RunTime:0.000541s ]

[ 2015-10-14T17:15:57+08:00 ] ::1 /index.php/User/assets/i/favicon.png
INFO: [ app_init ] --START--
INFO: Run Behavior\BuildLiteBehavior [ RunTime:0.000016s ]
INFO: [ app_init ] --END-- [ RunTime:0.000381s ]

[ 2015-10-14T17:16:06+08:00 ] ::1 /index.php/User/Operation/login.html
INFO: [ app_init ] --START--
INFO: Run Behavior\BuildLiteBehavior [ RunTime:0.000023s ]
INFO: [ app_init ] --END-- [ RunTime:0.000452s ]
INFO: [ app_begin ] --START--
INFO: Run Behavior\ReadHtmlCacheBehavior [ RunTime:0.000703s ]
INFO: [ app_begin ] --END-- [ RunTime:0.000782s ]
SQL: SHOW COLUMNS FROM `lab_user` [ RunTime:0.0014s ]
SQL: SELECT * FROM `lab_user` WHERE ( email="sxcuican@163.com" ) LIMIT 1   [ RunTime:0.0003s ]
SQL: SELECT * FROM `lab_user` WHERE ( username="Smilec" ) LIMIT 1   [ RunTime:0.0003s ]
DEBUG: test:9
NOTIC: [2] Illegal offset type in isset or empty /Users/smilec/Code/Lab/ThinkPHP/Library/Think/Model.class.php 第 445 行.
SQL: UPDATE `lab_user` SET `random`='2057689404' WHERE ( username="Smilec" ) [ RunTime:0.0003s ]
INFO: [ app_end ] --START--
INFO: Run Behavior\ShowPageTraceBehavior [ RunTime:0.000597s ]
INFO: [ app_end ] --END-- [ RunTime:0.000655s ]

