[ 2015-10-21T09:55:05+08:00 ] ::1 /index.php/Home/Activity/form.html?id=1
INFO: [ app_init ] --START--
INFO: Run Behavior\BuildLiteBehavior [ RunTime:0.000027s ]
INFO: [ app_init ] --END-- [ RunTime:0.000964s ]
INFO: [ app_begin ] --START--
INFO: Run Behavior\ReadHtmlCacheBehavior [ RunTime:0.000954s ]
INFO: [ app_begin ] --END-- [ RunTime:0.001048s ]
SQL: SHOW COLUMNS FROM `lab_activity_form` [ RunTime:0.0019s ]
SQL: SELECT * FROM `lab_activity_form` WHERE ( activity_id=1 )  [ RunTime:0.0005s ]
INFO: [ view_parse ] --START--
INFO: [ template_filter ] --START--
INFO: Run Behavior\ContentReplaceBehavior [ RunTime:0.000059s ]
INFO: [ template_filter ] --END-- [ RunTime:0.000139s ]
SQL: SHOW COLUMNS FROM `lab_user` [ RunTime:0.0021s ]
SQL: SHOW COLUMNS FROM `lab_user` [ RunTime:0.0027s ]
SQL: SELECT `random` FROM `lab_user` WHERE ( username="Smilec" ) LIMIT 1   [ RunTime:0.0006s ]
SQL: SELECT `admin` FROM `lab_user` WHERE ( username="Smilec" ) LIMIT 1   [ RunTime:0.0006s ]
INFO: Run Behavior\ParseTemplateBehavior [ RunTime:0.030596s ]
INFO: [ view_parse ] --END-- [ RunTime:0.030842s ]
INFO: [ view_filter ] --START--
INFO: Run Behavior\WriteHtmlCacheBehavior [ RunTime:0.000805s ]
INFO: [ view_filter ] --END-- [ RunTime:0.000962s ]
INFO: [ app_end ] --START--
INFO: Run Behavior\ShowPageTraceBehavior [ RunTime:0.001594s ]
INFO: [ app_end ] --END-- [ RunTime:0.001740s ]

[ 2015-10-21T09:58:51+08:00 ] ::1 /index.php/Home/Activity/form.html?id=1
INFO: [ app_init ] --START--
INFO: Run Behavior\BuildLiteBehavior [ RunTime:0.000023s ]
INFO: [ app_init ] --END-- [ RunTime:0.000654s ]
INFO: [ app_begin ] --START--
INFO: Run Behavior\ReadHtmlCacheBehavior [ RunTime:0.000620s ]
INFO: [ app_begin ] --END-- [ RunTime:0.000711s ]
SQL: SHOW COLUMNS FROM `lab_activity_form` [ RunTime:0.0016s ]
SQL: SELECT * FROM `lab_activity_form` WHERE ( activity_id=1 )  [ RunTime:0.0004s ]
INFO: [ view_parse ] --START--
INFO: [ template_filter ] --START--
INFO: Run Behavior\ContentReplaceBehavior [ RunTime:0.000122s ]
INFO: [ template_filter ] --END-- [ RunTime:0.000338s ]
SQL: SHOW COLUMNS FROM `lab_user` [ RunTime:0.0016s ]
SQL: SHOW COLUMNS FROM `lab_user` [ RunTime:0.0014s ]
SQL: SELECT `random` FROM `lab_user` WHERE ( username="Smilec" ) LIMIT 1   [ RunTime:0.0003s ]
SQL: SELECT `admin` FROM `lab_user` WHERE ( username="Smilec" ) LIMIT 1   [ RunTime:0.0003s ]
NOTIC: [8] Undefined variable: proInfo /Users/smilec/Code/Lab/Application/Runtime/Cache/Home/c4db4ce524a99294077bd352b14d0e27.php 第 133 行.
INFO: Run Behavior\ParseTemplateBehavior [ RunTime:0.019461s ]
INFO: [ view_parse ] --END-- [ RunTime:0.019523s ]
INFO: [ view_filter ] --START--
INFO: Run Behavior\WriteHtmlCacheBehavior [ RunTime:0.000207s ]
INFO: [ view_filter ] --END-- [ RunTime:0.000267s ]
INFO: [ app_end ] --START--
INFO: Run Behavior\ShowPageTraceBehavior [ RunTime:0.000569s ]
INFO: [ app_end ] --END-- [ RunTime:0.000629s ]

[ 2015-10-21T09:58:54+08:00 ] ::1 /index.php/Home/Activity/form.html?id=1
INFO: [ app_init ] --START--
INFO: Run Behavior\BuildLiteBehavior [ RunTime:0.000021s ]
INFO: [ app_init ] --END-- [ RunTime:0.000485s ]
INFO: [ app_begin ] --START--
INFO: Run Behavior\ReadHtmlCacheBehavior [ RunTime:0.000524s ]
INFO: [ app_begin ] --END-- [ RunTime:0.000593s ]
SQL: SHOW COLUMNS FROM `lab_activity_form` [ RunTime:0.0017s ]
SQL: SELECT * FROM `lab_activity_form` WHERE ( activity_id=1 )  [ RunTime:0.0004s ]
INFO: [ view_parse ] --START--
INFO: [ template_filter ] --START--
INFO: Run Behavior\ContentReplaceBehavior [ RunTime:0.000059s ]
INFO: [ template_filter ] --END-- [ RunTime:0.000136s ]
SQL: SHOW COLUMNS FROM `lab_user` [ RunTime:0.0015s ]
SQL: SHOW COLUMNS FROM `lab_user` [ RunTime:0.0017s ]
SQL: SELECT `random` FROM `lab_user` WHERE ( username="Smilec" ) LIMIT 1   [ RunTime:0.0003s ]
SQL: SELECT `admin` FROM `lab_user` WHERE ( username="Smilec" ) LIMIT 1   [ RunTime:0.0003s ]
NOTIC: [8] Undefined variable: proInfo /Users/smilec/Code/Lab/Application/Runtime/Cache/Home/c4db4ce524a99294077bd352b14d0e27.php 第 133 行.
INFO: Run Behavior\ParseTemplateBehavior [ RunTime:0.019888s ]
INFO: [ view_parse ] --END-- [ RunTime:0.019953s ]
INFO: [ view_filter ] --START--
INFO: Run Behavior\WriteHtmlCacheBehavior [ RunTime:0.000207s ]
INFO: [ view_filter ] --END-- [ RunTime:0.000263s ]
INFO: [ app_end ] --START--
INFO: Run Behavior\ShowPageTraceBehavior [ RunTime:0.000565s ]
INFO: [ app_end ] --END-- [ RunTime:0.000625s ]

[ 2015-10-21T09:59:45+08:00 ] ::1 /index.php/Home/Activity/form.html?id=1
INFO: [ app_init ] --START--
INFO: Run Behavior\BuildLiteBehavior [ RunTime:0.000015s ]
INFO: [ app_init ] --END-- [ RunTime:0.000348s ]
INFO: [ app_begin ] --START--
INFO: Run Behavior\ReadHtmlCacheBehavior [ RunTime:0.000455s ]
INFO: [ app_begin ] --END-- [ RunTime:0.000516s ]
SQL: SHOW COLUMNS FROM `lab_activity_form` [ RunTime:0.0015s ]
SQL: SELECT * FROM `lab_activity_form` WHERE ( activity_id=1 )  [ RunTime:0.0004s ]
INFO: [ view_parse ] --START--
INFO: [ template_filter ] --START--
INFO: Run Behavior\ContentReplaceBehavior [ RunTime:0.000046s ]
INFO: [ template_filter ] --END-- [ RunTime:0.000120s ]
SQL: SHOW COLUMNS FROM `lab_user` [ RunTime:0.0015s ]
SQL: SHOW COLUMNS FROM `lab_user` [ RunTime:0.0016s ]
SQL: SELECT `random` FROM `lab_user` WHERE ( username="Smilec" ) LIMIT 1   [ RunTime:0.0003s ]
SQL: SELECT `admin` FROM `lab_user` WHERE ( username="Smilec" ) LIMIT 1   [ RunTime:0.0003s ]
NOTIC: [8] Undefined variable: proInfo /Users/smilec/Code/Lab/Application/Runtime/Cache/Home/c4db4ce524a99294077bd352b14d0e27.php 第 133 行.
INFO: Run Behavior\ParseTemplateBehavior [ RunTime:0.018364s ]
INFO: [ view_parse ] --END-- [ RunTime:0.018425s ]
INFO: [ view_filter ] --START--
INFO: Run Behavior\WriteHtmlCacheBehavior [ RunTime:0.000205s ]
INFO: [ view_filter ] --END-- [ RunTime:0.000265s ]
INFO: [ app_end ] --START--
INFO: Run Behavior\ShowPageTraceBehavior [ RunTime:0.000551s ]
INFO: [ app_end ] --END-- [ RunTime:0.000613s ]

[ 2015-10-21T10:00:05+08:00 ] ::1 /index.php/Home/Activity/form.html?id=1
INFO: [ app_init ] --START--
INFO: Run Behavior\BuildLiteBehavior [ RunTime:0.000016s ]
INFO: [ app_init ] --END-- [ RunTime:0.000457s ]
INFO: [ app_begin ] --START--
INFO: Run Behavior\ReadHtmlCacheBehavior [ RunTime:0.000609s ]
INFO: [ app_begin ] --END-- [ RunTime:0.000695s ]
SQL: SHOW COLUMNS FROM `lab_activity_form` [ RunTime:0.0015s ]
SQL: SELECT * FROM `lab_activity_form` WHERE ( activity_id=1 )  [ RunTime:0.0004s ]
INFO: [ view_parse ] --START--
INFO: [ template_filter ] --START--
INFO: Run Behavior\ContentReplaceBehavior [ RunTime:0.000058s ]
INFO: [ template_filter ] --END-- [ RunTime:0.000155s ]
SQL: SHOW COLUMNS FROM `lab_user` [ RunTime:0.0016s ]
SQL: SHOW COLUMNS FROM `lab_user` [ RunTime:0.0015s ]
SQL: SELECT `random` FROM `lab_user` WHERE ( username="Smilec" ) LIMIT 1   [ RunTime:0.0003s ]
SQL: SELECT `admin` FROM `lab_user` WHERE ( username="Smilec" ) LIMIT 1   [ RunTime:0.0003s ]
NOTIC: [8] Undefined variable: proInfo /Users/smilec/Code/Lab/Application/Runtime/Cache/Home/c4db4ce524a99294077bd352b14d0e27.php 第 133 行.
INFO: Run Behavior\ParseTemplateBehavior [ RunTime:0.023461s ]
INFO: [ view_parse ] --END-- [ RunTime:0.023535s ]
INFO: [ view_filter ] --START--
INFO: Run Behavior\WriteHtmlCacheBehavior [ RunTime:0.000207s ]
INFO: [ view_filter ] --END-- [ RunTime:0.000266s ]
INFO: [ app_end ] --START--
INFO: Run Behavior\ShowPageTraceBehavior [ RunTime:0.000609s ]
INFO: [ app_end ] --END-- [ RunTime:0.000669s ]

[ 2015-10-21T10:00:48+08:00 ] ::1 /index.php/Home/Activity/form.html?id=1
INFO: [ app_init ] --START--
INFO: Run Behavior\BuildLiteBehavior [ RunTime:0.000015s ]
INFO: [ app_init ] --END-- [ RunTime:0.000350s ]
INFO: [ app_begin ] --START--
INFO: Run Behavior\ReadHtmlCacheBehavior [ RunTime:0.000462s ]
INFO: [ app_begin ] --END-- [ RunTime:0.000525s ]
SQL: SHOW COLUMNS FROM `lab_activity_form` [ RunTime:0.0014s ]
SQL: SELECT * FROM `lab_activity_form` WHERE ( activity_id=1 )  [ RunTime:0.0004s ]
INFO: [ view_parse ] --START--
INFO: [ template_filter ] --START--
INFO: Run Behavior\ContentReplaceBehavior [ RunTime:0.000049s ]
INFO: [ template_filter ] --END-- [ RunTime:0.000128s ]
SQL: SHOW COLUMNS FROM `lab_user` [ RunTime:0.0015s ]
SQL: SHOW COLUMNS FROM `lab_user` [ RunTime:0.0016s ]
SQL: SELECT `random` FROM `lab_user` WHERE ( username="Smilec" ) LIMIT 1   [ RunTime:0.0003s ]
SQL: SELECT `admin` FROM `lab_user` WHERE ( username="Smilec" ) LIMIT 1   [ RunTime:0.0003s ]
NOTIC: [8] Undefined variable: proInfo /Users/smilec/Code/Lab/Application/Runtime/Cache/Home/c4db4ce524a99294077bd352b14d0e27.php 第 133 行.
INFO: Run Behavior\ParseTemplateBehavior [ RunTime:0.018389s ]
INFO: [ view_parse ] --END-- [ RunTime:0.018450s ]
INFO: [ view_filter ] --START--
INFO: Run Behavior\WriteHtmlCacheBehavior [ RunTime:0.000205s ]
INFO: [ view_filter ] --END-- [ RunTime:0.000258s ]
INFO: [ app_end ] --START--
INFO: Run Behavior\ShowPageTraceBehavior [ RunTime:0.000558s ]
INFO: [ app_end ] --END-- [ RunTime:0.000624s ]

[ 2015-10-21T11:13:56+08:00 ] ::1 /index.php/Home/Activity/form.html?id=1
INFO: [ app_init ] --START--
INFO: Run Behavior\BuildLiteBehavior [ RunTime:0.000017s ]
INFO: [ app_init ] --END-- [ RunTime:0.000383s ]
INFO: [ app_begin ] --START--
INFO: Run Behavior\ReadHtmlCacheBehavior [ RunTime:0.000524s ]
INFO: [ app_begin ] --END-- [ RunTime:0.000592s ]
SQL: SHOW COLUMNS FROM `lab_activity_form` [ RunTime:0.0014s ]
SQL: SELECT * FROM `lab_activity_form` WHERE ( activity_id=1 )  [ RunTime:0.0004s ]
INFO: [ view_parse ] --START--
INFO: [ template_filter ] --START--
INFO: Run Behavior\ContentReplaceBehavior [ RunTime:0.000048s ]
INFO: [ template_filter ] --END-- [ RunTime:0.000121s ]
SQL: SHOW COLUMNS FROM `lab_user` [ RunTime:0.0014s ]
SQL: SHOW COLUMNS FROM `lab_user` [ RunTime:0.0014s ]
SQL: SELECT `random` FROM `lab_user` WHERE ( username="Smilec" ) LIMIT 1   [ RunTime:0.0003s ]
SQL: SELECT `admin` FROM `lab_user` WHERE ( username="Smilec" ) LIMIT 1   [ RunTime:0.0003s ]
NOTIC: [8] Undefined variable: proInfo /Users/smilec/Code/Lab/Application/Runtime/Cache/Home/c4db4ce524a99294077bd352b14d0e27.php 第 133 行.
INFO: Run Behavior\ParseTemplateBehavior [ RunTime:0.018081s ]
INFO: [ view_parse ] --END-- [ RunTime:0.018141s ]
INFO: [ view_filter ] --START--
INFO: Run Behavior\WriteHtmlCacheBehavior [ RunTime:0.000206s ]
INFO: [ view_filter ] --END-- [ RunTime:0.000257s ]
INFO: [ app_end ] --START--
INFO: Run Behavior\ShowPageTraceBehavior [ RunTime:0.000532s ]
INFO: [ app_end ] --END-- [ RunTime:0.000590s ]

[ 2015-10-21T11:15:00+08:00 ] ::1 /index.php/Home/Activity/form.html?id=1
INFO: [ app_init ] --START--
INFO: Run Behavior\BuildLiteBehavior [ RunTime:0.000043s ]
INFO: [ app_init ] --END-- [ RunTime:0.000734s ]
INFO: [ app_begin ] --START--
INFO: Run Behavior\ReadHtmlCacheBehavior [ RunTime:0.000742s ]
INFO: [ app_begin ] --END-- [ RunTime:0.000855s ]
SQL: SHOW COLUMNS FROM `lab_activity_form` [ RunTime:0.0030s ]
SQL: SELECT * FROM `lab_activity_form` WHERE ( activity_id=1 )  [ RunTime:0.0007s ]
INFO: [ view_parse ] --START--
INFO: [ template_filter ] --START--
INFO: Run Behavior\ContentReplaceBehavior [ RunTime:0.000102s ]
INFO: [ template_filter ] --END-- [ RunTime:0.000253s ]
SQL: SHOW COLUMNS FROM `lab_user` [ RunTime:0.0016s ]
SQL: SHOW COLUMNS FROM `lab_user` [ RunTime:0.0016s ]
SQL: SELECT `random` FROM `lab_user` WHERE ( username="Smilec" ) LIMIT 1   [ RunTime:0.0003s ]
SQL: SELECT `admin` FROM `lab_user` WHERE ( username="Smilec" ) LIMIT 1   [ RunTime:0.0003s ]
NOTIC: [8] Undefined variable: proInfo /Users/smilec/Code/Lab/Application/Runtime/Cache/Home/c4db4ce524a99294077bd352b14d0e27.php 第 133 行.
INFO: Run Behavior\ParseTemplateBehavior [ RunTime:0.021797s ]
INFO: [ view_parse ] --END-- [ RunTime:0.021863s ]
INFO: [ view_filter ] --START--
INFO: Run Behavior\WriteHtmlCacheBehavior [ RunTime:0.000204s ]
INFO: [ view_filter ] --END-- [ RunTime:0.000263s ]
INFO: [ app_end ] --START--
INFO: Run Behavior\ShowPageTraceBehavior [ RunTime:0.000573s ]
INFO: [ app_end ] --END-- [ RunTime:0.000633s ]

[ 2015-10-21T11:15:39+08:00 ] ::1 /
INFO: [ app_init ] --START--
INFO: Run Behavior\BuildLiteBehavior [ RunTime:0.000027s ]
INFO: [ app_init ] --END-- [ RunTime:0.000659s ]
INFO: [ app_begin ] --START--
INFO: Run Behavior\ReadHtmlCacheBehavior [ RunTime:0.000649s ]
INFO: [ app_begin ] --END-- [ RunTime:0.000742s ]
INFO: [ view_parse ] --START--
INFO: [ template_filter ] --START--
INFO: Run Behavior\ContentReplaceBehavior [ RunTime:0.000056s ]
INFO: [ template_filter ] --END-- [ RunTime:0.000134s ]
SQL: SHOW COLUMNS FROM `lab_user` [ RunTime:0.0019s ]
SQL: SHOW COLUMNS FROM `lab_user` [ RunTime:0.0015s ]
SQL: SELECT `random` FROM `lab_user` WHERE ( username="Smilec" ) LIMIT 1   [ RunTime:0.0003s ]
SQL: SELECT `admin` FROM `lab_user` WHERE ( username="Smilec" ) LIMIT 1   [ RunTime:0.0003s ]
INFO: Run Behavior\ParseTemplateBehavior [ RunTime:0.029592s ]
INFO: [ view_parse ] --END-- [ RunTime:0.029669s ]
INFO: [ view_filter ] --START--
INFO: Run Behavior\WriteHtmlCacheBehavior [ RunTime:0.000208s ]
INFO: [ view_filter ] --END-- [ RunTime:0.000269s ]
INFO: [ app_end ] --START--
INFO: Run Behavior\ShowPageTraceBehavior [ RunTime:0.000566s ]
INFO: [ app_end ] --END-- [ RunTime:0.000626s ]

[ 2015-10-21T11:15:47+08:00 ] ::1 /index.php/Home/Project.html
INFO: [ app_init ] --START--
INFO: Run Behavior\BuildLiteBehavior [ RunTime:0.000014s ]
INFO: [ app_init ] --END-- [ RunTime:0.000342s ]
INFO: [ app_begin ] --START--
INFO: Run Behavior\ReadHtmlCacheBehavior [ RunTime:0.000453s ]
INFO: [ app_begin ] --END-- [ RunTime:0.000512s ]
SQL: SHOW COLUMNS FROM `lab_project_class` [ RunTime:0.0016s ]
SQL: SELECT * FROM `lab_project_class` WHERE ( class=1 )  [ RunTime:0.0007s ]
SQL: SELECT * FROM `lab_project_class` WHERE ( class=2 )  [ RunTime:0.0003s ]
INFO: [ view_parse ] --START--
INFO: [ template_filter ] --START--
INFO: Run Behavior\ContentReplaceBehavior [ RunTime:0.000051s ]
INFO: [ template_filter ] --END-- [ RunTime:0.000125s ]
SQL: SHOW COLUMNS FROM `lab_user` [ RunTime:0.0014s ]
SQL: SHOW COLUMNS FROM `lab_user` [ RunTime:0.0015s ]
SQL: SELECT `random` FROM `lab_user` WHERE ( username="Smilec" ) LIMIT 1   [ RunTime:0.0003s ]
SQL: SELECT `admin` FROM `lab_user` WHERE ( username="Smilec" ) LIMIT 1   [ RunTime:0.0003s ]
INFO: Run Behavior\ParseTemplateBehavior [ RunTime:0.022227s ]
INFO: [ view_parse ] --END-- [ RunTime:0.022293s ]
INFO: [ view_filter ] --START--
INFO: Run Behavior\WriteHtmlCacheBehavior [ RunTime:0.000204s ]
INFO: [ view_filter ] --END-- [ RunTime:0.000258s ]
INFO: [ app_end ] --START--
INFO: Run Behavior\ShowPageTraceBehavior [ RunTime:0.000566s ]
INFO: [ app_end ] --END-- [ RunTime:0.000625s ]

[ 2015-10-21T11:15:47+08:00 ] ::1 /index.php/Home/Project/load.html?page=1&type=0&process=0
INFO: [ app_init ] --START--
INFO: Run Behavior\BuildLiteBehavior [ RunTime:0.000018s ]
INFO: [ app_init ] --END-- [ RunTime:0.000410s ]
INFO: [ app_begin ] --START--
INFO: Run Behavior\ReadHtmlCacheBehavior [ RunTime:0.000535s ]
INFO: [ app_begin ] --END-- [ RunTime:0.000596s ]
SQL: SHOW COLUMNS FROM `lab_project` [ RunTime:0.0017s ]
SQL: SELECT * FROM `lab_project` WHERE ( allow=1 ) LIMIT 0,12   [ RunTime:0.0004s ]
SQL: SHOW COLUMNS FROM `lab_project_class` [ RunTime:0.0016s ]
SQL: SELECT * FROM `lab_project_class` WHERE ( class=1 )  [ RunTime:0.0003s ]
SQL: SELECT * FROM `lab_project_class` WHERE ( class=2 )  [ RunTime:0.0002s ]
SQL: SELECT * FROM `lab_project_class` WHERE ( class=3 )  [ RunTime:0.0002s ]
INFO: [ view_parse ] --START--
INFO: [ template_filter ] --START--
INFO: Run Behavior\ContentReplaceBehavior [ RunTime:0.000093s ]
INFO: [ template_filter ] --END-- [ RunTime:0.000188s ]
INFO: Run Behavior\ParseTemplateBehavior [ RunTime:0.010233s ]
INFO: [ view_parse ] --END-- [ RunTime:0.010351s ]
INFO: [ view_filter ] --START--
INFO: Run Behavior\WriteHtmlCacheBehavior [ RunTime:0.000270s ]
INFO: [ view_filter ] --END-- [ RunTime:0.000342s ]
INFO: [ app_end ] --START--
INFO: Run Behavior\ShowPageTraceBehavior [ RunTime:0.000641s ]
INFO: [ app_end ] --END-- [ RunTime:0.000715s ]

[ 2015-10-21T11:15:50+08:00 ] ::1 /
INFO: [ app_init ] --START--
INFO: Run Behavior\BuildLiteBehavior [ RunTime:0.000016s ]
INFO: [ app_init ] --END-- [ RunTime:0.000344s ]
INFO: [ app_begin ] --START--
INFO: Run Behavior\ReadHtmlCacheBehavior [ RunTime:0.000520s ]
INFO: [ app_begin ] --END-- [ RunTime:0.000581s ]
INFO: [ view_parse ] --START--
INFO: [ template_filter ] --START--
INFO: Run Behavior\ContentReplaceBehavior [ RunTime:0.000042s ]
INFO: [ template_filter ] --END-- [ RunTime:0.000111s ]
SQL: SHOW COLUMNS FROM `lab_user` [ RunTime:0.0019s ]
SQL: SHOW COLUMNS FROM `lab_user` [ RunTime:0.0015s ]
SQL: SELECT `random` FROM `lab_user` WHERE ( username="Smilec" ) LIMIT 1   [ RunTime:0.0003s ]
SQL: SELECT `admin` FROM `lab_user` WHERE ( username="Smilec" ) LIMIT 1   [ RunTime:0.0003s ]
INFO: Run Behavior\ParseTemplateBehavior [ RunTime:0.027987s ]
INFO: [ view_parse ] --END-- [ RunTime:0.028044s ]
INFO: [ view_filter ] --START--
INFO: Run Behavior\WriteHtmlCacheBehavior [ RunTime:0.000203s ]
INFO: [ view_filter ] --END-- [ RunTime:0.000258s ]
INFO: [ app_end ] --START--
INFO: Run Behavior\ShowPageTraceBehavior [ RunTime:0.000523s ]
INFO: [ app_end ] --END-- [ RunTime:0.000579s ]

[ 2015-10-21T11:18:38+08:00 ] ::1 /index.php/Home/Activity/CommitQuestionForm
INFO: [ app_init ] --START--
INFO: Run Behavior\BuildLiteBehavior [ RunTime:0.000017s ]
INFO: [ app_init ] --END-- [ RunTime:0.000406s ]
INFO: [ app_begin ] --START--
INFO: Run Behavior\ReadHtmlCacheBehavior [ RunTime:0.000481s ]
INFO: [ app_begin ] --END-- [ RunTime:0.000538s ]
SQL: SHOW COLUMNS FROM `lab_user` [ RunTime:0.0014s ]
SQL: SELECT `random` FROM `lab_user` WHERE ( username="Smilec" ) LIMIT 1   [ RunTime:0.0003s ]
SQL: SELECT `admin` FROM `lab_user` WHERE ( username="Smilec" ) LIMIT 1   [ RunTime:0.0003s ]
SQL: SHOW COLUMNS FROM `lab_activity_form` [ RunTime:0.0015s ]
SQL: INSERT INTO `lab_activity_form` (`activity_id`,`question`,`input_element`) VALUES ('1','问题的内容?','0') [ RunTime:0.0011s ]
INFO: [ app_end ] --START--
INFO: Run Behavior\ShowPageTraceBehavior [ RunTime:0.001257s ]
INFO: [ app_end ] --END-- [ RunTime:0.001384s ]

[ 2015-10-21T11:18:48+08:00 ] ::1 /index.php/Home/Activity/form.html?id=1
INFO: [ app_init ] --START--
INFO: Run Behavior\BuildLiteBehavior [ RunTime:0.000023s ]
INFO: [ app_init ] --END-- [ RunTime:0.000462s ]
INFO: [ app_begin ] --START--
INFO: Run Behavior\ReadHtmlCacheBehavior [ RunTime:0.000534s ]
INFO: [ app_begin ] --END-- [ RunTime:0.000602s ]
SQL: SHOW COLUMNS FROM `lab_activity_form` [ RunTime:0.0016s ]
SQL: SELECT * FROM `lab_activity_form` WHERE ( activity_id=1 )  [ RunTime:0.0004s ]
INFO: [ view_parse ] --START--
INFO: [ template_filter ] --START--
INFO: Run Behavior\ContentReplaceBehavior [ RunTime:0.000055s ]
INFO: [ template_filter ] --END-- [ RunTime:0.000131s ]
SQL: SHOW COLUMNS FROM `lab_user` [ RunTime:0.0021s ]
SQL: SHOW COLUMNS FROM `lab_user` [ RunTime:0.0020s ]
SQL: SELECT `random` FROM `lab_user` WHERE ( username="Smilec" ) LIMIT 1   [ RunTime:0.0005s ]
SQL: SELECT `admin` FROM `lab_user` WHERE ( username="Smilec" ) LIMIT 1   [ RunTime:0.0005s ]
NOTIC: [8] Undefined variable: proInfo /Users/smilec/Code/Lab/Application/Runtime/Cache/Home/c4db4ce524a99294077bd352b14d0e27.php 第 133 行.
INFO: Run Behavior\ParseTemplateBehavior [ RunTime:0.023420s ]
INFO: [ view_parse ] --END-- [ RunTime:0.023520s ]
INFO: [ view_filter ] --START--
INFO: Run Behavior\WriteHtmlCacheBehavior [ RunTime:0.000772s ]
INFO: [ view_filter ] --END-- [ RunTime:0.000924s ]
INFO: [ app_end ] --START--
INFO: Run Behavior\ShowPageTraceBehavior [ RunTime:0.001152s ]
INFO: [ app_end ] --END-- [ RunTime:0.001293s ]

[ 2015-10-21T11:19:08+08:00 ] ::1 /index.php/Home/Activity/DeleteQuestionForm
INFO: [ app_init ] --START--
INFO: Run Behavior\BuildLiteBehavior [ RunTime:0.000016s ]
INFO: [ app_init ] --END-- [ RunTime:0.000353s ]
INFO: [ app_begin ] --START--
INFO: Run Behavior\ReadHtmlCacheBehavior [ RunTime:0.000463s ]
INFO: [ app_begin ] --END-- [ RunTime:0.000519s ]
SQL: SHOW COLUMNS FROM `lab_user` [ RunTime:0.0015s ]
SQL: SELECT `random` FROM `lab_user` WHERE ( username="Smilec" ) LIMIT 1   [ RunTime:0.0003s ]
SQL: SELECT `admin` FROM `lab_user` WHERE ( username="Smilec" ) LIMIT 1   [ RunTime:0.0003s ]
SQL: SHOW COLUMNS FROM `lab_activity_form` [ RunTime:0.0015s ]
SQL: DELETE FROM `lab_activity_form` WHERE ( id=22 ) [ RunTime:0.0038s ]
INFO: [ app_end ] --START--
INFO: Run Behavior\ShowPageTraceBehavior [ RunTime:0.001260s ]
INFO: [ app_end ] --END-- [ RunTime:0.001395s ]

[ 2015-10-21T11:19:11+08:00 ] ::1 /index.php/Home/Activity/form.html?id=1
INFO: [ app_init ] --START--
INFO: Run Behavior\BuildLiteBehavior [ RunTime:0.000023s ]
INFO: [ app_init ] --END-- [ RunTime:0.000738s ]
INFO: [ app_begin ] --START--
INFO: Run Behavior\ReadHtmlCacheBehavior [ RunTime:0.000510s ]
INFO: [ app_begin ] --END-- [ RunTime:0.000582s ]
SQL: SHOW COLUMNS FROM `lab_activity_form` [ RunTime:0.0014s ]
SQL: SELECT * FROM `lab_activity_form` WHERE ( activity_id=1 )  [ RunTime:0.0003s ]
INFO: [ view_parse ] --START--
INFO: [ template_filter ] --START--
INFO: Run Behavior\ContentReplaceBehavior [ RunTime:0.000070s ]
INFO: [ template_filter ] --END-- [ RunTime:0.000175s ]
SQL: SHOW COLUMNS FROM `lab_user` [ RunTime:0.0016s ]
SQL: SHOW COLUMNS FROM `lab_user` [ RunTime:0.0016s ]
SQL: SELECT `random` FROM `lab_user` WHERE ( username="Smilec" ) LIMIT 1   [ RunTime:0.0003s ]
SQL: SELECT `admin` FROM `lab_user` WHERE ( username="Smilec" ) LIMIT 1   [ RunTime:0.0003s ]
NOTIC: [8] Undefined variable: proInfo /Users/smilec/Code/Lab/Application/Runtime/Cache/Home/c4db4ce524a99294077bd352b14d0e27.php 第 133 行.
INFO: Run Behavior\ParseTemplateBehavior [ RunTime:0.027186s ]
INFO: [ view_parse ] --END-- [ RunTime:0.027245s ]
INFO: [ view_filter ] --START--
INFO: Run Behavior\WriteHtmlCacheBehavior [ RunTime:0.000205s ]
INFO: [ view_filter ] --END-- [ RunTime:0.000264s ]
INFO: [ app_end ] --START--
INFO: Run Behavior\ShowPageTraceBehavior [ RunTime:0.000541s ]
INFO: [ app_end ] --END-- [ RunTime:0.000601s ]

[ 2015-10-21T20:43:22+08:00 ] ::1 /
INFO: [ app_init ] --START--
INFO: Run Behavior\BuildLiteBehavior [ RunTime:0.000033s ]
INFO: [ app_init ] --END-- [ RunTime:0.001951s ]
INFO: [ app_begin ] --START--
INFO: Run Behavior\ReadHtmlCacheBehavior [ RunTime:0.001775s ]
INFO: [ app_begin ] --END-- [ RunTime:0.001923s ]
INFO: [ view_parse ] --START--
INFO: [ template_filter ] --START--
INFO: Run Behavior\ContentReplaceBehavior [ RunTime:0.000108s ]
INFO: [ template_filter ] --END-- [ RunTime:0.000253s ]
SQL: SHOW COLUMNS FROM `lab_user` [ RunTime:0.0051s ]
SQL: SHOW COLUMNS FROM `lab_user` [ RunTime:0.0014s ]
SQL: SELECT * FROM `lab_user` WHERE ( username="Smilec" ) LIMIT 1   [ RunTime:0.0117s ]
SQL: SELECT `random` FROM `lab_user` WHERE ( username="Smilec" ) LIMIT 1   [ RunTime:0.0035s ]
INFO: Run Behavior\ParseTemplateBehavior [ RunTime:0.078101s ]
INFO: [ view_parse ] --END-- [ RunTime:0.078224s ]
INFO: [ view_filter ] --START--
INFO: Run Behavior\WriteHtmlCacheBehavior [ RunTime:0.001867s ]
INFO: [ view_filter ] --END-- [ RunTime:0.001983s ]
INFO: [ app_end ] --START--
INFO: Run Behavior\ShowPageTraceBehavior [ RunTime:0.000986s ]
INFO: [ app_end ] --END-- [ RunTime:0.001074s ]

[ 2015-10-21T20:43:24+08:00 ] ::1 /index.php/Home/Project/submit.html
INFO: [ app_init ] --START--
INFO: Run Behavior\BuildLiteBehavior [ RunTime:0.000016s ]
INFO: [ app_init ] --END-- [ RunTime:0.000366s ]
INFO: [ app_begin ] --START--
INFO: Run Behavior\ReadHtmlCacheBehavior [ RunTime:0.000487s ]
INFO: [ app_begin ] --END-- [ RunTime:0.000547s ]
SQL: SHOW COLUMNS FROM `lab_project_class` [ RunTime:0.0036s ]
SQL: SELECT * FROM `lab_project_class` WHERE ( class=1 )  [ RunTime:0.0013s ]
SQL: SELECT * FROM `lab_project_class` WHERE ( class=2 )  [ RunTime:0.0003s ]
SQL: SELECT * FROM `lab_project_class` WHERE ( class=3 )  [ RunTime:0.0003s ]
INFO: [ view_parse ] --START--
INFO: [ template_filter ] --START--
INFO: Run Behavior\ContentReplaceBehavior [ RunTime:0.000096s ]
INFO: [ template_filter ] --END-- [ RunTime:0.000249s ]
SQL: SHOW COLUMNS FROM `lab_user` [ RunTime:0.0014s ]
SQL: SHOW COLUMNS FROM `lab_user` [ RunTime:0.0013s ]
SQL: SELECT * FROM `lab_user` WHERE ( username="Smilec" ) LIMIT 1   [ RunTime:0.0004s ]
SQL: SELECT `random` FROM `lab_user` WHERE ( username="Smilec" ) LIMIT 1   [ RunTime:0.0003s ]
INFO: Run Behavior\ParseTemplateBehavior [ RunTime:0.024162s ]
INFO: [ view_parse ] --END-- [ RunTime:0.024231s ]
INFO: [ view_filter ] --START--
INFO: Run Behavior\WriteHtmlCacheBehavior [ RunTime:0.000205s ]
INFO: [ view_filter ] --END-- [ RunTime:0.000258s ]
INFO: [ app_end ] --START--
INFO: Run Behavior\ShowPageTraceBehavior [ RunTime:0.000837s ]
INFO: [ app_end ] --END-- [ RunTime:0.000962s ]

[ 2015-10-21T20:43:52+08:00 ] ::1 /
INFO: [ app_init ] --START--
INFO: Run Behavior\BuildLiteBehavior [ RunTime:0.000034s ]
INFO: [ app_init ] --END-- [ RunTime:0.001186s ]
INFO: [ app_begin ] --START--
INFO: Run Behavior\ReadHtmlCacheBehavior [ RunTime:0.000850s ]
INFO: [ app_begin ] --END-- [ RunTime:0.000930s ]
INFO: [ view_parse ] --START--
INFO: [ template_filter ] --START--
INFO: Run Behavior\ContentReplaceBehavior [ RunTime:0.000076s ]
INFO: [ template_filter ] --END-- [ RunTime:0.000171s ]
SQL: SHOW COLUMNS FROM `lab_user` [ RunTime:0.0022s ]
SQL: SHOW COLUMNS FROM `lab_user` [ RunTime:0.0016s ]
SQL: SELECT `random` FROM `lab_user` WHERE ( username="Smilec" ) LIMIT 1   [ RunTime:0.0004s ]
SQL: SELECT `admin` FROM `lab_user` WHERE ( username="Smilec" ) LIMIT 1   [ RunTime:0.0003s ]
INFO: Run Behavior\ParseTemplateBehavior [ RunTime:0.039602s ]
INFO: [ view_parse ] --END-- [ RunTime:0.039676s ]
INFO: [ view_filter ] --START--
INFO: Run Behavior\WriteHtmlCacheBehavior [ RunTime:0.000550s ]
INFO: [ view_filter ] --END-- [ RunTime:0.000626s ]
INFO: [ app_end ] --START--
INFO: Run Behavior\ShowPageTraceBehavior [ RunTime:0.001088s ]
INFO: [ app_end ] --END-- [ RunTime:0.001193s ]

[ 2015-10-21T20:43:53+08:00 ] ::1 /index.php/Home/Activity/form.html?id=1
INFO: [ app_init ] --START--
INFO: Run Behavior\BuildLiteBehavior [ RunTime:0.000039s ]
INFO: [ app_init ] --END-- [ RunTime:0.000958s ]
INFO: [ app_begin ] --START--
INFO: Run Behavior\ReadHtmlCacheBehavior [ RunTime:0.000867s ]
INFO: [ app_begin ] --END-- [ RunTime:0.000989s ]
SQL: SHOW COLUMNS FROM `lab_activity` [ RunTime:0.0061s ]
SQL: SELECT * FROM `lab_activity` WHERE ( id=1 ) LIMIT 1   [ RunTime:0.0023s ]
SQL: SHOW COLUMNS FROM `lab_activity_form` [ RunTime:0.0025s ]
SQL: SELECT * FROM `lab_activity_form` WHERE ( activity_id=1 )  [ RunTime:0.0023s ]
INFO: [ view_parse ] --START--
INFO: [ template_filter ] --START--
INFO: Run Behavior\ContentReplaceBehavior [ RunTime:0.000052s ]
INFO: [ template_filter ] --END-- [ RunTime:0.000126s ]
SQL: SHOW COLUMNS FROM `lab_user` [ RunTime:0.0015s ]
SQL: SHOW COLUMNS FROM `lab_user` [ RunTime:0.0014s ]
SQL: SELECT `random` FROM `lab_user` WHERE ( username="Smilec" ) LIMIT 1   [ RunTime:0.0004s ]
SQL: SELECT `admin` FROM `lab_user` WHERE ( username="Smilec" ) LIMIT 1   [ RunTime:0.0003s ]
NOTIC: [8] Undefined index: title /Users/smilec/Code/Lab/Application/Runtime/Cache/Home/c4db4ce524a99294077bd352b14d0e27.php 第 133 行.
INFO: Run Behavior\ParseTemplateBehavior [ RunTime:0.021518s ]
INFO: [ view_parse ] --END-- [ RunTime:0.021621s ]
INFO: [ view_filter ] --START--
INFO: Run Behavior\WriteHtmlCacheBehavior [ RunTime:0.000216s ]
INFO: [ view_filter ] --END-- [ RunTime:0.000287s ]
INFO: [ app_end ] --START--
INFO: Run Behavior\ShowPageTraceBehavior [ RunTime:0.000626s ]
INFO: [ app_end ] --END-- [ RunTime:0.000686s ]

[ 2015-10-21T20:44:18+08:00 ] ::1 /index.php/Home/Activity/form.html?id=1
INFO: [ app_init ] --START--
INFO: Run Behavior\BuildLiteBehavior [ RunTime:0.000022s ]
INFO: [ app_init ] --END-- [ RunTime:0.000563s ]
INFO: [ app_begin ] --START--
INFO: Run Behavior\ReadHtmlCacheBehavior [ RunTime:0.000533s ]
INFO: [ app_begin ] --END-- [ RunTime:0.000621s ]
SQL: SHOW COLUMNS FROM `lab_activity` [ RunTime:0.0015s ]
SQL: SELECT * FROM `lab_activity` WHERE ( id=1 ) LIMIT 1   [ RunTime:0.0004s ]
SQL: SHOW COLUMNS FROM `lab_activity_form` [ RunTime:0.0015s ]
SQL: SELECT * FROM `lab_activity_form` WHERE ( activity_id=1 )  [ RunTime:0.0004s ]
INFO: [ view_parse ] --START--
INFO: [ template_filter ] --START--
INFO: Run Behavior\ContentReplaceBehavior [ RunTime:0.000053s ]
INFO: [ template_filter ] --END-- [ RunTime:0.000126s ]
SQL: SHOW COLUMNS FROM `lab_user` [ RunTime:0.0015s ]
SQL: SHOW COLUMNS FROM `lab_user` [ RunTime:0.0015s ]
SQL: SELECT `random` FROM `lab_user` WHERE ( username="Smilec" ) LIMIT 1   [ RunTime:0.0003s ]
SQL: SELECT `admin` FROM `lab_user` WHERE ( username="Smilec" ) LIMIT 1   [ RunTime:0.0003s ]
INFO: Run Behavior\ParseTemplateBehavior [ RunTime:0.020766s ]
INFO: [ view_parse ] --END-- [ RunTime:0.020842s ]
INFO: [ view_filter ] --START--
INFO: Run Behavior\WriteHtmlCacheBehavior [ RunTime:0.000207s ]
INFO: [ view_filter ] --END-- [ RunTime:0.000267s ]
INFO: [ app_end ] --START--
INFO: Run Behavior\ShowPageTraceBehavior [ RunTime:0.000573s ]
INFO: [ app_end ] --END-- [ RunTime:0.000633s ]

[ 2015-10-21T20:51:20+08:00 ] ::1 /index.php/Home/Activity/form.html?id=1
INFO: [ app_init ] --START--
INFO: Run Behavior\BuildLiteBehavior [ RunTime:0.000020s ]
INFO: [ app_init ] --END-- [ RunTime:0.000918s ]
INFO: [ app_begin ] --START--
INFO: Run Behavior\ReadHtmlCacheBehavior [ RunTime:0.000768s ]
INFO: [ app_begin ] --END-- [ RunTime:0.000845s ]
SQL: SHOW COLUMNS FROM `lab_activity` [ RunTime:0.0016s ]
SQL: SELECT * FROM `lab_activity` WHERE ( id=1 ) LIMIT 1   [ RunTime:0.0004s ]
SQL: SHOW COLUMNS FROM `lab_activity_form` [ RunTime:0.0014s ]
SQL: SELECT * FROM `lab_activity_form` WHERE ( activity_id=1 )  [ RunTime:0.0004s ]
INFO: [ view_parse ] --START--
INFO: [ template_filter ] --START--
INFO: Run Behavior\ContentReplaceBehavior [ RunTime:0.000062s ]
INFO: [ template_filter ] --END-- [ RunTime:0.000161s ]
SQL: SHOW COLUMNS FROM `lab_user` [ RunTime:0.0018s ]
SQL: SHOW COLUMNS FROM `lab_user` [ RunTime:0.0021s ]
SQL: SELECT `random` FROM `lab_user` WHERE ( username="Smilec" ) LIMIT 1   [ RunTime:0.0003s ]
SQL: SELECT `admin` FROM `lab_user` WHERE ( username="Smilec" ) LIMIT 1   [ RunTime:0.0004s ]
INFO: Run Behavior\ParseTemplateBehavior [ RunTime:0.027782s ]
INFO: [ view_parse ] --END-- [ RunTime:0.027844s ]
INFO: [ view_filter ] --START--
INFO: Run Behavior\WriteHtmlCacheBehavior [ RunTime:0.000551s ]
INFO: [ view_filter ] --END-- [ RunTime:0.000635s ]
INFO: [ app_end ] --START--
INFO: Run Behavior\ShowPageTraceBehavior [ RunTime:0.001890s ]
INFO: [ app_end ] --END-- [ RunTime:0.001999s ]

