[ 2015-10-05T13:18:44+08:00 ] 127.0.0.1 /index.php/Home/Project/addprj.html
INFO: [ app_init ] --START--
INFO: Run Behavior\BuildLiteBehavior [ RunTime:0.000020s ]
INFO: [ app_init ] --END-- [ RunTime:0.000549s ]
INFO: [ app_begin ] --START--
INFO: Run Behavior\ReadHtmlCacheBehavior [ RunTime:0.001074s ]
INFO: [ app_begin ] --END-- [ RunTime:0.001177s ]
SQL: SHOW COLUMNS FROM `lab_user` [ RunTime:0.0170s ]
SQL: SELECT `random` FROM `lab_user` WHERE ( username="Smilec" ) LIMIT 1   [ RunTime:0.0003s ]
INFO: [ view_parse ] --START--
INFO: [ template_filter ] --START--
INFO: Run Behavior\ContentReplaceBehavior [ RunTime:0.000066s ]
INFO: [ template_filter ] --END-- [ RunTime:0.000168s ]
INFO: Run Behavior\ParseTemplateBehavior [ RunTime:0.011431s ]
INFO: [ view_parse ] --END-- [ RunTime:0.011533s ]
INFO: [ view_filter ] --START--
INFO: Run Behavior\WriteHtmlCacheBehavior [ RunTime:0.000881s ]
INFO: [ view_filter ] --END-- [ RunTime:0.000968s ]

[ 2015-10-05T13:21:57+08:00 ] 127.0.0.1 /index.php/Home/Project/edit.html?id=14
INFO: [ app_init ] --START--
INFO: Run Behavior\BuildLiteBehavior [ RunTime:0.000035s ]
INFO: [ app_init ] --END-- [ RunTime:0.000940s ]
INFO: [ app_begin ] --START--
INFO: Run Behavior\ReadHtmlCacheBehavior [ RunTime:0.000727s ]
INFO: [ app_begin ] --END-- [ RunTime:0.000832s ]
SQL: SHOW COLUMNS FROM `lab_project_class` [ RunTime:0.0121s ]
SQL: SELECT * FROM `lab_project_class` WHERE ( class=1 )  [ RunTime:0.0005s ]
SQL: SELECT * FROM `lab_project_class` WHERE ( class=2 )  [ RunTime:0.0008s ]
SQL: SELECT * FROM `lab_project_class` WHERE ( class=3 )  [ RunTime:0.0004s ]
SQL: SHOW COLUMNS FROM `lab_project` [ RunTime:0.0133s ]
SQL: SELECT * FROM `lab_project` WHERE ( id=14 ) LIMIT 1   [ RunTime:0.0005s ]
INFO: [ view_parse ] --START--
INFO: [ template_filter ] --START--
INFO: Run Behavior\ContentReplaceBehavior [ RunTime:0.000077s ]
INFO: [ template_filter ] --END-- [ RunTime:0.000193s ]
SQL: SHOW COLUMNS FROM `lab_user` [ RunTime:0.0172s ]
INFO: Run Behavior\ParseTemplateBehavior [ RunTime:0.062705s ]
INFO: [ view_parse ] --END-- [ RunTime:0.062877s ]
INFO: [ view_filter ] --START--
INFO: Run Behavior\WriteHtmlCacheBehavior [ RunTime:0.001438s ]
INFO: [ view_filter ] --END-- [ RunTime:0.001562s ]
INFO: [ app_end ] --START--
INFO: Run Behavior\ShowPageTraceBehavior [ RunTime:0.001810s ]
INFO: [ app_end ] --END-- [ RunTime:0.002324s ]

[ 2015-10-05T13:22:00+08:00 ] 127.0.0.1 /
INFO: [ app_init ] --START--
INFO: Run Behavior\BuildLiteBehavior [ RunTime:0.000042s ]
INFO: [ app_init ] --END-- [ RunTime:0.001195s ]
INFO: [ app_begin ] --START--
INFO: Run Behavior\ReadHtmlCacheBehavior [ RunTime:0.000898s ]
INFO: [ app_begin ] --END-- [ RunTime:0.001074s ]
INFO: [ view_parse ] --START--
INFO: [ template_filter ] --START--
INFO: Run Behavior\ContentReplaceBehavior [ RunTime:0.000085s ]
INFO: [ template_filter ] --END-- [ RunTime:0.000198s ]
SQL: SHOW COLUMNS FROM `lab_user` [ RunTime:0.0115s ]
NOTIC: [8] Undefined variable: isAdmin D:\php\HttpClient\phpStudy\LAB\Application\Runtime\Cache\Home\2a94b8bda04ff446dcedd42276fc99ee.php 第 95 行.
INFO: Run Behavior\ParseTemplateBehavior [ RunTime:0.059433s ]
INFO: [ view_parse ] --END-- [ RunTime:0.059573s ]
INFO: [ view_filter ] --START--
INFO: Run Behavior\WriteHtmlCacheBehavior [ RunTime:0.002044s ]
INFO: [ view_filter ] --END-- [ RunTime:0.002168s ]
INFO: [ app_end ] --START--
INFO: Run Behavior\ShowPageTraceBehavior [ RunTime:0.001330s ]
INFO: [ app_end ] --END-- [ RunTime:0.001453s ]

[ 2015-10-05T13:22:02+08:00 ] 127.0.0.1 /index.php/Home/Project.html
INFO: [ app_init ] --START--
INFO: Run Behavior\BuildLiteBehavior [ RunTime:0.000019s ]
INFO: [ app_init ] --END-- [ RunTime:0.000518s ]
INFO: [ app_begin ] --START--
INFO: Run Behavior\ReadHtmlCacheBehavior [ RunTime:0.001129s ]
INFO: [ app_begin ] --END-- [ RunTime:0.001261s ]
SQL: SHOW COLUMNS FROM `lab_project_class` [ RunTime:0.0167s ]
SQL: SELECT * FROM `lab_project_class` WHERE ( class=1 )  [ RunTime:0.0003s ]
SQL: SELECT * FROM `lab_project_class` WHERE ( class=2 )  [ RunTime:0.0002s ]
INFO: [ view_parse ] --START--
INFO: [ template_filter ] --START--
INFO: Run Behavior\ContentReplaceBehavior [ RunTime:0.000110s ]
INFO: [ template_filter ] --END-- [ RunTime:0.000246s ]
SQL: SHOW COLUMNS FROM `lab_user` [ RunTime:0.0199s ]
NOTIC: [8] Undefined variable: isAdmin D:\php\HttpClient\phpStudy\LAB\Application\Runtime\Cache\Home\9d459e48cece1d7473e65af45d1fe54a.php 第 95 行.
INFO: Run Behavior\ParseTemplateBehavior [ RunTime:0.061845s ]
INFO: [ view_parse ] --END-- [ RunTime:0.061916s ]
INFO: [ view_filter ] --START--
INFO: Run Behavior\WriteHtmlCacheBehavior [ RunTime:0.000936s ]
INFO: [ view_filter ] --END-- [ RunTime:0.001002s ]
INFO: [ app_end ] --START--
INFO: Run Behavior\ShowPageTraceBehavior [ RunTime:0.001129s ]
INFO: [ app_end ] --END-- [ RunTime:0.001202s ]

[ 2015-10-05T13:22:02+08:00 ] 127.0.0.1 /index.php/Home/Project/load.html?page=1&type=0&process=0
INFO: [ app_init ] --START--
INFO: Run Behavior\BuildLiteBehavior [ RunTime:0.000030s ]
INFO: [ app_init ] --END-- [ RunTime:0.000770s ]
INFO: [ app_begin ] --START--
INFO: Run Behavior\ReadHtmlCacheBehavior [ RunTime:0.000628s ]
INFO: [ app_begin ] --END-- [ RunTime:0.000703s ]
SQL: SHOW COLUMNS FROM `lab_project` [ RunTime:0.0168s ]
SQL: SELECT * FROM `lab_project` WHERE ( 1 ) LIMIT 0,12   [ RunTime:0.0003s ]
SQL: SHOW COLUMNS FROM `lab_project_class` [ RunTime:0.0120s ]
SQL: SELECT * FROM `lab_project_class` WHERE ( class=1 )  [ RunTime:0.0002s ]
SQL: SELECT * FROM `lab_project_class` WHERE ( class=2 )  [ RunTime:0.0001s ]
SQL: SELECT * FROM `lab_project_class` WHERE ( class=3 )  [ RunTime:0.0001s ]
INFO: [ view_parse ] --START--
INFO: [ template_filter ] --START--
INFO: Run Behavior\ContentReplaceBehavior [ RunTime:0.000045s ]
INFO: [ template_filter ] --END-- [ RunTime:0.000111s ]
INFO: Run Behavior\ParseTemplateBehavior [ RunTime:0.008341s ]
INFO: [ view_parse ] --END-- [ RunTime:0.008427s ]
INFO: [ view_filter ] --START--
INFO: Run Behavior\WriteHtmlCacheBehavior [ RunTime:0.000588s ]
INFO: [ view_filter ] --END-- [ RunTime:0.000636s ]
INFO: [ app_end ] --START--
INFO: Run Behavior\ShowPageTraceBehavior [ RunTime:0.000934s ]
INFO: [ app_end ] --END-- [ RunTime:0.000996s ]

[ 2015-10-05T13:22:03+08:00 ] 127.0.0.1 /index.php/Home/Project/detail.html?id=14
INFO: [ app_init ] --START--
INFO: Run Behavior\BuildLiteBehavior [ RunTime:0.000020s ]
INFO: [ app_init ] --END-- [ RunTime:0.000580s ]
INFO: [ app_begin ] --START--
INFO: Run Behavior\ReadHtmlCacheBehavior [ RunTime:0.000833s ]
INFO: [ app_begin ] --END-- [ RunTime:0.000951s ]
SQL: SHOW COLUMNS FROM `lab_project` [ RunTime:0.0138s ]
SQL: SELECT * FROM `lab_project` WHERE ( id=14 ) LIMIT 1   [ RunTime:0.0003s ]
SQL: SHOW COLUMNS FROM `lab_project_class` [ RunTime:0.0100s ]
SQL: SELECT * FROM `lab_project_class` WHERE ( class=1 )  [ RunTime:0.0002s ]
SQL: SELECT * FROM `lab_project_class` WHERE ( class=2 )  [ RunTime:0.0001s ]
SQL: SELECT * FROM `lab_project_class` WHERE ( class=3 )  [ RunTime:0.0002s ]
INFO: [ view_parse ] --START--
INFO: [ template_filter ] --START--
INFO: Run Behavior\ContentReplaceBehavior [ RunTime:0.000065s ]
INFO: [ template_filter ] --END-- [ RunTime:0.000137s ]
SQL: SHOW COLUMNS FROM `lab_user` [ RunTime:0.0117s ]
NOTIC: [8] Undefined variable: isAdmin D:\php\HttpClient\phpStudy\LAB\Application\Runtime\Cache\Home\426e9e9ae04bd504d9b4163bcfa347f6.php 第 95 行.
INFO: Run Behavior\ParseTemplateBehavior [ RunTime:0.040222s ]
INFO: [ view_parse ] --END-- [ RunTime:0.040305s ]
INFO: [ view_filter ] --START--
INFO: Run Behavior\WriteHtmlCacheBehavior [ RunTime:0.000849s ]
INFO: [ view_filter ] --END-- [ RunTime:0.000908s ]
INFO: [ app_end ] --START--
INFO: Run Behavior\ShowPageTraceBehavior [ RunTime:0.001443s ]
INFO: [ app_end ] --END-- [ RunTime:0.001566s ]

[ 2015-10-05T13:22:06+08:00 ] 127.0.0.1 /index.php/Home/Project/edit.html?id=14
INFO: [ app_init ] --START--
INFO: Run Behavior\BuildLiteBehavior [ RunTime:0.000020s ]
INFO: [ app_init ] --END-- [ RunTime:0.000480s ]
INFO: [ app_begin ] --START--
INFO: Run Behavior\ReadHtmlCacheBehavior [ RunTime:0.000799s ]
INFO: [ app_begin ] --END-- [ RunTime:0.000908s ]
SQL: SHOW COLUMNS FROM `lab_project_class` [ RunTime:0.0141s ]
SQL: SELECT * FROM `lab_project_class` WHERE ( class=1 )  [ RunTime:0.0003s ]
SQL: SELECT * FROM `lab_project_class` WHERE ( class=2 )  [ RunTime:0.0003s ]
SQL: SELECT * FROM `lab_project_class` WHERE ( class=3 )  [ RunTime:0.0003s ]
SQL: SHOW COLUMNS FROM `lab_project` [ RunTime:0.0145s ]
SQL: SELECT * FROM `lab_project` WHERE ( id=14 ) LIMIT 1   [ RunTime:0.0003s ]
INFO: [ view_parse ] --START--
INFO: [ template_filter ] --START--
INFO: Run Behavior\ContentReplaceBehavior [ RunTime:0.000087s ]
INFO: [ template_filter ] --END-- [ RunTime:0.000175s ]
SQL: SHOW COLUMNS FROM `lab_user` [ RunTime:0.0142s ]
NOTIC: [8] Undefined variable: isAdmin D:\php\HttpClient\phpStudy\LAB\Application\Runtime\Cache\Home\1154a384e5a76629394393b2e0bdb1fc.php 第 95 行.
INFO: Run Behavior\ParseTemplateBehavior [ RunTime:0.057684s ]
INFO: [ view_parse ] --END-- [ RunTime:0.057754s ]
INFO: [ view_filter ] --START--
INFO: Run Behavior\WriteHtmlCacheBehavior [ RunTime:0.000905s ]
INFO: [ view_filter ] --END-- [ RunTime:0.000989s ]
INFO: [ app_end ] --START--
INFO: Run Behavior\ShowPageTraceBehavior [ RunTime:0.001722s ]
INFO: [ app_end ] --END-- [ RunTime:0.001830s ]

[ 2015-10-05T13:22:09+08:00 ] 127.0.0.1 /index.php/Home/Project/addprj.html
INFO: [ app_init ] --START--
INFO: Run Behavior\BuildLiteBehavior [ RunTime:0.000020s ]
INFO: [ app_init ] --END-- [ RunTime:0.000673s ]
INFO: [ app_begin ] --START--
INFO: Run Behavior\ReadHtmlCacheBehavior [ RunTime:0.000569s ]
INFO: [ app_begin ] --END-- [ RunTime:0.000643s ]
SQL: SHOW COLUMNS FROM `lab_user` [ RunTime:0.0198s ]
SQL: SELECT `random` FROM `lab_user` WHERE ( username="Smilec" ) LIMIT 1   [ RunTime:0.0005s ]
SQL: SHOW COLUMNS FROM `lab_project` [ RunTime:0.0165s ]
SQL: UPDATE `lab_project` SET `name`='测试项目',`img`='2015-10-01/sm_560c9bdf9489d.jpg',`process`='2',`type`='7',`tag`='8',`intro`='测试项目的介绍，对啊',`username`='Smilec' WHERE ( id=14 ) [ RunTime:0.0007s ]
INFO: [ app_end ] --START--
INFO: Run Behavior\ShowPageTraceBehavior [ RunTime:0.001284s ]
INFO: [ app_end ] --END-- [ RunTime:0.001378s ]

[ 2015-10-05T13:22:09+08:00 ] 127.0.0.1 /index.php/Home/Project/detail.html?id=14
INFO: [ app_init ] --START--
INFO: Run Behavior\BuildLiteBehavior [ RunTime:0.000020s ]
INFO: [ app_init ] --END-- [ RunTime:0.000615s ]
INFO: [ app_begin ] --START--
INFO: Run Behavior\ReadHtmlCacheBehavior [ RunTime:0.001346s ]
INFO: [ app_begin ] --END-- [ RunTime:0.001530s ]
SQL: SHOW COLUMNS FROM `lab_project` [ RunTime:0.0129s ]
SQL: SELECT * FROM `lab_project` WHERE ( id=14 ) LIMIT 1   [ RunTime:0.0012s ]
SQL: SHOW COLUMNS FROM `lab_project_class` [ RunTime:0.0134s ]
SQL: SELECT * FROM `lab_project_class` WHERE ( class=1 )  [ RunTime:0.0010s ]
SQL: SELECT * FROM `lab_project_class` WHERE ( class=2 )  [ RunTime:0.0003s ]
SQL: SELECT * FROM `lab_project_class` WHERE ( class=3 )  [ RunTime:0.0004s ]
INFO: [ view_parse ] --START--
INFO: [ template_filter ] --START--
INFO: Run Behavior\ContentReplaceBehavior [ RunTime:0.000067s ]
INFO: [ template_filter ] --END-- [ RunTime:0.000144s ]
SQL: SHOW COLUMNS FROM `lab_user` [ RunTime:0.0110s ]
NOTIC: [8] Undefined variable: isAdmin D:\php\HttpClient\phpStudy\LAB\Application\Runtime\Cache\Home\426e9e9ae04bd504d9b4163bcfa347f6.php 第 95 行.
INFO: Run Behavior\ParseTemplateBehavior [ RunTime:0.048345s ]
INFO: [ view_parse ] --END-- [ RunTime:0.048472s ]
INFO: [ view_filter ] --START--
INFO: Run Behavior\WriteHtmlCacheBehavior [ RunTime:0.000941s ]
INFO: [ view_filter ] --END-- [ RunTime:0.001039s ]
INFO: [ app_end ] --START--
INFO: Run Behavior\ShowPageTraceBehavior [ RunTime:0.001756s ]
INFO: [ app_end ] --END-- [ RunTime:0.001912s ]

[ 2015-10-05T13:23:27+08:00 ] 127.0.0.1 /index.php/Home/Project.html
INFO: [ app_init ] --START--
INFO: Run Behavior\BuildLiteBehavior [ RunTime:0.000030s ]
INFO: [ app_init ] --END-- [ RunTime:0.000629s ]
INFO: [ app_begin ] --START--
INFO: Run Behavior\ReadHtmlCacheBehavior [ RunTime:0.000735s ]
INFO: [ app_begin ] --END-- [ RunTime:0.000841s ]
SQL: SHOW COLUMNS FROM `lab_project_class` [ RunTime:0.0204s ]
SQL: SELECT * FROM `lab_project_class` WHERE ( class=1 )  [ RunTime:0.0003s ]
SQL: SELECT * FROM `lab_project_class` WHERE ( class=2 )  [ RunTime:0.0002s ]
INFO: [ view_parse ] --START--
INFO: [ template_filter ] --START--
INFO: Run Behavior\ContentReplaceBehavior [ RunTime:0.000102s ]
INFO: [ template_filter ] --END-- [ RunTime:0.000213s ]
SQL: SHOW COLUMNS FROM `lab_user` [ RunTime:0.0111s ]
NOTIC: [8] Undefined variable: isAdmin D:\php\HttpClient\phpStudy\LAB\Application\Runtime\Cache\Home\9d459e48cece1d7473e65af45d1fe54a.php 第 95 行.
INFO: Run Behavior\ParseTemplateBehavior [ RunTime:0.048159s ]
INFO: [ view_parse ] --END-- [ RunTime:0.048235s ]
INFO: [ view_filter ] --START--
INFO: Run Behavior\WriteHtmlCacheBehavior [ RunTime:0.000739s ]
INFO: [ view_filter ] --END-- [ RunTime:0.000793s ]
INFO: [ app_end ] --START--
INFO: Run Behavior\ShowPageTraceBehavior [ RunTime:0.001576s ]
INFO: [ app_end ] --END-- [ RunTime:0.001681s ]

[ 2015-10-05T13:23:27+08:00 ] 127.0.0.1 /index.php/Home/Project/load.html?page=1&type=0&process=0
INFO: [ app_init ] --START--
INFO: Run Behavior\BuildLiteBehavior [ RunTime:0.000021s ]
INFO: [ app_init ] --END-- [ RunTime:0.000495s ]
INFO: [ app_begin ] --START--
INFO: Run Behavior\ReadHtmlCacheBehavior [ RunTime:0.000830s ]
INFO: [ app_begin ] --END-- [ RunTime:0.000924s ]
SQL: SHOW COLUMNS FROM `lab_project` [ RunTime:0.0147s ]
SQL: SELECT * FROM `lab_project` WHERE ( 1 ) LIMIT 0,12   [ RunTime:0.0003s ]
SQL: SHOW COLUMNS FROM `lab_project_class` [ RunTime:0.0141s ]
SQL: SELECT * FROM `lab_project_class` WHERE ( class=1 )  [ RunTime:0.0003s ]
SQL: SELECT * FROM `lab_project_class` WHERE ( class=2 )  [ RunTime:0.0001s ]
SQL: SELECT * FROM `lab_project_class` WHERE ( class=3 )  [ RunTime:0.0002s ]
INFO: [ view_parse ] --START--
INFO: [ template_filter ] --START--
INFO: Run Behavior\ContentReplaceBehavior [ RunTime:0.000046s ]
INFO: [ template_filter ] --END-- [ RunTime:0.000116s ]
INFO: Run Behavior\ParseTemplateBehavior [ RunTime:0.009426s ]
INFO: [ view_parse ] --END-- [ RunTime:0.009510s ]
INFO: [ view_filter ] --START--
INFO: Run Behavior\WriteHtmlCacheBehavior [ RunTime:0.000687s ]
INFO: [ view_filter ] --END-- [ RunTime:0.000739s ]
INFO: [ app_end ] --START--
INFO: Run Behavior\ShowPageTraceBehavior [ RunTime:0.001611s ]
INFO: [ app_end ] --END-- [ RunTime:0.001827s ]

[ 2015-10-05T13:28:39+08:00 ] 127.0.0.1 /
INFO: [ app_init ] --START--
INFO: Run Behavior\BuildLiteBehavior [ RunTime:0.000025s ]
INFO: [ app_init ] --END-- [ RunTime:0.000693s ]
INFO: [ app_begin ] --START--
INFO: Run Behavior\ReadHtmlCacheBehavior [ RunTime:0.001865s ]
INFO: [ app_begin ] --END-- [ RunTime:0.002116s ]
INFO: [ view_parse ] --START--
INFO: [ template_filter ] --START--
INFO: Run Behavior\ContentReplaceBehavior [ RunTime:0.000132s ]
INFO: [ template_filter ] --END-- [ RunTime:0.000233s ]
SQL: SHOW COLUMNS FROM `lab_user` [ RunTime:0.0146s ]
NOTIC: [8] Undefined variable: isAdmin D:\php\HttpClient\phpStudy\LAB\Application\Runtime\Cache\Home\2a94b8bda04ff446dcedd42276fc99ee.php 第 95 行.
INFO: Run Behavior\ParseTemplateBehavior [ RunTime:0.045366s ]
INFO: [ view_parse ] --END-- [ RunTime:0.045442s ]
INFO: [ view_filter ] --START--
INFO: Run Behavior\WriteHtmlCacheBehavior [ RunTime:0.000948s ]
INFO: [ view_filter ] --END-- [ RunTime:0.001015s ]
INFO: [ app_end ] --START--
INFO: Run Behavior\ShowPageTraceBehavior [ RunTime:0.001093s ]
INFO: [ app_end ] --END-- [ RunTime:0.001164s ]

[ 2015-10-05T13:42:55+08:00 ] 127.0.0.1 /index.php/
INFO: [ app_init ] --START--
INFO: Run Behavior\BuildLiteBehavior [ RunTime:0.000019s ]
INFO: [ app_init ] --END-- [ RunTime:0.000474s ]
INFO: [ app_begin ] --START--
INFO: Run Behavior\ReadHtmlCacheBehavior [ RunTime:0.000590s ]
INFO: [ app_begin ] --END-- [ RunTime:0.000661s ]
INFO: [ view_parse ] --START--
INFO: [ template_filter ] --START--
INFO: Run Behavior\ContentReplaceBehavior [ RunTime:0.000052s ]
INFO: [ template_filter ] --END-- [ RunTime:0.000121s ]
SQL: SHOW COLUMNS FROM `lab_user` [ RunTime:0.0098s ]
NOTIC: [8] Undefined variable: isAdmin D:\php\HttpClient\phpStudy\LAB\Application\Runtime\Cache\Home\2a94b8bda04ff446dcedd42276fc99ee.php 第 95 行.
INFO: Run Behavior\ParseTemplateBehavior [ RunTime:0.033016s ]
INFO: [ view_parse ] --END-- [ RunTime:0.033080s ]
INFO: [ view_filter ] --START--
INFO: Run Behavior\WriteHtmlCacheBehavior [ RunTime:0.000453s ]
INFO: [ view_filter ] --END-- [ RunTime:0.000504s ]
INFO: [ app_end ] --START--
INFO: Run Behavior\ShowPageTraceBehavior [ RunTime:0.000952s ]
INFO: [ app_end ] --END-- [ RunTime:0.001017s ]

[ 2015-10-05T13:43:00+08:00 ] 127.0.0.1 /index.php/
INFO: [ app_init ] --START--
INFO: Run Behavior\BuildLiteBehavior [ RunTime:0.000019s ]
INFO: [ app_init ] --END-- [ RunTime:0.000465s ]
INFO: [ app_begin ] --START--
INFO: Run Behavior\ReadHtmlCacheBehavior [ RunTime:0.000580s ]
INFO: [ app_begin ] --END-- [ RunTime:0.000650s ]
INFO: [ view_parse ] --START--
INFO: [ template_filter ] --START--
INFO: Run Behavior\ContentReplaceBehavior [ RunTime:0.000101s ]
INFO: [ template_filter ] --END-- [ RunTime:0.000284s ]
SQL: SHOW COLUMNS FROM `lab_user` [ RunTime:0.0154s ]
NOTIC: [8] Undefined variable: isAdmin D:\php\HttpClient\phpStudy\LAB\Application\Runtime\Cache\Home\2a94b8bda04ff446dcedd42276fc99ee.php 第 95 行.
INFO: Run Behavior\ParseTemplateBehavior [ RunTime:0.039017s ]
INFO: [ view_parse ] --END-- [ RunTime:0.039083s ]
INFO: [ view_filter ] --START--
INFO: Run Behavior\WriteHtmlCacheBehavior [ RunTime:0.000665s ]
INFO: [ view_filter ] --END-- [ RunTime:0.000750s ]
INFO: [ app_end ] --START--
INFO: Run Behavior\ShowPageTraceBehavior [ RunTime:0.001053s ]
INFO: [ app_end ] --END-- [ RunTime:0.001122s ]

