[ 2015-10-20T13:52:23+08:00 ] ::1 /index.php/Home/Activity/CommitQuestionForm
INFO: [ app_init ] --START--
INFO: Run Behavior\BuildLiteBehavior [ RunTime:0.000022s ]
INFO: [ app_init ] --END-- [ RunTime:0.000469s ]
INFO: [ app_begin ] --START--
INFO: Run Behavior\ReadHtmlCacheBehavior [ RunTime:0.000592s ]
INFO: [ app_begin ] --END-- [ RunTime:0.000667s ]
SQL: SHOW COLUMNS FROM `lab_user` [ RunTime:0.0020s ]
SQL: SELECT `random` FROM `lab_user` WHERE ( username="Smilec" ) LIMIT 1   [ RunTime:0.0024s ]
SQL: SELECT `admin` FROM `lab_user` WHERE ( username="Smilec" ) LIMIT 1   [ RunTime:0.0003s ]
SQL: SHOW COLUMNS FROM `lab_activity_form` [ RunTime:0.0026s ]
SQL: INSERT INTO `lab_activity_form` (`question`,`input_element`) VALUES ('Test','0') [ RunTime:0.0140s ]
INFO: [ app_end ] --START--
INFO: Run Behavior\ShowPageTraceBehavior [ RunTime:0.001347s ]
INFO: [ app_end ] --END-- [ RunTime:0.001573s ]

[ 2015-10-20T13:55:56+08:00 ] ::1 /index.php/Home/Activity/CommitQuestionForm
INFO: [ app_init ] --START--
INFO: Run Behavior\BuildLiteBehavior [ RunTime:0.000024s ]
INFO: [ app_init ] --END-- [ RunTime:0.000632s ]
INFO: [ app_begin ] --START--
INFO: Run Behavior\ReadHtmlCacheBehavior [ RunTime:0.000540s ]
INFO: [ app_begin ] --END-- [ RunTime:0.000681s ]
SQL: SHOW COLUMNS FROM `lab_user` [ RunTime:0.0017s ]
SQL: SELECT `random` FROM `lab_user` WHERE ( username="Smilec" ) LIMIT 1   [ RunTime:0.0003s ]
SQL: SELECT `admin` FROM `lab_user` WHERE ( username="Smilec" ) LIMIT 1   [ RunTime:0.0003s ]
SQL: SHOW COLUMNS FROM `lab_activity_form` [ RunTime:0.0015s ]
SQL: INSERT INTO `lab_activity_form` (`question`,`input_element`) VALUES ('Test','0') [ RunTime:0.0011s ]
INFO: [ app_end ] --START--
INFO: Run Behavior\ShowPageTraceBehavior [ RunTime:0.001272s ]
INFO: [ app_end ] --END-- [ RunTime:0.001390s ]

[ 2015-10-20T13:56:11+08:00 ] ::1 /index.php/Home/Activity/CommitQuestionForm
INFO: [ app_init ] --START--
INFO: Run Behavior\BuildLiteBehavior [ RunTime:0.000017s ]
INFO: [ app_init ] --END-- [ RunTime:0.000479s ]
INFO: [ app_begin ] --START--
INFO: Run Behavior\ReadHtmlCacheBehavior [ RunTime:0.000858s ]
INFO: [ app_begin ] --END-- [ RunTime:0.000966s ]
SQL: SHOW COLUMNS FROM `lab_user` [ RunTime:0.0016s ]
SQL: SELECT `random` FROM `lab_user` WHERE ( username="Smilec" ) LIMIT 1   [ RunTime:0.0006s ]
SQL: SELECT `admin` FROM `lab_user` WHERE ( username="Smilec" ) LIMIT 1   [ RunTime:0.0003s ]
SQL: SHOW COLUMNS FROM `lab_activity_form` [ RunTime:0.0020s ]
SQL: INSERT INTO `lab_activity_form` (`question`,`input_element`) VALUES ('123','0') [ RunTime:0.0021s ]
INFO: [ app_end ] --START--
INFO: Run Behavior\ShowPageTraceBehavior [ RunTime:0.001052s ]
INFO: [ app_end ] --END-- [ RunTime:0.001219s ]

[ 2015-10-20T14:14:39+08:00 ] ::1 /index.php/Home/Activity/CommitQuestionForm
INFO: [ app_init ] --START--
INFO: Run Behavior\BuildLiteBehavior [ RunTime:0.000016s ]
INFO: [ app_init ] --END-- [ RunTime:0.000392s ]
INFO: [ app_begin ] --START--
INFO: Run Behavior\ReadHtmlCacheBehavior [ RunTime:0.000720s ]
INFO: [ app_begin ] --END-- [ RunTime:0.000802s ]
SQL: SHOW COLUMNS FROM `lab_user` [ RunTime:0.0019s ]
SQL: SELECT `random` FROM `lab_user` WHERE ( username="Smilec" ) LIMIT 1   [ RunTime:0.0004s ]
SQL: SELECT `admin` FROM `lab_user` WHERE ( username="Smilec" ) LIMIT 1   [ RunTime:0.0004s ]
SQL: SHOW COLUMNS FROM `lab_activity_form` [ RunTime:0.0022s ]
SQL: INSERT INTO `lab_activity_form` (`question`,`input_element`) VALUES ('qwe','0') [ RunTime:0.0016s ]
INFO: [ app_end ] --START--
INFO: Run Behavior\ShowPageTraceBehavior [ RunTime:0.001075s ]
INFO: [ app_end ] --END-- [ RunTime:0.001200s ]

[ 2015-10-20T14:15:00+08:00 ] ::1 /index.php/Home/Activity/CommitQuestionForm
INFO: [ app_init ] --START--
INFO: Run Behavior\BuildLiteBehavior [ RunTime:0.000026s ]
INFO: [ app_init ] --END-- [ RunTime:0.000841s ]
INFO: [ app_begin ] --START--
INFO: Run Behavior\ReadHtmlCacheBehavior [ RunTime:0.000598s ]
INFO: [ app_begin ] --END-- [ RunTime:0.000676s ]
SQL: SHOW COLUMNS FROM `lab_user` [ RunTime:0.0016s ]
SQL: SELECT `random` FROM `lab_user` WHERE ( username="Smilec" ) LIMIT 1   [ RunTime:0.0003s ]
SQL: SELECT `admin` FROM `lab_user` WHERE ( username="Smilec" ) LIMIT 1   [ RunTime:0.0003s ]
SQL: SHOW COLUMNS FROM `lab_activity_form` [ RunTime:0.0014s ]
SQL: INSERT INTO `lab_activity_form` (`question`,`input_element`) VALUES ('123','0') [ RunTime:0.0011s ]
INFO: [ app_end ] --START--
INFO: Run Behavior\ShowPageTraceBehavior [ RunTime:0.000689s ]
INFO: [ app_end ] --END-- [ RunTime:0.000755s ]

[ 2015-10-20T14:16:44+08:00 ] ::1 /index.php/Home/Activity/CommitQuestionForm
INFO: [ app_init ] --START--
INFO: Run Behavior\BuildLiteBehavior [ RunTime:0.000034s ]
INFO: [ app_init ] --END-- [ RunTime:0.001044s ]
INFO: [ app_begin ] --START--
INFO: Run Behavior\ReadHtmlCacheBehavior [ RunTime:0.001317s ]
INFO: [ app_begin ] --END-- [ RunTime:0.001456s ]
SQL: SHOW COLUMNS FROM `lab_user` [ RunTime:0.0016s ]
SQL: SELECT `random` FROM `lab_user` WHERE ( username="Smilec" ) LIMIT 1   [ RunTime:0.0005s ]
SQL: SELECT `admin` FROM `lab_user` WHERE ( username="Smilec" ) LIMIT 1   [ RunTime:0.0005s ]
SQL: SHOW COLUMNS FROM `lab_activity_form` [ RunTime:0.0014s ]
SQL: INSERT INTO `lab_activity_form` (`question`,`input_element`) VALUES ('Test','0') [ RunTime:0.0008s ]
INFO: [ app_end ] --START--
INFO: Run Behavior\ShowPageTraceBehavior [ RunTime:0.001169s ]
INFO: [ app_end ] --END-- [ RunTime:0.001260s ]

[ 2015-10-20T14:34:31+08:00 ] ::1 /index.php/Home/Activity/CommitQuestionForm
INFO: [ app_init ] --START--
INFO: Run Behavior\BuildLiteBehavior [ RunTime:0.000016s ]
INFO: [ app_init ] --END-- [ RunTime:0.000456s ]
INFO: [ app_begin ] --START--
INFO: Run Behavior\ReadHtmlCacheBehavior [ RunTime:0.000611s ]
INFO: [ app_begin ] --END-- [ RunTime:0.000684s ]
SQL: SHOW COLUMNS FROM `lab_user` [ RunTime:0.0032s ]
SQL: SELECT `random` FROM `lab_user` WHERE ( username="Smilec" ) LIMIT 1   [ RunTime:0.0005s ]
SQL: SELECT `admin` FROM `lab_user` WHERE ( username="Smilec" ) LIMIT 1   [ RunTime:0.0005s ]
SQL: SHOW COLUMNS FROM `lab_activity_form` [ RunTime:0.0015s ]
SQL: INSERT INTO `lab_activity_form` (`question`,`input_element`) VALUES ('123','0') [ RunTime:0.0016s ]
INFO: [ app_end ] --START--
INFO: Run Behavior\ShowPageTraceBehavior [ RunTime:0.000771s ]
INFO: [ app_end ] --END-- [ RunTime:0.000850s ]

[ 2015-10-20T14:37:05+08:00 ] ::1 /index.php/Home/Activity/CommitQuestionForm
INFO: [ app_init ] --START--
INFO: Run Behavior\BuildLiteBehavior [ RunTime:0.000021s ]
INFO: [ app_init ] --END-- [ RunTime:0.000498s ]
INFO: [ app_begin ] --START--
INFO: Run Behavior\ReadHtmlCacheBehavior [ RunTime:0.001096s ]
INFO: [ app_begin ] --END-- [ RunTime:0.001268s ]
SQL: SHOW COLUMNS FROM `lab_user` [ RunTime:0.0027s ]
SQL: SELECT `random` FROM `lab_user` WHERE ( username="Smilec" ) LIMIT 1   [ RunTime:0.0005s ]
SQL: SELECT `admin` FROM `lab_user` WHERE ( username="Smilec" ) LIMIT 1   [ RunTime:0.0006s ]
SQL: SHOW COLUMNS FROM `lab_activity_form` [ RunTime:0.0015s ]
SQL: INSERT INTO `lab_activity_form` (`question`,`input_element`) VALUES ('123','0') [ RunTime:0.0007s ]
INFO: [ app_end ] --START--
INFO: Run Behavior\ShowPageTraceBehavior [ RunTime:0.000633s ]
INFO: [ app_end ] --END-- [ RunTime:0.000721s ]

[ 2015-10-20T14:40:54+08:00 ] ::1 /index.php/Home/Activity/CommitQuestionForm
INFO: [ app_init ] --START--
INFO: Run Behavior\BuildLiteBehavior [ RunTime:0.000029s ]
INFO: [ app_init ] --END-- [ RunTime:0.000641s ]
INFO: [ app_begin ] --START--
INFO: Run Behavior\ReadHtmlCacheBehavior [ RunTime:0.000854s ]
INFO: [ app_begin ] --END-- [ RunTime:0.000975s ]
SQL: SHOW COLUMNS FROM `lab_user` [ RunTime:0.0026s ]
SQL: SELECT `random` FROM `lab_user` WHERE ( username="Smilec" ) LIMIT 1   [ RunTime:0.0005s ]
SQL: SELECT `admin` FROM `lab_user` WHERE ( username="Smilec" ) LIMIT 1   [ RunTime:0.0003s ]
SQL: SHOW COLUMNS FROM `lab_activity_form` [ RunTime:0.0018s ]
SQL: INSERT INTO `lab_activity_form` (`question`,`input_element`) VALUES ('123','0') [ RunTime:0.0012s ]
INFO: [ app_end ] --START--
INFO: Run Behavior\ShowPageTraceBehavior [ RunTime:0.000903s ]
INFO: [ app_end ] --END-- [ RunTime:0.000990s ]

[ 2015-10-20T14:43:26+08:00 ] ::1 /index.php/Home/Activity/CommitQuestionForm
INFO: [ app_init ] --START--
INFO: Run Behavior\BuildLiteBehavior [ RunTime:0.000016s ]
INFO: [ app_init ] --END-- [ RunTime:0.000480s ]
INFO: [ app_begin ] --START--
INFO: Run Behavior\ReadHtmlCacheBehavior [ RunTime:0.000616s ]
INFO: [ app_begin ] --END-- [ RunTime:0.000697s ]
SQL: SHOW COLUMNS FROM `lab_user` [ RunTime:0.0016s ]
SQL: SELECT `random` FROM `lab_user` WHERE ( username="Smilec" ) LIMIT 1   [ RunTime:0.0004s ]
SQL: SELECT `admin` FROM `lab_user` WHERE ( username="Smilec" ) LIMIT 1   [ RunTime:0.0003s ]
SQL: SHOW COLUMNS FROM `lab_activity_form` [ RunTime:0.0017s ]
SQL: INSERT INTO `lab_activity_form` (`question`,`input_element`) VALUES ('123','0') [ RunTime:0.0015s ]
INFO: [ app_end ] --START--
INFO: Run Behavior\ShowPageTraceBehavior [ RunTime:0.001890s ]
INFO: [ app_end ] --END-- [ RunTime:0.002011s ]

[ 2015-10-20T14:48:14+08:00 ] ::1 /index.php/Home/Activity/CommitQuestionForm
INFO: [ app_init ] --START--
INFO: Run Behavior\BuildLiteBehavior [ RunTime:0.000023s ]
INFO: [ app_init ] --END-- [ RunTime:0.000472s ]
INFO: [ app_begin ] --START--
INFO: Run Behavior\ReadHtmlCacheBehavior [ RunTime:0.000600s ]
INFO: [ app_begin ] --END-- [ RunTime:0.000713s ]
SQL: SHOW COLUMNS FROM `lab_user` [ RunTime:0.0017s ]
SQL: SELECT `random` FROM `lab_user` WHERE ( username="Smilec" ) LIMIT 1   [ RunTime:0.0003s ]
SQL: SELECT `admin` FROM `lab_user` WHERE ( username="Smilec" ) LIMIT 1   [ RunTime:0.0003s ]
SQL: SHOW COLUMNS FROM `lab_activity_form` [ RunTime:0.0016s ]
SQL: INSERT INTO `lab_activity_form` (`question`,`input_element`) VALUES ('123','0') [ RunTime:0.0015s ]
INFO: [ app_end ] --START--
INFO: Run Behavior\ShowPageTraceBehavior [ RunTime:0.000924s ]
INFO: [ app_end ] --END-- [ RunTime:0.001013s ]

[ 2015-10-20T15:25:26+08:00 ] ::1 /index.php/Home/Activity/CommitQuestionForm
INFO: [ app_init ] --START--
INFO: Run Behavior\BuildLiteBehavior [ RunTime:0.000023s ]
INFO: [ app_init ] --END-- [ RunTime:0.000485s ]
INFO: [ app_begin ] --START--
INFO: Run Behavior\ReadHtmlCacheBehavior [ RunTime:0.000736s ]
INFO: [ app_begin ] --END-- [ RunTime:0.000836s ]
SQL: SHOW COLUMNS FROM `lab_user` [ RunTime:0.0016s ]
SQL: SELECT `random` FROM `lab_user` WHERE ( username="Smilec" ) LIMIT 1   [ RunTime:0.0004s ]
SQL: SELECT `admin` FROM `lab_user` WHERE ( username="Smilec" ) LIMIT 1   [ RunTime:0.0003s ]
SQL: SHOW COLUMNS FROM `lab_activity_form` [ RunTime:0.0017s ]
SQL: INSERT INTO `lab_activity_form` (`question`,`input_element`) VALUES ('123','0') [ RunTime:0.0028s ]
INFO: [ app_end ] --START--
INFO: Run Behavior\ShowPageTraceBehavior [ RunTime:0.001361s ]
INFO: [ app_end ] --END-- [ RunTime:0.001578s ]

[ 2015-10-20T16:09:28+08:00 ] ::1 /index.php/Home/Activity/CommitQuestionForm
INFO: [ app_init ] --START--
INFO: Run Behavior\BuildLiteBehavior [ RunTime:0.000022s ]
INFO: [ app_init ] --END-- [ RunTime:0.000459s ]
INFO: [ app_begin ] --START--
INFO: Run Behavior\ReadHtmlCacheBehavior [ RunTime:0.001429s ]
INFO: [ app_begin ] --END-- [ RunTime:0.001727s ]
SQL: SHOW COLUMNS FROM `lab_user` [ RunTime:0.0026s ]
SQL: SELECT `random` FROM `lab_user` WHERE ( username="Smilec" ) LIMIT 1   [ RunTime:0.0005s ]
SQL: SELECT `admin` FROM `lab_user` WHERE ( username="Smilec" ) LIMIT 1   [ RunTime:0.0006s ]
SQL: SHOW COLUMNS FROM `lab_activity_form` [ RunTime:0.0016s ]
SQL: INSERT INTO `lab_activity_form` (`question`,`input_element`) VALUES ('123','0') [ RunTime:0.0011s ]
INFO: [ app_end ] --START--
INFO: Run Behavior\ShowPageTraceBehavior [ RunTime:0.000733s ]
INFO: [ app_end ] --END-- [ RunTime:0.000809s ]

[ 2015-10-20T16:11:30+08:00 ] ::1 /index.php/Home/Activity/CommitQuestionForm
INFO: [ app_init ] --START--
INFO: Run Behavior\BuildLiteBehavior [ RunTime:0.000017s ]
INFO: [ app_init ] --END-- [ RunTime:0.000459s ]
INFO: [ app_begin ] --START--
INFO: Run Behavior\ReadHtmlCacheBehavior [ RunTime:0.000470s ]
INFO: [ app_begin ] --END-- [ RunTime:0.000527s ]
SQL: SHOW COLUMNS FROM `lab_user` [ RunTime:0.0021s ]
SQL: SELECT `random` FROM `lab_user` WHERE ( username="Smilec" ) LIMIT 1   [ RunTime:0.0005s ]
SQL: SELECT `admin` FROM `lab_user` WHERE ( username="Smilec" ) LIMIT 1   [ RunTime:0.0004s ]
SQL: SHOW COLUMNS FROM `lab_activity_form` [ RunTime:0.0016s ]
SQL: INSERT INTO `lab_activity_form` (`question`,`input_element`) VALUES ('123','0') [ RunTime:0.0009s ]
INFO: [ app_end ] --START--
INFO: Run Behavior\ShowPageTraceBehavior [ RunTime:0.000729s ]
INFO: [ app_end ] --END-- [ RunTime:0.000808s ]

[ 2015-10-20T16:13:13+08:00 ] ::1 /index.php/Home/Activity/CommitQuestionForm
INFO: [ app_init ] --START--
INFO: Run Behavior\BuildLiteBehavior [ RunTime:0.000016s ]
INFO: [ app_init ] --END-- [ RunTime:0.000375s ]
INFO: [ app_begin ] --START--
INFO: Run Behavior\ReadHtmlCacheBehavior [ RunTime:0.000672s ]
INFO: [ app_begin ] --END-- [ RunTime:0.000759s ]
SQL: SHOW COLUMNS FROM `lab_user` [ RunTime:0.0015s ]
SQL: SELECT `random` FROM `lab_user` WHERE ( username="Smilec" ) LIMIT 1   [ RunTime:0.0004s ]
SQL: SELECT `admin` FROM `lab_user` WHERE ( username="Smilec" ) LIMIT 1   [ RunTime:0.0003s ]
SQL: SHOW COLUMNS FROM `lab_activity_form` [ RunTime:0.0014s ]
SQL: INSERT INTO `lab_activity_form` (`question`,`input_element`) VALUES ('123','0') [ RunTime:0.0007s ]
INFO: [ app_end ] --START--
INFO: Run Behavior\ShowPageTraceBehavior [ RunTime:0.001262s ]
INFO: [ app_end ] --END-- [ RunTime:0.001425s ]

[ 2015-10-20T16:13:19+08:00 ] ::1 /index.php/Home/Activity/DeleteQuestionForm
INFO: [ app_init ] --START--
INFO: Run Behavior\BuildLiteBehavior [ RunTime:0.000016s ]
INFO: [ app_init ] --END-- [ RunTime:0.000386s ]
INFO: [ app_begin ] --START--
INFO: Run Behavior\ReadHtmlCacheBehavior [ RunTime:0.000478s ]
INFO: [ app_begin ] --END-- [ RunTime:0.000535s ]
SQL: SHOW COLUMNS FROM `lab_user` [ RunTime:0.0016s ]
SQL: SELECT `random` FROM `lab_user` WHERE ( username="Smilec" ) LIMIT 1   [ RunTime:0.0003s ]
SQL: SELECT `admin` FROM `lab_user` WHERE ( username="Smilec" ) LIMIT 1   [ RunTime:0.0003s ]
SQL: SHOW COLUMNS FROM `lab_activity_form` [ RunTime:0.0015s ]
SQL: DELETE FROM `lab_activity_form` WHERE ( id=15 ) [ RunTime:0.0010s ]
INFO: [ app_end ] --START--
INFO: Run Behavior\ShowPageTraceBehavior [ RunTime:0.000661s ]
INFO: [ app_end ] --END-- [ RunTime:0.000720s ]

[ 2015-10-20T16:25:21+08:00 ] ::1 /index.php/Home/Activity/CommitQuestionForm
INFO: [ app_init ] --START--
INFO: Run Behavior\BuildLiteBehavior [ RunTime:0.000018s ]
INFO: [ app_init ] --END-- [ RunTime:0.000427s ]
INFO: [ app_begin ] --START--
INFO: Run Behavior\ReadHtmlCacheBehavior [ RunTime:0.000676s ]
INFO: [ app_begin ] --END-- [ RunTime:0.000763s ]
SQL: SHOW COLUMNS FROM `lab_user` [ RunTime:0.0016s ]
SQL: SELECT `random` FROM `lab_user` WHERE ( username="Smilec" ) LIMIT 1   [ RunTime:0.0005s ]
SQL: SELECT `admin` FROM `lab_user` WHERE ( username="Smilec" ) LIMIT 1   [ RunTime:0.0006s ]
SQL: SHOW COLUMNS FROM `lab_activity_form` [ RunTime:0.0021s ]
SQL: INSERT INTO `lab_activity_form` (`question`,`input_element`) VALUES ('123','0') [ RunTime:0.0025s ]
INFO: [ app_end ] --START--
INFO: Run Behavior\ShowPageTraceBehavior [ RunTime:0.000583s ]
INFO: [ app_end ] --END-- [ RunTime:0.000649s ]

[ 2015-10-20T16:25:24+08:00 ] ::1 /index.php/Home/Activity/DeleteQuestionForm
INFO: [ app_init ] --START--
INFO: Run Behavior\BuildLiteBehavior [ RunTime:0.000018s ]
INFO: [ app_init ] --END-- [ RunTime:0.000512s ]
INFO: [ app_begin ] --START--
INFO: Run Behavior\ReadHtmlCacheBehavior [ RunTime:0.000493s ]
INFO: [ app_begin ] --END-- [ RunTime:0.000562s ]
SQL: SHOW COLUMNS FROM `lab_user` [ RunTime:0.0022s ]
SQL: SELECT `random` FROM `lab_user` WHERE ( username="Smilec" ) LIMIT 1   [ RunTime:0.0003s ]
SQL: SELECT `admin` FROM `lab_user` WHERE ( username="Smilec" ) LIMIT 1   [ RunTime:0.0002s ]
SQL: SHOW COLUMNS FROM `lab_activity_form` [ RunTime:0.0015s ]
SQL: DELETE FROM `lab_activity_form` WHERE ( id=16 ) [ RunTime:0.0006s ]
INFO: [ app_end ] --START--
INFO: Run Behavior\ShowPageTraceBehavior [ RunTime:0.000640s ]
INFO: [ app_end ] --END-- [ RunTime:0.000705s ]

[ 2015-10-20T16:52:19+08:00 ] ::1 /index.php/Home/Activity/CommitQuestionForm
INFO: [ app_init ] --START--
INFO: Run Behavior\BuildLiteBehavior [ RunTime:0.000052s ]
INFO: [ app_init ] --END-- [ RunTime:0.001597s ]
INFO: [ app_begin ] --START--
INFO: Run Behavior\ReadHtmlCacheBehavior [ RunTime:0.001447s ]
INFO: [ app_begin ] --END-- [ RunTime:0.001587s ]
SQL: SHOW COLUMNS FROM `lab_user` [ RunTime:0.0016s ]
SQL: SELECT `random` FROM `lab_user` WHERE ( username="Smilec" ) LIMIT 1   [ RunTime:0.0003s ]
SQL: SELECT `admin` FROM `lab_user` WHERE ( username="Smilec" ) LIMIT 1   [ RunTime:0.0002s ]
SQL: SHOW COLUMNS FROM `lab_activity_form` [ RunTime:0.0013s ]
SQL: INSERT INTO `lab_activity_form` (`question`,`input_element`) VALUES ('test','1') [ RunTime:0.0013s ]
INFO: [ app_end ] --START--
INFO: Run Behavior\ShowPageTraceBehavior [ RunTime:0.003171s ]
INFO: [ app_end ] --END-- [ RunTime:0.003300s ]

[ 2015-10-20T16:55:05+08:00 ] ::1 /index.php/Home/Activity/CommitQuestionForm
INFO: [ app_init ] --START--
INFO: Run Behavior\BuildLiteBehavior [ RunTime:0.000023s ]
INFO: [ app_init ] --END-- [ RunTime:0.000469s ]
INFO: [ app_begin ] --START--
INFO: Run Behavior\ReadHtmlCacheBehavior [ RunTime:0.000576s ]
INFO: [ app_begin ] --END-- [ RunTime:0.000651s ]
ERR: 参数错误或者未定义:aid

[ 2015-10-20T16:55:11+08:00 ] ::1 /index.php/Home/Activity/CommitQuestionForm
INFO: [ app_init ] --START--
INFO: Run Behavior\BuildLiteBehavior [ RunTime:0.000016s ]
INFO: [ app_init ] --END-- [ RunTime:0.000347s ]
INFO: [ app_begin ] --START--
INFO: Run Behavior\ReadHtmlCacheBehavior [ RunTime:0.000598s ]
INFO: [ app_begin ] --END-- [ RunTime:0.000675s ]
ERR: 参数错误或者未定义:aid

[ 2015-10-20T16:55:48+08:00 ] ::1 /index.php/Home/Activity/CommitQuestionForm
INFO: [ app_init ] --START--
INFO: Run Behavior\BuildLiteBehavior [ RunTime:0.000023s ]
INFO: [ app_init ] --END-- [ RunTime:0.000471s ]
INFO: [ app_begin ] --START--
INFO: Run Behavior\ReadHtmlCacheBehavior [ RunTime:0.000695s ]
INFO: [ app_begin ] --END-- [ RunTime:0.000805s ]
SQL: SHOW COLUMNS FROM `lab_user` [ RunTime:0.0016s ]
SQL: SELECT `random` FROM `lab_user` WHERE ( username="Smilec" ) LIMIT 1   [ RunTime:0.0003s ]
SQL: SELECT `admin` FROM `lab_user` WHERE ( username="Smilec" ) LIMIT 1   [ RunTime:0.0003s ]
SQL: SHOW COLUMNS FROM `lab_activity_form` [ RunTime:0.0014s ]
SQL: INSERT INTO `lab_activity_form` (`activity_id`,`question`,`input_element`) VALUES ('1','123','0') [ RunTime:0.0014s ]
INFO: [ app_end ] --START--
INFO: Run Behavior\ShowPageTraceBehavior [ RunTime:0.000689s ]
INFO: [ app_end ] --END-- [ RunTime:0.000841s ]

[ 2015-10-20T17:11:03+08:00 ] ::1 /index.php/Home/Activity/CommitQuestionForm
INFO: [ app_init ] --START--
INFO: Run Behavior\BuildLiteBehavior [ RunTime:0.000024s ]
INFO: [ app_init ] --END-- [ RunTime:0.000998s ]
INFO: [ app_begin ] --START--
INFO: Run Behavior\ReadHtmlCacheBehavior [ RunTime:0.000726s ]
INFO: [ app_begin ] --END-- [ RunTime:0.000823s ]
SQL: SHOW COLUMNS FROM `lab_user` [ RunTime:0.0016s ]
SQL: SELECT `random` FROM `lab_user` WHERE ( username="Smilec" ) LIMIT 1   [ RunTime:0.0004s ]
SQL: SELECT `admin` FROM `lab_user` WHERE ( username="Smilec" ) LIMIT 1   [ RunTime:0.0003s ]
SQL: SHOW COLUMNS FROM `lab_activity_form` [ RunTime:0.0018s ]
SQL: INSERT INTO `lab_activity_form` (`activity_id`,`question`,`input_element`) VALUES ('1','TestQuestion','1') [ RunTime:0.0014s ]
INFO: [ app_end ] --START--
INFO: Run Behavior\ShowPageTraceBehavior [ RunTime:0.000606s ]
INFO: [ app_end ] --END-- [ RunTime:0.000667s ]

[ 2015-10-20T17:16:40+08:00 ] ::1 /index.php/Home/Activity/DeleteQuestionForm
INFO: [ app_init ] --START--
INFO: Run Behavior\BuildLiteBehavior [ RunTime:0.000015s ]
INFO: [ app_init ] --END-- [ RunTime:0.000348s ]
INFO: [ app_begin ] --START--
INFO: Run Behavior\ReadHtmlCacheBehavior [ RunTime:0.000497s ]
INFO: [ app_begin ] --END-- [ RunTime:0.000560s ]
SQL: SHOW COLUMNS FROM `lab_user` [ RunTime:0.0017s ]
SQL: SELECT `random` FROM `lab_user` WHERE ( username="Smilec" ) LIMIT 1   [ RunTime:0.0003s ]
SQL: SELECT `admin` FROM `lab_user` WHERE ( username="Smilec" ) LIMIT 1   [ RunTime:0.0003s ]
SQL: SHOW COLUMNS FROM `lab_activity_form` [ RunTime:0.0014s ]
SQL: DELETE FROM `lab_activity_form` WHERE ( id=18 ) [ RunTime:0.0017s ]
INFO: [ app_end ] --START--
INFO: Run Behavior\ShowPageTraceBehavior [ RunTime:0.000714s ]
INFO: [ app_end ] --END-- [ RunTime:0.000794s ]

[ 2015-10-20T18:18:58+08:00 ] ::1 /index.php/Home/Activity/form.html?id=1
INFO: [ app_init ] --START--
INFO: Run Behavior\BuildLiteBehavior [ RunTime:0.000022s ]
INFO: [ app_init ] --END-- [ RunTime:0.000467s ]
INFO: [ app_begin ] --START--
INFO: Run Behavior\ReadHtmlCacheBehavior [ RunTime:0.000566s ]
INFO: [ app_begin ] --END-- [ RunTime:0.000651s ]
INFO: [ app_end ] --START--
INFO: Run Behavior\ShowPageTraceBehavior [ RunTime:0.000569s ]
INFO: [ app_end ] --END-- [ RunTime:0.000641s ]

[ 2015-10-20T18:19:13+08:00 ] ::1 /index.php/Home/Activity/form.html?id=1
INFO: [ app_init ] --START--
INFO: Run Behavior\BuildLiteBehavior [ RunTime:0.000022s ]
INFO: [ app_init ] --END-- [ RunTime:0.000526s ]
INFO: [ app_begin ] --START--
INFO: Run Behavior\ReadHtmlCacheBehavior [ RunTime:0.000561s ]
INFO: [ app_begin ] --END-- [ RunTime:0.000637s ]
INFO: [ view_parse ] --START--
INFO: [ template_filter ] --START--
INFO: Run Behavior\ContentReplaceBehavior [ RunTime:0.000048s ]
INFO: [ template_filter ] --END-- [ RunTime:0.000121s ]
SQL: SHOW COLUMNS FROM `lab_user` [ RunTime:0.0016s ]
SQL: SHOW COLUMNS FROM `lab_user` [ RunTime:0.0016s ]
SQL: SELECT `random` FROM `lab_user` WHERE ( username="Smilec" ) LIMIT 1   [ RunTime:0.0008s ]
SQL: SELECT `admin` FROM `lab_user` WHERE ( username="Smilec" ) LIMIT 1   [ RunTime:0.0003s ]
INFO: Run Behavior\ParseTemplateBehavior [ RunTime:0.033594s ]
INFO: [ view_parse ] --END-- [ RunTime:0.033658s ]
INFO: [ view_filter ] --START--
INFO: Run Behavior\WriteHtmlCacheBehavior [ RunTime:0.000200s ]
INFO: [ view_filter ] --END-- [ RunTime:0.000257s ]
INFO: [ app_end ] --START--
INFO: Run Behavior\ShowPageTraceBehavior [ RunTime:0.000664s ]
INFO: [ app_end ] --END-- [ RunTime:0.000727s ]

[ 2015-10-20T18:20:05+08:00 ] ::1 /index.php/Home/Activity/form.html?id=1
INFO: [ app_init ] --START--
INFO: Run Behavior\BuildLiteBehavior [ RunTime:0.000015s ]
INFO: [ app_init ] --END-- [ RunTime:0.000351s ]
INFO: [ app_begin ] --START--
INFO: Run Behavior\ReadHtmlCacheBehavior [ RunTime:0.000475s ]
INFO: [ app_begin ] --END-- [ RunTime:0.000554s ]
INFO: [ view_parse ] --START--
INFO: [ template_filter ] --START--
INFO: Run Behavior\ContentReplaceBehavior [ RunTime:0.000065s ]
INFO: [ template_filter ] --END-- [ RunTime:0.000160s ]
SQL: SHOW COLUMNS FROM `lab_user` [ RunTime:0.0016s ]
SQL: SHOW COLUMNS FROM `lab_user` [ RunTime:0.0016s ]
SQL: SELECT `random` FROM `lab_user` WHERE ( username="Smilec" ) LIMIT 1   [ RunTime:0.0003s ]
SQL: SELECT `admin` FROM `lab_user` WHERE ( username="Smilec" ) LIMIT 1   [ RunTime:0.0003s ]
NOTIC: [8] Undefined variable: process /Users/smilec/Code/Lab/Application/Runtime/Cache/Home/c4db4ce524a99294077bd352b14d0e27.php 第 169 行.
NOTIC: [8] Undefined variable: type /Users/smilec/Code/Lab/Application/Runtime/Cache/Home/c4db4ce524a99294077bd352b14d0e27.php 第 179 行.
NOTIC: [8] Undefined variable: tag /Users/smilec/Code/Lab/Application/Runtime/Cache/Home/c4db4ce524a99294077bd352b14d0e27.php 第 189 行.
INFO: Run Behavior\ParseTemplateBehavior [ RunTime:0.032724s ]
INFO: [ view_parse ] --END-- [ RunTime:0.032800s ]
INFO: [ view_filter ] --START--
INFO: Run Behavior\WriteHtmlCacheBehavior [ RunTime:0.000250s ]
INFO: [ view_filter ] --END-- [ RunTime:0.000317s ]
INFO: [ app_end ] --START--
INFO: Run Behavior\ShowPageTraceBehavior [ RunTime:0.000652s ]
INFO: [ app_end ] --END-- [ RunTime:0.000712s ]

[ 2015-10-20T18:20:41+08:00 ] ::1 /index.php/Home/Activity/form.html?id=1
INFO: [ app_init ] --START--
INFO: Run Behavior\BuildLiteBehavior [ RunTime:0.000019s ]
INFO: [ app_init ] --END-- [ RunTime:0.000544s ]
INFO: [ app_begin ] --START--
INFO: Run Behavior\ReadHtmlCacheBehavior [ RunTime:0.000703s ]
INFO: [ app_begin ] --END-- [ RunTime:0.000800s ]
INFO: [ view_parse ] --START--
INFO: [ template_filter ] --START--
INFO: Run Behavior\ContentReplaceBehavior [ RunTime:0.000049s ]
INFO: [ template_filter ] --END-- [ RunTime:0.000146s ]
SQL: SHOW COLUMNS FROM `lab_user` [ RunTime:0.0017s ]
SQL: SHOW COLUMNS FROM `lab_user` [ RunTime:0.0015s ]
SQL: SELECT `random` FROM `lab_user` WHERE ( username="Smilec" ) LIMIT 1   [ RunTime:0.0003s ]
SQL: SELECT `admin` FROM `lab_user` WHERE ( username="Smilec" ) LIMIT 1   [ RunTime:0.0003s ]
INFO: Run Behavior\ParseTemplateBehavior [ RunTime:0.031322s ]
INFO: [ view_parse ] --END-- [ RunTime:0.031399s ]
INFO: [ view_filter ] --START--
INFO: Run Behavior\WriteHtmlCacheBehavior [ RunTime:0.000217s ]
INFO: [ view_filter ] --END-- [ RunTime:0.000351s ]
INFO: [ app_end ] --START--
INFO: Run Behavior\ShowPageTraceBehavior [ RunTime:0.000855s ]
INFO: [ app_end ] --END-- [ RunTime:0.000945s ]

[ 2015-10-20T18:21:09+08:00 ] ::1 /index.php/Home/Activity/form.html?id=1
INFO: [ app_init ] --START--
INFO: Run Behavior\BuildLiteBehavior [ RunTime:0.000022s ]
INFO: [ app_init ] --END-- [ RunTime:0.000467s ]
INFO: [ app_begin ] --START--
INFO: Run Behavior\ReadHtmlCacheBehavior [ RunTime:0.000533s ]
INFO: [ app_begin ] --END-- [ RunTime:0.000603s ]
INFO: [ view_parse ] --START--
INFO: [ template_filter ] --START--
INFO: Run Behavior\ContentReplaceBehavior [ RunTime:0.000047s ]
INFO: [ template_filter ] --END-- [ RunTime:0.000123s ]
SQL: SHOW COLUMNS FROM `lab_user` [ RunTime:0.0019s ]
SQL: SHOW COLUMNS FROM `lab_user` [ RunTime:0.0014s ]
SQL: SELECT `random` FROM `lab_user` WHERE ( username="Smilec" ) LIMIT 1   [ RunTime:0.0003s ]
SQL: SELECT `admin` FROM `lab_user` WHERE ( username="Smilec" ) LIMIT 1   [ RunTime:0.0002s ]
INFO: Run Behavior\ParseTemplateBehavior [ RunTime:0.031793s ]
INFO: [ view_parse ] --END-- [ RunTime:0.031911s ]
INFO: [ view_filter ] --START--
INFO: Run Behavior\WriteHtmlCacheBehavior [ RunTime:0.000243s ]
INFO: [ view_filter ] --END-- [ RunTime:0.000317s ]
INFO: [ app_end ] --START--
INFO: Run Behavior\ShowPageTraceBehavior [ RunTime:0.000708s ]
INFO: [ app_end ] --END-- [ RunTime:0.000787s ]

[ 2015-10-20T18:26:34+08:00 ] ::1 /index.php/Home/Activity/form.html?id=1
INFO: [ app_init ] --START--
INFO: Run Behavior\BuildLiteBehavior [ RunTime:0.000021s ]
INFO: [ app_init ] --END-- [ RunTime:0.001270s ]
INFO: [ app_begin ] --START--
INFO: Run Behavior\ReadHtmlCacheBehavior [ RunTime:0.000951s ]
INFO: [ app_begin ] --END-- [ RunTime:0.001057s ]
INFO: [ view_parse ] --START--
INFO: [ template_filter ] --START--
INFO: Run Behavior\ContentReplaceBehavior [ RunTime:0.000051s ]
INFO: [ template_filter ] --END-- [ RunTime:0.000130s ]
SQL: SHOW COLUMNS FROM `lab_user` [ RunTime:0.0156s ]
SQL: SHOW COLUMNS FROM `lab_user` [ RunTime:0.0017s ]
SQL: SELECT `random` FROM `lab_user` WHERE ( username="Smilec" ) LIMIT 1   [ RunTime:0.0003s ]
SQL: SELECT `admin` FROM `lab_user` WHERE ( username="Smilec" ) LIMIT 1   [ RunTime:0.0003s ]
INFO: Run Behavior\ParseTemplateBehavior [ RunTime:0.062658s ]
INFO: [ view_parse ] --END-- [ RunTime:0.062759s ]
INFO: [ view_filter ] --START--
INFO: Run Behavior\WriteHtmlCacheBehavior [ RunTime:0.000498s ]
INFO: [ view_filter ] --END-- [ RunTime:0.000589s ]
INFO: [ app_end ] --START--
INFO: Run Behavior\ShowPageTraceBehavior [ RunTime:0.001069s ]
INFO: [ app_end ] --END-- [ RunTime:0.001196s ]

[ 2015-10-20T18:33:53+08:00 ] ::1 /index.php/Home/Activity/form.html?id=1
INFO: [ app_init ] --START--
INFO: Run Behavior\BuildLiteBehavior [ RunTime:0.000036s ]
INFO: [ app_init ] --END-- [ RunTime:0.001069s ]
INFO: [ app_begin ] --START--
INFO: Run Behavior\ReadHtmlCacheBehavior [ RunTime:0.001801s ]
INFO: [ app_begin ] --END-- [ RunTime:0.001984s ]
SQL: SHOW COLUMNS FROM `lab_activity_form` [ RunTime:0.0024s ]
SQL: SELECT * FROM `lab_activity_form` WHERE ( activity_id=1 )  [ RunTime:0.0007s ]
INFO: [ view_parse ] --START--
INFO: [ template_filter ] --START--
INFO: Run Behavior\ContentReplaceBehavior [ RunTime:0.000061s ]
INFO: [ template_filter ] --END-- [ RunTime:0.000141s ]
SQL: SHOW COLUMNS FROM `lab_user` [ RunTime:0.0018s ]
SQL: SHOW COLUMNS FROM `lab_user` [ RunTime:0.0016s ]
SQL: SELECT `random` FROM `lab_user` WHERE ( username="Smilec" ) LIMIT 1   [ RunTime:0.0004s ]
SQL: SELECT `admin` FROM `lab_user` WHERE ( username="Smilec" ) LIMIT 1   [ RunTime:0.0003s ]
INFO: Run Behavior\ParseTemplateBehavior [ RunTime:0.029564s ]
INFO: [ view_parse ] --END-- [ RunTime:0.029631s ]
INFO: [ view_filter ] --START--
INFO: Run Behavior\WriteHtmlCacheBehavior [ RunTime:0.000711s ]
INFO: [ view_filter ] --END-- [ RunTime:0.000808s ]
INFO: [ app_end ] --START--
INFO: Run Behavior\ShowPageTraceBehavior [ RunTime:0.001366s ]
INFO: [ app_end ] --END-- [ RunTime:0.001482s ]

[ 2015-10-20T18:35:46+08:00 ] ::1 /index.php/Home/Activity/form.html?id=1
INFO: [ app_init ] --START--
INFO: Run Behavior\BuildLiteBehavior [ RunTime:0.000030s ]
INFO: [ app_init ] --END-- [ RunTime:0.000774s ]
INFO: [ app_begin ] --START--
INFO: Run Behavior\ReadHtmlCacheBehavior [ RunTime:0.000999s ]
INFO: [ app_begin ] --END-- [ RunTime:0.001139s ]
SQL: SHOW COLUMNS FROM `lab_activity_form` [ RunTime:0.0023s ]
SQL: SELECT * FROM `lab_activity_form` WHERE ( activity_id=1 )  [ RunTime:0.0005s ]
INFO: [ view_parse ] --START--
INFO: [ template_filter ] --START--
INFO: Run Behavior\ContentReplaceBehavior [ RunTime:0.000050s ]
INFO: [ template_filter ] --END-- [ RunTime:0.000122s ]
SQL: SHOW COLUMNS FROM `lab_user` [ RunTime:0.0015s ]
SQL: SHOW COLUMNS FROM `lab_user` [ RunTime:0.0016s ]
SQL: SELECT `random` FROM `lab_user` WHERE ( username="Smilec" ) LIMIT 1   [ RunTime:0.0004s ]
SQL: SELECT `admin` FROM `lab_user` WHERE ( username="Smilec" ) LIMIT 1   [ RunTime:0.0003s ]
INFO: Run Behavior\ParseTemplateBehavior [ RunTime:0.020435s ]
INFO: [ view_parse ] --END-- [ RunTime:0.020512s ]
INFO: [ view_filter ] --START--
INFO: Run Behavior\WriteHtmlCacheBehavior [ RunTime:0.000337s ]
INFO: [ view_filter ] --END-- [ RunTime:0.000421s ]
INFO: [ app_end ] --START--
INFO: Run Behavior\ShowPageTraceBehavior [ RunTime:0.000818s ]
INFO: [ app_end ] --END-- [ RunTime:0.000921s ]

[ 2015-10-20T18:36:20+08:00 ] ::1 /index.php/Home/Activity/form.html?id=1
INFO: [ app_init ] --START--
INFO: Run Behavior\BuildLiteBehavior [ RunTime:0.000017s ]
INFO: [ app_init ] --END-- [ RunTime:0.000463s ]
INFO: [ app_begin ] --START--
INFO: Run Behavior\ReadHtmlCacheBehavior [ RunTime:0.000728s ]
INFO: [ app_begin ] --END-- [ RunTime:0.000825s ]
SQL: SHOW COLUMNS FROM `lab_activity_form` [ RunTime:0.0016s ]
SQL: SELECT * FROM `lab_activity_form` WHERE ( activity_id=1 )  [ RunTime:0.0004s ]
INFO: [ view_parse ] --START--
INFO: [ template_filter ] --START--
INFO: Run Behavior\ContentReplaceBehavior [ RunTime:0.000057s ]
INFO: [ template_filter ] --END-- [ RunTime:0.000138s ]
SQL: SHOW COLUMNS FROM `lab_user` [ RunTime:0.0018s ]
SQL: SHOW COLUMNS FROM `lab_user` [ RunTime:0.0016s ]
SQL: SELECT `random` FROM `lab_user` WHERE ( username="Smilec" ) LIMIT 1   [ RunTime:0.0004s ]
SQL: SELECT `admin` FROM `lab_user` WHERE ( username="Smilec" ) LIMIT 1   [ RunTime:0.0003s ]
INFO: Run Behavior\ParseTemplateBehavior [ RunTime:0.028143s ]
INFO: [ view_parse ] --END-- [ RunTime:0.028230s ]
INFO: [ view_filter ] --START--
INFO: Run Behavior\WriteHtmlCacheBehavior [ RunTime:0.000272s ]
INFO: [ view_filter ] --END-- [ RunTime:0.000335s ]
INFO: [ app_end ] --START--
INFO: Run Behavior\ShowPageTraceBehavior [ RunTime:0.000752s ]
INFO: [ app_end ] --END-- [ RunTime:0.000838s ]

[ 2015-10-20T18:36:30+08:00 ] ::1 /index.php/Home/Activity/form.html?id=1
INFO: [ app_init ] --START--
INFO: Run Behavior\BuildLiteBehavior [ RunTime:0.000015s ]
INFO: [ app_init ] --END-- [ RunTime:0.000444s ]
INFO: [ app_begin ] --START--
INFO: Run Behavior\ReadHtmlCacheBehavior [ RunTime:0.000473s ]
INFO: [ app_begin ] --END-- [ RunTime:0.000542s ]
SQL: SHOW COLUMNS FROM `lab_activity_form` [ RunTime:0.0017s ]
SQL: SELECT * FROM `lab_activity_form` WHERE ( activity_id=1 )  [ RunTime:0.0005s ]
INFO: [ view_parse ] --START--
INFO: [ template_filter ] --START--
INFO: Run Behavior\ContentReplaceBehavior [ RunTime:0.000045s ]
INFO: [ template_filter ] --END-- [ RunTime:0.000119s ]
SQL: SHOW COLUMNS FROM `lab_user` [ RunTime:0.0018s ]
SQL: SHOW COLUMNS FROM `lab_user` [ RunTime:0.0016s ]
SQL: SELECT `random` FROM `lab_user` WHERE ( username="Smilec" ) LIMIT 1   [ RunTime:0.0004s ]
SQL: SELECT `admin` FROM `lab_user` WHERE ( username="Smilec" ) LIMIT 1   [ RunTime:0.0003s ]
INFO: Run Behavior\ParseTemplateBehavior [ RunTime:0.020480s ]
INFO: [ view_parse ] --END-- [ RunTime:0.020543s ]
INFO: [ view_filter ] --START--
INFO: Run Behavior\WriteHtmlCacheBehavior [ RunTime:0.000293s ]
INFO: [ view_filter ] --END-- [ RunTime:0.000364s ]
INFO: [ app_end ] --START--
INFO: Run Behavior\ShowPageTraceBehavior [ RunTime:0.000532s ]
INFO: [ app_end ] --END-- [ RunTime:0.000596s ]

[ 2015-10-20T18:36:47+08:00 ] ::1 /index.php/Home/Activity/CommitQuestionForm
INFO: [ app_init ] --START--
INFO: Run Behavior\BuildLiteBehavior [ RunTime:0.000022s ]
INFO: [ app_init ] --END-- [ RunTime:0.000636s ]
INFO: [ app_begin ] --START--
INFO: Run Behavior\ReadHtmlCacheBehavior [ RunTime:0.000656s ]
INFO: [ app_begin ] --END-- [ RunTime:0.000819s ]
SQL: SHOW COLUMNS FROM `lab_user` [ RunTime:0.0015s ]
SQL: SELECT `random` FROM `lab_user` WHERE ( username="Smilec" ) LIMIT 1   [ RunTime:0.0006s ]
SQL: SELECT `admin` FROM `lab_user` WHERE ( username="Smilec" ) LIMIT 1   [ RunTime:0.0005s ]
SQL: SHOW COLUMNS FROM `lab_activity_form` [ RunTime:0.0024s ]
SQL: INSERT INTO `lab_activity_form` (`activity_id`,`question`,`input_element`) VALUES ('1','你的姓名？','0') [ RunTime:0.0022s ]
INFO: [ app_end ] --START--
INFO: Run Behavior\ShowPageTraceBehavior [ RunTime:0.001166s ]
INFO: [ app_end ] --END-- [ RunTime:0.001287s ]

[ 2015-10-20T18:36:50+08:00 ] ::1 /index.php/Home/Activity/form.html?id=1
INFO: [ app_init ] --START--
INFO: Run Behavior\BuildLiteBehavior [ RunTime:0.000018s ]
INFO: [ app_init ] --END-- [ RunTime:0.000691s ]
INFO: [ app_begin ] --START--
INFO: Run Behavior\ReadHtmlCacheBehavior [ RunTime:0.000487s ]
INFO: [ app_begin ] --END-- [ RunTime:0.000549s ]
SQL: SHOW COLUMNS FROM `lab_activity_form` [ RunTime:0.0014s ]
SQL: SELECT * FROM `lab_activity_form` WHERE ( activity_id=1 )  [ RunTime:0.0004s ]
INFO: [ view_parse ] --START--
INFO: [ template_filter ] --START--
INFO: Run Behavior\ContentReplaceBehavior [ RunTime:0.000104s ]
INFO: [ template_filter ] --END-- [ RunTime:0.000245s ]
SQL: SHOW COLUMNS FROM `lab_user` [ RunTime:0.0032s ]
SQL: SHOW COLUMNS FROM `lab_user` [ RunTime:0.0036s ]
SQL: SELECT `random` FROM `lab_user` WHERE ( username="Smilec" ) LIMIT 1   [ RunTime:0.0004s ]
SQL: SELECT `admin` FROM `lab_user` WHERE ( username="Smilec" ) LIMIT 1   [ RunTime:0.0013s ]
INFO: Run Behavior\ParseTemplateBehavior [ RunTime:0.036413s ]
INFO: [ view_parse ] --END-- [ RunTime:0.036515s ]
INFO: [ view_filter ] --START--
INFO: Run Behavior\WriteHtmlCacheBehavior [ RunTime:0.000861s ]
INFO: [ view_filter ] --END-- [ RunTime:0.001172s ]
INFO: [ app_end ] --START--
INFO: Run Behavior\ShowPageTraceBehavior [ RunTime:0.001541s ]
INFO: [ app_end ] --END-- [ RunTime:0.001962s ]

[ 2015-10-20T18:36:59+08:00 ] ::1 /index.php/Home/Activity/DeleteQuestionForm
INFO: [ app_init ] --START--
INFO: Run Behavior\BuildLiteBehavior [ RunTime:0.000022s ]
INFO: [ app_init ] --END-- [ RunTime:0.000459s ]
INFO: [ app_begin ] --START--
INFO: Run Behavior\ReadHtmlCacheBehavior [ RunTime:0.000534s ]
INFO: [ app_begin ] --END-- [ RunTime:0.000603s ]
SQL: SHOW COLUMNS FROM `lab_user` [ RunTime:0.0018s ]
SQL: SELECT `random` FROM `lab_user` WHERE ( username="Smilec" ) LIMIT 1   [ RunTime:0.0003s ]
SQL: SELECT `admin` FROM `lab_user` WHERE ( username="Smilec" ) LIMIT 1   [ RunTime:0.0003s ]
SQL: SHOW COLUMNS FROM `lab_activity_form` [ RunTime:0.0014s ]
SQL: DELETE FROM `lab_activity_form` WHERE ( id=19 ) [ RunTime:0.0010s ]
INFO: [ app_end ] --START--
INFO: Run Behavior\ShowPageTraceBehavior [ RunTime:0.000653s ]
INFO: [ app_end ] --END-- [ RunTime:0.000722s ]

[ 2015-10-20T18:37:13+08:00 ] ::1 /index.php/Home/Activity/CommitQuestionForm
INFO: [ app_init ] --START--
INFO: Run Behavior\BuildLiteBehavior [ RunTime:0.000035s ]
INFO: [ app_init ] --END-- [ RunTime:0.000789s ]
INFO: [ app_begin ] --START--
INFO: Run Behavior\ReadHtmlCacheBehavior [ RunTime:0.001378s ]
INFO: [ app_begin ] --END-- [ RunTime:0.001604s ]
SQL: SHOW COLUMNS FROM `lab_user` [ RunTime:0.0020s ]
SQL: SELECT `random` FROM `lab_user` WHERE ( username="Smilec" ) LIMIT 1   [ RunTime:0.0005s ]
SQL: SELECT `admin` FROM `lab_user` WHERE ( username="Smilec" ) LIMIT 1   [ RunTime:0.0006s ]
SQL: SHOW COLUMNS FROM `lab_activity_form` [ RunTime:0.0018s ]
SQL: INSERT INTO `lab_activity_form` (`activity_id`,`question`,`input_element`) VALUES ('1','你加入的理由是什么？','1') [ RunTime:0.0008s ]
INFO: [ app_end ] --START--
INFO: Run Behavior\ShowPageTraceBehavior [ RunTime:0.000893s ]
INFO: [ app_end ] --END-- [ RunTime:0.000977s ]

[ 2015-10-20T18:37:16+08:00 ] ::1 /index.php/Home/Activity/form.html?id=1
INFO: [ app_init ] --START--
INFO: Run Behavior\BuildLiteBehavior [ RunTime:0.000015s ]
INFO: [ app_init ] --END-- [ RunTime:0.000348s ]
INFO: [ app_begin ] --START--
INFO: Run Behavior\ReadHtmlCacheBehavior [ RunTime:0.000461s ]
INFO: [ app_begin ] --END-- [ RunTime:0.000522s ]
SQL: SHOW COLUMNS FROM `lab_activity_form` [ RunTime:0.0015s ]
SQL: SELECT * FROM `lab_activity_form` WHERE ( activity_id=1 )  [ RunTime:0.0004s ]
INFO: [ view_parse ] --START--
INFO: [ template_filter ] --START--
INFO: Run Behavior\ContentReplaceBehavior [ RunTime:0.000072s ]
INFO: [ template_filter ] --END-- [ RunTime:0.000197s ]
SQL: SHOW COLUMNS FROM `lab_user` [ RunTime:0.0015s ]
SQL: SHOW COLUMNS FROM `lab_user` [ RunTime:0.0015s ]
SQL: SELECT `random` FROM `lab_user` WHERE ( username="Smilec" ) LIMIT 1   [ RunTime:0.0003s ]
SQL: SELECT `admin` FROM `lab_user` WHERE ( username="Smilec" ) LIMIT 1   [ RunTime:0.0003s ]
INFO: Run Behavior\ParseTemplateBehavior [ RunTime:0.025116s ]
INFO: [ view_parse ] --END-- [ RunTime:0.025183s ]
INFO: [ view_filter ] --START--
INFO: Run Behavior\WriteHtmlCacheBehavior [ RunTime:0.000230s ]
INFO: [ view_filter ] --END-- [ RunTime:0.000351s ]
INFO: [ app_end ] --START--
INFO: Run Behavior\ShowPageTraceBehavior [ RunTime:0.000549s ]
INFO: [ app_end ] --END-- [ RunTime:0.000607s ]

[ 2015-10-20T18:38:37+08:00 ] ::1 /index.php/Home/Activity/form.html?id=1
INFO: [ app_init ] --START--
INFO: Run Behavior\BuildLiteBehavior [ RunTime:0.000033s ]
INFO: [ app_init ] --END-- [ RunTime:0.000980s ]
INFO: [ app_begin ] --START--
INFO: Run Behavior\ReadHtmlCacheBehavior [ RunTime:0.000937s ]
INFO: [ app_begin ] --END-- [ RunTime:0.001039s ]
SQL: SHOW COLUMNS FROM `lab_activity_form` [ RunTime:0.0014s ]
SQL: SELECT * FROM `lab_activity_form` WHERE ( activity_id=1 )  [ RunTime:0.0004s ]
INFO: [ view_parse ] --START--
INFO: [ template_filter ] --START--
INFO: Run Behavior\ContentReplaceBehavior [ RunTime:0.000067s ]
INFO: [ template_filter ] --END-- [ RunTime:0.000212s ]
SQL: SHOW COLUMNS FROM `lab_user` [ RunTime:0.0019s ]
SQL: SHOW COLUMNS FROM `lab_user` [ RunTime:0.0016s ]
SQL: SELECT `random` FROM `lab_user` WHERE ( username="Smilec" ) LIMIT 1   [ RunTime:0.0003s ]
SQL: SELECT `admin` FROM `lab_user` WHERE ( username="Smilec" ) LIMIT 1   [ RunTime:0.0003s ]
INFO: Run Behavior\ParseTemplateBehavior [ RunTime:0.027629s ]
INFO: [ view_parse ] --END-- [ RunTime:0.027776s ]
INFO: [ view_filter ] --START--
INFO: Run Behavior\WriteHtmlCacheBehavior [ RunTime:0.000639s ]
INFO: [ view_filter ] --END-- [ RunTime:0.000761s ]
INFO: [ app_end ] --START--
INFO: Run Behavior\ShowPageTraceBehavior [ RunTime:0.001428s ]
INFO: [ app_end ] --END-- [ RunTime:0.001573s ]

[ 2015-10-20T18:38:50+08:00 ] ::1 /index.php/Home/Activity/form.html?id=1
INFO: [ app_init ] --START--
INFO: Run Behavior\BuildLiteBehavior [ RunTime:0.000016s ]
INFO: [ app_init ] --END-- [ RunTime:0.000381s ]
INFO: [ app_begin ] --START--
INFO: Run Behavior\ReadHtmlCacheBehavior [ RunTime:0.000459s ]
INFO: [ app_begin ] --END-- [ RunTime:0.000520s ]
SQL: SHOW COLUMNS FROM `lab_activity_form` [ RunTime:0.0015s ]
SQL: SELECT * FROM `lab_activity_form` WHERE ( activity_id=1 )  [ RunTime:0.0004s ]
INFO: [ view_parse ] --START--
INFO: [ template_filter ] --START--
INFO: Run Behavior\ContentReplaceBehavior [ RunTime:0.000065s ]
INFO: [ template_filter ] --END-- [ RunTime:0.000223s ]
SQL: SHOW COLUMNS FROM `lab_user` [ RunTime:0.0016s ]
SQL: SHOW COLUMNS FROM `lab_user` [ RunTime:0.0016s ]
SQL: SELECT `random` FROM `lab_user` WHERE ( username="Smilec" ) LIMIT 1   [ RunTime:0.0004s ]
SQL: SELECT `admin` FROM `lab_user` WHERE ( username="Smilec" ) LIMIT 1   [ RunTime:0.0003s ]
INFO: Run Behavior\ParseTemplateBehavior [ RunTime:0.022461s ]
INFO: [ view_parse ] --END-- [ RunTime:0.022536s ]
INFO: [ view_filter ] --START--
INFO: Run Behavior\WriteHtmlCacheBehavior [ RunTime:0.000205s ]
INFO: [ view_filter ] --END-- [ RunTime:0.000255s ]
INFO: [ app_end ] --START--
INFO: Run Behavior\ShowPageTraceBehavior [ RunTime:0.000633s ]
INFO: [ app_end ] --END-- [ RunTime:0.000702s ]

[ 2015-10-20T18:40:21+08:00 ] ::1 /index.php/Home/Activity/form.html?id=1
INFO: [ app_init ] --START--
INFO: Run Behavior\BuildLiteBehavior [ RunTime:0.000020s ]
INFO: [ app_init ] --END-- [ RunTime:0.000987s ]
INFO: [ app_begin ] --START--
INFO: Run Behavior\ReadHtmlCacheBehavior [ RunTime:0.001028s ]
INFO: [ app_begin ] --END-- [ RunTime:0.001137s ]
SQL: SHOW COLUMNS FROM `lab_activity_form` [ RunTime:0.0016s ]
SQL: SELECT * FROM `lab_activity_form` WHERE ( activity_id=1 )  [ RunTime:0.0004s ]
INFO: [ view_parse ] --START--
INFO: [ template_filter ] --START--
INFO: Run Behavior\ContentReplaceBehavior [ RunTime:0.000056s ]
INFO: [ template_filter ] --END-- [ RunTime:0.000134s ]
SQL: SHOW COLUMNS FROM `lab_user` [ RunTime:0.0017s ]
SQL: SHOW COLUMNS FROM `lab_user` [ RunTime:0.0015s ]
SQL: SELECT `random` FROM `lab_user` WHERE ( username="Smilec" ) LIMIT 1   [ RunTime:0.0004s ]
SQL: SELECT `admin` FROM `lab_user` WHERE ( username="Smilec" ) LIMIT 1   [ RunTime:0.0003s ]
INFO: Run Behavior\ParseTemplateBehavior [ RunTime:0.027619s ]
INFO: [ view_parse ] --END-- [ RunTime:0.027709s ]
INFO: [ view_filter ] --START--
INFO: Run Behavior\WriteHtmlCacheBehavior [ RunTime:0.000659s ]
INFO: [ view_filter ] --END-- [ RunTime:0.000741s ]
INFO: [ app_end ] --START--
INFO: Run Behavior\ShowPageTraceBehavior [ RunTime:0.000942s ]
INFO: [ app_end ] --END-- [ RunTime:0.001013s ]

[ 2015-10-20T18:41:07+08:00 ] ::1 /index.php/Home/Activity/form.html?id=1
INFO: [ app_init ] --START--
INFO: Run Behavior\BuildLiteBehavior [ RunTime:0.000016s ]
INFO: [ app_init ] --END-- [ RunTime:0.000368s ]
INFO: [ app_begin ] --START--
INFO: Run Behavior\ReadHtmlCacheBehavior [ RunTime:0.000469s ]
INFO: [ app_begin ] --END-- [ RunTime:0.000531s ]
SQL: SHOW COLUMNS FROM `lab_activity_form` [ RunTime:0.0014s ]
SQL: SELECT * FROM `lab_activity_form` WHERE ( activity_id=1 )  [ RunTime:0.0004s ]
INFO: [ view_parse ] --START--
INFO: [ template_filter ] --START--
INFO: Run Behavior\ContentReplaceBehavior [ RunTime:0.000048s ]
INFO: [ template_filter ] --END-- [ RunTime:0.000129s ]
SQL: SHOW COLUMNS FROM `lab_user` [ RunTime:0.0015s ]
SQL: SHOW COLUMNS FROM `lab_user` [ RunTime:0.0014s ]
SQL: SELECT `random` FROM `lab_user` WHERE ( username="Smilec" ) LIMIT 1   [ RunTime:0.0003s ]
SQL: SELECT `admin` FROM `lab_user` WHERE ( username="Smilec" ) LIMIT 1   [ RunTime:0.0003s ]
INFO: Run Behavior\ParseTemplateBehavior [ RunTime:0.020469s ]
INFO: [ view_parse ] --END-- [ RunTime:0.020579s ]
INFO: [ view_filter ] --START--
INFO: Run Behavior\WriteHtmlCacheBehavior [ RunTime:0.000211s ]
INFO: [ view_filter ] --END-- [ RunTime:0.000265s ]
INFO: [ app_end ] --START--
INFO: Run Behavior\ShowPageTraceBehavior [ RunTime:0.000632s ]
INFO: [ app_end ] --END-- [ RunTime:0.000700s ]

