[ 2015-10-08T18:43:54+08:00 ] 127.0.0.1 /
INFO: [ app_init ] --START--
INFO: Run Behavior\BuildLiteBehavior [ RunTime:0.000045s ]
INFO: [ app_init ] --END-- [ RunTime:0.002448s ]
INFO: [ app_begin ] --START--
INFO: Run Behavior\ReadHtmlCacheBehavior [ RunTime:0.004594s ]
INFO: [ app_begin ] --END-- [ RunTime:0.004865s ]
INFO: [ view_parse ] --START--
INFO: [ template_filter ] --START--
INFO: Run Behavior\ContentReplaceBehavior [ RunTime:0.000135s ]
INFO: [ template_filter ] --END-- [ RunTime:0.000309s ]
SQL: SHOW COLUMNS FROM `lab_user` [ RunTime:0.0596s ]
SQL: SHOW COLUMNS FROM `lab_user` [ RunTime:0.0254s ]
SQL: SELECT * FROM `lab_user` WHERE ( username="Smilec" ) LIMIT 1   [ RunTime:0.0010s ]
NOTIC: [8] Undefined variable: isAdmin D:\php\HttpClient\phpStudy\LAB\Application\Runtime\Cache\Home\2a94b8bda04ff446dcedd42276fc99ee.php 第 95 行.
INFO: Run Behavior\ParseTemplateBehavior [ RunTime:0.560855s ]
INFO: [ view_parse ] --END-- [ RunTime:0.561009s ]
INFO: [ view_filter ] --START--
INFO: Run Behavior\WriteHtmlCacheBehavior [ RunTime:0.016605s ]
INFO: [ view_filter ] --END-- [ RunTime:0.016771s ]
INFO: [ app_end ] --START--
INFO: Run Behavior\ShowPageTraceBehavior [ RunTime:0.003908s ]
INFO: [ app_end ] --END-- [ RunTime:0.004069s ]

[ 2015-10-08T18:44:05+08:00 ] 127.0.0.1 /index.php/Home/Project.html
INFO: [ app_init ] --START--
INFO: Run Behavior\BuildLiteBehavior [ RunTime:0.000019s ]
INFO: [ app_init ] --END-- [ RunTime:0.000572s ]
INFO: [ app_begin ] --START--
INFO: Run Behavior\ReadHtmlCacheBehavior [ RunTime:0.000986s ]
INFO: [ app_begin ] --END-- [ RunTime:0.001091s ]
SQL: SHOW COLUMNS FROM `lab_project_class` [ RunTime:0.0514s ]
SQL: SELECT * FROM `lab_project_class` WHERE ( class=1 )  [ RunTime:0.0005s ]
SQL: SELECT * FROM `lab_project_class` WHERE ( class=2 )  [ RunTime:0.0003s ]
INFO: [ view_parse ] --START--
INFO: [ template_filter ] --START--
INFO: Run Behavior\ContentReplaceBehavior [ RunTime:0.000125s ]
INFO: [ template_filter ] --END-- [ RunTime:0.000244s ]
SQL: SHOW COLUMNS FROM `lab_user` [ RunTime:0.0161s ]
NOTIC: [8] Undefined variable: isAdmin D:\php\HttpClient\phpStudy\LAB\Application\Runtime\Cache\Home\9d459e48cece1d7473e65af45d1fe54a.php 第 95 行.
INFO: Run Behavior\ParseTemplateBehavior [ RunTime:0.069029s ]
INFO: [ view_parse ] --END-- [ RunTime:0.069147s ]
INFO: [ view_filter ] --START--
INFO: Run Behavior\WriteHtmlCacheBehavior [ RunTime:0.000787s ]
INFO: [ view_filter ] --END-- [ RunTime:0.000856s ]
INFO: [ app_end ] --START--
INFO: Run Behavior\ShowPageTraceBehavior [ RunTime:0.000969s ]
INFO: [ app_end ] --END-- [ RunTime:0.001050s ]

[ 2015-10-08T18:44:05+08:00 ] 127.0.0.1 /index.php/Home/Project/load.html?page=1&type=0&process=0
INFO: [ app_init ] --START--
INFO: Run Behavior\BuildLiteBehavior [ RunTime:0.000017s ]
INFO: [ app_init ] --END-- [ RunTime:0.000423s ]
INFO: [ app_begin ] --START--
INFO: Run Behavior\ReadHtmlCacheBehavior [ RunTime:0.000528s ]
INFO: [ app_begin ] --END-- [ RunTime:0.000590s ]
SQL: SHOW COLUMNS FROM `lab_project` [ RunTime:0.0567s ]
SQL: SELECT * FROM `lab_project` WHERE ( 1 ) LIMIT 0,12   [ RunTime:0.0005s ]
SQL: SHOW COLUMNS FROM `lab_project_class` [ RunTime:0.0119s ]
SQL: SELECT * FROM `lab_project_class` WHERE ( class=1 )  [ RunTime:0.0004s ]
SQL: SELECT * FROM `lab_project_class` WHERE ( class=2 )  [ RunTime:0.0005s ]
SQL: SELECT * FROM `lab_project_class` WHERE ( class=3 )  [ RunTime:0.0003s ]
INFO: [ view_parse ] --START--
INFO: [ template_filter ] --START--
INFO: Run Behavior\ContentReplaceBehavior [ RunTime:0.000045s ]
INFO: [ template_filter ] --END-- [ RunTime:0.000121s ]
INFO: Run Behavior\ParseTemplateBehavior [ RunTime:0.033416s ]
INFO: [ view_parse ] --END-- [ RunTime:0.033496s ]
INFO: [ view_filter ] --START--
INFO: Run Behavior\WriteHtmlCacheBehavior [ RunTime:0.000610s ]
INFO: [ view_filter ] --END-- [ RunTime:0.000658s ]
INFO: [ app_end ] --START--
INFO: Run Behavior\ShowPageTraceBehavior [ RunTime:0.000875s ]
INFO: [ app_end ] --END-- [ RunTime:0.000925s ]

[ 2015-10-08T18:44:15+08:00 ] 127.0.0.1 /index.php/Home/Project/submit.html
INFO: [ app_init ] --START--
INFO: Run Behavior\BuildLiteBehavior [ RunTime:0.000018s ]
INFO: [ app_init ] --END-- [ RunTime:0.000456s ]
INFO: [ app_begin ] --START--
INFO: Run Behavior\ReadHtmlCacheBehavior [ RunTime:0.000840s ]
INFO: [ app_begin ] --END-- [ RunTime:0.001036s ]
SQL: SHOW COLUMNS FROM `lab_project_class` [ RunTime:0.0155s ]
SQL: SELECT * FROM `lab_project_class` WHERE ( class=1 )  [ RunTime:0.0004s ]
SQL: SELECT * FROM `lab_project_class` WHERE ( class=2 )  [ RunTime:0.0003s ]
SQL: SELECT * FROM `lab_project_class` WHERE ( class=3 )  [ RunTime:0.0003s ]
INFO: [ view_parse ] --START--
INFO: [ template_filter ] --START--
INFO: Run Behavior\ContentReplaceBehavior [ RunTime:0.000084s ]
INFO: [ template_filter ] --END-- [ RunTime:0.000175s ]
SQL: SHOW COLUMNS FROM `lab_user` [ RunTime:0.0130s ]
NOTIC: [8] Undefined variable: isAdmin D:\php\HttpClient\phpStudy\LAB\Application\Runtime\Cache\Home\69a04d5de710aba4d9e144f8c15cb347.php 第 95 行.
INFO: Run Behavior\ParseTemplateBehavior [ RunTime:0.058212s ]
INFO: [ view_parse ] --END-- [ RunTime:0.058285s ]
INFO: [ view_filter ] --START--
INFO: Run Behavior\WriteHtmlCacheBehavior [ RunTime:0.000848s ]
INFO: [ view_filter ] --END-- [ RunTime:0.000908s ]
INFO: [ app_end ] --START--
INFO: Run Behavior\ShowPageTraceBehavior [ RunTime:0.001648s ]
INFO: [ app_end ] --END-- [ RunTime:0.001757s ]

[ 2015-10-08T18:44:24+08:00 ] 127.0.0.1 /index.php/Home/Project.html
INFO: [ app_init ] --START--
INFO: Run Behavior\BuildLiteBehavior [ RunTime:0.000027s ]
INFO: [ app_init ] --END-- [ RunTime:0.000507s ]
INFO: [ app_begin ] --START--
INFO: Run Behavior\ReadHtmlCacheBehavior [ RunTime:0.000613s ]
INFO: [ app_begin ] --END-- [ RunTime:0.000692s ]
SQL: SHOW COLUMNS FROM `lab_project_class` [ RunTime:0.0173s ]
SQL: SELECT * FROM `lab_project_class` WHERE ( class=1 )  [ RunTime:0.0004s ]
SQL: SELECT * FROM `lab_project_class` WHERE ( class=2 )  [ RunTime:0.0003s ]
INFO: [ view_parse ] --START--
INFO: [ template_filter ] --START--
INFO: Run Behavior\ContentReplaceBehavior [ RunTime:0.000127s ]
INFO: [ template_filter ] --END-- [ RunTime:0.000365s ]
SQL: SHOW COLUMNS FROM `lab_user` [ RunTime:0.0139s ]
NOTIC: [8] Undefined variable: isAdmin D:\php\HttpClient\phpStudy\LAB\Application\Runtime\Cache\Home\9d459e48cece1d7473e65af45d1fe54a.php 第 95 行.
INFO: Run Behavior\ParseTemplateBehavior [ RunTime:0.052575s ]
INFO: [ view_parse ] --END-- [ RunTime:0.052674s ]
INFO: [ view_filter ] --START--
INFO: Run Behavior\WriteHtmlCacheBehavior [ RunTime:0.001011s ]
INFO: [ view_filter ] --END-- [ RunTime:0.001126s ]
INFO: [ app_end ] --START--
INFO: Run Behavior\ShowPageTraceBehavior [ RunTime:0.001386s ]
INFO: [ app_end ] --END-- [ RunTime:0.001507s ]

[ 2015-10-08T18:44:25+08:00 ] 127.0.0.1 /index.php/Home/Project/load.html?page=1&type=0&process=0
INFO: [ app_init ] --START--
INFO: Run Behavior\BuildLiteBehavior [ RunTime:0.000018s ]
INFO: [ app_init ] --END-- [ RunTime:0.000477s ]
INFO: [ app_begin ] --START--
INFO: Run Behavior\ReadHtmlCacheBehavior [ RunTime:0.000549s ]
INFO: [ app_begin ] --END-- [ RunTime:0.000611s ]
SQL: SHOW COLUMNS FROM `lab_project` [ RunTime:0.0253s ]
SQL: SELECT * FROM `lab_project` WHERE ( 1 ) LIMIT 0,12   [ RunTime:0.0004s ]
SQL: SHOW COLUMNS FROM `lab_project_class` [ RunTime:0.0118s ]
SQL: SELECT * FROM `lab_project_class` WHERE ( class=1 )  [ RunTime:0.0005s ]
SQL: SELECT * FROM `lab_project_class` WHERE ( class=2 )  [ RunTime:0.0002s ]
SQL: SELECT * FROM `lab_project_class` WHERE ( class=3 )  [ RunTime:0.0002s ]
INFO: [ view_parse ] --START--
INFO: [ template_filter ] --START--
INFO: Run Behavior\ContentReplaceBehavior [ RunTime:0.000047s ]
INFO: [ template_filter ] --END-- [ RunTime:0.000119s ]
INFO: Run Behavior\ParseTemplateBehavior [ RunTime:0.013022s ]
INFO: [ view_parse ] --END-- [ RunTime:0.013136s ]
INFO: [ view_filter ] --START--
INFO: Run Behavior\WriteHtmlCacheBehavior [ RunTime:0.000897s ]
INFO: [ view_filter ] --END-- [ RunTime:0.000991s ]
INFO: [ app_end ] --START--
INFO: Run Behavior\ShowPageTraceBehavior [ RunTime:0.001179s ]
INFO: [ app_end ] --END-- [ RunTime:0.001250s ]

[ 2015-10-08T18:44:26+08:00 ] 127.0.0.1 /index.php/Home/Project/detail.html?id=14
INFO: [ app_init ] --START--
INFO: Run Behavior\BuildLiteBehavior [ RunTime:0.000019s ]
INFO: [ app_init ] --END-- [ RunTime:0.000459s ]
INFO: [ app_begin ] --START--
INFO: Run Behavior\ReadHtmlCacheBehavior [ RunTime:0.000607s ]
INFO: [ app_begin ] --END-- [ RunTime:0.000684s ]
SQL: SHOW COLUMNS FROM `lab_project` [ RunTime:0.0101s ]
SQL: SELECT * FROM `lab_project` WHERE ( id=14 ) LIMIT 1   [ RunTime:0.0004s ]
SQL: SHOW COLUMNS FROM `lab_project_class` [ RunTime:0.0111s ]
SQL: SELECT * FROM `lab_project_class` WHERE ( class=1 )  [ RunTime:0.0003s ]
SQL: SELECT * FROM `lab_project_class` WHERE ( class=2 )  [ RunTime:0.0002s ]
SQL: SELECT * FROM `lab_project_class` WHERE ( class=3 )  [ RunTime:0.0003s ]
INFO: [ view_parse ] --START--
INFO: [ template_filter ] --START--
INFO: Run Behavior\ContentReplaceBehavior [ RunTime:0.000535s ]
INFO: [ template_filter ] --END-- [ RunTime:0.001116s ]
SQL: SHOW COLUMNS FROM `lab_user` [ RunTime:0.0180s ]
NOTIC: [8] Undefined variable: isAdmin D:\php\HttpClient\phpStudy\LAB\Application\Runtime\Cache\Home\426e9e9ae04bd504d9b4163bcfa347f6.php 第 95 行.
INFO: Run Behavior\ParseTemplateBehavior [ RunTime:0.086299s ]
INFO: [ view_parse ] --END-- [ RunTime:0.086388s ]
INFO: [ view_filter ] --START--
INFO: Run Behavior\WriteHtmlCacheBehavior [ RunTime:0.000790s ]
INFO: [ view_filter ] --END-- [ RunTime:0.000858s ]
INFO: [ app_end ] --START--
INFO: Run Behavior\ShowPageTraceBehavior [ RunTime:0.001648s ]
INFO: [ app_end ] --END-- [ RunTime:0.001781s ]

[ 2015-10-08T18:44:31+08:00 ] 127.0.0.1 /index.php/Home/Project/editdetail.html?id=14
INFO: [ app_init ] --START--
INFO: Run Behavior\BuildLiteBehavior [ RunTime:0.000032s ]
INFO: [ app_init ] --END-- [ RunTime:0.000694s ]
INFO: [ app_begin ] --START--
INFO: Run Behavior\ReadHtmlCacheBehavior [ RunTime:0.000613s ]
INFO: [ app_begin ] --END-- [ RunTime:0.000691s ]
SQL: SHOW COLUMNS FROM `lab_project` [ RunTime:0.0188s ]
SQL: SELECT `detail` FROM `lab_project` WHERE ( id=14 ) LIMIT 1   [ RunTime:0.0003s ]
INFO: [ view_parse ] --START--
INFO: [ template_filter ] --START--
INFO: Run Behavior\ContentReplaceBehavior [ RunTime:0.000107s ]
INFO: [ template_filter ] --END-- [ RunTime:0.000301s ]
INFO: Run Behavior\ParseTemplateBehavior [ RunTime:0.025373s ]
INFO: [ view_parse ] --END-- [ RunTime:0.025496s ]
INFO: [ view_filter ] --START--
INFO: Run Behavior\WriteHtmlCacheBehavior [ RunTime:0.000727s ]
INFO: [ view_filter ] --END-- [ RunTime:0.000802s ]
INFO: [ app_end ] --START--
INFO: Run Behavior\ShowPageTraceBehavior [ RunTime:0.001219s ]
INFO: [ app_end ] --END-- [ RunTime:0.001294s ]

[ 2015-10-08T18:44:36+08:00 ] 127.0.0.1 /index.php/Home/Project/submit.html
INFO: [ app_init ] --START--
INFO: Run Behavior\BuildLiteBehavior [ RunTime:0.000020s ]
INFO: [ app_init ] --END-- [ RunTime:0.000561s ]
INFO: [ app_begin ] --START--
INFO: Run Behavior\ReadHtmlCacheBehavior [ RunTime:0.001263s ]
INFO: [ app_begin ] --END-- [ RunTime:0.001376s ]
SQL: SHOW COLUMNS FROM `lab_project_class` [ RunTime:0.0173s ]
SQL: SELECT * FROM `lab_project_class` WHERE ( class=1 )  [ RunTime:0.0004s ]
SQL: SELECT * FROM `lab_project_class` WHERE ( class=2 )  [ RunTime:0.0006s ]
SQL: SELECT * FROM `lab_project_class` WHERE ( class=3 )  [ RunTime:0.0005s ]
INFO: [ view_parse ] --START--
INFO: [ template_filter ] --START--
INFO: Run Behavior\ContentReplaceBehavior [ RunTime:0.000139s ]
INFO: [ template_filter ] --END-- [ RunTime:0.000283s ]
SQL: SHOW COLUMNS FROM `lab_user` [ RunTime:0.0167s ]
NOTIC: [8] Undefined variable: isAdmin D:\php\HttpClient\phpStudy\LAB\Application\Runtime\Cache\Home\69a04d5de710aba4d9e144f8c15cb347.php 第 95 行.
INFO: Run Behavior\ParseTemplateBehavior [ RunTime:0.064955s ]
INFO: [ view_parse ] --END-- [ RunTime:0.065033s ]
INFO: [ view_filter ] --START--
INFO: Run Behavior\WriteHtmlCacheBehavior [ RunTime:0.000931s ]
INFO: [ view_filter ] --END-- [ RunTime:0.000996s ]
INFO: [ app_end ] --START--
INFO: Run Behavior\ShowPageTraceBehavior [ RunTime:0.001088s ]
INFO: [ app_end ] --END-- [ RunTime:0.001175s ]

[ 2015-10-08T18:44:37+08:00 ] 127.0.0.1 /index.php/Home/Project.html
INFO: [ app_init ] --START--
INFO: Run Behavior\BuildLiteBehavior [ RunTime:0.000018s ]
INFO: [ app_init ] --END-- [ RunTime:0.000447s ]
INFO: [ app_begin ] --START--
INFO: Run Behavior\ReadHtmlCacheBehavior [ RunTime:0.000620s ]
INFO: [ app_begin ] --END-- [ RunTime:0.000699s ]
SQL: SHOW COLUMNS FROM `lab_project_class` [ RunTime:0.0138s ]
SQL: SELECT * FROM `lab_project_class` WHERE ( class=1 )  [ RunTime:0.0004s ]
SQL: SELECT * FROM `lab_project_class` WHERE ( class=2 )  [ RunTime:0.0003s ]
INFO: [ view_parse ] --START--
INFO: [ template_filter ] --START--
INFO: Run Behavior\ContentReplaceBehavior [ RunTime:0.000077s ]
INFO: [ template_filter ] --END-- [ RunTime:0.000162s ]
SQL: SHOW COLUMNS FROM `lab_user` [ RunTime:0.0117s ]
NOTIC: [8] Undefined variable: isAdmin D:\php\HttpClient\phpStudy\LAB\Application\Runtime\Cache\Home\9d459e48cece1d7473e65af45d1fe54a.php 第 95 行.
INFO: Run Behavior\ParseTemplateBehavior [ RunTime:0.046040s ]
INFO: [ view_parse ] --END-- [ RunTime:0.046145s ]
INFO: [ view_filter ] --START--
INFO: Run Behavior\WriteHtmlCacheBehavior [ RunTime:0.001355s ]
INFO: [ view_filter ] --END-- [ RunTime:0.001459s ]
INFO: [ app_end ] --START--
INFO: Run Behavior\ShowPageTraceBehavior [ RunTime:0.001381s ]
INFO: [ app_end ] --END-- [ RunTime:0.001467s ]

[ 2015-10-08T18:44:38+08:00 ] 127.0.0.1 /index.php/Home/Project/load.html?page=1&type=0&process=0
INFO: [ app_init ] --START--
INFO: Run Behavior\BuildLiteBehavior [ RunTime:0.000028s ]
INFO: [ app_init ] --END-- [ RunTime:0.000609s ]
INFO: [ app_begin ] --START--
INFO: Run Behavior\ReadHtmlCacheBehavior [ RunTime:0.001877s ]
INFO: [ app_begin ] --END-- [ RunTime:0.002015s ]
SQL: SHOW COLUMNS FROM `lab_project` [ RunTime:0.0216s ]
SQL: SELECT * FROM `lab_project` WHERE ( 1 ) LIMIT 0,12   [ RunTime:0.0004s ]
SQL: SHOW COLUMNS FROM `lab_project_class` [ RunTime:0.0205s ]
SQL: SELECT * FROM `lab_project_class` WHERE ( class=1 )  [ RunTime:0.0003s ]
SQL: SELECT * FROM `lab_project_class` WHERE ( class=2 )  [ RunTime:0.0002s ]
SQL: SELECT * FROM `lab_project_class` WHERE ( class=3 )  [ RunTime:0.0002s ]
INFO: [ view_parse ] --START--
INFO: [ template_filter ] --START--
INFO: Run Behavior\ContentReplaceBehavior [ RunTime:0.000045s ]
INFO: [ template_filter ] --END-- [ RunTime:0.000112s ]
INFO: Run Behavior\ParseTemplateBehavior [ RunTime:0.009419s ]
INFO: [ view_parse ] --END-- [ RunTime:0.009494s ]
INFO: [ view_filter ] --START--
INFO: Run Behavior\WriteHtmlCacheBehavior [ RunTime:0.000587s ]
INFO: [ view_filter ] --END-- [ RunTime:0.000637s ]
INFO: [ app_end ] --START--
INFO: Run Behavior\ShowPageTraceBehavior [ RunTime:0.000859s ]
INFO: [ app_end ] --END-- [ RunTime:0.000910s ]

[ 2015-10-08T18:44:44+08:00 ] 127.0.0.1 /index.php/
INFO: [ app_init ] --START--
INFO: Run Behavior\BuildLiteBehavior [ RunTime:0.000026s ]
INFO: [ app_init ] --END-- [ RunTime:0.000491s ]
INFO: [ app_begin ] --START--
INFO: Run Behavior\ReadHtmlCacheBehavior [ RunTime:0.000880s ]
INFO: [ app_begin ] --END-- [ RunTime:0.001013s ]
INFO: [ view_parse ] --START--
INFO: [ template_filter ] --START--
INFO: Run Behavior\ContentReplaceBehavior [ RunTime:0.000064s ]
INFO: [ template_filter ] --END-- [ RunTime:0.000144s ]
SQL: SHOW COLUMNS FROM `lab_user` [ RunTime:0.0153s ]
NOTIC: [8] Undefined variable: isAdmin D:\php\HttpClient\phpStudy\LAB\Application\Runtime\Cache\Home\2a94b8bda04ff446dcedd42276fc99ee.php 第 95 行.
INFO: Run Behavior\ParseTemplateBehavior [ RunTime:0.042255s ]
INFO: [ view_parse ] --END-- [ RunTime:0.042334s ]
INFO: [ view_filter ] --START--
INFO: Run Behavior\WriteHtmlCacheBehavior [ RunTime:0.001005s ]
INFO: [ view_filter ] --END-- [ RunTime:0.001073s ]
INFO: [ app_end ] --START--
INFO: Run Behavior\ShowPageTraceBehavior [ RunTime:0.001478s ]
INFO: [ app_end ] --END-- [ RunTime:0.001562s ]

[ 2015-10-08T18:44:46+08:00 ] 127.0.0.1 /index.php/Home/Project.html
INFO: [ app_init ] --START--
INFO: Run Behavior\BuildLiteBehavior [ RunTime:0.000029s ]
INFO: [ app_init ] --END-- [ RunTime:0.000641s ]
INFO: [ app_begin ] --START--
INFO: Run Behavior\ReadHtmlCacheBehavior [ RunTime:0.000640s ]
INFO: [ app_begin ] --END-- [ RunTime:0.000722s ]
SQL: SHOW COLUMNS FROM `lab_project_class` [ RunTime:0.0136s ]
SQL: SELECT * FROM `lab_project_class` WHERE ( class=1 )  [ RunTime:0.0004s ]
SQL: SELECT * FROM `lab_project_class` WHERE ( class=2 )  [ RunTime:0.0003s ]
INFO: [ view_parse ] --START--
INFO: [ template_filter ] --START--
INFO: Run Behavior\ContentReplaceBehavior [ RunTime:0.000077s ]
INFO: [ template_filter ] --END-- [ RunTime:0.000177s ]
SQL: SHOW COLUMNS FROM `lab_user` [ RunTime:0.0125s ]
NOTIC: [8] Undefined variable: isAdmin D:\php\HttpClient\phpStudy\LAB\Application\Runtime\Cache\Home\9d459e48cece1d7473e65af45d1fe54a.php 第 95 行.
INFO: Run Behavior\ParseTemplateBehavior [ RunTime:0.048363s ]
INFO: [ view_parse ] --END-- [ RunTime:0.048486s ]
INFO: [ view_filter ] --START--
INFO: Run Behavior\WriteHtmlCacheBehavior [ RunTime:0.001082s ]
INFO: [ view_filter ] --END-- [ RunTime:0.001174s ]
INFO: [ app_end ] --START--
INFO: Run Behavior\ShowPageTraceBehavior [ RunTime:0.001059s ]
INFO: [ app_end ] --END-- [ RunTime:0.001134s ]

[ 2015-10-08T18:44:46+08:00 ] 127.0.0.1 /index.php/Home/Project/load.html?page=1&type=0&process=0
INFO: [ app_init ] --START--
INFO: Run Behavior\BuildLiteBehavior [ RunTime:0.000034s ]
INFO: [ app_init ] --END-- [ RunTime:0.000761s ]
INFO: [ app_begin ] --START--
INFO: Run Behavior\ReadHtmlCacheBehavior [ RunTime:0.000999s ]
INFO: [ app_begin ] --END-- [ RunTime:0.001126s ]
SQL: SHOW COLUMNS FROM `lab_project` [ RunTime:0.0175s ]
SQL: SELECT * FROM `lab_project` WHERE ( 1 ) LIMIT 0,12   [ RunTime:0.0003s ]
SQL: SHOW COLUMNS FROM `lab_project_class` [ RunTime:0.0098s ]
SQL: SELECT * FROM `lab_project_class` WHERE ( class=1 )  [ RunTime:0.0003s ]
SQL: SELECT * FROM `lab_project_class` WHERE ( class=2 )  [ RunTime:0.0002s ]
SQL: SELECT * FROM `lab_project_class` WHERE ( class=3 )  [ RunTime:0.0003s ]
INFO: [ view_parse ] --START--
INFO: [ template_filter ] --START--
INFO: Run Behavior\ContentReplaceBehavior [ RunTime:0.000045s ]
INFO: [ template_filter ] --END-- [ RunTime:0.000108s ]
INFO: Run Behavior\ParseTemplateBehavior [ RunTime:0.008201s ]
INFO: [ view_parse ] --END-- [ RunTime:0.008277s ]
INFO: [ view_filter ] --START--
INFO: Run Behavior\WriteHtmlCacheBehavior [ RunTime:0.000645s ]
INFO: [ view_filter ] --END-- [ RunTime:0.000694s ]
INFO: [ app_end ] --START--
INFO: Run Behavior\ShowPageTraceBehavior [ RunTime:0.000845s ]
INFO: [ app_end ] --END-- [ RunTime:0.000896s ]

[ 2015-10-08T18:44:49+08:00 ] 127.0.0.1 /index.php/Home/Project/detail.html?id=14
INFO: [ app_init ] --START--
INFO: Run Behavior\BuildLiteBehavior [ RunTime:0.000022s ]
INFO: [ app_init ] --END-- [ RunTime:0.000648s ]
INFO: [ app_begin ] --START--
INFO: Run Behavior\ReadHtmlCacheBehavior [ RunTime:0.000626s ]
INFO: [ app_begin ] --END-- [ RunTime:0.000700s ]
SQL: SHOW COLUMNS FROM `lab_project` [ RunTime:0.0175s ]
SQL: SELECT * FROM `lab_project` WHERE ( id=14 ) LIMIT 1   [ RunTime:0.0005s ]
SQL: SHOW COLUMNS FROM `lab_project_class` [ RunTime:0.0147s ]
SQL: SELECT * FROM `lab_project_class` WHERE ( class=1 )  [ RunTime:0.0003s ]
SQL: SELECT * FROM `lab_project_class` WHERE ( class=2 )  [ RunTime:0.0002s ]
SQL: SELECT * FROM `lab_project_class` WHERE ( class=3 )  [ RunTime:0.0002s ]
INFO: [ view_parse ] --START--
INFO: [ template_filter ] --START--
INFO: Run Behavior\ContentReplaceBehavior [ RunTime:0.000066s ]
INFO: [ template_filter ] --END-- [ RunTime:0.000140s ]
SQL: SHOW COLUMNS FROM `lab_user` [ RunTime:0.0103s ]
NOTIC: [8] Undefined variable: isAdmin D:\php\HttpClient\phpStudy\LAB\Application\Runtime\Cache\Home\426e9e9ae04bd504d9b4163bcfa347f6.php 第 95 行.
INFO: Run Behavior\ParseTemplateBehavior [ RunTime:0.037917s ]
INFO: [ view_parse ] --END-- [ RunTime:0.037993s ]
INFO: [ view_filter ] --START--
INFO: Run Behavior\WriteHtmlCacheBehavior [ RunTime:0.000903s ]
INFO: [ view_filter ] --END-- [ RunTime:0.000960s ]
INFO: [ app_end ] --START--
INFO: Run Behavior\ShowPageTraceBehavior [ RunTime:0.001258s ]
INFO: [ app_end ] --END-- [ RunTime:0.001366s ]

