[ 2015-10-19T10:19:17+08:00 ] ::1 /index.php/
INFO: [ app_init ] --START--
INFO: Run Behavior\BuildLiteBehavior [ RunTime:0.000031s ]
INFO: [ app_init ] --END-- [ RunTime:0.000973s ]
INFO: [ app_begin ] --START--
INFO: Run Behavior\ReadHtmlCacheBehavior [ RunTime:0.001412s ]
INFO: [ app_begin ] --END-- [ RunTime:0.001594s ]
INFO: [ view_parse ] --START--
INFO: [ template_filter ] --START--
INFO: Run Behavior\ContentReplaceBehavior [ RunTime:0.000060s ]
INFO: [ template_filter ] --END-- [ RunTime:0.000137s ]
SQL: SHOW COLUMNS FROM `lab_user` [ RunTime:0.0016s ]
SQL: SHOW COLUMNS FROM `lab_user` [ RunTime:0.0019s ]
SQL: SELECT `random` FROM `lab_user` WHERE ( username="Smilec" ) LIMIT 1   [ RunTime:0.0020s ]
SQL: SELECT `admin` FROM `lab_user` WHERE ( username="Smilec" ) LIMIT 1   [ RunTime:0.0003s ]
INFO: Run Behavior\ParseTemplateBehavior [ RunTime:0.043418s ]
INFO: [ view_parse ] --END-- [ RunTime:0.043571s ]
INFO: [ view_filter ] --START--
INFO: Run Behavior\WriteHtmlCacheBehavior [ RunTime:0.000247s ]
INFO: [ view_filter ] --END-- [ RunTime:0.000320s ]
INFO: [ app_end ] --START--
INFO: Run Behavior\ShowPageTraceBehavior [ RunTime:0.000670s ]
INFO: [ app_end ] --END-- [ RunTime:0.000733s ]

[ 2015-10-19T10:19:20+08:00 ] ::1 /index.php/Home/Project.html
INFO: [ app_init ] --START--
INFO: Run Behavior\BuildLiteBehavior [ RunTime:0.000049s ]
INFO: [ app_init ] --END-- [ RunTime:0.000863s ]
INFO: [ app_begin ] --START--
INFO: Run Behavior\ReadHtmlCacheBehavior [ RunTime:0.000488s ]
INFO: [ app_begin ] --END-- [ RunTime:0.000550s ]
SQL: SHOW COLUMNS FROM `lab_project_class` [ RunTime:0.0014s ]
SQL: SELECT * FROM `lab_project_class` WHERE ( class=1 )  [ RunTime:0.0008s ]
SQL: SELECT * FROM `lab_project_class` WHERE ( class=2 )  [ RunTime:0.0003s ]
INFO: [ view_parse ] --START--
INFO: [ template_filter ] --START--
INFO: Run Behavior\ContentReplaceBehavior [ RunTime:0.000098s ]
INFO: [ template_filter ] --END-- [ RunTime:0.000237s ]
SQL: SHOW COLUMNS FROM `lab_user` [ RunTime:0.0022s ]
SQL: SHOW COLUMNS FROM `lab_user` [ RunTime:0.0020s ]
SQL: SELECT `random` FROM `lab_user` WHERE ( username="Smilec" ) LIMIT 1   [ RunTime:0.0004s ]
SQL: SELECT `admin` FROM `lab_user` WHERE ( username="Smilec" ) LIMIT 1   [ RunTime:0.0004s ]
INFO: Run Behavior\ParseTemplateBehavior [ RunTime:0.028783s ]
INFO: [ view_parse ] --END-- [ RunTime:0.028874s ]
INFO: [ view_filter ] --START--
INFO: Run Behavior\WriteHtmlCacheBehavior [ RunTime:0.000364s ]
INFO: [ view_filter ] --END-- [ RunTime:0.000468s ]
INFO: [ app_end ] --START--
INFO: Run Behavior\ShowPageTraceBehavior [ RunTime:0.001288s ]
INFO: [ app_end ] --END-- [ RunTime:0.001424s ]

[ 2015-10-19T10:19:20+08:00 ] ::1 /index.php/Home/Project/load.html?page=1&type=0&process=0
INFO: [ app_init ] --START--
INFO: Run Behavior\BuildLiteBehavior [ RunTime:0.000019s ]
INFO: [ app_init ] --END-- [ RunTime:0.000394s ]
INFO: [ app_begin ] --START--
INFO: Run Behavior\ReadHtmlCacheBehavior [ RunTime:0.000649s ]
INFO: [ app_begin ] --END-- [ RunTime:0.000716s ]
SQL: SHOW COLUMNS FROM `lab_project` [ RunTime:0.0017s ]
SQL: SELECT * FROM `lab_project` WHERE ( allow=1 ) LIMIT 0,12   [ RunTime:0.0008s ]
SQL: SHOW COLUMNS FROM `lab_project_class` [ RunTime:0.0018s ]
SQL: SELECT * FROM `lab_project_class` WHERE ( class=1 )  [ RunTime:0.0003s ]
SQL: SELECT * FROM `lab_project_class` WHERE ( class=2 )  [ RunTime:0.0003s ]
SQL: SELECT * FROM `lab_project_class` WHERE ( class=3 )  [ RunTime:0.0009s ]
INFO: [ view_parse ] --START--
INFO: [ template_filter ] --START--
INFO: Run Behavior\ContentReplaceBehavior [ RunTime:0.000080s ]
INFO: [ template_filter ] --END-- [ RunTime:0.000248s ]
INFO: Run Behavior\ParseTemplateBehavior [ RunTime:0.013670s ]
INFO: [ view_parse ] --END-- [ RunTime:0.013816s ]
INFO: [ view_filter ] --START--
INFO: Run Behavior\WriteHtmlCacheBehavior [ RunTime:0.000319s ]
INFO: [ view_filter ] --END-- [ RunTime:0.000406s ]
INFO: [ app_end ] --START--
INFO: Run Behavior\ShowPageTraceBehavior [ RunTime:0.001021s ]
INFO: [ app_end ] --END-- [ RunTime:0.001145s ]

[ 2015-10-19T10:19:24+08:00 ] ::1 /index.php/
INFO: [ app_init ] --START--
INFO: Run Behavior\BuildLiteBehavior [ RunTime:0.000015s ]
INFO: [ app_init ] --END-- [ RunTime:0.000347s ]
INFO: [ app_begin ] --START--
INFO: Run Behavior\ReadHtmlCacheBehavior [ RunTime:0.000456s ]
INFO: [ app_begin ] --END-- [ RunTime:0.000514s ]
INFO: [ view_parse ] --START--
INFO: [ template_filter ] --START--
INFO: Run Behavior\ContentReplaceBehavior [ RunTime:0.000084s ]
INFO: [ template_filter ] --END-- [ RunTime:0.000226s ]
SQL: SHOW COLUMNS FROM `lab_user` [ RunTime:0.0016s ]
SQL: SHOW COLUMNS FROM `lab_user` [ RunTime:0.0018s ]
SQL: SELECT `random` FROM `lab_user` WHERE ( username="Smilec" ) LIMIT 1   [ RunTime:0.0004s ]
SQL: SELECT `admin` FROM `lab_user` WHERE ( username="Smilec" ) LIMIT 1   [ RunTime:0.0003s ]
INFO: Run Behavior\ParseTemplateBehavior [ RunTime:0.032643s ]
INFO: [ view_parse ] --END-- [ RunTime:0.032700s ]
INFO: [ view_filter ] --START--
INFO: Run Behavior\WriteHtmlCacheBehavior [ RunTime:0.000211s ]
INFO: [ view_filter ] --END-- [ RunTime:0.000264s ]
INFO: [ app_end ] --START--
INFO: Run Behavior\ShowPageTraceBehavior [ RunTime:0.000538s ]
INFO: [ app_end ] --END-- [ RunTime:0.000595s ]

