[ 2015-09-30T15:56:54+08:00 ] 127.0.0.1 /Public/js/notify.js
INFO: [ app_init ] --START--
INFO: Run Behavior\BuildLiteBehavior [ RunTime:0.000030s ]
INFO: [ app_init ] --END-- [ RunTime:0.000628s ]
ERR: æ— æ³•åŠ è½½æ¨¡å—:Public

[ 2015-09-30T15:56:54+08:00 ] 127.0.0.1 /Public/css/public.css
INFO: [ app_init ] --START--
INFO: Run Behavior\BuildLiteBehavior [ RunTime:0.000027s ]
INFO: [ app_init ] --END-- [ RunTime:0.000667s ]
ERR: æ— æ³•åŠ è½½æ¨¡å—:Public

—:Public

[ 2015-09-30T15:56:54+08:00 ] 127.0.0.1 /Public/js/public.js
INFO: [ app_init ] --START--
INFO: Run Behavior\BuildLiteBehavior [ RunTime:0.000031s ]
INFO: [ app_init ] --END-- [ RunTime:0.000740s ]
ERR: æ— æ³•åŠ è½½æ¨¡å—:Public

[ 2015-09-30T15:56:54+08:00 ] 127.0.0.1 /Public/js/ajaxfileupload.js
INFO: [ app_init ] --START--
INFO: Run Behavior\BuildLiteBehavior [ RunTime:0.000032s ]
INFO: [ app_init ] --END-- [ RunTime:0.000865s ]
ERR: æ— æ³•åŠ è½½æ¨¡å—:Public

