[ 2015-10-01T08:03:55+08:00 ] 127.0.0.1 /favicon.ico
INFO: [ app_init ] --START--
INFO: Run Behavior\BuildLiteBehavior [ RunTime:0.000054s ]
INFO: [ app_init ] --END-- [ RunTime:0.001068s ]
ERR: 无法加载模块:Favicon

[ 2015-10-01T08:57:51+08:00 ] 127.0.0.1 /Public/Uploads/thumb_2015-10-01/560c83f65407b.jpg
INFO: [ app_init ] --START--
INFO: Run Behavior\BuildLiteBehavior [ RunTime:0.000029s ]
INFO: [ app_init ] --END-- [ RunTime:0.000886s ]
ERR: 无法加载模块:Public

[ 2015-10-01T08:57:51+08:00 ] 127.0.0.1 /Public/Uploads/thumb_2015-09-30/560bec83e9a59.jpg
INFO: [ app_init ] --START--
INFO: Run Behavior\BuildLiteBehavior [ RunTime:0.000018s ]
INFO: [ app_init ] --END-- [ RunTime:0.000545s ]
ERR: 无法加载模块:Public

[ 2015-10-01T08:57:51+08:00 ] 127.0.0.1 /Public/Uploads/thumb_2015-10-01/560c84bdc509f.jpg
INFO: [ app_init ] --START--
INFO: Run Behavior\BuildLiteBehavior [ RunTime:0.000064s ]
INFO: [ app_init ] --END-- [ RunTime:0.001446s ]
ERR: 无法加载模块:Public

[ 2015-10-01T08:57:51+08:00 ] 127.0.0.1 /Public/Uploads/thumb_2015-10-01/560c84dacffaf.jpg
INFO: [ app_init ] --START--
INFO: Run Behavior\BuildLiteBehavior [ RunTime:0.000033s ]
INFO: [ app_init ] --END-- [ RunTime:0.001079s ]
ERR: 无法加载模块:Public

[ 2015-10-01T08:57:51+08:00 ] 127.0.0.1 /Public/Uploads/thumb_2015-10-01/560c84e4ee125.jpg
INFO: [ app_init ] --START--
INFO: Run Behavior\BuildLiteBehavior [ RunTime:0.000030s ]
INFO: [ app_init ] --END-- [ RunTime:0.000936s ]
ERR: 无法加载模块:Public

[ 2015-10-01T08:57:51+08:00 ] 127.0.0.1 /Public/Uploads/thumb_2015-10-01/560c84e4ee125.jpg
INFO: [ app_init ] --START--
INFO: Run Behavior\BuildLiteBehavior [ RunTime:0.000034s ]
INFO: [ app_init ] --END-- [ RunTime:0.001926s ]
ERR: 无法加载模块:Public

[ 2015-10-01T08:57:51+08:00 ] 127.0.0.1 /Public/Uploads/thumb_2015-10-01/560c84bdc509f.jpg
INFO: [ app_init ] --START--
INFO: Run Behavior\BuildLiteBehavior [ RunTime:0.000104s ]
INFO: [ app_init ] --END-- [ RunTime:0.001323s ]
ERR: 无法加载模块:Public

[ 2015-10-01T08:57:51+08:00 ] 127.0.0.1 /Public/Uploads/thumb_2015-09-30/560bec83e9a59.jpg
INFO: [ app_init ] --START--
INFO: Run Behavior\BuildLiteBehavior [ RunTime:0.000032s ]
INFO: [ app_init ] --END-- [ RunTime:0.001025s ]
ERR: 无法加载模块:Public

[ 2015-10-01T08:57:51+08:00 ] 127.0.0.1 /Public/Uploads/thumb_2015-10-01/560c83f65407b.jpg
INFO: [ app_init ] --START--
INFO: Run Behavior\BuildLiteBehavior [ RunTime:0.000033s ]
INFO: [ app_init ] --END-- [ RunTime:0.003899s ]
ERR: 无法加载模块:Public

[ 2015-10-01T08:57:51+08:00 ] 127.0.0.1 /Public/Uploads/thumb_2015-10-01/560c84dacffaf.jpg
INFO: [ app_init ] --START--
INFO: Run Behavior\BuildLiteBehavior [ RunTime:0.000033s ]
INFO: [ app_init ] --END-- [ RunTime:0.001095s ]
ERR: 无法加载模块:Public

[ 2015-10-01T09:00:17+08:00 ] 127.0.0.1 /Public/Uploads/thumb/2015-10-01/560c859d3acd6.jpg
INFO: [ app_init ] --START--
INFO: Run Behavior\BuildLiteBehavior [ RunTime:0.000038s ]
INFO: [ app_init ] --END-- [ RunTime:0.001216s ]
ERR: 无法加载模块:Public

[ 2015-10-01T09:00:17+08:00 ] 127.0.0.1 /Public/Uploads/thumb/2015-10-01/560c859076118.jpg
INFO: [ app_init ] --START--
INFO: Run Behavior\BuildLiteBehavior [ RunTime:0.000034s ]
INFO: [ app_init ] --END-- [ RunTime:0.001226s ]
ERR: 无法加载模块:Public

[ 2015-10-01T09:00:17+08:00 ] 127.0.0.1 /Public/Uploads/thumb/2015-10-01/560c859076118.jpg
INFO: [ app_init ] --START--
INFO: Run Behavior\BuildLiteBehavior [ RunTime:0.000018s ]
INFO: [ app_init ] --END-- [ RunTime:0.000537s ]
ERR: 无法加载模块:Public

[ 2015-10-01T09:00:17+08:00 ] 127.0.0.1 /Public/Uploads/thumb/2015-10-01/560c859d3acd6.jpg
INFO: [ app_init ] --START--
INFO: Run Behavior\BuildLiteBehavior [ RunTime:0.000038s ]
INFO: [ app_init ] --END-- [ RunTime:0.001140s ]
ERR: 无法加载模块:Public

[ 2015-10-01T09:04:49+08:00 ] 127.0.0.1 /Public/Uploads/2015-10-01/560c859076118.jpg
INFO: [ app_init ] --START--
INFO: Run Behavior\BuildLiteBehavior [ RunTime:0.000046s ]
INFO: [ app_init ] --END-- [ RunTime:0.001008s ]
ERR: 无法加载模块:Public

[ 2015-10-01T09:04:49+08:00 ] 127.0.0.1 /Public/Uploads/2015-10-01/560c859d3acd6.jpg
INFO: [ app_init ] --START--
INFO: Run Behavior\BuildLiteBehavior [ RunTime:0.000025s ]
INFO: [ app_init ] --END-- [ RunTime:0.000881s ]
ERR: 无法加载模块:Public

[ 2015-10-01T09:50:12+08:00 ] 127.0.0.1 /favicon.ico
INFO: [ app_init ] --START--
INFO: Run Behavior\BuildLiteBehavior [ RunTime:0.000031s ]
INFO: [ app_init ] --END-- [ RunTime:0.000772s ]
ERR: 无法加载模块:Favicon

[ 2015-10-01T13:00:44+08:00 ] 127.0.0.1 /favicon.ico
INFO: [ app_init ] --START--
INFO: Run Behavior\BuildLiteBehavior [ RunTime:0.001355s ]
INFO: [ app_init ] --END-- [ RunTime:0.002835s ]
ERR: 无法加载模块:Favicon

[ 2015-10-01T14:08:33+08:00 ] 127.0.0.1 /img/loading.gif
INFO: [ app_init ] --START--
INFO: Run Behavior\BuildLiteBehavior [ RunTime:0.000063s ]
INFO: [ app_init ] --END-- [ RunTime:0.004703s ]
ERR: 无法加载模块:Img

[ 2015-10-01T14:09:13+08:00 ] 127.0.0.1 /img/loading.gif
INFO: [ app_init ] --START--
INFO: Run Behavior\BuildLiteBehavior [ RunTime:0.000032s ]
INFO: [ app_init ] --END-- [ RunTime:0.000940s ]
ERR: 无法加载模块:Img

[ 2015-10-01T14:10:30+08:00 ] 127.0.0.1 /img/loading.gif
INFO: [ app_init ] --START--
INFO: Run Behavior\BuildLiteBehavior [ RunTime:0.000038s ]
INFO: [ app_init ] --END-- [ RunTime:0.000977s ]
ERR: 无法加载模块:Img

[ 2015-10-01T14:14:34+08:00 ] 127.0.0.1 /img/loading.gif
INFO: [ app_init ] --START--
INFO: Run Behavior\BuildLiteBehavior [ RunTime:0.000030s ]
INFO: [ app_init ] --END-- [ RunTime:0.000886s ]
ERR: 无法加载模块:Img

[ 2015-10-01T14:15:03+08:00 ] 127.0.0.1 /img/loading.gif
INFO: [ app_init ] --START--
INFO: Run Behavior\BuildLiteBehavior [ RunTime:0.000049s ]
INFO: [ app_init ] --END-- [ RunTime:0.000998s ]
ERR: 无法加载模块:Img

[ 2015-10-01T14:15:24+08:00 ] 127.0.0.1 /img/loading.gif
INFO: [ app_init ] --START--
INFO: Run Behavior\BuildLiteBehavior [ RunTime:0.000043s ]
INFO: [ app_init ] --END-- [ RunTime:0.001310s ]
ERR: 无法加载模块:Img

[ 2015-10-01T14:15:41+08:00 ] 127.0.0.1 /img/loading.gif
INFO: [ app_init ] --START--
INFO: Run Behavior\BuildLiteBehavior [ RunTime:0.000032s ]
INFO: [ app_init ] --END-- [ RunTime:0.001153s ]
ERR: 无法加载模块:Img

[ 2015-10-01T14:16:03+08:00 ] 127.0.0.1 /img/loading.gif
INFO: [ app_init ] --START--
INFO: Run Behavior\BuildLiteBehavior [ RunTime:0.000034s ]
INFO: [ app_init ] --END-- [ RunTime:0.003553s ]
ERR: 无法加载模块:Img

[ 2015-10-01T14:16:37+08:00 ] 127.0.0.1 /img/loading.gif
INFO: [ app_init ] --START--
INFO: Run Behavior\BuildLiteBehavior [ RunTime:0.000033s ]
INFO: [ app_init ] --END-- [ RunTime:0.000826s ]
ERR: 无法加载模块:Img

[ 2015-10-01T14:24:20+08:00 ] 127.0.0.1 /img/loading.gif
INFO: [ app_init ] --START--
INFO: Run Behavior\BuildLiteBehavior [ RunTime:0.000033s ]
INFO: [ app_init ] --END-- [ RunTime:0.000983s ]
ERR: 无法加载模块:Img

[ 2015-10-01T14:24:32+08:00 ] 127.0.0.1 /img/loading.gif
INFO: [ app_init ] --START--
INFO: Run Behavior\BuildLiteBehavior [ RunTime:0.000032s ]
INFO: [ app_init ] --END-- [ RunTime:0.001306s ]
ERR: 无法加载模块:Img

[ 2015-10-01T14:26:01+08:00 ] 127.0.0.1 /img/loading.gif
INFO: [ app_init ] --START--
INFO: Run Behavior\BuildLiteBehavior [ RunTime:0.000035s ]
INFO: [ app_init ] --END-- [ RunTime:0.000911s ]
ERR: 无法加载模块:Img

[ 2015-10-01T14:27:23+08:00 ] 127.0.0.1 /img/loading.gif
INFO: [ app_init ] --START--
INFO: Run Behavior\BuildLiteBehavior [ RunTime:0.000033s ]
INFO: [ app_init ] --END-- [ RunTime:0.000915s ]
ERR: 无法加载模块:Img

[ 2015-10-01T14:27:32+08:00 ] 127.0.0.1 /img/loading.gif
INFO: [ app_init ] --START--
INFO: Run Behavior\BuildLiteBehavior [ RunTime:0.000030s ]
INFO: [ app_init ] --END-- [ RunTime:0.000997s ]
ERR: 无法加载模块:Img

[ 2015-10-01T14:27:36+08:00 ] 127.0.0.1 /img/loading.gif
INFO: [ app_init ] --START--
INFO: Run Behavior\BuildLiteBehavior [ RunTime:0.000035s ]
INFO: [ app_init ] --END-- [ RunTime:0.009989s ]
ERR: 无法加载模块:Img

[ 2015-10-01T14:27:39+08:00 ] 127.0.0.1 /img/loading.gif
INFO: [ app_init ] --START--
INFO: Run Behavior\BuildLiteBehavior [ RunTime:0.000026s ]
INFO: [ app_init ] --END-- [ RunTime:0.000815s ]
ERR: 无法加载模块:Img

[ 2015-10-01T14:27:41+08:00 ] 127.0.0.1 /img/loading.gif
INFO: [ app_init ] --START--
INFO: Run Behavior\BuildLiteBehavior [ RunTime:0.000068s ]
INFO: [ app_init ] --END-- [ RunTime:0.001014s ]
ERR: 无法加载模块:Img

[ 2015-10-01T14:28:10+08:00 ] 127.0.0.1 /img/loading.gif
INFO: [ app_init ] --START--
INFO: Run Behavior\BuildLiteBehavior [ RunTime:0.000025s ]
INFO: [ app_init ] --END-- [ RunTime:0.000750s ]
ERR: 无法加载模块:Img

[ 2015-10-01T14:28:45+08:00 ] 127.0.0.1 /img/loading.gif
INFO: [ app_init ] --START--
INFO: Run Behavior\BuildLiteBehavior [ RunTime:0.000035s ]
INFO: [ app_init ] --END-- [ RunTime:0.000978s ]
ERR: 无法加载模块:Img

[ 2015-10-01T14:28:48+08:00 ] 127.0.0.1 /img/loading.gif
INFO: [ app_init ] --START--
INFO: Run Behavior\BuildLiteBehavior [ RunTime:0.000032s ]
INFO: [ app_init ] --END-- [ RunTime:0.003712s ]
ERR: 无法加载模块:Img

[ 2015-10-01T14:28:50+08:00 ] 127.0.0.1 /img/loading.gif
INFO: [ app_init ] --START--
INFO: Run Behavior\BuildLiteBehavior [ RunTime:0.000033s ]
INFO: [ app_init ] --END-- [ RunTime:0.000849s ]
ERR: 无法加载模块:Img

[ 2015-10-01T14:29:18+08:00 ] 127.0.0.1 /img/loading.gif
INFO: [ app_init ] --START--
INFO: Run Behavior\BuildLiteBehavior [ RunTime:0.000053s ]
INFO: [ app_init ] --END-- [ RunTime:0.002061s ]
ERR: 无法加载模块:Img

[ 2015-10-01T14:30:39+08:00 ] 127.0.0.1 /img/loading.gif
INFO: [ app_init ] --START--
INFO: Run Behavior\BuildLiteBehavior [ RunTime:0.000031s ]
INFO: [ app_init ] --END-- [ RunTime:0.000918s ]
ERR: 无法加载模块:Img

[ 2015-10-01T14:31:35+08:00 ] 127.0.0.1 /img/loading.gif
INFO: [ app_init ] --START--
INFO: Run Behavior\BuildLiteBehavior [ RunTime:0.000032s ]
INFO: [ app_init ] --END-- [ RunTime:0.039740s ]
ERR: 无法加载模块:Img

[ 2015-10-01T14:31:35+08:00 ] 127.0.0.1 /a-markdown/Public/Uploads/2015-10-01/560cd347a7146.jpg
INFO: [ app_init ] --START--
INFO: Run Behavior\BuildLiteBehavior [ RunTime:0.000038s ]
INFO: [ app_init ] --END-- [ RunTime:0.003967s ]
ERR: 无法加载模块:A-markdown

[ 2015-10-01T14:31:37+08:00 ] 127.0.0.1 /a-markdown/Public/Uploads/2015-10-01/560cd347a7146.jpg
INFO: [ app_init ] --START--
INFO: Run Behavior\BuildLiteBehavior [ RunTime:0.000018s ]
INFO: [ app_init ] --END-- [ RunTime:0.000520s ]
ERR: 无法加载模块:A-markdown

[ 2015-10-01T14:32:06+08:00 ] 127.0.0.1 /img/loading.gif
INFO: [ app_init ] --START--
INFO: Run Behavior\BuildLiteBehavior [ RunTime:0.000101s ]
INFO: [ app_init ] --END-- [ RunTime:0.014305s ]
ERR: 无法加载模块:Img

[ 2015-10-01T14:32:40+08:00 ] 127.0.0.1 /img/loading.gif
INFO: [ app_init ] --START--
INFO: Run Behavior\BuildLiteBehavior [ RunTime:0.000126s ]
INFO: [ app_init ] --END-- [ RunTime:0.001316s ]
ERR: 无法加载模块:Img

[ 2015-10-01T14:32:45+08:00 ] 127.0.0.1 /img/loading.gif
INFO: [ app_init ] --START--
INFO: Run Behavior\BuildLiteBehavior [ RunTime:0.000047s ]
INFO: [ app_init ] --END-- [ RunTime:0.004146s ]
ERR: 无法加载模块:Img

[ 2015-10-01T14:32:45+08:00 ] 127.0.0.1 /a-markdown/%E6%B2%A1%E6%9C%89%E6%96%87%E4%BB%B6%E8%A2%AB%E4%B8%8A%E4%BC%A0%EF%BC%81
INFO: [ app_init ] --START--
INFO: Run Behavior\BuildLiteBehavior [ RunTime:0.000037s ]
INFO: [ app_init ] --END-- [ RunTime:0.000981s ]
ERR: 无法加载模块:A-markdown

[ 2015-10-01T14:32:48+08:00 ] 127.0.0.1 /img/loading.gif
INFO: [ app_init ] --START--
INFO: Run Behavior\BuildLiteBehavior [ RunTime:0.000033s ]
INFO: [ app_init ] --END-- [ RunTime:0.001091s ]
ERR: 无法加载模块:Img

[ 2015-10-01T15:11:13+08:00 ] 127.0.0.1 /Public/MD/css/font-awesome//Public/MD/css/font-awesome.css
INFO: [ app_init ] --START--
INFO: Run Behavior\BuildLiteBehavior [ RunTime:0.000036s ]
INFO: [ app_init ] --END-- [ RunTime:0.000964s ]
ERR: 无法加载模块:Public

[ 2015-10-01T15:12:02+08:00 ] 127.0.0.1 /Public/MD/css/font-awesome//Public/MD/css/font-awesome.css
INFO: [ app_init ] --START--
INFO: Run Behavior\BuildLiteBehavior [ RunTime:0.000020s ]
INFO: [ app_init ] --END-- [ RunTime:0.000627s ]
ERR: 无法加载模块:Public

[ 2015-10-01T15:12:21+08:00 ] 127.0.0.1 /Public/MD/css/font-awesome//Public/MD/css/font-awesome.css
INFO: [ app_init ] --START--
INFO: Run Behavior\BuildLiteBehavior [ RunTime:0.000022s ]
INFO: [ app_init ] --END-- [ RunTime:0.000583s ]
ERR: 无法加载模块:Public

[ 2015-10-01T15:12:25+08:00 ] 127.0.0.1 /Public/MD/css/font-awesome//Public/MD/css/font-awesome.css
INFO: [ app_init ] --START--
INFO: Run Behavior\BuildLiteBehavior [ RunTime:0.000105s ]
INFO: [ app_init ] --END-- [ RunTime:0.002480s ]
ERR: 无法加载模块:Public

[ 2015-10-01T15:13:10+08:00 ] 127.0.0.1 /Public/MD/css/font-awesome/font-awesome.css
INFO: [ app_init ] --START--
INFO: Run Behavior\BuildLiteBehavior [ RunTime:0.000033s ]
INFO: [ app_init ] --END-- [ RunTime:0.002382s ]
ERR: 无法加载模块:Public

[ 2015-10-01T15:13:33+08:00 ] 127.0.0.1 /Public/MD/css/font-awesome/font-awesome.css
INFO: [ app_init ] --START--
INFO: Run Behavior\BuildLiteBehavior [ RunTime:0.000032s ]
INFO: [ app_init ] --END-- [ RunTime:0.000878s ]
ERR: 无法加载模块:Public

[ 2015-10-01T15:14:06+08:00 ] 127.0.0.1 /Public/MD/css/font-awesome/font-awesome.css
INFO: [ app_init ] --START--
INFO: Run Behavior\BuildLiteBehavior [ RunTime:0.000036s ]
INFO: [ app_init ] --END-- [ RunTime:0.000854s ]
ERR: 无法加载模块:Public

[ 2015-10-01T15:14:07+08:00 ] 127.0.0.1 /favicon.ico
INFO: [ app_init ] --START--
INFO: Run Behavior\BuildLiteBehavior [ RunTime:0.000041s ]
INFO: [ app_init ] --END-- [ RunTime:0.004712s ]
ERR: 无法加载模块:Favicon

[ 2015-10-01T16:35:14+08:00 ] 127.0.0.1 /img/loading.gif
INFO: [ app_init ] --START--
INFO: Run Behavior\BuildLiteBehavior [ RunTime:0.000033s ]
INFO: [ app_init ] --END-- [ RunTime:0.000934s ]
ERR: 无法加载模块:Img

[ 2015-10-01T16:38:27+08:00 ] 127.0.0.1 /img/loading.gif
INFO: [ app_init ] --START--
INFO: Run Behavior\BuildLiteBehavior [ RunTime:0.000035s ]
INFO: [ app_init ] --END-- [ RunTime:0.001155s ]
ERR: 无法加载模块:Img

[ 2015-10-01T21:19:54+08:00 ] 127.0.0.1 /index.php/assets/i/favicon.png
INFO: [ app_init ] --START--
INFO: Run Behavior\BuildLiteBehavior [ RunTime:0.000022s ]
INFO: [ app_init ] --END-- [ RunTime:0.000853s ]
ERR: 无法加载模块:Assets

[ 2015-10-01T21:20:01+08:00 ] 127.0.0.1 /index.php/Admin/Find.html
INFO: [ app_init ] --START--
INFO: Run Behavior\BuildLiteBehavior [ RunTime:0.000146s ]
INFO: [ app_init ] --END-- [ RunTime:0.001987s ]
ERR: 无法加载模块:Admin

[ 2015-10-01T21:20:38+08:00 ] 127.0.0.1 /index.php/Admin/Setting.html
INFO: [ app_init ] --START--
INFO: Run Behavior\BuildLiteBehavior [ RunTime:0.000021s ]
INFO: [ app_init ] --END-- [ RunTime:0.000631s ]
ERR: 无法加载模块:Admin

