[ 2015-10-05T13:28:31+08:00 ] 127.0.0.1 /
INFO: [ app_init ] --START--
INFO: Run Behavior\BuildLiteBehavior [ RunTime:0.000070s ]
INFO: [ app_init ] --END-- [ RunTime:0.001607s ]
INFO: [ app_begin ] --START--
INFO: Run Behavior\ReadHtmlCacheBehavior [ RunTime:0.001723s ]
INFO: [ app_begin ] --END-- [ RunTime:0.001833s ]
INFO: [ view_parse ] --START--
INFO: [ template_filter ] --START--
INFO: Run Behavior\ContentReplaceBehavior [ RunTime:0.000042s ]
INFO: [ template_filter ] --END-- [ RunTime:0.000115s ]
INFO: Run Behavior\ParseTemplateBehavior [ RunTime:0.014613s ]
INFO: [ view_parse ] --END-- [ RunTime:0.014702s ]
INFO: [ view_filter ] --START--
INFO: Run Behavior\WriteHtmlCacheBehavior [ RunTime:0.001258s ]
INFO: [ view_filter ] --END-- [ RunTime:0.001325s ]
INFO: [ app_end ] --START--
INFO: Run Behavior\ShowPageTraceBehavior [ RunTime:0.001122s ]
INFO: [ app_end ] --END-- [ RunTime:0.001177s ]

[ 2015-10-05T13:30:44+08:00 ] 127.0.0.1 /Admin
INFO: [ app_init ] --START--
INFO: Run Behavior\BuildLiteBehavior [ RunTime:0.000018s ]
INFO: [ app_init ] --END-- [ RunTime:0.000518s ]
INFO: [ app_begin ] --START--
INFO: Run Behavior\ReadHtmlCacheBehavior [ RunTime:0.000875s ]
INFO: [ app_begin ] --END-- [ RunTime:0.000969s ]
ERR: 无法加载控制器:Index

[ 2015-10-05T13:30:58+08:00 ] 127.0.0.1 /index.php/Admin
INFO: [ app_init ] --START--
INFO: Run Behavior\BuildLiteBehavior [ RunTime:0.000032s ]
INFO: [ app_init ] --END-- [ RunTime:0.000616s ]
INFO: [ app_begin ] --START--
INFO: Run Behavior\ReadHtmlCacheBehavior [ RunTime:0.000638s ]
INFO: [ app_begin ] --END-- [ RunTime:0.000724s ]
ERR: 无法加载控制器:Index

[ 2015-10-05T13:31:17+08:00 ] 127.0.0.1 /index.php/Admin
INFO: [ app_init ] --START--
INFO: Run Behavior\BuildLiteBehavior [ RunTime:0.000019s ]
INFO: [ app_init ] --END-- [ RunTime:0.000494s ]
INFO: [ app_begin ] --START--
INFO: Run Behavior\ReadHtmlCacheBehavior [ RunTime:0.000763s ]
INFO: [ app_begin ] --END-- [ RunTime:0.000862s ]
ERR: 无法加载控制器:Index

[ 2015-10-05T13:31:17+08:00 ] 127.0.0.1 /index.php/Admin
INFO: [ app_init ] --START--
INFO: Run Behavior\BuildLiteBehavior [ RunTime:0.000020s ]
INFO: [ app_init ] --END-- [ RunTime:0.000478s ]
INFO: [ app_begin ] --START--
INFO: Run Behavior\ReadHtmlCacheBehavior [ RunTime:0.000588s ]
INFO: [ app_begin ] --END-- [ RunTime:0.000659s ]
ERR: 无法加载控制器:Index

[ 2015-10-05T13:31:18+08:00 ] 127.0.0.1 /index.php/Admin
INFO: [ app_init ] --START--
INFO: Run Behavior\BuildLiteBehavior [ RunTime:0.000020s ]
INFO: [ app_init ] --END-- [ RunTime:0.000467s ]
INFO: [ app_begin ] --START--
INFO: Run Behavior\ReadHtmlCacheBehavior [ RunTime:0.000584s ]
INFO: [ app_begin ] --END-- [ RunTime:0.000654s ]
ERR: 无法加载控制器:Index

[ 2015-10-05T13:31:53+08:00 ] 127.0.0.1 /index.php/Admin
INFO: [ app_init ] --START--
INFO: Run Behavior\BuildLiteBehavior [ RunTime:0.000019s ]
INFO: [ app_init ] --END-- [ RunTime:0.000631s ]
INFO: [ app_begin ] --START--
INFO: Run Behavior\ReadHtmlCacheBehavior [ RunTime:0.000932s ]
INFO: [ app_begin ] --END-- [ RunTime:0.001014s ]
ERR: 无法加载控制器:Index

[ 2015-10-05T13:32:25+08:00 ] 127.0.0.1 /index.php/Admin
INFO: [ app_init ] --START--
INFO: Run Behavior\BuildLiteBehavior [ RunTime:0.000020s ]
INFO: [ app_init ] --END-- [ RunTime:0.000494s ]
INFO: [ app_begin ] --START--
INFO: Run Behavior\ReadHtmlCacheBehavior [ RunTime:0.000597s ]
INFO: [ app_begin ] --END-- [ RunTime:0.000668s ]
INFO: [ view_parse ] --START--
INFO: [ template_filter ] --START--
INFO: Run Behavior\ContentReplaceBehavior [ RunTime:0.000082s ]
INFO: [ template_filter ] --END-- [ RunTime:0.000203s ]
SQL: SHOW COLUMNS FROM `lab_user` [ RunTime:0.0142s ]
NOTIC: [8] Undefined variable: pro D:\php\HttpClient\phpStudy\LAB\Application\Runtime\Cache\Admin\b595b808c2ebeeeb0478ffc30bb4e87a.php 第 102 行.
NOTIC: [8] Undefined variable: page D:\php\HttpClient\phpStudy\LAB\Application\Runtime\Cache\Admin\b595b808c2ebeeeb0478ffc30bb4e87a.php 第 103 行.
NOTIC: [8] Undefined variable: page D:\php\HttpClient\phpStudy\LAB\Application\Runtime\Cache\Admin\b595b808c2ebeeeb0478ffc30bb4e87a.php 第 104 行.
NOTIC: [8] Undefined variable: pro D:\php\HttpClient\phpStudy\LAB\Application\Runtime\Cache\Admin\b595b808c2ebeeeb0478ffc30bb4e87a.php 第 125 行.
INFO: Run Behavior\ParseTemplateBehavior [ RunTime:0.074313s ]
INFO: [ view_parse ] --END-- [ RunTime:0.074385s ]
INFO: [ view_filter ] --START--
INFO: Run Behavior\WriteHtmlCacheBehavior [ RunTime:0.000941s ]
INFO: [ view_filter ] --END-- [ RunTime:0.001010s ]
INFO: [ app_end ] --START--
INFO: Run Behavior\ShowPageTraceBehavior [ RunTime:0.001155s ]
INFO: [ app_end ] --END-- [ RunTime:0.001254s ]

[ 2015-10-05T13:34:42+08:00 ] 127.0.0.1 /index.php/Admin
INFO: [ app_init ] --START--
INFO: Run Behavior\BuildLiteBehavior [ RunTime:0.000019s ]
INFO: [ app_init ] --END-- [ RunTime:0.000536s ]
INFO: [ app_begin ] --START--
INFO: Run Behavior\ReadHtmlCacheBehavior [ RunTime:0.000781s ]
INFO: [ app_begin ] --END-- [ RunTime:0.000847s ]
INFO: [ view_parse ] --START--
INFO: [ template_filter ] --START--
INFO: Run Behavior\ContentReplaceBehavior [ RunTime:0.000051s ]
INFO: [ template_filter ] --END-- [ RunTime:0.000123s ]
SQL: SHOW COLUMNS FROM `lab_user` [ RunTime:0.0135s ]
NOTIC: [8] Undefined variable: pro D:\php\HttpClient\phpStudy\LAB\Application\Runtime\Cache\Admin\b595b808c2ebeeeb0478ffc30bb4e87a.php 第 102 行.
NOTIC: [8] Undefined variable: page D:\php\HttpClient\phpStudy\LAB\Application\Runtime\Cache\Admin\b595b808c2ebeeeb0478ffc30bb4e87a.php 第 103 行.
NOTIC: [8] Undefined variable: page D:\php\HttpClient\phpStudy\LAB\Application\Runtime\Cache\Admin\b595b808c2ebeeeb0478ffc30bb4e87a.php 第 104 行.
NOTIC: [8] Undefined variable: pro D:\php\HttpClient\phpStudy\LAB\Application\Runtime\Cache\Admin\b595b808c2ebeeeb0478ffc30bb4e87a.php 第 125 行.
INFO: Run Behavior\ParseTemplateBehavior [ RunTime:0.049414s ]
INFO: [ view_parse ] --END-- [ RunTime:0.049493s ]
INFO: [ view_filter ] --START--
INFO: Run Behavior\WriteHtmlCacheBehavior [ RunTime:0.000868s ]
INFO: [ view_filter ] --END-- [ RunTime:0.000922s ]
INFO: [ app_end ] --START--
INFO: Run Behavior\ShowPageTraceBehavior [ RunTime:0.001145s ]
INFO: [ app_end ] --END-- [ RunTime:0.001209s ]

[ 2015-10-05T13:35:52+08:00 ] 127.0.0.1 /index.php/Admin
INFO: [ app_init ] --START--
INFO: Run Behavior\BuildLiteBehavior [ RunTime:0.000020s ]
INFO: [ app_init ] --END-- [ RunTime:0.000581s ]
INFO: [ app_begin ] --START--
INFO: Run Behavior\ReadHtmlCacheBehavior [ RunTime:0.001059s ]
INFO: [ app_begin ] --END-- [ RunTime:0.001185s ]
INFO: [ view_parse ] --START--
INFO: [ template_filter ] --START--
INFO: Run Behavior\ContentReplaceBehavior [ RunTime:0.000053s ]
INFO: [ template_filter ] --END-- [ RunTime:0.000125s ]
SQL: SHOW COLUMNS FROM `lab_user` [ RunTime:0.0136s ]
NOTIC: [8] Undefined variable: pro D:\php\HttpClient\phpStudy\LAB\Application\Runtime\Cache\Admin\b595b808c2ebeeeb0478ffc30bb4e87a.php 第 102 行.
NOTIC: [8] Undefined variable: page D:\php\HttpClient\phpStudy\LAB\Application\Runtime\Cache\Admin\b595b808c2ebeeeb0478ffc30bb4e87a.php 第 103 行.
NOTIC: [8] Undefined variable: page D:\php\HttpClient\phpStudy\LAB\Application\Runtime\Cache\Admin\b595b808c2ebeeeb0478ffc30bb4e87a.php 第 104 行.
NOTIC: [8] Undefined variable: pro D:\php\HttpClient\phpStudy\LAB\Application\Runtime\Cache\Admin\b595b808c2ebeeeb0478ffc30bb4e87a.php 第 125 行.
INFO: Run Behavior\ParseTemplateBehavior [ RunTime:0.048873s ]
INFO: [ view_parse ] --END-- [ RunTime:0.048955s ]
INFO: [ view_filter ] --START--
INFO: Run Behavior\WriteHtmlCacheBehavior [ RunTime:0.001014s ]
INFO: [ view_filter ] --END-- [ RunTime:0.001095s ]
INFO: [ app_end ] --START--
INFO: Run Behavior\ShowPageTraceBehavior [ RunTime:0.001197s ]
INFO: [ app_end ] --END-- [ RunTime:0.001267s ]

[ 2015-10-05T13:36:02+08:00 ] 127.0.0.1 /index.php/Admin
INFO: [ app_init ] --START--
INFO: Run Behavior\BuildLiteBehavior [ RunTime:0.000017s ]
INFO: [ app_init ] --END-- [ RunTime:0.000484s ]
INFO: [ app_begin ] --START--
INFO: Run Behavior\ReadHtmlCacheBehavior [ RunTime:0.000799s ]
INFO: [ app_begin ] --END-- [ RunTime:0.000863s ]
INFO: [ view_parse ] --START--
INFO: [ template_filter ] --START--
INFO: Run Behavior\ContentReplaceBehavior [ RunTime:0.000054s ]
INFO: [ template_filter ] --END-- [ RunTime:0.000132s ]
SQL: SHOW COLUMNS FROM `lab_user` [ RunTime:0.0133s ]
NOTIC: [8] Undefined variable: pro D:\php\HttpClient\phpStudy\LAB\Application\Runtime\Cache\Admin\b595b808c2ebeeeb0478ffc30bb4e87a.php 第 102 行.
NOTIC: [8] Undefined variable: page D:\php\HttpClient\phpStudy\LAB\Application\Runtime\Cache\Admin\b595b808c2ebeeeb0478ffc30bb4e87a.php 第 103 行.
NOTIC: [8] Undefined variable: page D:\php\HttpClient\phpStudy\LAB\Application\Runtime\Cache\Admin\b595b808c2ebeeeb0478ffc30bb4e87a.php 第 104 行.
NOTIC: [8] Undefined variable: pro D:\php\HttpClient\phpStudy\LAB\Application\Runtime\Cache\Admin\b595b808c2ebeeeb0478ffc30bb4e87a.php 第 125 行.
INFO: Run Behavior\ParseTemplateBehavior [ RunTime:0.046663s ]
INFO: [ view_parse ] --END-- [ RunTime:0.046741s ]
INFO: [ view_filter ] --START--
INFO: Run Behavior\WriteHtmlCacheBehavior [ RunTime:0.000860s ]
INFO: [ view_filter ] --END-- [ RunTime:0.000915s ]
INFO: [ app_end ] --START--
INFO: Run Behavior\ShowPageTraceBehavior [ RunTime:0.000949s ]
INFO: [ app_end ] --END-- [ RunTime:0.001009s ]

[ 2015-10-05T13:41:58+08:00 ] 127.0.0.1 /index.php/Admin
INFO: [ app_init ] --START--
INFO: Run Behavior\BuildLiteBehavior [ RunTime:0.000019s ]
INFO: [ app_init ] --END-- [ RunTime:0.000665s ]
INFO: [ app_begin ] --START--
INFO: Run Behavior\ReadHtmlCacheBehavior [ RunTime:0.001298s ]
INFO: [ app_begin ] --END-- [ RunTime:0.001407s ]
INFO: [ view_parse ] --START--
INFO: [ template_filter ] --START--
INFO: Run Behavior\ContentReplaceBehavior [ RunTime:0.000057s ]
INFO: [ template_filter ] --END-- [ RunTime:0.000133s ]
SQL: SHOW COLUMNS FROM `lab_user` [ RunTime:0.0141s ]
NOTIC: [8] Undefined variable: pro D:\php\HttpClient\phpStudy\LAB\Application\Runtime\Cache\Admin\b595b808c2ebeeeb0478ffc30bb4e87a.php 第 102 行.
NOTIC: [8] Undefined variable: page D:\php\HttpClient\phpStudy\LAB\Application\Runtime\Cache\Admin\b595b808c2ebeeeb0478ffc30bb4e87a.php 第 103 行.
NOTIC: [8] Undefined variable: page D:\php\HttpClient\phpStudy\LAB\Application\Runtime\Cache\Admin\b595b808c2ebeeeb0478ffc30bb4e87a.php 第 104 行.
NOTIC: [8] Undefined variable: pro D:\php\HttpClient\phpStudy\LAB\Application\Runtime\Cache\Admin\b595b808c2ebeeeb0478ffc30bb4e87a.php 第 125 行.
INFO: Run Behavior\ParseTemplateBehavior [ RunTime:0.053828s ]
INFO: [ view_parse ] --END-- [ RunTime:0.053893s ]
INFO: [ view_filter ] --START--
INFO: Run Behavior\WriteHtmlCacheBehavior [ RunTime:0.000686s ]
INFO: [ view_filter ] --END-- [ RunTime:0.000741s ]
INFO: [ app_end ] --START--
INFO: Run Behavior\ShowPageTraceBehavior [ RunTime:0.000833s ]
INFO: [ app_end ] --END-- [ RunTime:0.000901s ]

[ 2015-10-05T13:42:15+08:00 ] 127.0.0.1 /index.php/Admin
INFO: [ app_init ] --START--
INFO: Run Behavior\BuildLiteBehavior [ RunTime:0.000015s ]
INFO: [ app_init ] --END-- [ RunTime:0.000371s ]
INFO: [ app_begin ] --START--
INFO: Run Behavior\ReadHtmlCacheBehavior [ RunTime:0.000542s ]
INFO: [ app_begin ] --END-- [ RunTime:0.000608s ]
INFO: [ view_parse ] --START--
INFO: [ template_filter ] --START--
INFO: Run Behavior\ContentReplaceBehavior [ RunTime:0.000052s ]
INFO: [ template_filter ] --END-- [ RunTime:0.000123s ]
SQL: SHOW COLUMNS FROM `lab_user` [ RunTime:0.0121s ]
NOTIC: [8] Undefined variable: pro D:\php\HttpClient\phpStudy\LAB\Application\Runtime\Cache\Admin\b595b808c2ebeeeb0478ffc30bb4e87a.php 第 102 行.
NOTIC: [8] Undefined variable: page D:\php\HttpClient\phpStudy\LAB\Application\Runtime\Cache\Admin\b595b808c2ebeeeb0478ffc30bb4e87a.php 第 103 行.
NOTIC: [8] Undefined variable: page D:\php\HttpClient\phpStudy\LAB\Application\Runtime\Cache\Admin\b595b808c2ebeeeb0478ffc30bb4e87a.php 第 104 行.
NOTIC: [8] Undefined variable: pro D:\php\HttpClient\phpStudy\LAB\Application\Runtime\Cache\Admin\b595b808c2ebeeeb0478ffc30bb4e87a.php 第 125 行.
INFO: Run Behavior\ParseTemplateBehavior [ RunTime:0.043942s ]
INFO: [ view_parse ] --END-- [ RunTime:0.044009s ]
INFO: [ view_filter ] --START--
INFO: Run Behavior\WriteHtmlCacheBehavior [ RunTime:0.000449s ]
INFO: [ view_filter ] --END-- [ RunTime:0.000502s ]
INFO: [ app_end ] --START--
INFO: Run Behavior\ShowPageTraceBehavior [ RunTime:0.000534s ]
INFO: [ app_end ] --END-- [ RunTime:0.000587s ]

[ 2015-10-05T13:42:15+08:00 ] 127.0.0.1 /index.php/Admin
INFO: [ app_init ] --START--
INFO: Run Behavior\BuildLiteBehavior [ RunTime:0.000020s ]
INFO: [ app_init ] --END-- [ RunTime:0.000573s ]
INFO: [ app_begin ] --START--
INFO: Run Behavior\ReadHtmlCacheBehavior [ RunTime:0.001223s ]
INFO: [ app_begin ] --END-- [ RunTime:0.001298s ]
INFO: [ view_parse ] --START--
INFO: [ template_filter ] --START--
INFO: Run Behavior\ContentReplaceBehavior [ RunTime:0.000056s ]
INFO: [ template_filter ] --END-- [ RunTime:0.000242s ]
SQL: SHOW COLUMNS FROM `lab_user` [ RunTime:0.0089s ]
NOTIC: [8] Undefined variable: pro D:\php\HttpClient\phpStudy\LAB\Application\Runtime\Cache\Admin\b595b808c2ebeeeb0478ffc30bb4e87a.php 第 102 行.
NOTIC: [8] Undefined variable: page D:\php\HttpClient\phpStudy\LAB\Application\Runtime\Cache\Admin\b595b808c2ebeeeb0478ffc30bb4e87a.php 第 103 行.
NOTIC: [8] Undefined variable: page D:\php\HttpClient\phpStudy\LAB\Application\Runtime\Cache\Admin\b595b808c2ebeeeb0478ffc30bb4e87a.php 第 104 行.
NOTIC: [8] Undefined variable: pro D:\php\HttpClient\phpStudy\LAB\Application\Runtime\Cache\Admin\b595b808c2ebeeeb0478ffc30bb4e87a.php 第 125 行.
INFO: Run Behavior\ParseTemplateBehavior [ RunTime:0.040602s ]
INFO: [ view_parse ] --END-- [ RunTime:0.040670s ]
INFO: [ view_filter ] --START--
INFO: Run Behavior\WriteHtmlCacheBehavior [ RunTime:0.001196s ]
INFO: [ view_filter ] --END-- [ RunTime:0.001280s ]
INFO: [ app_end ] --START--
INFO: Run Behavior\ShowPageTraceBehavior [ RunTime:0.001439s ]
INFO: [ app_end ] --END-- [ RunTime:0.001547s ]

[ 2015-10-05T13:42:25+08:00 ] 127.0.0.1 /index.php/Admin
INFO: [ app_init ] --START--
INFO: Run Behavior\BuildLiteBehavior [ RunTime:0.000017s ]
INFO: [ app_init ] --END-- [ RunTime:0.000556s ]
INFO: [ app_begin ] --START--
INFO: Run Behavior\ReadHtmlCacheBehavior [ RunTime:0.000784s ]
INFO: [ app_begin ] --END-- [ RunTime:0.000853s ]
INFO: [ view_parse ] --START--
INFO: [ template_filter ] --START--
INFO: Run Behavior\ContentReplaceBehavior [ RunTime:0.000065s ]
INFO: [ template_filter ] --END-- [ RunTime:0.000146s ]
SQL: SHOW COLUMNS FROM `lab_user` [ RunTime:0.0141s ]
NOTIC: [8] Undefined variable: pro D:\php\HttpClient\phpStudy\LAB\Application\Runtime\Cache\Admin\b595b808c2ebeeeb0478ffc30bb4e87a.php 第 102 行.
NOTIC: [8] Undefined variable: page D:\php\HttpClient\phpStudy\LAB\Application\Runtime\Cache\Admin\b595b808c2ebeeeb0478ffc30bb4e87a.php 第 103 行.
NOTIC: [8] Undefined variable: page D:\php\HttpClient\phpStudy\LAB\Application\Runtime\Cache\Admin\b595b808c2ebeeeb0478ffc30bb4e87a.php 第 104 行.
NOTIC: [8] Undefined variable: pro D:\php\HttpClient\phpStudy\LAB\Application\Runtime\Cache\Admin\b595b808c2ebeeeb0478ffc30bb4e87a.php 第 125 行.
INFO: Run Behavior\ParseTemplateBehavior [ RunTime:0.049916s ]
INFO: [ view_parse ] --END-- [ RunTime:0.049983s ]
INFO: [ view_filter ] --START--
INFO: Run Behavior\WriteHtmlCacheBehavior [ RunTime:0.000932s ]
INFO: [ view_filter ] --END-- [ RunTime:0.000997s ]
INFO: [ app_end ] --START--
INFO: Run Behavior\ShowPageTraceBehavior [ RunTime:0.001022s ]
INFO: [ app_end ] --END-- [ RunTime:0.001092s ]

[ 2015-10-05T13:42:55+08:00 ] 127.0.0.1 /index.php/Admin
INFO: [ app_init ] --START--
INFO: Run Behavior\BuildLiteBehavior [ RunTime:0.000022s ]
INFO: [ app_init ] --END-- [ RunTime:0.000858s ]
INFO: [ app_begin ] --START--
INFO: Run Behavior\ReadHtmlCacheBehavior [ RunTime:0.000949s ]
INFO: [ app_begin ] --END-- [ RunTime:0.001037s ]
INFO: [ view_parse ] --START--
INFO: [ template_filter ] --START--
INFO: Run Behavior\ContentReplaceBehavior [ RunTime:0.000063s ]
INFO: [ template_filter ] --END-- [ RunTime:0.000147s ]
SQL: SHOW COLUMNS FROM `lab_user` [ RunTime:0.0199s ]
NOTIC: [8] Undefined variable: pro D:\php\HttpClient\phpStudy\LAB\Application\Runtime\Cache\Admin\b595b808c2ebeeeb0478ffc30bb4e87a.php 第 102 行.
NOTIC: [8] Undefined variable: page D:\php\HttpClient\phpStudy\LAB\Application\Runtime\Cache\Admin\b595b808c2ebeeeb0478ffc30bb4e87a.php 第 103 行.
NOTIC: [8] Undefined variable: page D:\php\HttpClient\phpStudy\LAB\Application\Runtime\Cache\Admin\b595b808c2ebeeeb0478ffc30bb4e87a.php 第 104 行.
NOTIC: [8] Undefined variable: pro D:\php\HttpClient\phpStudy\LAB\Application\Runtime\Cache\Admin\b595b808c2ebeeeb0478ffc30bb4e87a.php 第 125 行.
INFO: Run Behavior\ParseTemplateBehavior [ RunTime:0.052993s ]
INFO: [ view_parse ] --END-- [ RunTime:0.053069s ]
INFO: [ view_filter ] --START--
INFO: Run Behavior\WriteHtmlCacheBehavior [ RunTime:0.000829s ]
INFO: [ view_filter ] --END-- [ RunTime:0.000917s ]
INFO: [ app_end ] --START--
INFO: Run Behavior\ShowPageTraceBehavior [ RunTime:0.001142s ]
INFO: [ app_end ] --END-- [ RunTime:0.001218s ]

[ 2015-10-05T13:43:12+08:00 ] 127.0.0.1 /index.php/Admin
INFO: [ app_init ] --START--
INFO: Run Behavior\BuildLiteBehavior [ RunTime:0.000017s ]
INFO: [ app_init ] --END-- [ RunTime:0.000419s ]
INFO: [ app_begin ] --START--
INFO: Run Behavior\ReadHtmlCacheBehavior [ RunTime:0.000517s ]
INFO: [ app_begin ] --END-- [ RunTime:0.000574s ]
INFO: [ view_parse ] --START--
INFO: [ template_filter ] --START--
INFO: Run Behavior\ContentReplaceBehavior [ RunTime:0.000054s ]
INFO: [ template_filter ] --END-- [ RunTime:0.000129s ]
SQL: SHOW COLUMNS FROM `lab_user` [ RunTime:0.0135s ]
NOTIC: [8] Undefined variable: pro D:\php\HttpClient\phpStudy\LAB\Application\Runtime\Cache\Admin\b595b808c2ebeeeb0478ffc30bb4e87a.php 第 102 行.
NOTIC: [8] Undefined variable: page D:\php\HttpClient\phpStudy\LAB\Application\Runtime\Cache\Admin\b595b808c2ebeeeb0478ffc30bb4e87a.php 第 103 行.
NOTIC: [8] Undefined variable: page D:\php\HttpClient\phpStudy\LAB\Application\Runtime\Cache\Admin\b595b808c2ebeeeb0478ffc30bb4e87a.php 第 104 行.
NOTIC: [8] Undefined variable: pro D:\php\HttpClient\phpStudy\LAB\Application\Runtime\Cache\Admin\b595b808c2ebeeeb0478ffc30bb4e87a.php 第 125 行.
INFO: Run Behavior\ParseTemplateBehavior [ RunTime:0.035498s ]
INFO: [ view_parse ] --END-- [ RunTime:0.035570s ]
INFO: [ view_filter ] --START--
INFO: Run Behavior\WriteHtmlCacheBehavior [ RunTime:0.000464s ]
INFO: [ view_filter ] --END-- [ RunTime:0.000517s ]
INFO: [ app_end ] --START--
INFO: Run Behavior\ShowPageTraceBehavior [ RunTime:0.000943s ]
INFO: [ app_end ] --END-- [ RunTime:0.000997s ]

[ 2015-10-05T13:43:29+08:00 ] 127.0.0.1 /index.php/Admin
INFO: [ app_init ] --START--
INFO: Run Behavior\BuildLiteBehavior [ RunTime:0.000020s ]
INFO: [ app_init ] --END-- [ RunTime:0.000486s ]
INFO: [ app_begin ] --START--
INFO: Run Behavior\ReadHtmlCacheBehavior [ RunTime:0.000736s ]
INFO: [ app_begin ] --END-- [ RunTime:0.000814s ]
INFO: [ view_parse ] --START--
INFO: [ template_filter ] --START--
INFO: Run Behavior\ContentReplaceBehavior [ RunTime:0.000065s ]
INFO: [ template_filter ] --END-- [ RunTime:0.000141s ]
SQL: SHOW COLUMNS FROM `lab_user` [ RunTime:0.0132s ]
NOTIC: [8] Undefined variable: pro D:\php\HttpClient\phpStudy\LAB\Application\Runtime\Cache\Admin\b595b808c2ebeeeb0478ffc30bb4e87a.php 第 102 行.
NOTIC: [8] Undefined variable: page D:\php\HttpClient\phpStudy\LAB\Application\Runtime\Cache\Admin\b595b808c2ebeeeb0478ffc30bb4e87a.php 第 103 行.
NOTIC: [8] Undefined variable: page D:\php\HttpClient\phpStudy\LAB\Application\Runtime\Cache\Admin\b595b808c2ebeeeb0478ffc30bb4e87a.php 第 104 行.
NOTIC: [8] Undefined variable: pro D:\php\HttpClient\phpStudy\LAB\Application\Runtime\Cache\Admin\b595b808c2ebeeeb0478ffc30bb4e87a.php 第 125 行.
INFO: Run Behavior\ParseTemplateBehavior [ RunTime:0.039661s ]
INFO: [ view_parse ] --END-- [ RunTime:0.039753s ]
INFO: [ view_filter ] --START--
INFO: Run Behavior\WriteHtmlCacheBehavior [ RunTime:0.000465s ]
INFO: [ view_filter ] --END-- [ RunTime:0.000523s ]
INFO: [ app_end ] --START--
INFO: Run Behavior\ShowPageTraceBehavior [ RunTime:0.000573s ]
INFO: [ app_end ] --END-- [ RunTime:0.000629s ]

[ 2015-10-05T13:43:42+08:00 ] 127.0.0.1 /index.php/Admin
INFO: [ app_init ] --START--
INFO: Run Behavior\BuildLiteBehavior [ RunTime:0.000018s ]
INFO: [ app_init ] --END-- [ RunTime:0.000458s ]
INFO: [ app_begin ] --START--
INFO: Run Behavior\ReadHtmlCacheBehavior [ RunTime:0.000592s ]
INFO: [ app_begin ] --END-- [ RunTime:0.000665s ]
INFO: [ view_parse ] --START--
INFO: [ template_filter ] --START--
INFO: Run Behavior\ContentReplaceBehavior [ RunTime:0.000056s ]
INFO: [ template_filter ] --END-- [ RunTime:0.000133s ]
SQL: SHOW COLUMNS FROM `lab_user` [ RunTime:0.0158s ]
NOTIC: [8] Undefined variable: pro D:\php\HttpClient\phpStudy\LAB\Application\Runtime\Cache\Admin\b595b808c2ebeeeb0478ffc30bb4e87a.php 第 102 行.
NOTIC: [8] Undefined variable: page D:\php\HttpClient\phpStudy\LAB\Application\Runtime\Cache\Admin\b595b808c2ebeeeb0478ffc30bb4e87a.php 第 103 行.
NOTIC: [8] Undefined variable: page D:\php\HttpClient\phpStudy\LAB\Application\Runtime\Cache\Admin\b595b808c2ebeeeb0478ffc30bb4e87a.php 第 104 行.
NOTIC: [8] Undefined variable: pro D:\php\HttpClient\phpStudy\LAB\Application\Runtime\Cache\Admin\b595b808c2ebeeeb0478ffc30bb4e87a.php 第 125 行.
INFO: Run Behavior\ParseTemplateBehavior [ RunTime:0.041456s ]
INFO: [ view_parse ] --END-- [ RunTime:0.041545s ]
INFO: [ view_filter ] --START--
INFO: Run Behavior\WriteHtmlCacheBehavior [ RunTime:0.000519s ]
INFO: [ view_filter ] --END-- [ RunTime:0.000572s ]
INFO: [ app_end ] --START--
INFO: Run Behavior\ShowPageTraceBehavior [ RunTime:0.001089s ]
INFO: [ app_end ] --END-- [ RunTime:0.001160s ]

[ 2015-10-05T13:43:46+08:00 ] 127.0.0.1 /index.php/Admin
INFO: [ app_init ] --START--
INFO: Run Behavior\BuildLiteBehavior [ RunTime:0.000020s ]
INFO: [ app_init ] --END-- [ RunTime:0.000615s ]
INFO: [ app_begin ] --START--
INFO: Run Behavior\ReadHtmlCacheBehavior [ RunTime:0.001286s ]
INFO: [ app_begin ] --END-- [ RunTime:0.001367s ]
INFO: [ view_parse ] --START--
INFO: [ template_filter ] --START--
INFO: Run Behavior\ContentReplaceBehavior [ RunTime:0.000092s ]
INFO: [ template_filter ] --END-- [ RunTime:0.000238s ]
SQL: SHOW COLUMNS FROM `lab_user` [ RunTime:0.0158s ]
NOTIC: [8] Undefined variable: pro D:\php\HttpClient\phpStudy\LAB\Application\Runtime\Cache\Admin\b595b808c2ebeeeb0478ffc30bb4e87a.php 第 102 行.
NOTIC: [8] Undefined variable: page D:\php\HttpClient\phpStudy\LAB\Application\Runtime\Cache\Admin\b595b808c2ebeeeb0478ffc30bb4e87a.php 第 103 行.
NOTIC: [8] Undefined variable: page D:\php\HttpClient\phpStudy\LAB\Application\Runtime\Cache\Admin\b595b808c2ebeeeb0478ffc30bb4e87a.php 第 104 行.
NOTIC: [8] Undefined variable: pro D:\php\HttpClient\phpStudy\LAB\Application\Runtime\Cache\Admin\b595b808c2ebeeeb0478ffc30bb4e87a.php 第 125 行.
INFO: Run Behavior\ParseTemplateBehavior [ RunTime:0.045966s ]
INFO: [ view_parse ] --END-- [ RunTime:0.046037s ]
INFO: [ view_filter ] --START--
INFO: Run Behavior\WriteHtmlCacheBehavior [ RunTime:0.001200s ]
INFO: [ view_filter ] --END-- [ RunTime:0.001272s ]
INFO: [ app_end ] --START--
INFO: Run Behavior\ShowPageTraceBehavior [ RunTime:0.001345s ]
INFO: [ app_end ] --END-- [ RunTime:0.001420s ]

[ 2015-10-05T13:43:49+08:00 ] 127.0.0.1 /index.php/Admin
INFO: [ app_init ] --START--
INFO: Run Behavior\BuildLiteBehavior [ RunTime:0.000020s ]
INFO: [ app_init ] --END-- [ RunTime:0.000468s ]
INFO: [ app_begin ] --START--
INFO: Run Behavior\ReadHtmlCacheBehavior [ RunTime:0.000627s ]
INFO: [ app_begin ] --END-- [ RunTime:0.000699s ]
INFO: [ view_parse ] --START--
INFO: [ template_filter ] --START--
INFO: Run Behavior\ContentReplaceBehavior [ RunTime:0.000064s ]
INFO: [ template_filter ] --END-- [ RunTime:0.000150s ]
SQL: SHOW COLUMNS FROM `lab_user` [ RunTime:0.0138s ]
NOTIC: [8] Undefined variable: pro D:\php\HttpClient\phpStudy\LAB\Application\Runtime\Cache\Admin\b595b808c2ebeeeb0478ffc30bb4e87a.php 第 102 行.
NOTIC: [8] Undefined variable: page D:\php\HttpClient\phpStudy\LAB\Application\Runtime\Cache\Admin\b595b808c2ebeeeb0478ffc30bb4e87a.php 第 103 行.
NOTIC: [8] Undefined variable: page D:\php\HttpClient\phpStudy\LAB\Application\Runtime\Cache\Admin\b595b808c2ebeeeb0478ffc30bb4e87a.php 第 104 行.
NOTIC: [8] Undefined variable: pro D:\php\HttpClient\phpStudy\LAB\Application\Runtime\Cache\Admin\b595b808c2ebeeeb0478ffc30bb4e87a.php 第 125 行.
INFO: Run Behavior\ParseTemplateBehavior [ RunTime:0.039033s ]
INFO: [ view_parse ] --END-- [ RunTime:0.039099s ]
INFO: [ view_filter ] --START--
INFO: Run Behavior\WriteHtmlCacheBehavior [ RunTime:0.000512s ]
INFO: [ view_filter ] --END-- [ RunTime:0.000577s ]
INFO: [ app_end ] --START--
INFO: Run Behavior\ShowPageTraceBehavior [ RunTime:0.001572s ]
INFO: [ app_end ] --END-- [ RunTime:0.001721s ]

[ 2015-10-05T13:44:04+08:00 ] 127.0.0.1 /index.php/Admin
INFO: [ app_init ] --START--
INFO: Run Behavior\BuildLiteBehavior [ RunTime:0.000023s ]
INFO: [ app_init ] --END-- [ RunTime:0.000696s ]
INFO: [ app_begin ] --START--
INFO: Run Behavior\ReadHtmlCacheBehavior [ RunTime:0.001036s ]
INFO: [ app_begin ] --END-- [ RunTime:0.001145s ]
INFO: [ view_parse ] --START--
INFO: [ template_filter ] --START--
INFO: Run Behavior\ContentReplaceBehavior [ RunTime:0.000092s ]
INFO: [ template_filter ] --END-- [ RunTime:0.000217s ]
SQL: SHOW COLUMNS FROM `lab_user` [ RunTime:0.0134s ]
NOTIC: [8] Undefined variable: pro D:\php\HttpClient\phpStudy\LAB\Application\Runtime\Cache\Admin\b595b808c2ebeeeb0478ffc30bb4e87a.php 第 102 行.
NOTIC: [8] Undefined variable: page D:\php\HttpClient\phpStudy\LAB\Application\Runtime\Cache\Admin\b595b808c2ebeeeb0478ffc30bb4e87a.php 第 103 行.
NOTIC: [8] Undefined variable: page D:\php\HttpClient\phpStudy\LAB\Application\Runtime\Cache\Admin\b595b808c2ebeeeb0478ffc30bb4e87a.php 第 104 行.
NOTIC: [8] Undefined variable: pro D:\php\HttpClient\phpStudy\LAB\Application\Runtime\Cache\Admin\b595b808c2ebeeeb0478ffc30bb4e87a.php 第 125 行.
INFO: Run Behavior\ParseTemplateBehavior [ RunTime:0.057454s ]
INFO: [ view_parse ] --END-- [ RunTime:0.057527s ]
INFO: [ view_filter ] --START--
INFO: Run Behavior\WriteHtmlCacheBehavior [ RunTime:0.000835s ]
INFO: [ view_filter ] --END-- [ RunTime:0.000933s ]
INFO: [ app_end ] --START--
INFO: Run Behavior\ShowPageTraceBehavior [ RunTime:0.001055s ]
INFO: [ app_end ] --END-- [ RunTime:0.001140s ]

[ 2015-10-05T13:44:05+08:00 ] 127.0.0.1 /index.php/Admin/Index.html
INFO: [ app_init ] --START--
INFO: Run Behavior\BuildLiteBehavior [ RunTime:0.000023s ]
INFO: [ app_init ] --END-- [ RunTime:0.000755s ]
INFO: [ app_begin ] --START--
INFO: Run Behavior\ReadHtmlCacheBehavior [ RunTime:0.000923s ]
INFO: [ app_begin ] --END-- [ RunTime:0.001005s ]
INFO: [ view_parse ] --START--
INFO: [ template_filter ] --START--
INFO: Run Behavior\ContentReplaceBehavior [ RunTime:0.000053s ]
INFO: [ template_filter ] --END-- [ RunTime:0.000126s ]
SQL: SHOW COLUMNS FROM `lab_user` [ RunTime:0.0152s ]
NOTIC: [8] Undefined variable: pro D:\php\HttpClient\phpStudy\LAB\Application\Runtime\Cache\Admin\b595b808c2ebeeeb0478ffc30bb4e87a.php 第 102 行.
NOTIC: [8] Undefined variable: page D:\php\HttpClient\phpStudy\LAB\Application\Runtime\Cache\Admin\b595b808c2ebeeeb0478ffc30bb4e87a.php 第 103 行.
NOTIC: [8] Undefined variable: page D:\php\HttpClient\phpStudy\LAB\Application\Runtime\Cache\Admin\b595b808c2ebeeeb0478ffc30bb4e87a.php 第 104 行.
NOTIC: [8] Undefined variable: pro D:\php\HttpClient\phpStudy\LAB\Application\Runtime\Cache\Admin\b595b808c2ebeeeb0478ffc30bb4e87a.php 第 125 行.
INFO: Run Behavior\ParseTemplateBehavior [ RunTime:0.040050s ]
INFO: [ view_parse ] --END-- [ RunTime:0.040137s ]
INFO: [ view_filter ] --START--
INFO: Run Behavior\WriteHtmlCacheBehavior [ RunTime:0.001156s ]
INFO: [ view_filter ] --END-- [ RunTime:0.001256s ]
INFO: [ app_end ] --START--
INFO: Run Behavior\ShowPageTraceBehavior [ RunTime:0.001657s ]
INFO: [ app_end ] --END-- [ RunTime:0.001772s ]

[ 2015-10-05T13:44:05+08:00 ] 127.0.0.1 /index.php/Admin/assets/i/favicon.png
INFO: [ app_init ] --START--
INFO: Run Behavior\BuildLiteBehavior [ RunTime:0.000017s ]
INFO: [ app_init ] --END-- [ RunTime:0.000417s ]

[ 2015-10-05T13:44:06+08:00 ] 127.0.0.1 /index.php/Admin/Index.html
INFO: [ app_init ] --START--
INFO: Run Behavior\BuildLiteBehavior [ RunTime:0.000018s ]
INFO: [ app_init ] --END-- [ RunTime:0.000456s ]
INFO: [ app_begin ] --START--
INFO: Run Behavior\ReadHtmlCacheBehavior [ RunTime:0.000584s ]
INFO: [ app_begin ] --END-- [ RunTime:0.000657s ]
INFO: [ view_parse ] --START--
INFO: [ template_filter ] --START--
INFO: Run Behavior\ContentReplaceBehavior [ RunTime:0.000076s ]
INFO: [ template_filter ] --END-- [ RunTime:0.000158s ]
SQL: SHOW COLUMNS FROM `lab_user` [ RunTime:0.0169s ]
NOTIC: [8] Undefined variable: pro D:\php\HttpClient\phpStudy\LAB\Application\Runtime\Cache\Admin\b595b808c2ebeeeb0478ffc30bb4e87a.php 第 102 行.
NOTIC: [8] Undefined variable: page D:\php\HttpClient\phpStudy\LAB\Application\Runtime\Cache\Admin\b595b808c2ebeeeb0478ffc30bb4e87a.php 第 103 行.
NOTIC: [8] Undefined variable: page D:\php\HttpClient\phpStudy\LAB\Application\Runtime\Cache\Admin\b595b808c2ebeeeb0478ffc30bb4e87a.php 第 104 行.
NOTIC: [8] Undefined variable: pro D:\php\HttpClient\phpStudy\LAB\Application\Runtime\Cache\Admin\b595b808c2ebeeeb0478ffc30bb4e87a.php 第 125 行.
INFO: Run Behavior\ParseTemplateBehavior [ RunTime:0.079310s ]
INFO: [ view_parse ] --END-- [ RunTime:0.079375s ]
INFO: [ view_filter ] --START--
INFO: Run Behavior\WriteHtmlCacheBehavior [ RunTime:0.000904s ]
INFO: [ view_filter ] --END-- [ RunTime:0.000968s ]
INFO: [ app_end ] --START--
INFO: Run Behavior\ShowPageTraceBehavior [ RunTime:0.001057s ]
INFO: [ app_end ] --END-- [ RunTime:0.001136s ]

[ 2015-10-05T13:46:39+08:00 ] 127.0.0.1 /index.php/Admin/Index.html
INFO: [ app_init ] --START--
INFO: Run Behavior\BuildLiteBehavior [ RunTime:0.000021s ]
INFO: [ app_init ] --END-- [ RunTime:0.000639s ]
INFO: [ app_begin ] --START--
INFO: Run Behavior\ReadHtmlCacheBehavior [ RunTime:0.001097s ]
INFO: [ app_begin ] --END-- [ RunTime:0.001208s ]
INFO: [ view_parse ] --START--
INFO: [ template_filter ] --START--
INFO: Run Behavior\ContentReplaceBehavior [ RunTime:0.000052s ]
INFO: [ template_filter ] --END-- [ RunTime:0.000122s ]
SQL: SHOW COLUMNS FROM `lab_user` [ RunTime:0.0142s ]
NOTIC: [8] Undefined variable: pro D:\php\HttpClient\phpStudy\LAB\Application\Runtime\Cache\Admin\b595b808c2ebeeeb0478ffc30bb4e87a.php 第 102 行.
NOTIC: [8] Undefined variable: page D:\php\HttpClient\phpStudy\LAB\Application\Runtime\Cache\Admin\b595b808c2ebeeeb0478ffc30bb4e87a.php 第 103 行.
NOTIC: [8] Undefined variable: page D:\php\HttpClient\phpStudy\LAB\Application\Runtime\Cache\Admin\b595b808c2ebeeeb0478ffc30bb4e87a.php 第 104 行.
NOTIC: [8] Undefined variable: pro D:\php\HttpClient\phpStudy\LAB\Application\Runtime\Cache\Admin\b595b808c2ebeeeb0478ffc30bb4e87a.php 第 125 行.
INFO: Run Behavior\ParseTemplateBehavior [ RunTime:0.041107s ]
INFO: [ view_parse ] --END-- [ RunTime:0.041173s ]
INFO: [ view_filter ] --START--
INFO: Run Behavior\WriteHtmlCacheBehavior [ RunTime:0.000961s ]
INFO: [ view_filter ] --END-- [ RunTime:0.001027s ]
INFO: [ app_end ] --START--
INFO: Run Behavior\ShowPageTraceBehavior [ RunTime:0.001032s ]
INFO: [ app_end ] --END-- [ RunTime:0.001093s ]

[ 2015-10-05T13:46:40+08:00 ] 127.0.0.1 /index.php/Admin/Setting.html
INFO: [ app_init ] --START--
INFO: Run Behavior\BuildLiteBehavior [ RunTime:0.000018s ]
INFO: [ app_init ] --END-- [ RunTime:0.000467s ]
INFO: [ app_begin ] --START--
INFO: Run Behavior\ReadHtmlCacheBehavior [ RunTime:0.000583s ]
INFO: [ app_begin ] --END-- [ RunTime:0.000656s ]
ERR: 无法加载控制器:Setting

