[ 2015-10-24T10:44:48+08:00 ] ::1 /index.php/Admin.html
INFO: [ app_init ] --START--
INFO: Run Behavior\BuildLiteBehavior [ RunTime:0.000035s ]
INFO: [ app_init ] --END-- [ RunTime:0.000755s ]
INFO: [ app_begin ] --START--
INFO: Run Behavior\ReadHtmlCacheBehavior [ RunTime:0.000759s ]
INFO: [ app_begin ] --END-- [ RunTime:0.000861s ]
SQL: SHOW COLUMNS FROM `lab_project` [ RunTime:0.0016s ]
SQL: SELECT COUNT(*) AS tp_count FROM `lab_project` LIMIT 1   [ RunTime:0.0010s ]
SQL: SHOW COLUMNS FROM `lab_user` [ RunTime:0.0015s ]
SQL: SELECT COUNT(*) AS tp_count FROM `lab_user` LIMIT 1   [ RunTime:0.0003s ]
SQL: SELECT COUNT(*) AS tp_count FROM `lab_project` WHERE ( allow=0 ) LIMIT 1   [ RunTime:0.0003s ]
INFO: [ view_parse ] --START--
INFO: [ template_filter ] --START--
INFO: Run Behavior\ContentReplaceBehavior [ RunTime:0.000048s ]
INFO: [ template_filter ] --END-- [ RunTime:0.000135s ]
SQL: SHOW COLUMNS FROM `lab_user` [ RunTime:0.0014s ]
INFO: Run Behavior\ParseTemplateBehavior [ RunTime:0.016398s ]
INFO: [ view_parse ] --END-- [ RunTime:0.016466s ]
INFO: [ view_filter ] --START--
INFO: Run Behavior\WriteHtmlCacheBehavior [ RunTime:0.000197s ]
INFO: [ view_filter ] --END-- [ RunTime:0.000252s ]
INFO: [ app_end ] --START--
INFO: Run Behavior\ShowPageTraceBehavior [ RunTime:0.000579s ]
INFO: [ app_end ] --END-- [ RunTime:0.000639s ]

[ 2015-10-24T10:45:16+08:00 ] ::1 /index.php/Admin.html
INFO: [ app_init ] --START--
INFO: Run Behavior\BuildLiteBehavior [ RunTime:0.000022s ]
INFO: [ app_init ] --END-- [ RunTime:0.000458s ]
INFO: [ app_begin ] --START--
INFO: Run Behavior\ReadHtmlCacheBehavior [ RunTime:0.000552s ]
INFO: [ app_begin ] --END-- [ RunTime:0.000662s ]
SQL: SHOW COLUMNS FROM `lab_project` [ RunTime:0.0019s ]
SQL: SELECT COUNT(*) AS tp_count FROM `lab_project` LIMIT 1   [ RunTime:0.0002s ]
SQL: SHOW COLUMNS FROM `lab_user` [ RunTime:0.0016s ]
SQL: SELECT COUNT(*) AS tp_count FROM `lab_user` LIMIT 1   [ RunTime:0.0002s ]
SQL: SELECT COUNT(*) AS tp_count FROM `lab_project` WHERE ( allow=0 ) LIMIT 1   [ RunTime:0.0003s ]
INFO: [ view_parse ] --START--
INFO: [ template_filter ] --START--
INFO: Run Behavior\ContentReplaceBehavior [ RunTime:0.000052s ]
INFO: [ template_filter ] --END-- [ RunTime:0.000144s ]
SQL: SHOW COLUMNS FROM `lab_user` [ RunTime:0.0014s ]
INFO: Run Behavior\ParseTemplateBehavior [ RunTime:0.015005s ]
INFO: [ view_parse ] --END-- [ RunTime:0.015073s ]
INFO: [ view_filter ] --START--
INFO: Run Behavior\WriteHtmlCacheBehavior [ RunTime:0.000203s ]
INFO: [ view_filter ] --END-- [ RunTime:0.000258s ]
INFO: [ app_end ] --START--
INFO: Run Behavior\ShowPageTraceBehavior [ RunTime:0.000596s ]
INFO: [ app_end ] --END-- [ RunTime:0.000656s ]

[ 2015-10-24T10:45:18+08:00 ] ::1 /index.php/Admin/Activity.html
INFO: [ app_init ] --START--
INFO: Run Behavior\BuildLiteBehavior [ RunTime:0.000018s ]
INFO: [ app_init ] --END-- [ RunTime:0.000383s ]
INFO: [ app_begin ] --START--
INFO: Run Behavior\ReadHtmlCacheBehavior [ RunTime:0.000843s ]
INFO: [ app_begin ] --END-- [ RunTime:0.000925s ]
INFO: [ view_parse ] --START--
INFO: [ template_filter ] --START--
INFO: Run Behavior\ContentReplaceBehavior [ RunTime:0.000044s ]
INFO: [ template_filter ] --END-- [ RunTime:0.000119s ]
SQL: SHOW COLUMNS FROM `lab_user` [ RunTime:0.0023s ]
NOTIC: [8] Undefined variable: proinfo /Users/smilec/Code/Lab/Application/Runtime/Cache/Admin/c8d84a2d51a6dbf36e8ef99e6375e8a9.php 第 92 行.
NOTIC: [8] Undefined variable: proinfo /Users/smilec/Code/Lab/Application/Runtime/Cache/Admin/c8d84a2d51a6dbf36e8ef99e6375e8a9.php 第 161 行.
NOTIC: [8] Undefined variable: proinfo /Users/smilec/Code/Lab/Application/Runtime/Cache/Admin/c8d84a2d51a6dbf36e8ef99e6375e8a9.php 第 165 行.
INFO: Run Behavior\ParseTemplateBehavior [ RunTime:0.025923s ]
INFO: [ view_parse ] --END-- [ RunTime:0.026074s ]
INFO: [ view_filter ] --START--
INFO: Run Behavior\WriteHtmlCacheBehavior [ RunTime:0.000321s ]
INFO: [ view_filter ] --END-- [ RunTime:0.000430s ]
INFO: [ app_end ] --START--
INFO: Run Behavior\ShowPageTraceBehavior [ RunTime:0.000944s ]
INFO: [ app_end ] --END-- [ RunTime:0.001071s ]

[ 2015-10-24T10:45:18+08:00 ] ::1 /index.php/Admin/assets/i/favicon.png
INFO: [ app_init ] --START--
INFO: Run Behavior\BuildLiteBehavior [ RunTime:0.000023s ]
INFO: [ app_init ] --END-- [ RunTime:0.000457s ]

[ 2015-10-24T12:37:01+08:00 ] ::1 /index.php/Admin/Activity.html
INFO: [ app_init ] --START--
INFO: Run Behavior\BuildLiteBehavior [ RunTime:0.000023s ]
INFO: [ app_init ] --END-- [ RunTime:0.000467s ]
INFO: [ app_begin ] --START--
INFO: Run Behavior\ReadHtmlCacheBehavior [ RunTime:0.000756s ]
INFO: [ app_begin ] --END-- [ RunTime:0.000870s ]
INFO: [ view_parse ] --START--
INFO: [ template_filter ] --START--
INFO: Run Behavior\ContentReplaceBehavior [ RunTime:0.000053s ]
INFO: [ template_filter ] --END-- [ RunTime:0.000129s ]
SQL: SHOW COLUMNS FROM `lab_user` [ RunTime:0.0016s ]
NOTIC: [8] Undefined variable: proinfo /Users/smilec/Code/Lab/Application/Runtime/Cache/Admin/c8d84a2d51a6dbf36e8ef99e6375e8a9.php 第 92 行.
NOTIC: [8] Undefined variable: proinfo /Users/smilec/Code/Lab/Application/Runtime/Cache/Admin/c8d84a2d51a6dbf36e8ef99e6375e8a9.php 第 161 行.
NOTIC: [8] Undefined variable: proinfo /Users/smilec/Code/Lab/Application/Runtime/Cache/Admin/c8d84a2d51a6dbf36e8ef99e6375e8a9.php 第 165 行.
INFO: Run Behavior\ParseTemplateBehavior [ RunTime:0.031119s ]
INFO: [ view_parse ] --END-- [ RunTime:0.031189s ]
INFO: [ view_filter ] --START--
INFO: Run Behavior\WriteHtmlCacheBehavior [ RunTime:0.000207s ]
INFO: [ view_filter ] --END-- [ RunTime:0.000260s ]
INFO: [ app_end ] --START--
INFO: Run Behavior\ShowPageTraceBehavior [ RunTime:0.000559s ]
INFO: [ app_end ] --END-- [ RunTime:0.000618s ]

[ 2015-10-24T12:54:02+08:00 ] ::1 /index.php/Admin/Activity.html
INFO: [ app_init ] --START--
INFO: Run Behavior\BuildLiteBehavior [ RunTime:0.000030s ]
INFO: [ app_init ] --END-- [ RunTime:0.001060s ]
INFO: [ app_begin ] --START--
INFO: Run Behavior\ReadHtmlCacheBehavior [ RunTime:0.001300s ]
INFO: [ app_begin ] --END-- [ RunTime:0.001454s ]

[ 2015-10-24T12:54:11+08:00 ] ::1 /index.php/Admin/form.html?id=1
INFO: [ app_init ] --START--
INFO: Run Behavior\BuildLiteBehavior [ RunTime:0.000025s ]
INFO: [ app_init ] --END-- [ RunTime:0.000590s ]
INFO: [ app_begin ] --START--
INFO: Run Behavior\ReadHtmlCacheBehavior [ RunTime:0.000778s ]
INFO: [ app_begin ] --END-- [ RunTime:0.000878s ]
ERR: 无法加载控制器:Form

[ 2015-10-24T12:54:20+08:00 ] ::1 /index.php/Admin/Activity.html
INFO: [ app_init ] --START--
INFO: Run Behavior\BuildLiteBehavior [ RunTime:0.000016s ]
INFO: [ app_init ] --END-- [ RunTime:0.000388s ]
INFO: [ app_begin ] --START--
INFO: Run Behavior\ReadHtmlCacheBehavior [ RunTime:0.000625s ]
INFO: [ app_begin ] --END-- [ RunTime:0.000698s ]

[ 2015-10-24T12:54:25+08:00 ] ::1 /index.php/Admin/Activity/form.html?id=1
INFO: [ app_init ] --START--
INFO: Run Behavior\BuildLiteBehavior [ RunTime:0.000015s ]
INFO: [ app_init ] --END-- [ RunTime:0.000344s ]
INFO: [ app_begin ] --START--
INFO: Run Behavior\ReadHtmlCacheBehavior [ RunTime:0.000722s ]
INFO: [ app_begin ] --END-- [ RunTime:0.000812s ]

[ 2015-10-24T12:54:44+08:00 ] ::1 /index.php/Admin/Activity/form.html?id=1
INFO: [ app_init ] --START--
INFO: Run Behavior\BuildLiteBehavior [ RunTime:0.000015s ]
INFO: [ app_init ] --END-- [ RunTime:0.000420s ]
INFO: [ app_begin ] --START--
INFO: Run Behavior\ReadHtmlCacheBehavior [ RunTime:0.000485s ]
INFO: [ app_begin ] --END-- [ RunTime:0.000547s ]

[ 2015-10-24T12:55:44+08:00 ] ::1 /index.php/Admin/Activity/form.html?id=1
INFO: [ app_init ] --START--
INFO: Run Behavior\BuildLiteBehavior [ RunTime:0.000023s ]
INFO: [ app_init ] --END-- [ RunTime:0.000932s ]
INFO: [ app_begin ] --START--
INFO: Run Behavior\ReadHtmlCacheBehavior [ RunTime:0.001026s ]
INFO: [ app_begin ] --END-- [ RunTime:0.001131s ]
SQL: SHOW COLUMNS FROM `lab_activity_form` [ RunTime:0.0022s ]
SQL: SELECT * FROM `lab_activity_form` WHERE ( activity_id=1 )  [ RunTime:0.0010s ]
INFO: [ view_parse ] --START--
INFO: [ template_filter ] --START--
INFO: Run Behavior\ContentReplaceBehavior [ RunTime:0.000082s ]
INFO: [ template_filter ] --END-- [ RunTime:0.000183s ]
SQL: SHOW COLUMNS FROM `lab_user` [ RunTime:0.0016s ]
INFO: Run Behavior\ParseTemplateBehavior [ RunTime:0.023048s ]
INFO: [ view_parse ] --END-- [ RunTime:0.023127s ]
INFO: [ view_filter ] --START--
INFO: Run Behavior\WriteHtmlCacheBehavior [ RunTime:0.000842s ]
INFO: [ view_filter ] --END-- [ RunTime:0.000920s ]
INFO: [ app_end ] --START--
INFO: Run Behavior\ShowPageTraceBehavior [ RunTime:0.001210s ]
INFO: [ app_end ] --END-- [ RunTime:0.001352s ]

[ 2015-10-24T12:55:44+08:00 ] ::1 /index.php/Admin/Activity/assets/i/favicon.png
INFO: [ app_init ] --START--
INFO: Run Behavior\BuildLiteBehavior [ RunTime:0.000014s ]
INFO: [ app_init ] --END-- [ RunTime:0.000348s ]

[ 2015-10-24T12:56:48+08:00 ] ::1 /index.php/Admin/Activity/form.html?id=1
INFO: [ app_init ] --START--
INFO: Run Behavior\BuildLiteBehavior [ RunTime:0.000022s ]
INFO: [ app_init ] --END-- [ RunTime:0.000461s ]
INFO: [ app_begin ] --START--
INFO: Run Behavior\ReadHtmlCacheBehavior [ RunTime:0.000519s ]
INFO: [ app_begin ] --END-- [ RunTime:0.000589s ]
SQL: SHOW COLUMNS FROM `lab_activity_form` [ RunTime:0.0016s ]
SQL: SELECT * FROM `lab_activity_form` WHERE ( activity_id=1 )  [ RunTime:0.0004s ]
INFO: [ view_parse ] --START--
INFO: [ template_filter ] --START--
INFO: Run Behavior\ContentReplaceBehavior [ RunTime:0.000151s ]
INFO: [ template_filter ] --END-- [ RunTime:0.000294s ]
SQL: SHOW COLUMNS FROM `lab_user` [ RunTime:0.0015s ]
INFO: Run Behavior\ParseTemplateBehavior [ RunTime:0.017924s ]
INFO: [ view_parse ] --END-- [ RunTime:0.017992s ]
INFO: [ view_filter ] --START--
INFO: Run Behavior\WriteHtmlCacheBehavior [ RunTime:0.000208s ]
INFO: [ view_filter ] --END-- [ RunTime:0.000268s ]
INFO: [ app_end ] --START--
INFO: Run Behavior\ShowPageTraceBehavior [ RunTime:0.000861s ]
INFO: [ app_end ] --END-- [ RunTime:0.000972s ]

[ 2015-10-24T12:56:49+08:00 ] ::1 /index.php/Admin/Activity/detail.html?id=1
INFO: [ app_init ] --START--
INFO: Run Behavior\BuildLiteBehavior [ RunTime:0.000031s ]
INFO: [ app_init ] --END-- [ RunTime:0.000928s ]
INFO: [ app_begin ] --START--
INFO: Run Behavior\ReadHtmlCacheBehavior [ RunTime:0.000559s ]
INFO: [ app_begin ] --END-- [ RunTime:0.000629s ]
SQL: SHOW COLUMNS FROM `lab_activity` [ RunTime:0.0017s ]
SQL: SELECT `detail` FROM `lab_activity` WHERE ( id=1 ) LIMIT 1   [ RunTime:0.0004s ]
INFO: [ view_parse ] --START--
INFO: [ template_filter ] --START--
INFO: Run Behavior\ContentReplaceBehavior [ RunTime:0.000052s ]
INFO: [ template_filter ] --END-- [ RunTime:0.000181s ]
INFO: Run Behavior\ParseTemplateBehavior [ RunTime:0.008018s ]
INFO: [ view_parse ] --END-- [ RunTime:0.008124s ]
INFO: [ view_filter ] --START--
INFO: Run Behavior\WriteHtmlCacheBehavior [ RunTime:0.000333s ]
INFO: [ view_filter ] --END-- [ RunTime:0.000441s ]
INFO: [ app_end ] --START--
INFO: Run Behavior\ShowPageTraceBehavior [ RunTime:0.000637s ]
INFO: [ app_end ] --END-- [ RunTime:0.000756s ]

[ 2015-10-24T12:56:55+08:00 ] ::1 /index.php/Admin/Activity/form.html?id=1
INFO: [ app_init ] --START--
INFO: Run Behavior\BuildLiteBehavior [ RunTime:0.000015s ]
INFO: [ app_init ] --END-- [ RunTime:0.000349s ]
INFO: [ app_begin ] --START--
INFO: Run Behavior\ReadHtmlCacheBehavior [ RunTime:0.000469s ]
INFO: [ app_begin ] --END-- [ RunTime:0.000530s ]
SQL: SHOW COLUMNS FROM `lab_activity_form` [ RunTime:0.0014s ]
SQL: SELECT * FROM `lab_activity_form` WHERE ( activity_id=1 )  [ RunTime:0.0006s ]
INFO: [ view_parse ] --START--
INFO: [ template_filter ] --START--
INFO: Run Behavior\ContentReplaceBehavior [ RunTime:0.000051s ]
INFO: [ template_filter ] --END-- [ RunTime:0.000124s ]
SQL: SHOW COLUMNS FROM `lab_user` [ RunTime:0.0015s ]
INFO: Run Behavior\ParseTemplateBehavior [ RunTime:0.017727s ]
INFO: [ view_parse ] --END-- [ RunTime:0.017879s ]
INFO: [ view_filter ] --START--
INFO: Run Behavior\WriteHtmlCacheBehavior [ RunTime:0.000314s ]
INFO: [ view_filter ] --END-- [ RunTime:0.000383s ]
INFO: [ app_end ] --START--
INFO: Run Behavior\ShowPageTraceBehavior [ RunTime:0.000956s ]
INFO: [ app_end ] --END-- [ RunTime:0.001125s ]

[ 2015-10-24T12:56:57+08:00 ] ::1 /index.php/Admin/Activity/detail.html?id=1
INFO: [ app_init ] --START--
INFO: Run Behavior\BuildLiteBehavior [ RunTime:0.000019s ]
INFO: [ app_init ] --END-- [ RunTime:0.000409s ]
INFO: [ app_begin ] --START--
INFO: Run Behavior\ReadHtmlCacheBehavior [ RunTime:0.000888s ]
INFO: [ app_begin ] --END-- [ RunTime:0.000973s ]
SQL: SHOW COLUMNS FROM `lab_activity` [ RunTime:0.0126s ]
SQL: SELECT `detail` FROM `lab_activity` WHERE ( id=1 ) LIMIT 1   [ RunTime:0.0005s ]
INFO: [ view_parse ] --START--
INFO: [ template_filter ] --START--
INFO: Run Behavior\ContentReplaceBehavior [ RunTime:0.000102s ]
INFO: [ template_filter ] --END-- [ RunTime:0.000193s ]
INFO: Run Behavior\ParseTemplateBehavior [ RunTime:0.011746s ]
INFO: [ view_parse ] --END-- [ RunTime:0.011828s ]
INFO: [ view_filter ] --START--
INFO: Run Behavior\WriteHtmlCacheBehavior [ RunTime:0.000150s ]
INFO: [ view_filter ] --END-- [ RunTime:0.000198s ]
INFO: [ app_end ] --START--
INFO: Run Behavior\ShowPageTraceBehavior [ RunTime:0.000491s ]
INFO: [ app_end ] --END-- [ RunTime:0.000544s ]

[ 2015-10-24T12:57:24+08:00 ] ::1 /index.php/Admin/Activity/detail.html?id=1
INFO: [ app_init ] --START--
INFO: Run Behavior\BuildLiteBehavior [ RunTime:0.000015s ]
INFO: [ app_init ] --END-- [ RunTime:0.000354s ]
INFO: [ app_begin ] --START--
INFO: Run Behavior\ReadHtmlCacheBehavior [ RunTime:0.000466s ]
INFO: [ app_begin ] --END-- [ RunTime:0.000525s ]
SQL: SHOW COLUMNS FROM `lab_activity` [ RunTime:0.0017s ]
SQL: SELECT `detail` FROM `lab_activity` WHERE ( id=1 ) LIMIT 1   [ RunTime:0.0003s ]
INFO: [ view_parse ] --START--
INFO: [ template_filter ] --START--
INFO: Run Behavior\ContentReplaceBehavior [ RunTime:0.000063s ]
INFO: [ template_filter ] --END-- [ RunTime:0.000174s ]
INFO: Run Behavior\ParseTemplateBehavior [ RunTime:0.008497s ]
INFO: [ view_parse ] --END-- [ RunTime:0.008593s ]
INFO: [ view_filter ] --START--
INFO: Run Behavior\WriteHtmlCacheBehavior [ RunTime:0.000355s ]
INFO: [ view_filter ] --END-- [ RunTime:0.000432s ]
INFO: [ app_end ] --START--
INFO: Run Behavior\ShowPageTraceBehavior [ RunTime:0.000518s ]
INFO: [ app_end ] --END-- [ RunTime:0.000575s ]

[ 2015-10-24T12:57:26+08:00 ] ::1 /index.php/Admin/Activity/form.html?id=1
INFO: [ app_init ] --START--
INFO: Run Behavior\BuildLiteBehavior [ RunTime:0.000019s ]
INFO: [ app_init ] --END-- [ RunTime:0.000424s ]
INFO: [ app_begin ] --START--
INFO: Run Behavior\ReadHtmlCacheBehavior [ RunTime:0.000631s ]
INFO: [ app_begin ] --END-- [ RunTime:0.000699s ]
SQL: SHOW COLUMNS FROM `lab_activity_form` [ RunTime:0.0012s ]
SQL: SELECT * FROM `lab_activity_form` WHERE ( activity_id=1 )  [ RunTime:0.0003s ]
INFO: [ view_parse ] --START--
INFO: [ template_filter ] --START--
INFO: Run Behavior\ContentReplaceBehavior [ RunTime:0.000054s ]
INFO: [ template_filter ] --END-- [ RunTime:0.000134s ]
SQL: SHOW COLUMNS FROM `lab_user` [ RunTime:0.0014s ]
INFO: Run Behavior\ParseTemplateBehavior [ RunTime:0.017868s ]
INFO: [ view_parse ] --END-- [ RunTime:0.017931s ]
INFO: [ view_filter ] --START--
INFO: Run Behavior\WriteHtmlCacheBehavior [ RunTime:0.000217s ]
INFO: [ view_filter ] --END-- [ RunTime:0.000299s ]
INFO: [ app_end ] --START--
INFO: Run Behavior\ShowPageTraceBehavior [ RunTime:0.000874s ]
INFO: [ app_end ] --END-- [ RunTime:0.001019s ]

[ 2015-10-24T12:57:28+08:00 ] ::1 /index.php/Admin/Activity/detail.html?id=1
INFO: [ app_init ] --START--
INFO: Run Behavior\BuildLiteBehavior [ RunTime:0.000015s ]
INFO: [ app_init ] --END-- [ RunTime:0.000362s ]
INFO: [ app_begin ] --START--
INFO: Run Behavior\ReadHtmlCacheBehavior [ RunTime:0.000471s ]
INFO: [ app_begin ] --END-- [ RunTime:0.000531s ]
SQL: SHOW COLUMNS FROM `lab_activity` [ RunTime:0.0017s ]
SQL: SELECT `detail` FROM `lab_activity` WHERE ( id=1 ) LIMIT 1   [ RunTime:0.0004s ]
INFO: [ view_parse ] --START--
INFO: [ template_filter ] --START--
INFO: Run Behavior\ContentReplaceBehavior [ RunTime:0.000051s ]
INFO: [ template_filter ] --END-- [ RunTime:0.000133s ]
INFO: Run Behavior\ParseTemplateBehavior [ RunTime:0.006329s ]
INFO: [ view_parse ] --END-- [ RunTime:0.006403s ]
INFO: [ view_filter ] --START--
INFO: Run Behavior\WriteHtmlCacheBehavior [ RunTime:0.000157s ]
INFO: [ view_filter ] --END-- [ RunTime:0.000208s ]
INFO: [ app_end ] --START--
INFO: Run Behavior\ShowPageTraceBehavior [ RunTime:0.000498s ]
INFO: [ app_end ] --END-- [ RunTime:0.000553s ]

[ 2015-10-24T12:57:57+08:00 ] ::1 /index.php/Admin/Activity/putDetail
INFO: [ app_init ] --START--
INFO: Run Behavior\BuildLiteBehavior [ RunTime:0.000015s ]
INFO: [ app_init ] --END-- [ RunTime:0.000348s ]
INFO: [ app_begin ] --START--
INFO: Run Behavior\ReadHtmlCacheBehavior [ RunTime:0.001035s ]
INFO: [ app_begin ] --END-- [ RunTime:0.001184s ]
SQL: SHOW COLUMNS FROM `lab_user` [ RunTime:0.0018s ]
SQL: SELECT `random` FROM `lab_user` WHERE ( username="Smilec" ) LIMIT 1   [ RunTime:0.0005s ]
SQL: SELECT `admin` FROM `lab_user` WHERE ( username="Smilec" ) LIMIT 1   [ RunTime:0.0003s ]
SQL: SHOW COLUMNS FROM `lab_activity` [ RunTime:0.0014s ]
SQL: UPDATE `lab_activity` SET `detail`='你好
这里是活动的详情
![screenshot](/Public/Uploads/2015-10-24/562b0fcd6f1b6.png)
太棒了' WHERE ( id=1 ) [ RunTime:0.0015s ]
INFO: [ view_parse ] --START--
INFO: [ template_filter ] --START--
INFO: Run Behavior\ContentReplaceBehavior [ RunTime:0.000052s ]
INFO: [ template_filter ] --END-- [ RunTime:0.000144s ]
INFO: Run Behavior\ParseTemplateBehavior [ RunTime:0.010608s ]
INFO: [ view_parse ] --END-- [ RunTime:0.010696s ]
INFO: [ view_filter ] --START--
INFO: Run Behavior\WriteHtmlCacheBehavior [ RunTime:0.000614s ]
INFO: [ view_filter ] --END-- [ RunTime:0.000693s ]
INFO: [ app_end ] --START--
INFO: Run Behavior\ShowPageTraceBehavior [ RunTime:0.000625s ]
INFO: [ app_end ] --END-- [ RunTime:0.000697s ]

[ 2015-10-24T12:57:59+08:00 ] ::1 /index.php/Admin/Activity/detail?id=1
INFO: [ app_init ] --START--
INFO: Run Behavior\BuildLiteBehavior [ RunTime:0.000017s ]
INFO: [ app_init ] --END-- [ RunTime:0.000391s ]
INFO: [ app_begin ] --START--
INFO: Run Behavior\ReadHtmlCacheBehavior [ RunTime:0.000503s ]
INFO: [ app_begin ] --END-- [ RunTime:0.000569s ]
SQL: SHOW COLUMNS FROM `lab_activity` [ RunTime:0.0016s ]
SQL: SELECT `detail` FROM `lab_activity` WHERE ( id=1 ) LIMIT 1   [ RunTime:0.0004s ]
INFO: [ view_parse ] --START--
INFO: [ template_filter ] --START--
INFO: Run Behavior\ContentReplaceBehavior [ RunTime:0.000086s ]
INFO: [ template_filter ] --END-- [ RunTime:0.000228s ]
INFO: Run Behavior\ParseTemplateBehavior [ RunTime:0.010164s ]
INFO: [ view_parse ] --END-- [ RunTime:0.010267s ]
INFO: [ view_filter ] --START--
INFO: Run Behavior\WriteHtmlCacheBehavior [ RunTime:0.000243s ]
INFO: [ view_filter ] --END-- [ RunTime:0.000336s ]
INFO: [ app_end ] --START--
INFO: Run Behavior\ShowPageTraceBehavior [ RunTime:0.000620s ]
INFO: [ app_end ] --END-- [ RunTime:0.000722s ]

[ 2015-10-24T13:18:20+08:00 ] ::1 /index.php/Admin/Activity/detail?id=1
INFO: [ app_init ] --START--
INFO: Run Behavior\BuildLiteBehavior [ RunTime:0.000025s ]
INFO: [ app_init ] --END-- [ RunTime:0.000406s ]
INFO: [ app_begin ] --START--
INFO: Run Behavior\ReadHtmlCacheBehavior [ RunTime:0.000764s ]
INFO: [ app_begin ] --END-- [ RunTime:0.000860s ]
SQL: SHOW COLUMNS FROM `lab_activity` [ RunTime:0.0015s ]
SQL: SELECT `detail` FROM `lab_activity` WHERE ( id=1 ) LIMIT 1   [ RunTime:0.0004s ]
INFO: [ view_parse ] --START--
INFO: [ template_filter ] --START--
INFO: Run Behavior\ContentReplaceBehavior [ RunTime:0.000120s ]
INFO: [ template_filter ] --END-- [ RunTime:0.000273s ]
INFO: Run Behavior\ParseTemplateBehavior [ RunTime:0.008615s ]
INFO: [ view_parse ] --END-- [ RunTime:0.008744s ]
INFO: [ view_filter ] --START--
INFO: Run Behavior\WriteHtmlCacheBehavior [ RunTime:0.000217s ]
INFO: [ view_filter ] --END-- [ RunTime:0.000287s ]
INFO: [ app_end ] --START--
INFO: Run Behavior\ShowPageTraceBehavior [ RunTime:0.000664s ]
INFO: [ app_end ] --END-- [ RunTime:0.000725s ]

[ 2015-10-24T14:49:25+08:00 ] ::1 /index.php/Admin
INFO: [ app_init ] --START--
INFO: Run Behavior\BuildLiteBehavior [ RunTime:0.000033s ]
INFO: [ app_init ] --END-- [ RunTime:0.001216s ]
INFO: [ app_begin ] --START--
INFO: Run Behavior\ReadHtmlCacheBehavior [ RunTime:0.001023s ]
INFO: [ app_begin ] --END-- [ RunTime:0.001125s ]
SQL: SHOW COLUMNS FROM `lab_project` [ RunTime:0.0027s ]
SQL: SELECT COUNT(*) AS tp_count FROM `lab_project` LIMIT 1   [ RunTime:0.0005s ]
SQL: SHOW COLUMNS FROM `lab_user` [ RunTime:0.0018s ]
SQL: SELECT COUNT(*) AS tp_count FROM `lab_user` LIMIT 1   [ RunTime:0.0003s ]
SQL: SELECT COUNT(*) AS tp_count FROM `lab_project` WHERE ( allow=0 ) LIMIT 1   [ RunTime:0.0003s ]
INFO: [ view_parse ] --START--
INFO: [ template_filter ] --START--
INFO: Run Behavior\ContentReplaceBehavior [ RunTime:0.000064s ]
INFO: [ template_filter ] --END-- [ RunTime:0.000191s ]
SQL: SHOW COLUMNS FROM `lab_user` [ RunTime:0.0021s ]
SQL: SELECT * FROM `lab_user` WHERE ( username="Smilec" ) LIMIT 1   [ RunTime:0.0009s ]
INFO: Run Behavior\ParseTemplateBehavior [ RunTime:0.023584s ]
INFO: [ view_parse ] --END-- [ RunTime:0.023673s ]
INFO: [ view_filter ] --START--
INFO: Run Behavior\WriteHtmlCacheBehavior [ RunTime:0.000813s ]
INFO: [ view_filter ] --END-- [ RunTime:0.000915s ]
INFO: [ app_end ] --START--
INFO: Run Behavior\ShowPageTraceBehavior [ RunTime:0.001565s ]
INFO: [ app_end ] --END-- [ RunTime:0.001691s ]

[ 2015-10-24T15:17:26+08:00 ] ::1 /index.php/Admin.html
INFO: [ app_init ] --START--
INFO: Run Behavior\BuildLiteBehavior [ RunTime:0.000021s ]
INFO: [ app_init ] --END-- [ RunTime:0.000780s ]
INFO: [ app_begin ] --START--
INFO: Run Behavior\ReadHtmlCacheBehavior [ RunTime:0.000923s ]
INFO: [ app_begin ] --END-- [ RunTime:0.001092s ]
SQL: SHOW COLUMNS FROM `lab_project` [ RunTime:0.0018s ]
SQL: SELECT COUNT(*) AS tp_count FROM `lab_project` LIMIT 1   [ RunTime:0.0003s ]
SQL: SHOW COLUMNS FROM `lab_user` [ RunTime:0.0020s ]
SQL: SELECT COUNT(*) AS tp_count FROM `lab_user` LIMIT 1   [ RunTime:0.0003s ]
SQL: SELECT COUNT(*) AS tp_count FROM `lab_project` WHERE ( allow=0 ) LIMIT 1   [ RunTime:0.0003s ]
INFO: [ view_parse ] --START--
INFO: [ template_filter ] --START--
INFO: Run Behavior\ContentReplaceBehavior [ RunTime:0.000065s ]
INFO: [ template_filter ] --END-- [ RunTime:0.000277s ]
SQL: SHOW COLUMNS FROM `lab_user` [ RunTime:0.0016s ]
INFO: Run Behavior\ParseTemplateBehavior [ RunTime:0.018466s ]
INFO: [ view_parse ] --END-- [ RunTime:0.018548s ]
INFO: [ view_filter ] --START--
INFO: Run Behavior\WriteHtmlCacheBehavior [ RunTime:0.000258s ]
INFO: [ view_filter ] --END-- [ RunTime:0.000328s ]
INFO: [ app_end ] --START--
INFO: Run Behavior\ShowPageTraceBehavior [ RunTime:0.000514s ]
INFO: [ app_end ] --END-- [ RunTime:0.000572s ]

[ 2015-10-24T15:17:28+08:00 ] ::1 /index.php/Admin/Activity.html
INFO: [ app_init ] --START--
INFO: Run Behavior\BuildLiteBehavior [ RunTime:0.000021s ]
INFO: [ app_init ] --END-- [ RunTime:0.000673s ]
INFO: [ app_begin ] --START--
INFO: Run Behavior\ReadHtmlCacheBehavior [ RunTime:0.000678s ]
INFO: [ app_begin ] --END-- [ RunTime:0.000759s ]
INFO: [ view_parse ] --START--
INFO: [ template_filter ] --START--
INFO: Run Behavior\ContentReplaceBehavior [ RunTime:0.000101s ]
INFO: [ template_filter ] --END-- [ RunTime:0.000180s ]
SQL: SHOW COLUMNS FROM `lab_user` [ RunTime:0.0015s ]
NOTIC: [8] Undefined variable: proinfo /Users/smilec/Code/Lab/Application/Runtime/Cache/Admin/c8d84a2d51a6dbf36e8ef99e6375e8a9.php 第 92 行.
NOTIC: [8] Undefined variable: proinfo /Users/smilec/Code/Lab/Application/Runtime/Cache/Admin/c8d84a2d51a6dbf36e8ef99e6375e8a9.php 第 161 行.
NOTIC: [8] Undefined variable: proinfo /Users/smilec/Code/Lab/Application/Runtime/Cache/Admin/c8d84a2d51a6dbf36e8ef99e6375e8a9.php 第 165 行.
INFO: Run Behavior\ParseTemplateBehavior [ RunTime:0.026871s ]
INFO: [ view_parse ] --END-- [ RunTime:0.026933s ]
INFO: [ view_filter ] --START--
INFO: Run Behavior\WriteHtmlCacheBehavior [ RunTime:0.000194s ]
INFO: [ view_filter ] --END-- [ RunTime:0.000246s ]
INFO: [ app_end ] --START--
INFO: Run Behavior\ShowPageTraceBehavior [ RunTime:0.000591s ]
INFO: [ app_end ] --END-- [ RunTime:0.000670s ]

[ 2015-10-24T15:25:31+08:00 ] ::1 /index.php/Admin/Activity/CreateActivity.html
INFO: [ app_init ] --START--
INFO: Run Behavior\BuildLiteBehavior [ RunTime:0.000017s ]
INFO: [ app_init ] --END-- [ RunTime:0.000472s ]
INFO: [ app_begin ] --START--
INFO: Run Behavior\ReadHtmlCacheBehavior [ RunTime:0.000623s ]
INFO: [ app_begin ] --END-- [ RunTime:0.000709s ]
SQL: SHOW COLUMNS FROM `lab_user` [ RunTime:0.0016s ]
SQL: SELECT `random` FROM `lab_user` WHERE ( username="Smilec" ) LIMIT 1   [ RunTime:0.0003s ]
SQL: SELECT `admin` FROM `lab_user` WHERE ( username="Smilec" ) LIMIT 1   [ RunTime:0.0003s ]
SQL: SHOW COLUMNS FROM `lab_activity` [ RunTime:0.0014s ]
SQL: INSERT INTO `lab_activity` (`username`,`name`,`img`,`online`,`over_time`,`start_time`,`is_release`) VALUES ('Smilec','新的活动测试','2015-10-24/sm_562b3263e5454.jpg','1','2015-10-27','2015-10-24','0') [ RunTime:0.0048s ]
INFO: [ app_end ] --START--
INFO: Run Behavior\ShowPageTraceBehavior [ RunTime:0.001085s ]
INFO: [ app_end ] --END-- [ RunTime:0.001188s ]

[ 2015-10-24T15:25:31+08:00 ] ::1 /index.php/Admin/Activity/form.html?id=3
INFO: [ app_init ] --START--
INFO: Run Behavior\BuildLiteBehavior [ RunTime:0.000050s ]
INFO: [ app_init ] --END-- [ RunTime:0.000791s ]
INFO: [ app_begin ] --START--
INFO: Run Behavior\ReadHtmlCacheBehavior [ RunTime:0.000591s ]
INFO: [ app_begin ] --END-- [ RunTime:0.000658s ]
SQL: SHOW COLUMNS FROM `lab_activity_form` [ RunTime:0.0016s ]
SQL: SELECT * FROM `lab_activity_form` WHERE ( activity_id=3 )  [ RunTime:0.0005s ]
INFO: [ view_parse ] --START--
INFO: [ template_filter ] --START--
INFO: Run Behavior\ContentReplaceBehavior [ RunTime:0.000051s ]
INFO: [ template_filter ] --END-- [ RunTime:0.000130s ]
SQL: SHOW COLUMNS FROM `lab_user` [ RunTime:0.0018s ]
INFO: Run Behavior\ParseTemplateBehavior [ RunTime:0.025230s ]
INFO: [ view_parse ] --END-- [ RunTime:0.025413s ]
INFO: [ view_filter ] --START--
INFO: Run Behavior\WriteHtmlCacheBehavior [ RunTime:0.000589s ]
INFO: [ view_filter ] --END-- [ RunTime:0.000776s ]
INFO: [ app_end ] --START--
INFO: Run Behavior\ShowPageTraceBehavior [ RunTime:0.000928s ]
INFO: [ app_end ] --END-- [ RunTime:0.001046s ]

[ 2015-10-24T15:25:39+08:00 ] ::1 /index.php/Admin/Activity/CommitQuestionForm
INFO: [ app_init ] --START--
INFO: Run Behavior\BuildLiteBehavior [ RunTime:0.000018s ]
INFO: [ app_init ] --END-- [ RunTime:0.000659s ]
INFO: [ app_begin ] --START--
INFO: Run Behavior\ReadHtmlCacheBehavior [ RunTime:0.000605s ]
INFO: [ app_begin ] --END-- [ RunTime:0.000663s ]
SQL: SHOW COLUMNS FROM `lab_user` [ RunTime:0.0015s ]
SQL: SELECT `random` FROM `lab_user` WHERE ( username="Smilec" ) LIMIT 1   [ RunTime:0.0005s ]
SQL: SELECT `admin` FROM `lab_user` WHERE ( username="Smilec" ) LIMIT 1   [ RunTime:0.0003s ]
SQL: SHOW COLUMNS FROM `lab_activity_form` [ RunTime:0.0016s ]
SQL: INSERT INTO `lab_activity_form` (`activity_id`,`question`,`input_element`) VALUES ('3','你的名字？','0') [ RunTime:0.0010s ]
INFO: [ app_end ] --START--
INFO: Run Behavior\ShowPageTraceBehavior [ RunTime:0.000567s ]
INFO: [ app_end ] --END-- [ RunTime:0.000638s ]

[ 2015-10-24T15:25:49+08:00 ] ::1 /index.php/Admin/Activity/CommitQuestionForm
INFO: [ app_init ] --START--
INFO: Run Behavior\BuildLiteBehavior [ RunTime:0.000029s ]
INFO: [ app_init ] --END-- [ RunTime:0.000714s ]
INFO: [ app_begin ] --START--
INFO: Run Behavior\ReadHtmlCacheBehavior [ RunTime:0.000688s ]
INFO: [ app_begin ] --END-- [ RunTime:0.000767s ]
SQL: SHOW COLUMNS FROM `lab_user` [ RunTime:0.0016s ]
SQL: SELECT `random` FROM `lab_user` WHERE ( username="Smilec" ) LIMIT 1   [ RunTime:0.0003s ]
SQL: SELECT `admin` FROM `lab_user` WHERE ( username="Smilec" ) LIMIT 1   [ RunTime:0.0003s ]
SQL: SHOW COLUMNS FROM `lab_activity_form` [ RunTime:0.0014s ]
SQL: INSERT INTO `lab_activity_form` (`activity_id`,`question`,`input_element`) VALUES ('3','你的手机号码？','0') [ RunTime:0.0008s ]
INFO: [ app_end ] --START--
INFO: Run Behavior\ShowPageTraceBehavior [ RunTime:0.001122s ]
INFO: [ app_end ] --END-- [ RunTime:0.001213s ]

[ 2015-10-24T15:25:56+08:00 ] ::1 /index.php/Admin/Activity/CommitQuestionForm
INFO: [ app_init ] --START--
INFO: Run Behavior\BuildLiteBehavior [ RunTime:0.000015s ]
INFO: [ app_init ] --END-- [ RunTime:0.000388s ]
INFO: [ app_begin ] --START--
INFO: Run Behavior\ReadHtmlCacheBehavior [ RunTime:0.000461s ]
INFO: [ app_begin ] --END-- [ RunTime:0.000515s ]
SQL: SHOW COLUMNS FROM `lab_user` [ RunTime:0.0017s ]
SQL: SELECT `random` FROM `lab_user` WHERE ( username="Smilec" ) LIMIT 1   [ RunTime:0.0003s ]
SQL: SELECT `admin` FROM `lab_user` WHERE ( username="Smilec" ) LIMIT 1   [ RunTime:0.0003s ]
SQL: SHOW COLUMNS FROM `lab_activity_form` [ RunTime:0.0013s ]
SQL: INSERT INTO `lab_activity_form` (`activity_id`,`question`,`input_element`) VALUES ('3','你加入的理由？','1') [ RunTime:0.0011s ]
INFO: [ app_end ] --START--
INFO: Run Behavior\ShowPageTraceBehavior [ RunTime:0.000643s ]
INFO: [ app_end ] --END-- [ RunTime:0.000703s ]

[ 2015-10-24T15:25:57+08:00 ] ::1 /index.php/Admin/Activity/detail.html?id=3
INFO: [ app_init ] --START--
INFO: Run Behavior\BuildLiteBehavior [ RunTime:0.000020s ]
INFO: [ app_init ] --END-- [ RunTime:0.000456s ]
INFO: [ app_begin ] --START--
INFO: Run Behavior\ReadHtmlCacheBehavior [ RunTime:0.000466s ]
INFO: [ app_begin ] --END-- [ RunTime:0.000526s ]
SQL: SHOW COLUMNS FROM `lab_activity` [ RunTime:0.0019s ]
SQL: SELECT `detail` FROM `lab_activity` WHERE ( id=3 ) LIMIT 1   [ RunTime:0.0004s ]
INFO: [ view_parse ] --START--
INFO: [ template_filter ] --START--
INFO: Run Behavior\ContentReplaceBehavior [ RunTime:0.000058s ]
INFO: [ template_filter ] --END-- [ RunTime:0.000161s ]
INFO: Run Behavior\ParseTemplateBehavior [ RunTime:0.009086s ]
INFO: [ view_parse ] --END-- [ RunTime:0.009185s ]
INFO: [ view_filter ] --START--
INFO: Run Behavior\WriteHtmlCacheBehavior [ RunTime:0.000180s ]
INFO: [ view_filter ] --END-- [ RunTime:0.000234s ]
INFO: [ app_end ] --START--
INFO: Run Behavior\ShowPageTraceBehavior [ RunTime:0.000705s ]
INFO: [ app_end ] --END-- [ RunTime:0.000825s ]

[ 2015-10-24T15:27:07+08:00 ] ::1 /index.php/Admin/Activity/detail.html?id=3
INFO: [ app_init ] --START--
INFO: Run Behavior\BuildLiteBehavior [ RunTime:0.000020s ]
INFO: [ app_init ] --END-- [ RunTime:0.000723s ]
INFO: [ app_begin ] --START--
INFO: Run Behavior\ReadHtmlCacheBehavior [ RunTime:0.000480s ]
INFO: [ app_begin ] --END-- [ RunTime:0.000540s ]
SQL: SHOW COLUMNS FROM `lab_activity` [ RunTime:0.0017s ]
SQL: SELECT `detail` FROM `lab_activity` WHERE ( id=3 ) LIMIT 1   [ RunTime:0.0004s ]
INFO: [ view_parse ] --START--
INFO: [ template_filter ] --START--
INFO: Run Behavior\ContentReplaceBehavior [ RunTime:0.000045s ]
INFO: [ template_filter ] --END-- [ RunTime:0.000117s ]
INFO: Run Behavior\ParseTemplateBehavior [ RunTime:0.006726s ]
INFO: [ view_parse ] --END-- [ RunTime:0.006817s ]
INFO: [ view_filter ] --START--
INFO: Run Behavior\WriteHtmlCacheBehavior [ RunTime:0.000143s ]
INFO: [ view_filter ] --END-- [ RunTime:0.000190s ]
INFO: [ app_end ] --START--
INFO: Run Behavior\ShowPageTraceBehavior [ RunTime:0.000486s ]
INFO: [ app_end ] --END-- [ RunTime:0.000538s ]

[ 2015-10-24T15:27:57+08:00 ] ::1 /index.php/Admin/Activity/putDetail
INFO: [ app_init ] --START--
INFO: Run Behavior\BuildLiteBehavior [ RunTime:0.000015s ]
INFO: [ app_init ] --END-- [ RunTime:0.000373s ]
INFO: [ app_begin ] --START--
INFO: Run Behavior\ReadHtmlCacheBehavior [ RunTime:0.000471s ]
INFO: [ app_begin ] --END-- [ RunTime:0.000533s ]
SQL: SHOW COLUMNS FROM `lab_user` [ RunTime:0.0016s ]
SQL: SELECT `random` FROM `lab_user` WHERE ( username="Smilec" ) LIMIT 1   [ RunTime:0.0006s ]
SQL: SELECT `admin` FROM `lab_user` WHERE ( username="Smilec" ) LIMIT 1   [ RunTime:0.0005s ]
SQL: SHOW COLUMNS FROM `lab_activity` [ RunTime:0.0017s ]
SQL: UPDATE `lab_activity` SET `detail`='这里是活动的测试说明
![screenshot](/Public/Uploads/2015-10-24/562b32dca6969.jpg)
哈哈哈

# 你怎么样
还不错
## 你好

## 还不错
哈哈' WHERE ( id=3 ) [ RunTime:0.0010s ]
SQL: UPDATE `lab_activity` SET `is_release`='1' WHERE ( id=3 ) [ RunTime:0.0007s ]
INFO: [ view_parse ] --START--
INFO: [ template_filter ] --START--
INFO: Run Behavior\ContentReplaceBehavior [ RunTime:0.000041s ]
INFO: [ template_filter ] --END-- [ RunTime:0.000111s ]
INFO: Run Behavior\ParseTemplateBehavior [ RunTime:0.009802s ]
INFO: [ view_parse ] --END-- [ RunTime:0.009893s ]
INFO: [ view_filter ] --START--
INFO: Run Behavior\WriteHtmlCacheBehavior [ RunTime:0.000213s ]
INFO: [ view_filter ] --END-- [ RunTime:0.000269s ]
INFO: [ app_end ] --START--
INFO: Run Behavior\ShowPageTraceBehavior [ RunTime:0.000774s ]
INFO: [ app_end ] --END-- [ RunTime:0.000853s ]

[ 2015-10-24T15:30:09+08:00 ] ::1 /index.php/Admin/Activity/detail.html?id=3
INFO: [ app_init ] --START--
INFO: Run Behavior\BuildLiteBehavior [ RunTime:0.000021s ]
INFO: [ app_init ] --END-- [ RunTime:0.000485s ]
INFO: [ app_begin ] --START--
INFO: Run Behavior\ReadHtmlCacheBehavior [ RunTime:0.000892s ]
INFO: [ app_begin ] --END-- [ RunTime:0.001008s ]
SQL: SHOW COLUMNS FROM `lab_activity` [ RunTime:0.0016s ]
SQL: SELECT `detail` FROM `lab_activity` WHERE ( id=3 ) LIMIT 1   [ RunTime:0.0004s ]
INFO: [ view_parse ] --START--
INFO: [ template_filter ] --START--
INFO: Run Behavior\ContentReplaceBehavior [ RunTime:0.000088s ]
INFO: [ template_filter ] --END-- [ RunTime:0.000210s ]
INFO: Run Behavior\ParseTemplateBehavior [ RunTime:0.010313s ]
INFO: [ view_parse ] --END-- [ RunTime:0.010442s ]
INFO: [ view_filter ] --START--
INFO: Run Behavior\WriteHtmlCacheBehavior [ RunTime:0.000322s ]
INFO: [ view_filter ] --END-- [ RunTime:0.000417s ]
INFO: [ app_end ] --START--
INFO: Run Behavior\ShowPageTraceBehavior [ RunTime:0.000924s ]
INFO: [ app_end ] --END-- [ RunTime:0.001034s ]

[ 2015-10-24T15:30:37+08:00 ] ::1 /index.php/Admin/Activity/putDetail
INFO: [ app_init ] --START--
INFO: Run Behavior\BuildLiteBehavior [ RunTime:0.000026s ]
INFO: [ app_init ] --END-- [ RunTime:0.000397s ]
INFO: [ app_begin ] --START--
INFO: Run Behavior\ReadHtmlCacheBehavior [ RunTime:0.000464s ]
INFO: [ app_begin ] --END-- [ RunTime:0.000525s ]
SQL: SHOW COLUMNS FROM `lab_user` [ RunTime:0.0015s ]
SQL: SELECT `random` FROM `lab_user` WHERE ( username="Smilec" ) LIMIT 1   [ RunTime:0.0003s ]
SQL: SELECT `admin` FROM `lab_user` WHERE ( username="Smilec" ) LIMIT 1   [ RunTime:0.0003s ]
SQL: SHOW COLUMNS FROM `lab_activity` [ RunTime:0.0015s ]
SQL: UPDATE `lab_activity` SET `detail`='这里是活动的测试说明这里是活动的测试说明这里是活动的测试说明这里是活动的测试说明这里是活动的测试说明这里是活动的测试说明这里是活动的测试说明这里是活动的测试说明这里是活动的测试说明

哈哈哈

# 你怎么样
还不错
## 你好

## 还不错
哈哈' WHERE ( id=3 ) [ RunTime:0.0009s ]
SQL: UPDATE `lab_activity` SET `is_release`='1' WHERE ( id=3 ) [ RunTime:0.0007s ]
INFO: [ view_parse ] --START--
INFO: [ template_filter ] --START--
INFO: Run Behavior\ContentReplaceBehavior [ RunTime:0.000043s ]
INFO: [ template_filter ] --END-- [ RunTime:0.000117s ]
INFO: Run Behavior\ParseTemplateBehavior [ RunTime:0.009326s ]
INFO: [ view_parse ] --END-- [ RunTime:0.009535s ]
INFO: [ view_filter ] --START--
INFO: Run Behavior\WriteHtmlCacheBehavior [ RunTime:0.000205s ]
INFO: [ view_filter ] --END-- [ RunTime:0.000306s ]
INFO: [ app_end ] --START--
INFO: Run Behavior\ShowPageTraceBehavior [ RunTime:0.000515s ]
INFO: [ app_end ] --END-- [ RunTime:0.000568s ]

[ 2015-10-24T15:30:45+08:00 ] ::1 /index.php/Admin/Activity/putDetail
INFO: [ app_init ] --START--
INFO: Run Behavior\BuildLiteBehavior [ RunTime:0.000015s ]
INFO: [ app_init ] --END-- [ RunTime:0.000381s ]
INFO: [ app_begin ] --START--
INFO: Run Behavior\ReadHtmlCacheBehavior [ RunTime:0.000573s ]
INFO: [ app_begin ] --END-- [ RunTime:0.000636s ]
SQL: SHOW COLUMNS FROM `lab_user` [ RunTime:0.0015s ]
SQL: SELECT `random` FROM `lab_user` WHERE ( username="Smilec" ) LIMIT 1   [ RunTime:0.0003s ]
SQL: SELECT `admin` FROM `lab_user` WHERE ( username="Smilec" ) LIMIT 1   [ RunTime:0.0003s ]
SQL: SHOW COLUMNS FROM `lab_activity` [ RunTime:0.0014s ]
SQL: UPDATE `lab_activity` SET `detail`='这里是活动的测试说明这里是活动的测试说明这里是活动的测试说明这里是活动的测试说明这里是活动的测试说明这里是活动的测试说明这里是活动的测试说明这里是活动的测试说明这里是活动的测试说明
![screenshot](/Public/Uploads/2015-10-24/562b32dca6969.jpg)
哈哈哈

# 你怎么样
还不错
## 你好

## 还不错
哈哈' WHERE ( id=3 ) [ RunTime:0.0009s ]
SQL: UPDATE `lab_activity` SET `is_release`='1' WHERE ( id=3 ) [ RunTime:0.0007s ]
INFO: [ view_parse ] --START--
INFO: [ template_filter ] --START--
INFO: Run Behavior\ContentReplaceBehavior [ RunTime:0.000039s ]
INFO: [ template_filter ] --END-- [ RunTime:0.000107s ]
INFO: Run Behavior\ParseTemplateBehavior [ RunTime:0.008762s ]
INFO: [ view_parse ] --END-- [ RunTime:0.008839s ]
INFO: [ view_filter ] --START--
INFO: Run Behavior\WriteHtmlCacheBehavior [ RunTime:0.000150s ]
INFO: [ view_filter ] --END-- [ RunTime:0.000199s ]
INFO: [ app_end ] --START--
INFO: Run Behavior\ShowPageTraceBehavior [ RunTime:0.000607s ]
INFO: [ app_end ] --END-- [ RunTime:0.000682s ]

[ 2015-10-24T16:20:38+08:00 ] ::1 /index.php/Admin/Activity/detail.html?id=3
INFO: [ app_init ] --START--
INFO: Run Behavior\BuildLiteBehavior [ RunTime:0.000030s ]
INFO: [ app_init ] --END-- [ RunTime:0.000478s ]
INFO: [ app_begin ] --START--
INFO: Run Behavior\ReadHtmlCacheBehavior [ RunTime:0.000735s ]
INFO: [ app_begin ] --END-- [ RunTime:0.000815s ]
SQL: SHOW COLUMNS FROM `lab_activity` [ RunTime:0.0020s ]
SQL: SELECT `detail` FROM `lab_activity` WHERE ( id=3 ) LIMIT 1   [ RunTime:0.0005s ]
INFO: [ view_parse ] --START--
INFO: [ template_filter ] --START--
INFO: Run Behavior\ContentReplaceBehavior [ RunTime:0.000056s ]
INFO: [ template_filter ] --END-- [ RunTime:0.000156s ]
INFO: Run Behavior\ParseTemplateBehavior [ RunTime:0.009865s ]
INFO: [ view_parse ] --END-- [ RunTime:0.009972s ]
INFO: [ view_filter ] --START--
INFO: Run Behavior\WriteHtmlCacheBehavior [ RunTime:0.000228s ]
INFO: [ view_filter ] --END-- [ RunTime:0.000320s ]
INFO: [ app_end ] --START--
INFO: Run Behavior\ShowPageTraceBehavior [ RunTime:0.000626s ]
INFO: [ app_end ] --END-- [ RunTime:0.000699s ]

[ 2015-10-24T16:27:03+08:00 ] ::1 /index.php/Admin/Activity/detail.html?id=3
INFO: [ app_init ] --START--
INFO: Run Behavior\BuildLiteBehavior [ RunTime:0.000017s ]
INFO: [ app_init ] --END-- [ RunTime:0.000459s ]
INFO: [ app_begin ] --START--
INFO: Run Behavior\ReadHtmlCacheBehavior [ RunTime:0.000578s ]
INFO: [ app_begin ] --END-- [ RunTime:0.000641s ]
SQL: SHOW COLUMNS FROM `lab_activity` [ RunTime:0.0016s ]
SQL: SELECT `detail` FROM `lab_activity` WHERE ( id=3 ) LIMIT 1   [ RunTime:0.0004s ]
INFO: [ view_parse ] --START--
INFO: [ template_filter ] --START--
INFO: Run Behavior\ContentReplaceBehavior [ RunTime:0.000053s ]
INFO: [ template_filter ] --END-- [ RunTime:0.000147s ]
INFO: Run Behavior\ParseTemplateBehavior [ RunTime:0.007412s ]
INFO: [ view_parse ] --END-- [ RunTime:0.007486s ]
INFO: [ view_filter ] --START--
INFO: Run Behavior\WriteHtmlCacheBehavior [ RunTime:0.000185s ]
INFO: [ view_filter ] --END-- [ RunTime:0.000238s ]
INFO: [ app_end ] --START--
INFO: Run Behavior\ShowPageTraceBehavior [ RunTime:0.001434s ]
INFO: [ app_end ] --END-- [ RunTime:0.001587s ]

[ 2015-10-24T18:31:32+08:00 ] ::1 /index.php/Admin.html
INFO: [ app_init ] --START--
INFO: Run Behavior\BuildLiteBehavior [ RunTime:0.000020s ]
INFO: [ app_init ] --END-- [ RunTime:0.000468s ]
INFO: [ app_begin ] --START--
INFO: Run Behavior\ReadHtmlCacheBehavior [ RunTime:0.000815s ]
INFO: [ app_begin ] --END-- [ RunTime:0.000931s ]
SQL: SHOW COLUMNS FROM `lab_project` [ RunTime:0.0020s ]
SQL: SELECT COUNT(*) AS tp_count FROM `lab_project` LIMIT 1   [ RunTime:0.0003s ]
SQL: SHOW COLUMNS FROM `lab_user` [ RunTime:0.0015s ]
SQL: SELECT COUNT(*) AS tp_count FROM `lab_user` LIMIT 1   [ RunTime:0.0003s ]
SQL: SELECT COUNT(*) AS tp_count FROM `lab_project` WHERE ( allow=0 ) LIMIT 1   [ RunTime:0.0003s ]
INFO: [ view_parse ] --START--
INFO: [ template_filter ] --START--
INFO: Run Behavior\ContentReplaceBehavior [ RunTime:0.000085s ]
INFO: [ template_filter ] --END-- [ RunTime:0.000253s ]
SQL: SHOW COLUMNS FROM `lab_user` [ RunTime:0.0021s ]
INFO: Run Behavior\ParseTemplateBehavior [ RunTime:0.016016s ]
INFO: [ view_parse ] --END-- [ RunTime:0.016086s ]
INFO: [ view_filter ] --START--
INFO: Run Behavior\WriteHtmlCacheBehavior [ RunTime:0.000211s ]
INFO: [ view_filter ] --END-- [ RunTime:0.000262s ]
INFO: [ app_end ] --START--
INFO: Run Behavior\ShowPageTraceBehavior [ RunTime:0.000623s ]
INFO: [ app_end ] --END-- [ RunTime:0.000679s ]

[ 2015-10-24T18:31:46+08:00 ] ::1 /index.php/Admin.html
INFO: [ app_init ] --START--
INFO: Run Behavior\BuildLiteBehavior [ RunTime:0.000019s ]
INFO: [ app_init ] --END-- [ RunTime:0.000417s ]
INFO: [ app_begin ] --START--
INFO: Run Behavior\ReadHtmlCacheBehavior [ RunTime:0.000507s ]
INFO: [ app_begin ] --END-- [ RunTime:0.000572s ]
SQL: SHOW COLUMNS FROM `lab_project` [ RunTime:0.0016s ]
SQL: SELECT COUNT(*) AS tp_count FROM `lab_project` LIMIT 1   [ RunTime:0.0002s ]
SQL: SHOW COLUMNS FROM `lab_user` [ RunTime:0.0013s ]
SQL: SELECT COUNT(*) AS tp_count FROM `lab_user` LIMIT 1   [ RunTime:0.0002s ]
SQL: SELECT COUNT(*) AS tp_count FROM `lab_project` WHERE ( allow=0 ) LIMIT 1   [ RunTime:0.0002s ]
INFO: [ view_parse ] --START--
INFO: [ template_filter ] --START--
INFO: Run Behavior\ContentReplaceBehavior [ RunTime:0.000062s ]
INFO: [ template_filter ] --END-- [ RunTime:0.000173s ]
SQL: SHOW COLUMNS FROM `lab_user` [ RunTime:0.0014s ]
INFO: Run Behavior\ParseTemplateBehavior [ RunTime:0.016850s ]
INFO: [ view_parse ] --END-- [ RunTime:0.016930s ]
INFO: [ view_filter ] --START--
INFO: Run Behavior\WriteHtmlCacheBehavior [ RunTime:0.000227s ]
INFO: [ view_filter ] --END-- [ RunTime:0.000298s ]
INFO: [ app_end ] --START--
INFO: Run Behavior\ShowPageTraceBehavior [ RunTime:0.000569s ]
INFO: [ app_end ] --END-- [ RunTime:0.000692s ]

[ 2015-10-24T18:31:47+08:00 ] ::1 /index.php/Admin/Check.html
INFO: [ app_init ] --START--
INFO: Run Behavior\BuildLiteBehavior [ RunTime:0.000014s ]
INFO: [ app_init ] --END-- [ RunTime:0.000346s ]
INFO: [ app_begin ] --START--
INFO: Run Behavior\ReadHtmlCacheBehavior [ RunTime:0.000458s ]
INFO: [ app_begin ] --END-- [ RunTime:0.000515s ]
SQL: SHOW COLUMNS FROM `lab_project` [ RunTime:0.0018s ]
SQL: SELECT * FROM `lab_project` WHERE ( allow=0 )  [ RunTime:0.0004s ]
INFO: [ view_parse ] --START--
INFO: [ template_filter ] --START--
INFO: Run Behavior\ContentReplaceBehavior [ RunTime:0.000091s ]
INFO: [ template_filter ] --END-- [ RunTime:0.000255s ]
SQL: SHOW COLUMNS FROM `lab_user` [ RunTime:0.0016s ]
INFO: Run Behavior\ParseTemplateBehavior [ RunTime:0.019502s ]
INFO: [ view_parse ] --END-- [ RunTime:0.019623s ]
INFO: [ view_filter ] --START--
INFO: Run Behavior\WriteHtmlCacheBehavior [ RunTime:0.000295s ]
INFO: [ view_filter ] --END-- [ RunTime:0.000392s ]
INFO: [ app_end ] --START--
INFO: Run Behavior\ShowPageTraceBehavior [ RunTime:0.001089s ]
INFO: [ app_end ] --END-- [ RunTime:0.001198s ]

[ 2015-10-24T18:31:51+08:00 ] ::1 /index.php/Admin/Activity.html
INFO: [ app_init ] --START--
INFO: Run Behavior\BuildLiteBehavior [ RunTime:0.000015s ]
INFO: [ app_init ] --END-- [ RunTime:0.000354s ]
INFO: [ app_begin ] --START--
INFO: Run Behavior\ReadHtmlCacheBehavior [ RunTime:0.000466s ]
INFO: [ app_begin ] --END-- [ RunTime:0.000527s ]
INFO: [ view_parse ] --START--
INFO: [ template_filter ] --START--
INFO: Run Behavior\ContentReplaceBehavior [ RunTime:0.000053s ]
INFO: [ template_filter ] --END-- [ RunTime:0.000134s ]
SQL: SHOW COLUMNS FROM `lab_user` [ RunTime:0.0015s ]
NOTIC: [8] Undefined variable: proinfo /Users/smilec/Code/Lab/Application/Runtime/Cache/Admin/c8d84a2d51a6dbf36e8ef99e6375e8a9.php 第 92 行.
NOTIC: [8] Undefined variable: proinfo /Users/smilec/Code/Lab/Application/Runtime/Cache/Admin/c8d84a2d51a6dbf36e8ef99e6375e8a9.php 第 161 行.
NOTIC: [8] Undefined variable: proinfo /Users/smilec/Code/Lab/Application/Runtime/Cache/Admin/c8d84a2d51a6dbf36e8ef99e6375e8a9.php 第 165 行.
INFO: Run Behavior\ParseTemplateBehavior [ RunTime:0.028612s ]
INFO: [ view_parse ] --END-- [ RunTime:0.028683s ]
INFO: [ view_filter ] --START--
INFO: Run Behavior\WriteHtmlCacheBehavior [ RunTime:0.000194s ]
INFO: [ view_filter ] --END-- [ RunTime:0.000245s ]
INFO: [ app_end ] --START--
INFO: Run Behavior\ShowPageTraceBehavior [ RunTime:0.000625s ]
INFO: [ app_end ] --END-- [ RunTime:0.000683s ]

[ 2015-10-24T18:32:04+08:00 ] ::1 /index.php/Admin/Activity.html
INFO: [ app_init ] --START--
INFO: Run Behavior\BuildLiteBehavior [ RunTime:0.000022s ]
INFO: [ app_init ] --END-- [ RunTime:0.000499s ]
INFO: [ app_begin ] --START--
INFO: Run Behavior\ReadHtmlCacheBehavior [ RunTime:0.000481s ]
INFO: [ app_begin ] --END-- [ RunTime:0.000545s ]
INFO: [ view_parse ] --START--
INFO: [ template_filter ] --START--
INFO: Run Behavior\ContentReplaceBehavior [ RunTime:0.000043s ]
INFO: [ template_filter ] --END-- [ RunTime:0.000117s ]
SQL: SHOW COLUMNS FROM `lab_user` [ RunTime:0.0015s ]
NOTIC: [8] Undefined variable: proinfo /Users/smilec/Code/Lab/Application/Runtime/Cache/Admin/c8d84a2d51a6dbf36e8ef99e6375e8a9.php 第 92 行.
NOTIC: [8] Undefined variable: proinfo /Users/smilec/Code/Lab/Application/Runtime/Cache/Admin/c8d84a2d51a6dbf36e8ef99e6375e8a9.php 第 161 行.
NOTIC: [8] Undefined variable: proinfo /Users/smilec/Code/Lab/Application/Runtime/Cache/Admin/c8d84a2d51a6dbf36e8ef99e6375e8a9.php 第 165 行.
INFO: Run Behavior\ParseTemplateBehavior [ RunTime:0.025017s ]
INFO: [ view_parse ] --END-- [ RunTime:0.025077s ]
INFO: [ view_filter ] --START--
INFO: Run Behavior\WriteHtmlCacheBehavior [ RunTime:0.000205s ]
INFO: [ view_filter ] --END-- [ RunTime:0.000259s ]
INFO: [ app_end ] --START--
INFO: Run Behavior\ShowPageTraceBehavior [ RunTime:0.000523s ]
INFO: [ app_end ] --END-- [ RunTime:0.000579s ]

[ 2015-10-24T18:32:04+08:00 ] ::1 /index.php/Admin/Check.html
INFO: [ app_init ] --START--
INFO: Run Behavior\BuildLiteBehavior [ RunTime:0.000015s ]
INFO: [ app_init ] --END-- [ RunTime:0.000349s ]
INFO: [ app_begin ] --START--
INFO: Run Behavior\ReadHtmlCacheBehavior [ RunTime:0.000464s ]
INFO: [ app_begin ] --END-- [ RunTime:0.000522s ]
SQL: SHOW COLUMNS FROM `lab_project` [ RunTime:0.0015s ]
SQL: SELECT * FROM `lab_project` WHERE ( allow=0 )  [ RunTime:0.0003s ]
INFO: [ view_parse ] --START--
INFO: [ template_filter ] --START--
INFO: Run Behavior\ContentReplaceBehavior [ RunTime:0.000069s ]
INFO: [ template_filter ] --END-- [ RunTime:0.000187s ]
SQL: SHOW COLUMNS FROM `lab_user` [ RunTime:0.0015s ]
INFO: Run Behavior\ParseTemplateBehavior [ RunTime:0.015746s ]
INFO: [ view_parse ] --END-- [ RunTime:0.015802s ]
INFO: [ view_filter ] --START--
INFO: Run Behavior\WriteHtmlCacheBehavior [ RunTime:0.000200s ]
INFO: [ view_filter ] --END-- [ RunTime:0.000252s ]
INFO: [ app_end ] --START--
INFO: Run Behavior\ShowPageTraceBehavior [ RunTime:0.000520s ]
INFO: [ app_end ] --END-- [ RunTime:0.000575s ]

[ 2015-10-24T18:32:05+08:00 ] ::1 /index.php/Admin/Activity.html
INFO: [ app_init ] --START--
INFO: Run Behavior\BuildLiteBehavior [ RunTime:0.000014s ]
INFO: [ app_init ] --END-- [ RunTime:0.000345s ]
INFO: [ app_begin ] --START--
INFO: Run Behavior\ReadHtmlCacheBehavior [ RunTime:0.000460s ]
INFO: [ app_begin ] --END-- [ RunTime:0.000519s ]
INFO: [ view_parse ] --START--
INFO: [ template_filter ] --START--
INFO: Run Behavior\ContentReplaceBehavior [ RunTime:0.000047s ]
INFO: [ template_filter ] --END-- [ RunTime:0.000124s ]
SQL: SHOW COLUMNS FROM `lab_user` [ RunTime:0.0014s ]
NOTIC: [8] Undefined variable: proinfo /Users/smilec/Code/Lab/Application/Runtime/Cache/Admin/c8d84a2d51a6dbf36e8ef99e6375e8a9.php 第 92 行.
NOTIC: [8] Undefined variable: proinfo /Users/smilec/Code/Lab/Application/Runtime/Cache/Admin/c8d84a2d51a6dbf36e8ef99e6375e8a9.php 第 161 行.
NOTIC: [8] Undefined variable: proinfo /Users/smilec/Code/Lab/Application/Runtime/Cache/Admin/c8d84a2d51a6dbf36e8ef99e6375e8a9.php 第 165 行.
INFO: Run Behavior\ParseTemplateBehavior [ RunTime:0.023891s ]
INFO: [ view_parse ] --END-- [ RunTime:0.023947s ]
INFO: [ view_filter ] --START--
INFO: Run Behavior\WriteHtmlCacheBehavior [ RunTime:0.000196s ]
INFO: [ view_filter ] --END-- [ RunTime:0.000247s ]
INFO: [ app_end ] --START--
INFO: Run Behavior\ShowPageTraceBehavior [ RunTime:0.000505s ]
INFO: [ app_end ] --END-- [ RunTime:0.000557s ]

[ 2015-10-24T18:33:31+08:00 ] ::1 /index.php/Admin/Activity/form.html?id=2
INFO: [ app_init ] --START--
INFO: Run Behavior\BuildLiteBehavior [ RunTime:0.000017s ]
INFO: [ app_init ] --END-- [ RunTime:0.000406s ]
INFO: [ app_begin ] --START--
INFO: Run Behavior\ReadHtmlCacheBehavior [ RunTime:0.000546s ]
INFO: [ app_begin ] --END-- [ RunTime:0.000647s ]
SQL: SHOW COLUMNS FROM `lab_activity_form` [ RunTime:0.0014s ]
SQL: SELECT * FROM `lab_activity_form` WHERE ( activity_id=2 )  [ RunTime:0.0004s ]
INFO: [ view_parse ] --START--
INFO: [ template_filter ] --START--
INFO: Run Behavior\ContentReplaceBehavior [ RunTime:0.000052s ]
INFO: [ template_filter ] --END-- [ RunTime:0.000125s ]
SQL: SHOW COLUMNS FROM `lab_user` [ RunTime:0.0018s ]
INFO: Run Behavior\ParseTemplateBehavior [ RunTime:0.021139s ]
INFO: [ view_parse ] --END-- [ RunTime:0.021233s ]
INFO: [ view_filter ] --START--
INFO: Run Behavior\WriteHtmlCacheBehavior [ RunTime:0.000320s ]
INFO: [ view_filter ] --END-- [ RunTime:0.000432s ]
INFO: [ app_end ] --START--
INFO: Run Behavior\ShowPageTraceBehavior [ RunTime:0.001016s ]
INFO: [ app_end ] --END-- [ RunTime:0.001247s ]

[ 2015-10-24T18:33:40+08:00 ] ::1 /index.php/Admin/Activity/form.html?id=3
INFO: [ app_init ] --START--
INFO: Run Behavior\BuildLiteBehavior [ RunTime:0.000036s ]
INFO: [ app_init ] --END-- [ RunTime:0.000988s ]
INFO: [ app_begin ] --START--
INFO: Run Behavior\ReadHtmlCacheBehavior [ RunTime:0.001286s ]
INFO: [ app_begin ] --END-- [ RunTime:0.001642s ]
SQL: SHOW COLUMNS FROM `lab_activity_form` [ RunTime:0.0018s ]
SQL: SELECT * FROM `lab_activity_form` WHERE ( activity_id=3 )  [ RunTime:0.0005s ]
INFO: [ view_parse ] --START--
INFO: [ template_filter ] --START--
INFO: Run Behavior\ContentReplaceBehavior [ RunTime:0.000078s ]
INFO: [ template_filter ] --END-- [ RunTime:0.000192s ]
SQL: SHOW COLUMNS FROM `lab_user` [ RunTime:0.0014s ]
INFO: Run Behavior\ParseTemplateBehavior [ RunTime:0.020069s ]
INFO: [ view_parse ] --END-- [ RunTime:0.020155s ]
INFO: [ view_filter ] --START--
INFO: Run Behavior\WriteHtmlCacheBehavior [ RunTime:0.000219s ]
INFO: [ view_filter ] --END-- [ RunTime:0.000278s ]
INFO: [ app_end ] --START--
INFO: Run Behavior\ShowPageTraceBehavior [ RunTime:0.000828s ]
INFO: [ app_end ] --END-- [ RunTime:0.000917s ]

[ 2015-10-24T18:35:48+08:00 ] ::1 /index.php/Admin/Activity/form.html?id=3
INFO: [ app_init ] --START--
INFO: Run Behavior\BuildLiteBehavior [ RunTime:0.000016s ]
INFO: [ app_init ] --END-- [ RunTime:0.000398s ]
INFO: [ app_begin ] --START--
INFO: Run Behavior\ReadHtmlCacheBehavior [ RunTime:0.000476s ]
INFO: [ app_begin ] --END-- [ RunTime:0.000534s ]
SQL: SHOW COLUMNS FROM `lab_activity_form` [ RunTime:0.0015s ]
SQL: SELECT * FROM `lab_activity_form` WHERE ( activity_id=3 )  [ RunTime:0.0004s ]
INFO: [ view_parse ] --START--
INFO: [ template_filter ] --START--
INFO: Run Behavior\ContentReplaceBehavior [ RunTime:0.000050s ]
INFO: [ template_filter ] --END-- [ RunTime:0.000123s ]
SQL: SHOW COLUMNS FROM `lab_user` [ RunTime:0.0014s ]
INFO: Run Behavior\ParseTemplateBehavior [ RunTime:0.017216s ]
INFO: [ view_parse ] --END-- [ RunTime:0.017274s ]
INFO: [ view_filter ] --START--
INFO: Run Behavior\WriteHtmlCacheBehavior [ RunTime:0.000191s ]
INFO: [ view_filter ] --END-- [ RunTime:0.000241s ]
INFO: [ app_end ] --START--
INFO: Run Behavior\ShowPageTraceBehavior [ RunTime:0.001001s ]
INFO: [ app_end ] --END-- [ RunTime:0.001157s ]

[ 2015-10-24T18:36:05+08:00 ] ::1 /index.php/Admin/Activity/detail.html?id=3
INFO: [ app_init ] --START--
INFO: Run Behavior\BuildLiteBehavior [ RunTime:0.000014s ]
INFO: [ app_init ] --END-- [ RunTime:0.000354s ]
INFO: [ app_begin ] --START--
INFO: Run Behavior\ReadHtmlCacheBehavior [ RunTime:0.000465s ]
INFO: [ app_begin ] --END-- [ RunTime:0.000525s ]
SQL: SHOW COLUMNS FROM `lab_activity` [ RunTime:0.0015s ]
SQL: SELECT `detail` FROM `lab_activity` WHERE ( id=3 ) LIMIT 1   [ RunTime:0.0004s ]
INFO: [ view_parse ] --START--
INFO: [ template_filter ] --START--
INFO: Run Behavior\ContentReplaceBehavior [ RunTime:0.000050s ]
INFO: [ template_filter ] --END-- [ RunTime:0.000134s ]
INFO: Run Behavior\ParseTemplateBehavior [ RunTime:0.007852s ]
INFO: [ view_parse ] --END-- [ RunTime:0.007931s ]
INFO: [ view_filter ] --START--
INFO: Run Behavior\WriteHtmlCacheBehavior [ RunTime:0.000184s ]
INFO: [ view_filter ] --END-- [ RunTime:0.000241s ]
INFO: [ app_end ] --START--
INFO: Run Behavior\ShowPageTraceBehavior [ RunTime:0.000951s ]
INFO: [ app_end ] --END-- [ RunTime:0.001139s ]

[ 2015-10-24T18:36:47+08:00 ] ::1 /index.php/Admin/Activity/DeleteActivity.html?id=2
INFO: [ app_init ] --START--
INFO: Run Behavior\BuildLiteBehavior [ RunTime:0.000018s ]
INFO: [ app_init ] --END-- [ RunTime:0.000386s ]
INFO: [ app_begin ] --START--
INFO: Run Behavior\ReadHtmlCacheBehavior [ RunTime:0.000574s ]
INFO: [ app_begin ] --END-- [ RunTime:0.000663s ]
SQL: SHOW COLUMNS FROM `lab_user` [ RunTime:0.0018s ]
SQL: SELECT `random` FROM `lab_user` WHERE ( username="Smilec" ) LIMIT 1   [ RunTime:0.0003s ]
SQL: SELECT `admin` FROM `lab_user` WHERE ( username="Smilec" ) LIMIT 1   [ RunTime:0.0003s ]
SQL: SHOW COLUMNS FROM `lab_activity` [ RunTime:0.0016s ]
SQL: DELETE FROM `lab_activity` WHERE ( id=2 ) [ RunTime:0.0008s ]
INFO: [ view_parse ] --START--
INFO: [ template_filter ] --START--
INFO: Run Behavior\ContentReplaceBehavior [ RunTime:0.000048s ]
INFO: [ template_filter ] --END-- [ RunTime:0.000136s ]
INFO: Run Behavior\ParseTemplateBehavior [ RunTime:0.009777s ]
INFO: [ view_parse ] --END-- [ RunTime:0.009859s ]
INFO: [ view_filter ] --START--
INFO: Run Behavior\WriteHtmlCacheBehavior [ RunTime:0.000179s ]
INFO: [ view_filter ] --END-- [ RunTime:0.000232s ]
INFO: [ app_end ] --START--
INFO: Run Behavior\ShowPageTraceBehavior [ RunTime:0.000694s ]
INFO: [ app_end ] --END-- [ RunTime:0.000774s ]

[ 2015-10-24T18:37:12+08:00 ] ::1 /index.php/Admin/Activity/DeleteActivity.html?id=2
INFO: [ app_init ] --START--
INFO: Run Behavior\BuildLiteBehavior [ RunTime:0.000016s ]
INFO: [ app_init ] --END-- [ RunTime:0.000447s ]
INFO: [ app_begin ] --START--
INFO: Run Behavior\ReadHtmlCacheBehavior [ RunTime:0.000584s ]
INFO: [ app_begin ] --END-- [ RunTime:0.000659s ]
SQL: SHOW COLUMNS FROM `lab_user` [ RunTime:0.0017s ]
SQL: SELECT `random` FROM `lab_user` WHERE ( username="Smilec" ) LIMIT 1   [ RunTime:0.0003s ]
SQL: SELECT `admin` FROM `lab_user` WHERE ( username="Smilec" ) LIMIT 1   [ RunTime:0.0003s ]
SQL: SHOW COLUMNS FROM `lab_activity` [ RunTime:0.0015s ]
SQL: DELETE FROM `lab_activity` WHERE ( id=2 ) [ RunTime:0.0003s ]
INFO: [ view_parse ] --START--
INFO: [ template_filter ] --START--
INFO: Run Behavior\ContentReplaceBehavior [ RunTime:0.000050s ]
INFO: [ template_filter ] --END-- [ RunTime:0.000137s ]
INFO: Run Behavior\ParseTemplateBehavior [ RunTime:0.008487s ]
INFO: [ view_parse ] --END-- [ RunTime:0.008564s ]
INFO: [ view_filter ] --START--
INFO: Run Behavior\WriteHtmlCacheBehavior [ RunTime:0.000166s ]
INFO: [ view_filter ] --END-- [ RunTime:0.000215s ]

[ 2015-10-24T18:37:28+08:00 ] ::1 /index.php/Admin/Activity/DeleteActivity.html?id=1
INFO: [ app_init ] --START--
INFO: Run Behavior\BuildLiteBehavior [ RunTime:0.000018s ]
INFO: [ app_init ] --END-- [ RunTime:0.000407s ]
INFO: [ app_begin ] --START--
INFO: Run Behavior\ReadHtmlCacheBehavior [ RunTime:0.000625s ]
INFO: [ app_begin ] --END-- [ RunTime:0.000703s ]
SQL: SHOW COLUMNS FROM `lab_user` [ RunTime:0.0015s ]
SQL: SELECT `random` FROM `lab_user` WHERE ( username="Smilec" ) LIMIT 1   [ RunTime:0.0003s ]
SQL: SELECT `admin` FROM `lab_user` WHERE ( username="Smilec" ) LIMIT 1   [ RunTime:0.0003s ]
SQL: SHOW COLUMNS FROM `lab_activity` [ RunTime:0.0014s ]
SQL: DELETE FROM `lab_activity` WHERE ( id=1 ) [ RunTime:0.0010s ]
INFO: [ view_parse ] --START--
INFO: [ template_filter ] --START--
INFO: Run Behavior\ContentReplaceBehavior [ RunTime:0.000052s ]
INFO: [ template_filter ] --END-- [ RunTime:0.000146s ]
INFO: Run Behavior\ParseTemplateBehavior [ RunTime:0.007619s ]
INFO: [ view_parse ] --END-- [ RunTime:0.007695s ]
INFO: [ view_filter ] --START--
INFO: Run Behavior\WriteHtmlCacheBehavior [ RunTime:0.000172s ]
INFO: [ view_filter ] --END-- [ RunTime:0.000225s ]
INFO: [ app_end ] --START--
INFO: Run Behavior\ShowPageTraceBehavior [ RunTime:0.000714s ]
INFO: [ app_end ] --END-- [ RunTime:0.000847s ]

[ 2015-10-24T18:40:33+08:00 ] ::1 /index.php/Admin.html
INFO: [ app_init ] --START--
INFO: Run Behavior\BuildLiteBehavior [ RunTime:0.000050s ]
INFO: [ app_init ] --END-- [ RunTime:0.001204s ]
INFO: [ app_begin ] --START--
INFO: Run Behavior\ReadHtmlCacheBehavior [ RunTime:0.001139s ]
INFO: [ app_begin ] --END-- [ RunTime:0.001323s ]
SQL: SHOW COLUMNS FROM `lab_project` [ RunTime:0.0016s ]
SQL: SELECT COUNT(*) AS tp_count FROM `lab_project` LIMIT 1   [ RunTime:0.0003s ]
SQL: SHOW COLUMNS FROM `lab_user` [ RunTime:0.0016s ]
SQL: SELECT COUNT(*) AS tp_count FROM `lab_user` LIMIT 1   [ RunTime:0.0003s ]
SQL: SELECT COUNT(*) AS tp_count FROM `lab_project` WHERE ( allow=0 ) LIMIT 1   [ RunTime:0.0003s ]
INFO: [ view_parse ] --START--
INFO: [ template_filter ] --START--
INFO: Run Behavior\ContentReplaceBehavior [ RunTime:0.000115s ]
INFO: [ template_filter ] --END-- [ RunTime:0.000221s ]
SQL: SHOW COLUMNS FROM `lab_user` [ RunTime:0.0018s ]
SQL: SELECT `random` FROM `lab_user` WHERE ( username="Smilec" ) LIMIT 1   [ RunTime:0.0004s ]
SQL: SELECT `admin` FROM `lab_user` WHERE ( username="Smilec" ) LIMIT 1   [ RunTime:0.0004s ]
INFO: Run Behavior\ParseTemplateBehavior [ RunTime:0.023612s ]
INFO: [ view_parse ] --END-- [ RunTime:0.023745s ]
INFO: [ view_filter ] --START--
INFO: Run Behavior\WriteHtmlCacheBehavior [ RunTime:0.000565s ]
INFO: [ view_filter ] --END-- [ RunTime:0.000630s ]
INFO: [ app_end ] --START--
INFO: Run Behavior\ShowPageTraceBehavior [ RunTime:0.001594s ]
INFO: [ app_end ] --END-- [ RunTime:0.001726s ]

[ 2015-10-24T18:40:39+08:00 ] ::1 /index.php/Admin.html
INFO: [ app_init ] --START--
INFO: Run Behavior\BuildLiteBehavior [ RunTime:0.000016s ]
INFO: [ app_init ] --END-- [ RunTime:0.000355s ]
INFO: [ app_begin ] --START--
INFO: Run Behavior\ReadHtmlCacheBehavior [ RunTime:0.000488s ]
INFO: [ app_begin ] --END-- [ RunTime:0.000577s ]
SQL: SHOW COLUMNS FROM `lab_project` [ RunTime:0.0016s ]
SQL: SELECT COUNT(*) AS tp_count FROM `lab_project` LIMIT 1   [ RunTime:0.0002s ]
SQL: SHOW COLUMNS FROM `lab_user` [ RunTime:0.0015s ]
SQL: SELECT COUNT(*) AS tp_count FROM `lab_user` LIMIT 1   [ RunTime:0.0003s ]
SQL: SELECT COUNT(*) AS tp_count FROM `lab_project` WHERE ( allow=0 ) LIMIT 1   [ RunTime:0.0003s ]
INFO: [ view_parse ] --START--
INFO: [ template_filter ] --START--
INFO: Run Behavior\ContentReplaceBehavior [ RunTime:0.000082s ]
INFO: [ template_filter ] --END-- [ RunTime:0.000196s ]
SQL: SHOW COLUMNS FROM `lab_user` [ RunTime:0.0016s ]
SQL: SELECT * FROM `lab_user` WHERE ( username="Smilec" ) LIMIT 1   [ RunTime:0.0004s ]
SQL: SELECT `random` FROM `lab_user` WHERE ( username="Smilec" ) LIMIT 1   [ RunTime:0.0003s ]

[ 2015-10-24T18:55:44+08:00 ] ::1 /index.php/Admin.html
INFO: [ app_init ] --START--
INFO: Run Behavior\BuildLiteBehavior [ RunTime:0.000014s ]
INFO: [ app_init ] --END-- [ RunTime:0.000348s ]
INFO: [ app_begin ] --START--
INFO: Run Behavior\ReadHtmlCacheBehavior [ RunTime:0.000674s ]
INFO: [ app_begin ] --END-- [ RunTime:0.000770s ]
SQL: SHOW COLUMNS FROM `lab_project` [ RunTime:0.0016s ]
SQL: SELECT COUNT(*) AS tp_count FROM `lab_project` LIMIT 1   [ RunTime:0.0002s ]
SQL: SHOW COLUMNS FROM `lab_user` [ RunTime:0.0016s ]
SQL: SELECT COUNT(*) AS tp_count FROM `lab_user` LIMIT 1   [ RunTime:0.0003s ]
SQL: SELECT COUNT(*) AS tp_count FROM `lab_project` WHERE ( allow=0 ) LIMIT 1   [ RunTime:0.0003s ]
INFO: [ view_parse ] --START--
INFO: [ template_filter ] --START--
INFO: Run Behavior\ContentReplaceBehavior [ RunTime:0.000056s ]
INFO: [ template_filter ] --END-- [ RunTime:0.000186s ]
SQL: SHOW COLUMNS FROM `lab_user` [ RunTime:0.0014s ]
SQL: SELECT `random` FROM `lab_user` WHERE ( username="Smilec" ) LIMIT 1   [ RunTime:0.0003s ]
SQL: SELECT `admin` FROM `lab_user` WHERE ( username="Smilec" ) LIMIT 1   [ RunTime:0.0003s ]
INFO: Run Behavior\ParseTemplateBehavior [ RunTime:0.016879s ]
INFO: [ view_parse ] --END-- [ RunTime:0.016937s ]
INFO: [ view_filter ] --START--
INFO: Run Behavior\WriteHtmlCacheBehavior [ RunTime:0.000207s ]
INFO: [ view_filter ] --END-- [ RunTime:0.000273s ]
INFO: [ app_end ] --START--
INFO: Run Behavior\ShowPageTraceBehavior [ RunTime:0.000607s ]
INFO: [ app_end ] --END-- [ RunTime:0.000724s ]

[ 2015-10-24T18:55:45+08:00 ] ::1 /index.php/Admin/Check.html
INFO: [ app_init ] --START--
INFO: Run Behavior\BuildLiteBehavior [ RunTime:0.000015s ]
INFO: [ app_init ] --END-- [ RunTime:0.000347s ]
INFO: [ app_begin ] --START--
INFO: Run Behavior\ReadHtmlCacheBehavior [ RunTime:0.000458s ]
INFO: [ app_begin ] --END-- [ RunTime:0.000517s ]
SQL: SHOW COLUMNS FROM `lab_project` [ RunTime:0.0018s ]
SQL: SELECT * FROM `lab_project` WHERE ( allow=0 )  [ RunTime:0.0003s ]
INFO: [ view_parse ] --START--
INFO: [ template_filter ] --START--
INFO: Run Behavior\ContentReplaceBehavior [ RunTime:0.000046s ]
INFO: [ template_filter ] --END-- [ RunTime:0.000119s ]
SQL: SHOW COLUMNS FROM `lab_user` [ RunTime:0.0021s ]
SQL: SHOW COLUMNS FROM `lab_user` [ RunTime:0.0014s ]
SQL: SELECT `random` FROM `lab_user` WHERE ( username="Smilec" ) LIMIT 1   [ RunTime:0.0003s ]
SQL: SELECT `admin` FROM `lab_user` WHERE ( username="Smilec" ) LIMIT 1   [ RunTime:0.0003s ]
INFO: Run Behavior\ParseTemplateBehavior [ RunTime:0.020110s ]
INFO: [ view_parse ] --END-- [ RunTime:0.020174s ]
INFO: [ view_filter ] --START--
INFO: Run Behavior\WriteHtmlCacheBehavior [ RunTime:0.000209s ]
INFO: [ view_filter ] --END-- [ RunTime:0.000262s ]
INFO: [ app_end ] --START--
INFO: Run Behavior\ShowPageTraceBehavior [ RunTime:0.000529s ]
INFO: [ app_end ] --END-- [ RunTime:0.000585s ]

[ 2015-10-24T18:55:46+08:00 ] ::1 /index.php/Admin/Check/SetProjectAllow
INFO: [ app_init ] --START--
INFO: Run Behavior\BuildLiteBehavior [ RunTime:0.000015s ]
INFO: [ app_init ] --END-- [ RunTime:0.000349s ]
INFO: [ app_begin ] --START--
INFO: Run Behavior\ReadHtmlCacheBehavior [ RunTime:0.000458s ]
INFO: [ app_begin ] --END-- [ RunTime:0.000513s ]
SQL: SHOW COLUMNS FROM `lab_user` [ RunTime:0.0016s ]
SQL: SELECT `random` FROM `lab_user` WHERE ( username="Smilec" ) LIMIT 1   [ RunTime:0.0004s ]
SQL: SELECT `admin` FROM `lab_user` WHERE ( username="Smilec" ) LIMIT 1   [ RunTime:0.0003s ]
SQL: SHOW COLUMNS FROM `lab_project` [ RunTime:0.0016s ]
SQL: UPDATE `lab_project` SET `allow`='1' WHERE ( id=15 ) [ RunTime:0.0004s ]
INFO: [ app_end ] --START--
INFO: Run Behavior\ShowPageTraceBehavior [ RunTime:0.000639s ]
INFO: [ app_end ] --END-- [ RunTime:0.000719s ]

[ 2015-10-24T19:01:23+08:00 ] ::1 /index.php/Admin.html
INFO: [ app_init ] --START--
INFO: Run Behavior\BuildLiteBehavior [ RunTime:0.000019s ]
INFO: [ app_init ] --END-- [ RunTime:0.000458s ]
INFO: [ app_begin ] --START--
INFO: Run Behavior\ReadHtmlCacheBehavior [ RunTime:0.000845s ]
INFO: [ app_begin ] --END-- [ RunTime:0.000962s ]
SQL: SHOW COLUMNS FROM `lab_project` [ RunTime:0.0016s ]
SQL: SELECT COUNT(*) AS tp_count FROM `lab_project` LIMIT 1   [ RunTime:0.0002s ]
SQL: SHOW COLUMNS FROM `lab_user` [ RunTime:0.0014s ]
SQL: SELECT COUNT(*) AS tp_count FROM `lab_user` LIMIT 1   [ RunTime:0.0002s ]
SQL: SELECT COUNT(*) AS tp_count FROM `lab_project` WHERE ( allow=0 ) LIMIT 1   [ RunTime:0.0003s ]
INFO: [ view_parse ] --START--
INFO: [ template_filter ] --START--
INFO: Run Behavior\ContentReplaceBehavior [ RunTime:0.000061s ]
INFO: [ template_filter ] --END-- [ RunTime:0.000186s ]
SQL: SHOW COLUMNS FROM `lab_user` [ RunTime:0.0018s ]
SQL: SELECT `random` FROM `lab_user` WHERE ( username="Smilec" ) LIMIT 1   [ RunTime:0.0004s ]
SQL: SELECT `admin` FROM `lab_user` WHERE ( username="Smilec" ) LIMIT 1   [ RunTime:0.0003s ]
INFO: Run Behavior\ParseTemplateBehavior [ RunTime:0.018567s ]
INFO: [ view_parse ] --END-- [ RunTime:0.018624s ]
INFO: [ view_filter ] --START--
INFO: Run Behavior\WriteHtmlCacheBehavior [ RunTime:0.000204s ]
INFO: [ view_filter ] --END-- [ RunTime:0.000252s ]
INFO: [ app_end ] --START--
INFO: Run Behavior\ShowPageTraceBehavior [ RunTime:0.000869s ]
INFO: [ app_end ] --END-- [ RunTime:0.000926s ]

[ 2015-10-24T19:01:24+08:00 ] ::1 /index.php/Admin/Activity.html
INFO: [ app_init ] --START--
INFO: Run Behavior\BuildLiteBehavior [ RunTime:0.000015s ]
INFO: [ app_init ] --END-- [ RunTime:0.000364s ]
INFO: [ app_begin ] --START--
INFO: Run Behavior\ReadHtmlCacheBehavior [ RunTime:0.000463s ]
INFO: [ app_begin ] --END-- [ RunTime:0.000524s ]
INFO: [ view_parse ] --START--
INFO: [ template_filter ] --START--
INFO: Run Behavior\ContentReplaceBehavior [ RunTime:0.000044s ]
INFO: [ template_filter ] --END-- [ RunTime:0.000115s ]
SQL: SHOW COLUMNS FROM `lab_user` [ RunTime:0.0014s ]
SQL: SHOW COLUMNS FROM `lab_user` [ RunTime:0.0014s ]
SQL: SELECT `random` FROM `lab_user` WHERE ( username="Smilec" ) LIMIT 1   [ RunTime:0.0003s ]
SQL: SELECT `admin` FROM `lab_user` WHERE ( username="Smilec" ) LIMIT 1   [ RunTime:0.0002s ]
NOTIC: [8] Undefined variable: proinfo /Users/smilec/Code/Lab/Application/Runtime/Cache/Admin/c8d84a2d51a6dbf36e8ef99e6375e8a9.php 第 92 行.
NOTIC: [8] Undefined variable: proinfo /Users/smilec/Code/Lab/Application/Runtime/Cache/Admin/c8d84a2d51a6dbf36e8ef99e6375e8a9.php 第 161 行.
NOTIC: [8] Undefined variable: proinfo /Users/smilec/Code/Lab/Application/Runtime/Cache/Admin/c8d84a2d51a6dbf36e8ef99e6375e8a9.php 第 165 行.
INFO: Run Behavior\ParseTemplateBehavior [ RunTime:0.029191s ]
INFO: [ view_parse ] --END-- [ RunTime:0.029260s ]
INFO: [ view_filter ] --START--
INFO: Run Behavior\WriteHtmlCacheBehavior [ RunTime:0.000198s ]
INFO: [ view_filter ] --END-- [ RunTime:0.000248s ]
INFO: [ app_end ] --START--
INFO: Run Behavior\ShowPageTraceBehavior [ RunTime:0.000507s ]
INFO: [ app_end ] --END-- [ RunTime:0.000559s ]

[ 2015-10-24T19:02:17+08:00 ] ::1 /index.php/Admin/Activity/CreateActivity.html
INFO: [ app_init ] --START--
INFO: Run Behavior\BuildLiteBehavior [ RunTime:0.000018s ]
INFO: [ app_init ] --END-- [ RunTime:0.000465s ]
INFO: [ app_begin ] --START--
INFO: Run Behavior\ReadHtmlCacheBehavior [ RunTime:0.000504s ]
INFO: [ app_begin ] --END-- [ RunTime:0.000594s ]
SQL: SHOW COLUMNS FROM `lab_user` [ RunTime:0.0016s ]
SQL: SELECT `random` FROM `lab_user` WHERE ( username="Smilec" ) LIMIT 1   [ RunTime:0.0003s ]
SQL: SELECT `admin` FROM `lab_user` WHERE ( username="Smilec" ) LIMIT 1   [ RunTime:0.0003s ]
SQL: SHOW COLUMNS FROM `lab_activity` [ RunTime:0.0014s ]
SQL: INSERT INTO `lab_activity` (`username`,`name`,`img`,`online`,`over_time`,`start_time`,`is_release`) VALUES ('Smilec','测试活动2','2015-10-24/sm_562b652009f24.gif','0','2015-10-23','2015-10-15','0') [ RunTime:0.0016s ]
INFO: [ app_end ] --START--
INFO: Run Behavior\ShowPageTraceBehavior [ RunTime:0.000741s ]
INFO: [ app_end ] --END-- [ RunTime:0.000852s ]

[ 2015-10-24T19:02:17+08:00 ] ::1 /index.php/Admin/Activity/form.html?id=4
INFO: [ app_init ] --START--
INFO: Run Behavior\BuildLiteBehavior [ RunTime:0.000016s ]
INFO: [ app_init ] --END-- [ RunTime:0.000362s ]
INFO: [ app_begin ] --START--
INFO: Run Behavior\ReadHtmlCacheBehavior [ RunTime:0.000491s ]
INFO: [ app_begin ] --END-- [ RunTime:0.000556s ]
SQL: SHOW COLUMNS FROM `lab_activity_form` [ RunTime:0.0018s ]
SQL: SELECT * FROM `lab_activity_form` WHERE ( activity_id=4 )  [ RunTime:0.0004s ]
INFO: [ view_parse ] --START--
INFO: [ template_filter ] --START--
INFO: Run Behavior\ContentReplaceBehavior [ RunTime:0.000065s ]
INFO: [ template_filter ] --END-- [ RunTime:0.000152s ]
SQL: SHOW COLUMNS FROM `lab_user` [ RunTime:0.0014s ]
SQL: SHOW COLUMNS FROM `lab_user` [ RunTime:0.0014s ]
SQL: SELECT `random` FROM `lab_user` WHERE ( username="Smilec" ) LIMIT 1   [ RunTime:0.0003s ]
SQL: SELECT `admin` FROM `lab_user` WHERE ( username="Smilec" ) LIMIT 1   [ RunTime:0.0002s ]
INFO: Run Behavior\ParseTemplateBehavior [ RunTime:0.021255s ]
INFO: [ view_parse ] --END-- [ RunTime:0.021313s ]
INFO: [ view_filter ] --START--
INFO: Run Behavior\WriteHtmlCacheBehavior [ RunTime:0.000201s ]
INFO: [ view_filter ] --END-- [ RunTime:0.000251s ]
INFO: [ app_end ] --START--
INFO: Run Behavior\ShowPageTraceBehavior [ RunTime:0.000766s ]
INFO: [ app_end ] --END-- [ RunTime:0.000881s ]

[ 2015-10-24T19:02:23+08:00 ] ::1 /index.php/Admin/Activity/CommitQuestionForm
INFO: [ app_init ] --START--
INFO: Run Behavior\BuildLiteBehavior [ RunTime:0.000015s ]
INFO: [ app_init ] --END-- [ RunTime:0.000377s ]
INFO: [ app_begin ] --START--
INFO: Run Behavior\ReadHtmlCacheBehavior [ RunTime:0.000475s ]
INFO: [ app_begin ] --END-- [ RunTime:0.000552s ]
SQL: SHOW COLUMNS FROM `lab_user` [ RunTime:0.0016s ]
SQL: SELECT `random` FROM `lab_user` WHERE ( username="Smilec" ) LIMIT 1   [ RunTime:0.0003s ]
SQL: SELECT `admin` FROM `lab_user` WHERE ( username="Smilec" ) LIMIT 1   [ RunTime:0.0003s ]
SQL: SHOW COLUMNS FROM `lab_activity_form` [ RunTime:0.0014s ]
SQL: INSERT INTO `lab_activity_form` (`activity_id`,`question`,`input_element`) VALUES ('4','你是逗比吗','0') [ RunTime:0.0007s ]
INFO: [ app_end ] --START--
INFO: Run Behavior\ShowPageTraceBehavior [ RunTime:0.000558s ]
INFO: [ app_end ] --END-- [ RunTime:0.000616s ]

[ 2015-10-24T19:02:25+08:00 ] ::1 /index.php/Admin/Activity/detail.html?id=4
INFO: [ app_init ] --START--
INFO: Run Behavior\BuildLiteBehavior [ RunTime:0.000035s ]
INFO: [ app_init ] --END-- [ RunTime:0.000706s ]
INFO: [ app_begin ] --START--
INFO: Run Behavior\ReadHtmlCacheBehavior [ RunTime:0.001103s ]
INFO: [ app_begin ] --END-- [ RunTime:0.001245s ]
SQL: SHOW COLUMNS FROM `lab_activity` [ RunTime:0.0016s ]
SQL: SELECT `detail` FROM `lab_activity` WHERE ( id=4 ) LIMIT 1   [ RunTime:0.0004s ]
INFO: [ view_parse ] --START--
INFO: [ template_filter ] --START--
INFO: Run Behavior\ContentReplaceBehavior [ RunTime:0.000117s ]
INFO: [ template_filter ] --END-- [ RunTime:0.000299s ]
INFO: Run Behavior\ParseTemplateBehavior [ RunTime:0.008341s ]
INFO: [ view_parse ] --END-- [ RunTime:0.008499s ]
INFO: [ view_filter ] --START--
INFO: Run Behavior\WriteHtmlCacheBehavior [ RunTime:0.000351s ]
INFO: [ view_filter ] --END-- [ RunTime:0.000423s ]
INFO: [ app_end ] --START--
INFO: Run Behavior\ShowPageTraceBehavior [ RunTime:0.000632s ]
INFO: [ app_end ] --END-- [ RunTime:0.000689s ]

[ 2015-10-24T19:02:32+08:00 ] ::1 /index.php/Admin/Activity/putDetail
INFO: [ app_init ] --START--
INFO: Run Behavior\BuildLiteBehavior [ RunTime:0.000016s ]
INFO: [ app_init ] --END-- [ RunTime:0.000351s ]
INFO: [ app_begin ] --START--
INFO: Run Behavior\ReadHtmlCacheBehavior [ RunTime:0.000459s ]
INFO: [ app_begin ] --END-- [ RunTime:0.000518s ]
SQL: SHOW COLUMNS FROM `lab_user` [ RunTime:0.0015s ]
SQL: SELECT `random` FROM `lab_user` WHERE ( username="Smilec" ) LIMIT 1   [ RunTime:0.0003s ]
SQL: SELECT `admin` FROM `lab_user` WHERE ( username="Smilec" ) LIMIT 1   [ RunTime:0.0002s ]
SQL: SHOW COLUMNS FROM `lab_activity` [ RunTime:0.0015s ]
SQL: UPDATE `lab_activity` SET `detail`='这里是简介' WHERE ( id=4 ) [ RunTime:0.0008s ]
SQL: UPDATE `lab_activity` SET `is_release`='1' WHERE ( id=4 ) [ RunTime:0.0011s ]
INFO: [ view_parse ] --START--
INFO: [ template_filter ] --START--
INFO: Run Behavior\ContentReplaceBehavior [ RunTime:0.000040s ]
INFO: [ template_filter ] --END-- [ RunTime:0.000119s ]
INFO: Run Behavior\ParseTemplateBehavior [ RunTime:0.008981s ]
INFO: [ view_parse ] --END-- [ RunTime:0.009072s ]
INFO: [ view_filter ] --START--
INFO: Run Behavior\WriteHtmlCacheBehavior [ RunTime:0.000204s ]
INFO: [ view_filter ] --END-- [ RunTime:0.000269s ]
INFO: [ app_end ] --START--
INFO: Run Behavior\ShowPageTraceBehavior [ RunTime:0.000760s ]
INFO: [ app_end ] --END-- [ RunTime:0.000851s ]

[ 2015-10-24T19:02:41+08:00 ] ::1 /index.php/Admin/Activity/detail.html?id=4
INFO: [ app_init ] --START--
INFO: Run Behavior\BuildLiteBehavior [ RunTime:0.000024s ]
INFO: [ app_init ] --END-- [ RunTime:0.000592s ]
INFO: [ app_begin ] --START--
INFO: Run Behavior\ReadHtmlCacheBehavior [ RunTime:0.000623s ]
INFO: [ app_begin ] --END-- [ RunTime:0.000702s ]
SQL: SHOW COLUMNS FROM `lab_activity` [ RunTime:0.0017s ]
SQL: SELECT `detail` FROM `lab_activity` WHERE ( id=4 ) LIMIT 1   [ RunTime:0.0004s ]
INFO: [ view_parse ] --START--
INFO: [ template_filter ] --START--
INFO: Run Behavior\ContentReplaceBehavior [ RunTime:0.000072s ]
INFO: [ template_filter ] --END-- [ RunTime:0.000224s ]
INFO: Run Behavior\ParseTemplateBehavior [ RunTime:0.008692s ]
INFO: [ view_parse ] --END-- [ RunTime:0.008777s ]
INFO: [ view_filter ] --START--
INFO: Run Behavior\WriteHtmlCacheBehavior [ RunTime:0.000266s ]
INFO: [ view_filter ] --END-- [ RunTime:0.000347s ]
INFO: [ app_end ] --START--
INFO: Run Behavior\ShowPageTraceBehavior [ RunTime:0.000993s ]
INFO: [ app_end ] --END-- [ RunTime:0.001130s ]

[ 2015-10-24T19:02:44+08:00 ] ::1 /index.php/Admin/Activity/form.html?id=4
INFO: [ app_init ] --START--
INFO: Run Behavior\BuildLiteBehavior [ RunTime:0.000016s ]
INFO: [ app_init ] --END-- [ RunTime:0.000380s ]
INFO: [ app_begin ] --START--
INFO: Run Behavior\ReadHtmlCacheBehavior [ RunTime:0.000488s ]
INFO: [ app_begin ] --END-- [ RunTime:0.000545s ]
SQL: SHOW COLUMNS FROM `lab_activity_form` [ RunTime:0.0013s ]
SQL: SELECT * FROM `lab_activity_form` WHERE ( activity_id=4 )  [ RunTime:0.0004s ]
INFO: [ view_parse ] --START--
INFO: [ template_filter ] --START--
INFO: Run Behavior\ContentReplaceBehavior [ RunTime:0.000055s ]
INFO: [ template_filter ] --END-- [ RunTime:0.000132s ]
SQL: SHOW COLUMNS FROM `lab_user` [ RunTime:0.0012s ]
SQL: SHOW COLUMNS FROM `lab_user` [ RunTime:0.0012s ]
SQL: SELECT `random` FROM `lab_user` WHERE ( username="Smilec" ) LIMIT 1   [ RunTime:0.0003s ]
SQL: SELECT `admin` FROM `lab_user` WHERE ( username="Smilec" ) LIMIT 1   [ RunTime:0.0002s ]
INFO: Run Behavior\ParseTemplateBehavior [ RunTime:0.022073s ]
INFO: [ view_parse ] --END-- [ RunTime:0.022140s ]
INFO: [ view_filter ] --START--
INFO: Run Behavior\WriteHtmlCacheBehavior [ RunTime:0.000207s ]
INFO: [ view_filter ] --END-- [ RunTime:0.000261s ]
INFO: [ app_end ] --START--
INFO: Run Behavior\ShowPageTraceBehavior [ RunTime:0.000772s ]
INFO: [ app_end ] --END-- [ RunTime:0.000896s ]

[ 2015-10-24T19:04:02+08:00 ] ::1 /index.php/Admin.html
INFO: [ app_init ] --START--
INFO: Run Behavior\BuildLiteBehavior [ RunTime:0.000016s ]
INFO: [ app_init ] --END-- [ RunTime:0.000342s ]
INFO: [ app_begin ] --START--
INFO: Run Behavior\ReadHtmlCacheBehavior [ RunTime:0.000459s ]
INFO: [ app_begin ] --END-- [ RunTime:0.000518s ]
SQL: SHOW COLUMNS FROM `lab_project` [ RunTime:0.0016s ]
SQL: SELECT COUNT(*) AS tp_count FROM `lab_project` LIMIT 1   [ RunTime:0.0003s ]
SQL: SHOW COLUMNS FROM `lab_user` [ RunTime:0.0014s ]
SQL: SELECT COUNT(*) AS tp_count FROM `lab_user` LIMIT 1   [ RunTime:0.0002s ]
SQL: SELECT COUNT(*) AS tp_count FROM `lab_project` WHERE ( allow=0 ) LIMIT 1   [ RunTime:0.0003s ]
INFO: [ view_parse ] --START--
INFO: [ template_filter ] --START--
INFO: Run Behavior\ContentReplaceBehavior [ RunTime:0.000042s ]
INFO: [ template_filter ] --END-- [ RunTime:0.000120s ]
SQL: SHOW COLUMNS FROM `lab_user` [ RunTime:0.0015s ]
SQL: SELECT `random` FROM `lab_user` WHERE ( username="Smilec" ) LIMIT 1   [ RunTime:0.0004s ]
SQL: SELECT `admin` FROM `lab_user` WHERE ( username="Smilec" ) LIMIT 1   [ RunTime:0.0002s ]
INFO: Run Behavior\ParseTemplateBehavior [ RunTime:0.014749s ]
INFO: [ view_parse ] --END-- [ RunTime:0.014805s ]
INFO: [ view_filter ] --START--
INFO: Run Behavior\WriteHtmlCacheBehavior [ RunTime:0.000197s ]
INFO: [ view_filter ] --END-- [ RunTime:0.000245s ]
INFO: [ app_end ] --START--
INFO: Run Behavior\ShowPageTraceBehavior [ RunTime:0.000546s ]
INFO: [ app_end ] --END-- [ RunTime:0.000600s ]

[ 2015-10-24T19:04:10+08:00 ] ::1 /index.php/Admin.html
INFO: [ app_init ] --START--
INFO: Run Behavior\BuildLiteBehavior [ RunTime:0.000017s ]
INFO: [ app_init ] --END-- [ RunTime:0.000380s ]
INFO: [ app_begin ] --START--
INFO: Run Behavior\ReadHtmlCacheBehavior [ RunTime:0.000500s ]
INFO: [ app_begin ] --END-- [ RunTime:0.000562s ]
SQL: SHOW COLUMNS FROM `lab_project` [ RunTime:0.0017s ]
SQL: SELECT COUNT(*) AS tp_count FROM `lab_project` LIMIT 1   [ RunTime:0.0002s ]
SQL: SHOW COLUMNS FROM `lab_user` [ RunTime:0.0013s ]
SQL: SELECT COUNT(*) AS tp_count FROM `lab_user` LIMIT 1   [ RunTime:0.0003s ]
SQL: SELECT COUNT(*) AS tp_count FROM `lab_project` WHERE ( allow=0 ) LIMIT 1   [ RunTime:0.0003s ]
INFO: [ view_parse ] --START--
INFO: [ template_filter ] --START--
INFO: Run Behavior\ContentReplaceBehavior [ RunTime:0.000065s ]
INFO: [ template_filter ] --END-- [ RunTime:0.000173s ]
SQL: SHOW COLUMNS FROM `lab_user` [ RunTime:0.0013s ]
SQL: SELECT `random` FROM `lab_user` WHERE ( username="Smilec" ) LIMIT 1   [ RunTime:0.0002s ]
SQL: SELECT `admin` FROM `lab_user` WHERE ( username="Smilec" ) LIMIT 1   [ RunTime:0.0002s ]
INFO: Run Behavior\ParseTemplateBehavior [ RunTime:0.015614s ]
INFO: [ view_parse ] --END-- [ RunTime:0.015675s ]
INFO: [ view_filter ] --START--
INFO: Run Behavior\WriteHtmlCacheBehavior [ RunTime:0.000290s ]
INFO: [ view_filter ] --END-- [ RunTime:0.000374s ]
INFO: [ app_end ] --START--
INFO: Run Behavior\ShowPageTraceBehavior [ RunTime:0.000632s ]
INFO: [ app_end ] --END-- [ RunTime:0.000693s ]

[ 2015-10-24T19:06:26+08:00 ] ::1 /index.php/Admin.html
INFO: [ app_init ] --START--
INFO: Run Behavior\BuildLiteBehavior [ RunTime:0.000016s ]
INFO: [ app_init ] --END-- [ RunTime:0.000396s ]
INFO: [ app_begin ] --START--
INFO: Run Behavior\ReadHtmlCacheBehavior [ RunTime:0.000485s ]
INFO: [ app_begin ] --END-- [ RunTime:0.000545s ]
SQL: SHOW COLUMNS FROM `lab_project` [ RunTime:0.0015s ]
SQL: SELECT COUNT(*) AS tp_count FROM `lab_project` LIMIT 1   [ RunTime:0.0002s ]
SQL: SHOW COLUMNS FROM `lab_user` [ RunTime:0.0016s ]
SQL: SELECT COUNT(*) AS tp_count FROM `lab_user` LIMIT 1   [ RunTime:0.0002s ]
SQL: SELECT COUNT(*) AS tp_count FROM `lab_project` WHERE ( allow=0 ) LIMIT 1   [ RunTime:0.0002s ]
INFO: [ view_parse ] --START--
INFO: [ template_filter ] --START--
INFO: Run Behavior\ContentReplaceBehavior [ RunTime:0.000046s ]
INFO: [ template_filter ] --END-- [ RunTime:0.000122s ]
SQL: SHOW COLUMNS FROM `lab_user` [ RunTime:0.0015s ]
SQL: SELECT `random` FROM `lab_user` WHERE ( username="Smilec" ) LIMIT 1   [ RunTime:0.0006s ]
SQL: SELECT `admin` FROM `lab_user` WHERE ( username="Smilec" ) LIMIT 1   [ RunTime:0.0004s ]
INFO: Run Behavior\ParseTemplateBehavior [ RunTime:0.014829s ]
INFO: [ view_parse ] --END-- [ RunTime:0.014896s ]
INFO: [ view_filter ] --START--
INFO: Run Behavior\WriteHtmlCacheBehavior [ RunTime:0.000438s ]
INFO: [ view_filter ] --END-- [ RunTime:0.000495s ]
INFO: [ app_end ] --START--
INFO: Run Behavior\ShowPageTraceBehavior [ RunTime:0.000539s ]
INFO: [ app_end ] --END-- [ RunTime:0.000595s ]

[ 2015-10-24T19:06:27+08:00 ] ::1 /index.php/Admin/Activity.html
INFO: [ app_init ] --START--
INFO: Run Behavior\BuildLiteBehavior [ RunTime:0.000016s ]
INFO: [ app_init ] --END-- [ RunTime:0.000427s ]
INFO: [ app_begin ] --START--
INFO: Run Behavior\ReadHtmlCacheBehavior [ RunTime:0.000655s ]
INFO: [ app_begin ] --END-- [ RunTime:0.000720s ]
INFO: [ view_parse ] --START--
INFO: [ template_filter ] --START--
INFO: Run Behavior\ContentReplaceBehavior [ RunTime:0.000047s ]
INFO: [ template_filter ] --END-- [ RunTime:0.000124s ]
SQL: SHOW COLUMNS FROM `lab_user` [ RunTime:0.0014s ]
SQL: SHOW COLUMNS FROM `lab_user` [ RunTime:0.0015s ]
SQL: SELECT `random` FROM `lab_user` WHERE ( username="Smilec" ) LIMIT 1   [ RunTime:0.0003s ]
SQL: SELECT `admin` FROM `lab_user` WHERE ( username="Smilec" ) LIMIT 1   [ RunTime:0.0003s ]
NOTIC: [8] Undefined variable: proinfo /Users/smilec/Code/Lab/Application/Runtime/Cache/Admin/c8d84a2d51a6dbf36e8ef99e6375e8a9.php 第 102 行.
NOTIC: [8] Undefined variable: proinfo /Users/smilec/Code/Lab/Application/Runtime/Cache/Admin/c8d84a2d51a6dbf36e8ef99e6375e8a9.php 第 171 行.
NOTIC: [8] Undefined variable: proinfo /Users/smilec/Code/Lab/Application/Runtime/Cache/Admin/c8d84a2d51a6dbf36e8ef99e6375e8a9.php 第 175 行.
INFO: Run Behavior\ParseTemplateBehavior [ RunTime:0.031896s ]
INFO: [ view_parse ] --END-- [ RunTime:0.031985s ]
INFO: [ view_filter ] --START--
INFO: Run Behavior\WriteHtmlCacheBehavior [ RunTime:0.000301s ]
INFO: [ view_filter ] --END-- [ RunTime:0.000372s ]
INFO: [ app_end ] --START--
INFO: Run Behavior\ShowPageTraceBehavior [ RunTime:0.000709s ]
INFO: [ app_end ] --END-- [ RunTime:0.000879s ]

[ 2015-10-24T19:08:03+08:00 ] ::1 /index.php/Admin.html
INFO: [ app_init ] --START--
INFO: Run Behavior\BuildLiteBehavior [ RunTime:0.000015s ]
INFO: [ app_init ] --END-- [ RunTime:0.000360s ]
INFO: [ app_begin ] --START--
INFO: Run Behavior\ReadHtmlCacheBehavior [ RunTime:0.000464s ]
INFO: [ app_begin ] --END-- [ RunTime:0.000525s ]
SQL: SHOW COLUMNS FROM `lab_project` [ RunTime:0.0015s ]
SQL: SELECT COUNT(*) AS tp_count FROM `lab_project` LIMIT 1   [ RunTime:0.0003s ]
SQL: SHOW COLUMNS FROM `lab_user` [ RunTime:0.0014s ]
SQL: SELECT COUNT(*) AS tp_count FROM `lab_user` LIMIT 1   [ RunTime:0.0003s ]
SQL: SELECT COUNT(*) AS tp_count FROM `lab_project` WHERE ( allow=0 ) LIMIT 1   [ RunTime:0.0003s ]
INFO: [ view_parse ] --START--
INFO: [ template_filter ] --START--
INFO: Run Behavior\ContentReplaceBehavior [ RunTime:0.000072s ]
INFO: [ template_filter ] --END-- [ RunTime:0.000190s ]
SQL: SHOW COLUMNS FROM `lab_user` [ RunTime:0.0014s ]
SQL: SELECT `random` FROM `lab_user` WHERE ( username="Smilec" ) LIMIT 1   [ RunTime:0.0003s ]
SQL: SELECT `admin` FROM `lab_user` WHERE ( username="Smilec" ) LIMIT 1   [ RunTime:0.0003s ]
INFO: Run Behavior\ParseTemplateBehavior [ RunTime:0.014188s ]
INFO: [ view_parse ] --END-- [ RunTime:0.014242s ]
INFO: [ view_filter ] --START--
INFO: Run Behavior\WriteHtmlCacheBehavior [ RunTime:0.000197s ]
INFO: [ view_filter ] --END-- [ RunTime:0.000247s ]
INFO: [ app_end ] --START--
INFO: Run Behavior\ShowPageTraceBehavior [ RunTime:0.000508s ]
INFO: [ app_end ] --END-- [ RunTime:0.000561s ]

[ 2015-10-24T19:08:47+08:00 ] ::1 /index.php/Admin.html
INFO: [ app_init ] --START--
INFO: Run Behavior\BuildLiteBehavior [ RunTime:0.000016s ]
INFO: [ app_init ] --END-- [ RunTime:0.000349s ]
INFO: [ app_begin ] --START--
INFO: Run Behavior\ReadHtmlCacheBehavior [ RunTime:0.000479s ]
INFO: [ app_begin ] --END-- [ RunTime:0.000556s ]
SQL: SHOW COLUMNS FROM `lab_project` [ RunTime:0.0018s ]
SQL: SELECT COUNT(*) AS tp_count FROM `lab_project` LIMIT 1   [ RunTime:0.0003s ]
SQL: SHOW COLUMNS FROM `lab_user` [ RunTime:0.0015s ]
SQL: SELECT COUNT(*) AS tp_count FROM `lab_user` LIMIT 1   [ RunTime:0.0003s ]
SQL: SELECT COUNT(*) AS tp_count FROM `lab_project` WHERE ( allow=0 ) LIMIT 1   [ RunTime:0.0003s ]
INFO: [ view_parse ] --START--
INFO: [ template_filter ] --START--
INFO: Run Behavior\ContentReplaceBehavior [ RunTime:0.000044s ]
INFO: [ template_filter ] --END-- [ RunTime:0.000119s ]
SQL: SHOW COLUMNS FROM `lab_user` [ RunTime:0.0015s ]
SQL: SELECT `random` FROM `lab_user` WHERE ( username="Smilec" ) LIMIT 1   [ RunTime:0.0003s ]
SQL: SELECT `admin` FROM `lab_user` WHERE ( username="Smilec" ) LIMIT 1   [ RunTime:0.0003s ]
INFO: Run Behavior\ParseTemplateBehavior [ RunTime:0.013399s ]
INFO: [ view_parse ] --END-- [ RunTime:0.013462s ]
INFO: [ view_filter ] --START--
INFO: Run Behavior\WriteHtmlCacheBehavior [ RunTime:0.000311s ]
INFO: [ view_filter ] --END-- [ RunTime:0.000382s ]
INFO: [ app_end ] --START--
INFO: Run Behavior\ShowPageTraceBehavior [ RunTime:0.000782s ]
INFO: [ app_end ] --END-- [ RunTime:0.000879s ]

[ 2015-10-24T19:09:09+08:00 ] ::1 /index.php/Admin.html
INFO: [ app_init ] --START--
INFO: Run Behavior\BuildLiteBehavior [ RunTime:0.000015s ]
INFO: [ app_init ] --END-- [ RunTime:0.000376s ]
INFO: [ app_begin ] --START--
INFO: Run Behavior\ReadHtmlCacheBehavior [ RunTime:0.000489s ]
INFO: [ app_begin ] --END-- [ RunTime:0.000549s ]
SQL: SHOW COLUMNS FROM `lab_project` [ RunTime:0.0017s ]
SQL: SELECT COUNT(*) AS tp_count FROM `lab_project` LIMIT 1   [ RunTime:0.0002s ]
SQL: SHOW COLUMNS FROM `lab_user` [ RunTime:0.0014s ]
SQL: SELECT COUNT(*) AS tp_count FROM `lab_user` LIMIT 1   [ RunTime:0.0003s ]
SQL: SELECT COUNT(*) AS tp_count FROM `lab_project` WHERE ( allow=0 ) LIMIT 1   [ RunTime:0.0003s ]
INFO: [ view_parse ] --START--
INFO: [ template_filter ] --START--
INFO: Run Behavior\ContentReplaceBehavior [ RunTime:0.000047s ]
INFO: [ template_filter ] --END-- [ RunTime:0.000123s ]
SQL: SHOW COLUMNS FROM `lab_user` [ RunTime:0.0015s ]
SQL: SELECT `random` FROM `lab_user` WHERE ( username="Smilec" ) LIMIT 1   [ RunTime:0.0003s ]
SQL: SELECT `admin` FROM `lab_user` WHERE ( username="Smilec" ) LIMIT 1   [ RunTime:0.0003s ]
INFO: Run Behavior\ParseTemplateBehavior [ RunTime:0.013640s ]
INFO: [ view_parse ] --END-- [ RunTime:0.013712s ]
INFO: [ view_filter ] --START--
INFO: Run Behavior\WriteHtmlCacheBehavior [ RunTime:0.000221s ]
INFO: [ view_filter ] --END-- [ RunTime:0.000277s ]
INFO: [ app_end ] --START--
INFO: Run Behavior\ShowPageTraceBehavior [ RunTime:0.000712s ]
INFO: [ app_end ] --END-- [ RunTime:0.000812s ]

[ 2015-10-24T19:09:26+08:00 ] ::1 /index.php/Admin.html
INFO: [ app_init ] --START--
INFO: Run Behavior\BuildLiteBehavior [ RunTime:0.000016s ]
INFO: [ app_init ] --END-- [ RunTime:0.000409s ]
INFO: [ app_begin ] --START--
INFO: Run Behavior\ReadHtmlCacheBehavior [ RunTime:0.000493s ]
INFO: [ app_begin ] --END-- [ RunTime:0.000553s ]
SQL: SHOW COLUMNS FROM `lab_project` [ RunTime:0.0017s ]
SQL: SELECT COUNT(*) AS tp_count FROM `lab_project` LIMIT 1   [ RunTime:0.0003s ]
SQL: SHOW COLUMNS FROM `lab_user` [ RunTime:0.0014s ]
SQL: SELECT COUNT(*) AS tp_count FROM `lab_user` LIMIT 1   [ RunTime:0.0003s ]
SQL: SELECT COUNT(*) AS tp_count FROM `lab_project` WHERE ( allow=0 ) LIMIT 1   [ RunTime:0.0003s ]
INFO: [ view_parse ] --START--
INFO: [ template_filter ] --START--
INFO: Run Behavior\ContentReplaceBehavior [ RunTime:0.000047s ]
INFO: [ template_filter ] --END-- [ RunTime:0.000128s ]
SQL: SHOW COLUMNS FROM `lab_user` [ RunTime:0.0015s ]
SQL: SELECT `random` FROM `lab_user` WHERE ( username="Smilec" ) LIMIT 1   [ RunTime:0.0003s ]
SQL: SELECT `admin` FROM `lab_user` WHERE ( username="Smilec" ) LIMIT 1   [ RunTime:0.0003s ]
INFO: Run Behavior\ParseTemplateBehavior [ RunTime:0.014896s ]
INFO: [ view_parse ] --END-- [ RunTime:0.014953s ]
INFO: [ view_filter ] --START--
INFO: Run Behavior\WriteHtmlCacheBehavior [ RunTime:0.000200s ]
INFO: [ view_filter ] --END-- [ RunTime:0.000251s ]
INFO: [ app_end ] --START--
INFO: Run Behavior\ShowPageTraceBehavior [ RunTime:0.000713s ]
INFO: [ app_end ] --END-- [ RunTime:0.000770s ]

[ 2015-10-24T19:10:18+08:00 ] ::1 /index.php/Admin.html
INFO: [ app_init ] --START--
INFO: Run Behavior\BuildLiteBehavior [ RunTime:0.000024s ]
INFO: [ app_init ] --END-- [ RunTime:0.000580s ]
INFO: [ app_begin ] --START--
INFO: Run Behavior\ReadHtmlCacheBehavior [ RunTime:0.000523s ]
INFO: [ app_begin ] --END-- [ RunTime:0.000588s ]
SQL: SHOW COLUMNS FROM `lab_project` [ RunTime:0.0016s ]
SQL: SELECT COUNT(*) AS tp_count FROM `lab_project` LIMIT 1   [ RunTime:0.0003s ]
SQL: SHOW COLUMNS FROM `lab_user` [ RunTime:0.0013s ]
SQL: SELECT COUNT(*) AS tp_count FROM `lab_user` LIMIT 1   [ RunTime:0.0002s ]
SQL: SELECT COUNT(*) AS tp_count FROM `lab_project` WHERE ( allow=0 ) LIMIT 1   [ RunTime:0.0004s ]
INFO: [ view_parse ] --START--
INFO: [ template_filter ] --START--
INFO: Run Behavior\ContentReplaceBehavior [ RunTime:0.000200s ]
INFO: [ template_filter ] --END-- [ RunTime:0.000309s ]
SQL: SHOW COLUMNS FROM `lab_user` [ RunTime:0.0013s ]
SQL: SELECT `random` FROM `lab_user` WHERE ( username="Smilec" ) LIMIT 1   [ RunTime:0.0003s ]
SQL: SELECT `admin` FROM `lab_user` WHERE ( username="Smilec" ) LIMIT 1   [ RunTime:0.0002s ]
INFO: Run Behavior\ParseTemplateBehavior [ RunTime:0.014853s ]
INFO: [ view_parse ] --END-- [ RunTime:0.014914s ]
INFO: [ view_filter ] --START--
INFO: Run Behavior\WriteHtmlCacheBehavior [ RunTime:0.000196s ]
INFO: [ view_filter ] --END-- [ RunTime:0.000248s ]
INFO: [ app_end ] --START--
INFO: Run Behavior\ShowPageTraceBehavior [ RunTime:0.000549s ]
INFO: [ app_end ] --END-- [ RunTime:0.000607s ]

[ 2015-10-24T19:10:24+08:00 ] ::1 /index.php/Admin.html
INFO: [ app_init ] --START--
INFO: Run Behavior\BuildLiteBehavior [ RunTime:0.000015s ]
INFO: [ app_init ] --END-- [ RunTime:0.000342s ]
INFO: [ app_begin ] --START--
INFO: Run Behavior\ReadHtmlCacheBehavior [ RunTime:0.000457s ]
INFO: [ app_begin ] --END-- [ RunTime:0.000515s ]
SQL: SHOW COLUMNS FROM `lab_project` [ RunTime:0.0016s ]
SQL: SELECT COUNT(*) AS tp_count FROM `lab_project` LIMIT 1   [ RunTime:0.0003s ]
SQL: SHOW COLUMNS FROM `lab_user` [ RunTime:0.0014s ]
SQL: SELECT COUNT(*) AS tp_count FROM `lab_user` LIMIT 1   [ RunTime:0.0003s ]
SQL: SELECT COUNT(*) AS tp_count FROM `lab_project` WHERE ( allow=0 ) LIMIT 1   [ RunTime:0.0003s ]
INFO: [ view_parse ] --START--
INFO: [ template_filter ] --START--
INFO: Run Behavior\ContentReplaceBehavior [ RunTime:0.000046s ]
INFO: [ template_filter ] --END-- [ RunTime:0.000133s ]
SQL: SHOW COLUMNS FROM `lab_user` [ RunTime:0.0013s ]
SQL: SELECT `random` FROM `lab_user` WHERE ( username="Smilec" ) LIMIT 1   [ RunTime:0.0003s ]
SQL: SELECT `admin` FROM `lab_user` WHERE ( username="Smilec" ) LIMIT 1   [ RunTime:0.0002s ]
INFO: Run Behavior\ParseTemplateBehavior [ RunTime:0.015344s ]
INFO: [ view_parse ] --END-- [ RunTime:0.015404s ]
INFO: [ view_filter ] --START--
INFO: Run Behavior\WriteHtmlCacheBehavior [ RunTime:0.000227s ]
INFO: [ view_filter ] --END-- [ RunTime:0.000282s ]
INFO: [ app_end ] --START--
INFO: Run Behavior\ShowPageTraceBehavior [ RunTime:0.000566s ]
INFO: [ app_end ] --END-- [ RunTime:0.000632s ]

[ 2015-10-24T19:11:34+08:00 ] ::1 /index.php/Admin.html
INFO: [ app_init ] --START--
INFO: Run Behavior\BuildLiteBehavior [ RunTime:0.000016s ]
INFO: [ app_init ] --END-- [ RunTime:0.000375s ]
INFO: [ app_begin ] --START--
INFO: Run Behavior\ReadHtmlCacheBehavior [ RunTime:0.000460s ]
INFO: [ app_begin ] --END-- [ RunTime:0.000519s ]
SQL: SHOW COLUMNS FROM `lab_project` [ RunTime:0.0015s ]
SQL: SELECT COUNT(*) AS tp_count FROM `lab_project` LIMIT 1   [ RunTime:0.0003s ]
SQL: SHOW COLUMNS FROM `lab_user` [ RunTime:0.0015s ]
SQL: SELECT COUNT(*) AS tp_count FROM `lab_user` LIMIT 1   [ RunTime:0.0003s ]
SQL: SELECT COUNT(*) AS tp_count FROM `lab_project` WHERE ( allow=0 ) LIMIT 1   [ RunTime:0.0003s ]
INFO: [ view_parse ] --START--
INFO: [ template_filter ] --START--
INFO: Run Behavior\ContentReplaceBehavior [ RunTime:0.000072s ]
INFO: [ template_filter ] --END-- [ RunTime:0.000199s ]
SQL: SHOW COLUMNS FROM `lab_user` [ RunTime:0.0015s ]
SQL: SELECT `random` FROM `lab_user` WHERE ( username="Smilec" ) LIMIT 1   [ RunTime:0.0002s ]
SQL: SELECT `admin` FROM `lab_user` WHERE ( username="Smilec" ) LIMIT 1   [ RunTime:0.0002s ]
INFO: Run Behavior\ParseTemplateBehavior [ RunTime:0.015857s ]
INFO: [ view_parse ] --END-- [ RunTime:0.015925s ]
INFO: [ view_filter ] --START--
INFO: Run Behavior\WriteHtmlCacheBehavior [ RunTime:0.000217s ]
INFO: [ view_filter ] --END-- [ RunTime:0.000273s ]
INFO: [ app_end ] --START--
INFO: Run Behavior\ShowPageTraceBehavior [ RunTime:0.000597s ]
INFO: [ app_end ] --END-- [ RunTime:0.000678s ]

[ 2015-10-24T19:11:36+08:00 ] ::1 /index.php/Admin/Activity.html
INFO: [ app_init ] --START--
INFO: Run Behavior\BuildLiteBehavior [ RunTime:0.000016s ]
INFO: [ app_init ] --END-- [ RunTime:0.000376s ]
INFO: [ app_begin ] --START--
INFO: Run Behavior\ReadHtmlCacheBehavior [ RunTime:0.000629s ]
INFO: [ app_begin ] --END-- [ RunTime:0.000719s ]
INFO: [ view_parse ] --START--
INFO: [ template_filter ] --START--
INFO: Run Behavior\ContentReplaceBehavior [ RunTime:0.000056s ]
INFO: [ template_filter ] --END-- [ RunTime:0.000138s ]
SQL: SHOW COLUMNS FROM `lab_user` [ RunTime:0.0015s ]
SQL: SHOW COLUMNS FROM `lab_user` [ RunTime:0.0017s ]
SQL: SELECT `random` FROM `lab_user` WHERE ( username="Smilec" ) LIMIT 1   [ RunTime:0.0008s ]
SQL: SELECT `admin` FROM `lab_user` WHERE ( username="Smilec" ) LIMIT 1   [ RunTime:0.0004s ]
NOTIC: [8] Undefined variable: proinfo /Users/smilec/Code/Lab/Application/Runtime/Cache/Admin/c8d84a2d51a6dbf36e8ef99e6375e8a9.php 第 102 行.
NOTIC: [8] Undefined variable: proinfo /Users/smilec/Code/Lab/Application/Runtime/Cache/Admin/c8d84a2d51a6dbf36e8ef99e6375e8a9.php 第 171 行.
NOTIC: [8] Undefined variable: proinfo /Users/smilec/Code/Lab/Application/Runtime/Cache/Admin/c8d84a2d51a6dbf36e8ef99e6375e8a9.php 第 175 行.
INFO: Run Behavior\ParseTemplateBehavior [ RunTime:0.030756s ]
INFO: [ view_parse ] --END-- [ RunTime:0.030815s ]
INFO: [ view_filter ] --START--
INFO: Run Behavior\WriteHtmlCacheBehavior [ RunTime:0.000200s ]
INFO: [ view_filter ] --END-- [ RunTime:0.000249s ]
INFO: [ app_end ] --START--
INFO: Run Behavior\ShowPageTraceBehavior [ RunTime:0.000683s ]
INFO: [ app_end ] --END-- [ RunTime:0.000755s ]

[ 2015-10-24T19:12:35+08:00 ] ::1 /index.php/Admin.html
INFO: [ app_init ] --START--
INFO: Run Behavior\BuildLiteBehavior [ RunTime:0.000021s ]
INFO: [ app_init ] --END-- [ RunTime:0.000513s ]
INFO: [ app_begin ] --START--
INFO: Run Behavior\ReadHtmlCacheBehavior [ RunTime:0.000641s ]
INFO: [ app_begin ] --END-- [ RunTime:0.000726s ]
SQL: SHOW COLUMNS FROM `lab_project` [ RunTime:0.0015s ]
SQL: SELECT COUNT(*) AS tp_count FROM `lab_project` LIMIT 1   [ RunTime:0.0002s ]
SQL: SHOW COLUMNS FROM `lab_user` [ RunTime:0.0013s ]
SQL: SELECT COUNT(*) AS tp_count FROM `lab_user` LIMIT 1   [ RunTime:0.0003s ]
SQL: SELECT COUNT(*) AS tp_count FROM `lab_project` WHERE ( allow=0 ) LIMIT 1   [ RunTime:0.0003s ]
INFO: [ view_parse ] --START--
INFO: [ template_filter ] --START--
INFO: Run Behavior\ContentReplaceBehavior [ RunTime:0.000054s ]
INFO: [ template_filter ] --END-- [ RunTime:0.000155s ]
SQL: SHOW COLUMNS FROM `lab_user` [ RunTime:0.0019s ]
SQL: SELECT `random` FROM `lab_user` WHERE ( username="Smilec" ) LIMIT 1   [ RunTime:0.0005s ]
SQL: SELECT `admin` FROM `lab_user` WHERE ( username="Smilec" ) LIMIT 1   [ RunTime:0.0004s ]
INFO: Run Behavior\ParseTemplateBehavior [ RunTime:0.015571s ]
INFO: [ view_parse ] --END-- [ RunTime:0.015626s ]
INFO: [ view_filter ] --START--
INFO: Run Behavior\WriteHtmlCacheBehavior [ RunTime:0.000199s ]
INFO: [ view_filter ] --END-- [ RunTime:0.000248s ]
INFO: [ app_end ] --START--
INFO: Run Behavior\ShowPageTraceBehavior [ RunTime:0.000530s ]
INFO: [ app_end ] --END-- [ RunTime:0.000584s ]

