[ 2015-10-18T08:41:04+08:00 ] ::1 /index.php/Admin.html
INFO: [ app_init ] --START--
INFO: Run Behavior\BuildLiteBehavior [ RunTime:0.000033s ]
INFO: [ app_init ] --END-- [ RunTime:0.001051s ]
INFO: [ app_begin ] --START--
INFO: Run Behavior\ReadHtmlCacheBehavior [ RunTime:0.001427s ]
INFO: [ app_begin ] --END-- [ RunTime:0.001565s ]
SQL: SHOW COLUMNS FROM `lab_project` [ RunTime:0.0028s ]
SQL: SELECT COUNT(*) AS tp_count FROM `lab_project` LIMIT 1   [ RunTime:0.0003s ]
SQL: SHOW COLUMNS FROM `lab_user` [ RunTime:0.0015s ]
SQL: SELECT COUNT(*) AS tp_count FROM `lab_user` LIMIT 1   [ RunTime:0.0003s ]
SQL: SELECT COUNT(*) AS tp_count FROM `lab_project` WHERE ( allow=0 ) LIMIT 1   [ RunTime:0.0007s ]
INFO: [ view_parse ] --START--
INFO: [ template_filter ] --START--
INFO: Run Behavior\ContentReplaceBehavior [ RunTime:0.000070s ]
INFO: [ template_filter ] --END-- [ RunTime:0.000143s ]
SQL: SHOW COLUMNS FROM `lab_user` [ RunTime:0.0015s ]
INFO: Run Behavior\ParseTemplateBehavior [ RunTime:0.021751s ]
INFO: [ view_parse ] --END-- [ RunTime:0.021862s ]
INFO: [ view_filter ] --START--
INFO: Run Behavior\WriteHtmlCacheBehavior [ RunTime:0.000630s ]
INFO: [ view_filter ] --END-- [ RunTime:0.000711s ]
INFO: [ app_end ] --START--
INFO: Run Behavior\ShowPageTraceBehavior [ RunTime:0.001123s ]
INFO: [ app_end ] --END-- [ RunTime:0.001209s ]

[ 2015-10-18T08:41:06+08:00 ] ::1 /index.php/Admin/Activity.html
INFO: [ app_init ] --START--
INFO: Run Behavior\BuildLiteBehavior [ RunTime:0.000021s ]
INFO: [ app_init ] --END-- [ RunTime:0.000523s ]
INFO: [ app_begin ] --START--
INFO: Run Behavior\ReadHtmlCacheBehavior [ RunTime:0.000916s ]
INFO: [ app_begin ] --END-- [ RunTime:0.001052s ]
INFO: [ view_parse ] --START--
INFO: [ template_filter ] --START--
INFO: Run Behavior\ContentReplaceBehavior [ RunTime:0.000091s ]
INFO: [ template_filter ] --END-- [ RunTime:0.000197s ]
SQL: SHOW COLUMNS FROM `lab_user` [ RunTime:0.0016s ]
NOTIC: [8] Undefined variable: proinfo /Users/smilec/Code/Lab/Application/Runtime/Cache/Admin/c8d84a2d51a6dbf36e8ef99e6375e8a9.php 第 92 行.
NOTIC: [8] Undefined variable: proinfo /Users/smilec/Code/Lab/Application/Runtime/Cache/Admin/c8d84a2d51a6dbf36e8ef99e6375e8a9.php 第 153 行.
NOTIC: [8] Undefined variable: proinfo /Users/smilec/Code/Lab/Application/Runtime/Cache/Admin/c8d84a2d51a6dbf36e8ef99e6375e8a9.php 第 157 行.
INFO: Run Behavior\ParseTemplateBehavior [ RunTime:0.033190s ]
INFO: [ view_parse ] --END-- [ RunTime:0.033275s ]
INFO: [ view_filter ] --START--
INFO: Run Behavior\WriteHtmlCacheBehavior [ RunTime:0.000204s ]
INFO: [ view_filter ] --END-- [ RunTime:0.000255s ]
INFO: [ app_end ] --START--
INFO: Run Behavior\ShowPageTraceBehavior [ RunTime:0.000631s ]
INFO: [ app_end ] --END-- [ RunTime:0.000691s ]

[ 2015-10-18T09:37:31+08:00 ] ::1 /index.php/Admin/Activity.html
INFO: [ app_init ] --START--
INFO: Run Behavior\BuildLiteBehavior [ RunTime:0.000027s ]
INFO: [ app_init ] --END-- [ RunTime:0.001296s ]
INFO: [ app_begin ] --START--
INFO: Run Behavior\ReadHtmlCacheBehavior [ RunTime:0.001217s ]
INFO: [ app_begin ] --END-- [ RunTime:0.001338s ]
INFO: [ view_parse ] --START--
INFO: [ template_filter ] --START--
INFO: Run Behavior\ContentReplaceBehavior [ RunTime:0.000098s ]
INFO: [ template_filter ] --END-- [ RunTime:0.000204s ]
SQL: SHOW COLUMNS FROM `lab_user` [ RunTime:0.0017s ]
NOTIC: [8] Undefined variable: proinfo /Users/smilec/Code/Lab/Application/Runtime/Cache/Admin/c8d84a2d51a6dbf36e8ef99e6375e8a9.php 第 92 行.
NOTIC: [8] Undefined variable: proinfo /Users/smilec/Code/Lab/Application/Runtime/Cache/Admin/c8d84a2d51a6dbf36e8ef99e6375e8a9.php 第 164 行.
NOTIC: [8] Undefined variable: proinfo /Users/smilec/Code/Lab/Application/Runtime/Cache/Admin/c8d84a2d51a6dbf36e8ef99e6375e8a9.php 第 168 行.
INFO: Run Behavior\ParseTemplateBehavior [ RunTime:0.045415s ]
INFO: [ view_parse ] --END-- [ RunTime:0.045497s ]
INFO: [ view_filter ] --START--
INFO: Run Behavior\WriteHtmlCacheBehavior [ RunTime:0.000573s ]
INFO: [ view_filter ] --END-- [ RunTime:0.000654s ]
INFO: [ app_end ] --START--
INFO: Run Behavior\ShowPageTraceBehavior [ RunTime:0.001207s ]
INFO: [ app_end ] --END-- [ RunTime:0.001304s ]

[ 2015-10-18T09:37:55+08:00 ] ::1 /index.php/Admin/Activity.html
INFO: [ app_init ] --START--
INFO: Run Behavior\BuildLiteBehavior [ RunTime:0.000015s ]
INFO: [ app_init ] --END-- [ RunTime:0.000355s ]
INFO: [ app_begin ] --START--
INFO: Run Behavior\ReadHtmlCacheBehavior [ RunTime:0.000457s ]
INFO: [ app_begin ] --END-- [ RunTime:0.000517s ]
INFO: [ view_parse ] --START--
INFO: [ template_filter ] --START--
INFO: Run Behavior\ContentReplaceBehavior [ RunTime:0.000050s ]
INFO: [ template_filter ] --END-- [ RunTime:0.000115s ]
SQL: SHOW COLUMNS FROM `lab_user` [ RunTime:0.0021s ]
NOTIC: [8] Undefined variable: proinfo /Users/smilec/Code/Lab/Application/Runtime/Cache/Admin/c8d84a2d51a6dbf36e8ef99e6375e8a9.php 第 92 行.
NOTIC: [8] Undefined variable: proinfo /Users/smilec/Code/Lab/Application/Runtime/Cache/Admin/c8d84a2d51a6dbf36e8ef99e6375e8a9.php 第 166 行.
NOTIC: [8] Undefined variable: proinfo /Users/smilec/Code/Lab/Application/Runtime/Cache/Admin/c8d84a2d51a6dbf36e8ef99e6375e8a9.php 第 170 行.
INFO: Run Behavior\ParseTemplateBehavior [ RunTime:0.023394s ]
INFO: [ view_parse ] --END-- [ RunTime:0.023508s ]
INFO: [ view_filter ] --START--
INFO: Run Behavior\WriteHtmlCacheBehavior [ RunTime:0.000337s ]
INFO: [ view_filter ] --END-- [ RunTime:0.000450s ]
INFO: [ app_end ] --START--
INFO: Run Behavior\ShowPageTraceBehavior [ RunTime:0.000617s ]
INFO: [ app_end ] --END-- [ RunTime:0.000683s ]

[ 2015-10-18T09:38:22+08:00 ] ::1 /index.php/Admin/Activity.html
INFO: [ app_init ] --START--
INFO: Run Behavior\BuildLiteBehavior [ RunTime:0.000021s ]
INFO: [ app_init ] --END-- [ RunTime:0.000475s ]
INFO: [ app_begin ] --START--
INFO: Run Behavior\ReadHtmlCacheBehavior [ RunTime:0.000637s ]
INFO: [ app_begin ] --END-- [ RunTime:0.000710s ]
INFO: [ view_parse ] --START--
INFO: [ template_filter ] --START--
INFO: Run Behavior\ContentReplaceBehavior [ RunTime:0.000068s ]
INFO: [ template_filter ] --END-- [ RunTime:0.000143s ]
SQL: SHOW COLUMNS FROM `lab_user` [ RunTime:0.0016s ]
NOTIC: [8] Undefined variable: proinfo /Users/smilec/Code/Lab/Application/Runtime/Cache/Admin/c8d84a2d51a6dbf36e8ef99e6375e8a9.php 第 92 行.
NOTIC: [8] Undefined variable: proinfo /Users/smilec/Code/Lab/Application/Runtime/Cache/Admin/c8d84a2d51a6dbf36e8ef99e6375e8a9.php 第 165 行.
NOTIC: [8] Undefined variable: proinfo /Users/smilec/Code/Lab/Application/Runtime/Cache/Admin/c8d84a2d51a6dbf36e8ef99e6375e8a9.php 第 169 行.
INFO: Run Behavior\ParseTemplateBehavior [ RunTime:0.025147s ]
INFO: [ view_parse ] --END-- [ RunTime:0.025212s ]
INFO: [ view_filter ] --START--
INFO: Run Behavior\WriteHtmlCacheBehavior [ RunTime:0.000204s ]
INFO: [ view_filter ] --END-- [ RunTime:0.000258s ]
INFO: [ app_end ] --START--
INFO: Run Behavior\ShowPageTraceBehavior [ RunTime:0.000527s ]
INFO: [ app_end ] --END-- [ RunTime:0.000585s ]

[ 2015-10-18T09:38:45+08:00 ] ::1 /index.php/Admin/Activity.html
INFO: [ app_init ] --START--
INFO: Run Behavior\BuildLiteBehavior [ RunTime:0.000015s ]
INFO: [ app_init ] --END-- [ RunTime:0.000344s ]
INFO: [ app_begin ] --START--
INFO: Run Behavior\ReadHtmlCacheBehavior [ RunTime:0.000459s ]
INFO: [ app_begin ] --END-- [ RunTime:0.000516s ]
INFO: [ view_parse ] --START--
INFO: [ template_filter ] --START--
INFO: Run Behavior\ContentReplaceBehavior [ RunTime:0.000044s ]
INFO: [ template_filter ] --END-- [ RunTime:0.000113s ]
SQL: SHOW COLUMNS FROM `lab_user` [ RunTime:0.0020s ]
NOTIC: [8] Undefined variable: proinfo /Users/smilec/Code/Lab/Application/Runtime/Cache/Admin/c8d84a2d51a6dbf36e8ef99e6375e8a9.php 第 92 行.
NOTIC: [8] Undefined variable: proinfo /Users/smilec/Code/Lab/Application/Runtime/Cache/Admin/c8d84a2d51a6dbf36e8ef99e6375e8a9.php 第 165 行.
NOTIC: [8] Undefined variable: proinfo /Users/smilec/Code/Lab/Application/Runtime/Cache/Admin/c8d84a2d51a6dbf36e8ef99e6375e8a9.php 第 169 行.
INFO: Run Behavior\ParseTemplateBehavior [ RunTime:0.023232s ]
INFO: [ view_parse ] --END-- [ RunTime:0.023296s ]
INFO: [ view_filter ] --START--
INFO: Run Behavior\WriteHtmlCacheBehavior [ RunTime:0.000236s ]
INFO: [ view_filter ] --END-- [ RunTime:0.000320s ]
INFO: [ app_end ] --START--
INFO: Run Behavior\ShowPageTraceBehavior [ RunTime:0.000642s ]
INFO: [ app_end ] --END-- [ RunTime:0.000719s ]

[ 2015-10-18T09:39:03+08:00 ] ::1 /index.php/Admin/Activity.html
INFO: [ app_init ] --START--
INFO: Run Behavior\BuildLiteBehavior [ RunTime:0.000021s ]
INFO: [ app_init ] --END-- [ RunTime:0.000403s ]
INFO: [ app_begin ] --START--
INFO: Run Behavior\ReadHtmlCacheBehavior [ RunTime:0.000760s ]
INFO: [ app_begin ] --END-- [ RunTime:0.000851s ]
INFO: [ view_parse ] --START--
INFO: [ template_filter ] --START--
INFO: Run Behavior\ContentReplaceBehavior [ RunTime:0.000053s ]
INFO: [ template_filter ] --END-- [ RunTime:0.000137s ]
SQL: SHOW COLUMNS FROM `lab_user` [ RunTime:0.0015s ]
NOTIC: [8] Undefined variable: proinfo /Users/smilec/Code/Lab/Application/Runtime/Cache/Admin/c8d84a2d51a6dbf36e8ef99e6375e8a9.php 第 92 行.
NOTIC: [8] Undefined variable: proinfo /Users/smilec/Code/Lab/Application/Runtime/Cache/Admin/c8d84a2d51a6dbf36e8ef99e6375e8a9.php 第 165 行.
NOTIC: [8] Undefined variable: proinfo /Users/smilec/Code/Lab/Application/Runtime/Cache/Admin/c8d84a2d51a6dbf36e8ef99e6375e8a9.php 第 169 行.
INFO: Run Behavior\ParseTemplateBehavior [ RunTime:0.022851s ]
INFO: [ view_parse ] --END-- [ RunTime:0.022912s ]
INFO: [ view_filter ] --START--
INFO: Run Behavior\WriteHtmlCacheBehavior [ RunTime:0.000197s ]
INFO: [ view_filter ] --END-- [ RunTime:0.000250s ]
INFO: [ app_end ] --START--
INFO: Run Behavior\ShowPageTraceBehavior [ RunTime:0.000534s ]
INFO: [ app_end ] --END-- [ RunTime:0.000587s ]

[ 2015-10-18T09:40:10+08:00 ] ::1 /index.php/Admin/Activity.html
INFO: [ app_init ] --START--
INFO: Run Behavior\BuildLiteBehavior [ RunTime:0.000020s ]
INFO: [ app_init ] --END-- [ RunTime:0.000900s ]
INFO: [ app_begin ] --START--
INFO: Run Behavior\ReadHtmlCacheBehavior [ RunTime:0.000889s ]
INFO: [ app_begin ] --END-- [ RunTime:0.000974s ]
INFO: [ view_parse ] --START--
INFO: [ template_filter ] --START--
INFO: Run Behavior\ContentReplaceBehavior [ RunTime:0.000045s ]
INFO: [ template_filter ] --END-- [ RunTime:0.000116s ]
SQL: SHOW COLUMNS FROM `lab_user` [ RunTime:0.0015s ]
NOTIC: [8] Undefined variable: proinfo /Users/smilec/Code/Lab/Application/Runtime/Cache/Admin/c8d84a2d51a6dbf36e8ef99e6375e8a9.php 第 92 行.
NOTIC: [8] Undefined variable: proinfo /Users/smilec/Code/Lab/Application/Runtime/Cache/Admin/c8d84a2d51a6dbf36e8ef99e6375e8a9.php 第 165 行.
NOTIC: [8] Undefined variable: proinfo /Users/smilec/Code/Lab/Application/Runtime/Cache/Admin/c8d84a2d51a6dbf36e8ef99e6375e8a9.php 第 169 行.
INFO: Run Behavior\ParseTemplateBehavior [ RunTime:0.031127s ]
INFO: [ view_parse ] --END-- [ RunTime:0.031189s ]
INFO: [ view_filter ] --START--
INFO: Run Behavior\WriteHtmlCacheBehavior [ RunTime:0.000649s ]
INFO: [ view_filter ] --END-- [ RunTime:0.000747s ]
INFO: [ app_end ] --START--
INFO: Run Behavior\ShowPageTraceBehavior [ RunTime:0.001282s ]
INFO: [ app_end ] --END-- [ RunTime:0.001397s ]

[ 2015-10-18T09:43:54+08:00 ] ::1 /index.php/Admin/Activity.html
INFO: [ app_init ] --START--
INFO: Run Behavior\BuildLiteBehavior [ RunTime:0.000016s ]
INFO: [ app_init ] --END-- [ RunTime:0.000344s ]
INFO: [ app_begin ] --START--
INFO: Run Behavior\ReadHtmlCacheBehavior [ RunTime:0.000580s ]
INFO: [ app_begin ] --END-- [ RunTime:0.000663s ]
INFO: [ view_parse ] --START--
INFO: [ template_filter ] --START--
INFO: Run Behavior\ContentReplaceBehavior [ RunTime:0.000049s ]
INFO: [ template_filter ] --END-- [ RunTime:0.000132s ]
SQL: SHOW COLUMNS FROM `lab_user` [ RunTime:0.0014s ]
NOTIC: [8] Undefined variable: proinfo /Users/smilec/Code/Lab/Application/Runtime/Cache/Admin/c8d84a2d51a6dbf36e8ef99e6375e8a9.php 第 92 行.
NOTIC: [8] Undefined variable: proinfo /Users/smilec/Code/Lab/Application/Runtime/Cache/Admin/c8d84a2d51a6dbf36e8ef99e6375e8a9.php 第 165 行.
NOTIC: [8] Undefined variable: proinfo /Users/smilec/Code/Lab/Application/Runtime/Cache/Admin/c8d84a2d51a6dbf36e8ef99e6375e8a9.php 第 169 行.
INFO: Run Behavior\ParseTemplateBehavior [ RunTime:0.029123s ]
INFO: [ view_parse ] --END-- [ RunTime:0.029187s ]
INFO: [ view_filter ] --START--
INFO: Run Behavior\WriteHtmlCacheBehavior [ RunTime:0.000220s ]
INFO: [ view_filter ] --END-- [ RunTime:0.000277s ]
INFO: [ app_end ] --START--
INFO: Run Behavior\ShowPageTraceBehavior [ RunTime:0.000709s ]
INFO: [ app_end ] --END-- [ RunTime:0.000807s ]

[ 2015-10-18T09:57:27+08:00 ] ::1 /index.php/Admin/Activity.html
INFO: [ app_init ] --START--
INFO: Run Behavior\BuildLiteBehavior [ RunTime:0.000021s ]
INFO: [ app_init ] --END-- [ RunTime:0.001035s ]
INFO: [ app_begin ] --START--
INFO: Run Behavior\ReadHtmlCacheBehavior [ RunTime:0.001017s ]
INFO: [ app_begin ] --END-- [ RunTime:0.001133s ]
INFO: [ view_parse ] --START--
INFO: [ template_filter ] --START--
INFO: Run Behavior\ContentReplaceBehavior [ RunTime:0.000117s ]
INFO: [ template_filter ] --END-- [ RunTime:0.000249s ]
SQL: SHOW COLUMNS FROM `lab_user` [ RunTime:0.0015s ]
NOTIC: [8] Undefined variable: proinfo /Users/smilec/Code/Lab/Application/Runtime/Cache/Admin/c8d84a2d51a6dbf36e8ef99e6375e8a9.php 第 92 行.
NOTIC: [8] Undefined variable: proinfo /Users/smilec/Code/Lab/Application/Runtime/Cache/Admin/c8d84a2d51a6dbf36e8ef99e6375e8a9.php 第 161 行.
NOTIC: [8] Undefined variable: proinfo /Users/smilec/Code/Lab/Application/Runtime/Cache/Admin/c8d84a2d51a6dbf36e8ef99e6375e8a9.php 第 165 行.
INFO: Run Behavior\ParseTemplateBehavior [ RunTime:0.041762s ]
INFO: [ view_parse ] --END-- [ RunTime:0.041841s ]
INFO: [ view_filter ] --START--
INFO: Run Behavior\WriteHtmlCacheBehavior [ RunTime:0.000620s ]
INFO: [ view_filter ] --END-- [ RunTime:0.000705s ]
INFO: [ app_end ] --START--
INFO: Run Behavior\ShowPageTraceBehavior [ RunTime:0.001517s ]
INFO: [ app_end ] --END-- [ RunTime:0.001622s ]

[ 2015-10-18T09:59:05+08:00 ] ::1 /index.php/Admin/Activity.html
INFO: [ app_init ] --START--
INFO: Run Behavior\BuildLiteBehavior [ RunTime:0.000016s ]
INFO: [ app_init ] --END-- [ RunTime:0.000360s ]
INFO: [ app_begin ] --START--
INFO: Run Behavior\ReadHtmlCacheBehavior [ RunTime:0.000719s ]
INFO: [ app_begin ] --END-- [ RunTime:0.000804s ]
INFO: [ view_parse ] --START--
INFO: [ template_filter ] --START--
INFO: Run Behavior\ContentReplaceBehavior [ RunTime:0.000044s ]
INFO: [ template_filter ] --END-- [ RunTime:0.000118s ]
SQL: SHOW COLUMNS FROM `lab_user` [ RunTime:0.0014s ]
NOTIC: [8] Undefined variable: proinfo /Users/smilec/Code/Lab/Application/Runtime/Cache/Admin/c8d84a2d51a6dbf36e8ef99e6375e8a9.php 第 92 行.
NOTIC: [8] Undefined variable: proinfo /Users/smilec/Code/Lab/Application/Runtime/Cache/Admin/c8d84a2d51a6dbf36e8ef99e6375e8a9.php 第 161 行.
NOTIC: [8] Undefined variable: proinfo /Users/smilec/Code/Lab/Application/Runtime/Cache/Admin/c8d84a2d51a6dbf36e8ef99e6375e8a9.php 第 165 行.
INFO: Run Behavior\ParseTemplateBehavior [ RunTime:0.030877s ]
INFO: [ view_parse ] --END-- [ RunTime:0.030952s ]
INFO: [ view_filter ] --START--
INFO: Run Behavior\WriteHtmlCacheBehavior [ RunTime:0.000198s ]
INFO: [ view_filter ] --END-- [ RunTime:0.000250s ]
INFO: [ app_end ] --START--
INFO: Run Behavior\ShowPageTraceBehavior [ RunTime:0.000686s ]
INFO: [ app_end ] --END-- [ RunTime:0.000757s ]

[ 2015-10-18T09:59:34+08:00 ] ::1 /index.php/Admin/Activity.html
INFO: [ app_init ] --START--
INFO: Run Behavior\BuildLiteBehavior [ RunTime:0.000017s ]
INFO: [ app_init ] --END-- [ RunTime:0.000499s ]
INFO: [ app_begin ] --START--
INFO: Run Behavior\ReadHtmlCacheBehavior [ RunTime:0.000510s ]
INFO: [ app_begin ] --END-- [ RunTime:0.000577s ]
INFO: [ view_parse ] --START--
INFO: [ template_filter ] --START--
INFO: Run Behavior\ContentReplaceBehavior [ RunTime:0.000044s ]
INFO: [ template_filter ] --END-- [ RunTime:0.000118s ]
SQL: SHOW COLUMNS FROM `lab_user` [ RunTime:0.0015s ]
NOTIC: [8] Undefined variable: proinfo /Users/smilec/Code/Lab/Application/Runtime/Cache/Admin/c8d84a2d51a6dbf36e8ef99e6375e8a9.php 第 92 行.
NOTIC: [8] Undefined variable: proinfo /Users/smilec/Code/Lab/Application/Runtime/Cache/Admin/c8d84a2d51a6dbf36e8ef99e6375e8a9.php 第 161 行.
NOTIC: [8] Undefined variable: proinfo /Users/smilec/Code/Lab/Application/Runtime/Cache/Admin/c8d84a2d51a6dbf36e8ef99e6375e8a9.php 第 165 行.
INFO: Run Behavior\ParseTemplateBehavior [ RunTime:0.023761s ]
INFO: [ view_parse ] --END-- [ RunTime:0.023835s ]
INFO: [ view_filter ] --START--
INFO: Run Behavior\WriteHtmlCacheBehavior [ RunTime:0.000242s ]
INFO: [ view_filter ] --END-- [ RunTime:0.000306s ]
INFO: [ app_end ] --START--
INFO: Run Behavior\ShowPageTraceBehavior [ RunTime:0.000563s ]
INFO: [ app_end ] --END-- [ RunTime:0.000623s ]

[ 2015-10-18T10:03:29+08:00 ] ::1 /index.php/Admin/Activity.html
INFO: [ app_init ] --START--
INFO: Run Behavior\BuildLiteBehavior [ RunTime:0.000032s ]
INFO: [ app_init ] --END-- [ RunTime:0.001038s ]
INFO: [ app_begin ] --START--
INFO: Run Behavior\ReadHtmlCacheBehavior [ RunTime:0.001002s ]
INFO: [ app_begin ] --END-- [ RunTime:0.001115s ]
INFO: [ view_parse ] --START--
INFO: [ template_filter ] --START--
INFO: Run Behavior\ContentReplaceBehavior [ RunTime:0.000083s ]
INFO: [ template_filter ] --END-- [ RunTime:0.000204s ]
SQL: SHOW COLUMNS FROM `lab_user` [ RunTime:0.0132s ]
NOTIC: [8] Undefined variable: proinfo /Users/smilec/Code/Lab/Application/Runtime/Cache/Admin/c8d84a2d51a6dbf36e8ef99e6375e8a9.php 第 92 行.
NOTIC: [8] Undefined variable: proinfo /Users/smilec/Code/Lab/Application/Runtime/Cache/Admin/c8d84a2d51a6dbf36e8ef99e6375e8a9.php 第 161 行.
NOTIC: [8] Undefined variable: proinfo /Users/smilec/Code/Lab/Application/Runtime/Cache/Admin/c8d84a2d51a6dbf36e8ef99e6375e8a9.php 第 165 行.
INFO: Run Behavior\ParseTemplateBehavior [ RunTime:0.060839s ]
INFO: [ view_parse ] --END-- [ RunTime:0.060942s ]
INFO: [ view_filter ] --START--
INFO: Run Behavior\WriteHtmlCacheBehavior [ RunTime:0.000790s ]
INFO: [ view_filter ] --END-- [ RunTime:0.000918s ]
INFO: [ app_end ] --START--
INFO: Run Behavior\ShowPageTraceBehavior [ RunTime:0.001452s ]
INFO: [ app_end ] --END-- [ RunTime:0.001594s ]

[ 2015-10-18T10:03:34+08:00 ] ::1 /index.php/Admin/Activity.html
INFO: [ app_init ] --START--
INFO: Run Behavior\BuildLiteBehavior [ RunTime:0.000017s ]
INFO: [ app_init ] --END-- [ RunTime:0.000389s ]
INFO: [ app_begin ] --START--
INFO: Run Behavior\ReadHtmlCacheBehavior [ RunTime:0.000861s ]
INFO: [ app_begin ] --END-- [ RunTime:0.000979s ]
INFO: [ view_parse ] --START--
INFO: [ template_filter ] --START--
INFO: Run Behavior\ContentReplaceBehavior [ RunTime:0.000068s ]
INFO: [ template_filter ] --END-- [ RunTime:0.000177s ]
SQL: SHOW COLUMNS FROM `lab_user` [ RunTime:0.0015s ]
NOTIC: [8] Undefined variable: proinfo /Users/smilec/Code/Lab/Application/Runtime/Cache/Admin/c8d84a2d51a6dbf36e8ef99e6375e8a9.php 第 92 行.
NOTIC: [8] Undefined variable: proinfo /Users/smilec/Code/Lab/Application/Runtime/Cache/Admin/c8d84a2d51a6dbf36e8ef99e6375e8a9.php 第 161 行.
NOTIC: [8] Undefined variable: proinfo /Users/smilec/Code/Lab/Application/Runtime/Cache/Admin/c8d84a2d51a6dbf36e8ef99e6375e8a9.php 第 165 行.
INFO: Run Behavior\ParseTemplateBehavior [ RunTime:0.028000s ]
INFO: [ view_parse ] --END-- [ RunTime:0.028073s ]
INFO: [ view_filter ] --START--
INFO: Run Behavior\WriteHtmlCacheBehavior [ RunTime:0.000203s ]
INFO: [ view_filter ] --END-- [ RunTime:0.000256s ]
INFO: [ app_end ] --START--
INFO: Run Behavior\ShowPageTraceBehavior [ RunTime:0.000593s ]
INFO: [ app_end ] --END-- [ RunTime:0.000658s ]

[ 2015-10-18T10:03:36+08:00 ] ::1 /index.php/Admin/Activity.html
INFO: [ app_init ] --START--
INFO: Run Behavior\BuildLiteBehavior [ RunTime:0.000016s ]
INFO: [ app_init ] --END-- [ RunTime:0.000358s ]
INFO: [ app_begin ] --START--
INFO: Run Behavior\ReadHtmlCacheBehavior [ RunTime:0.000471s ]
INFO: [ app_begin ] --END-- [ RunTime:0.000531s ]
INFO: [ view_parse ] --START--
INFO: [ template_filter ] --START--
INFO: Run Behavior\ContentReplaceBehavior [ RunTime:0.000056s ]
INFO: [ template_filter ] --END-- [ RunTime:0.000142s ]
SQL: SHOW COLUMNS FROM `lab_user` [ RunTime:0.0014s ]
NOTIC: [8] Undefined variable: proinfo /Users/smilec/Code/Lab/Application/Runtime/Cache/Admin/c8d84a2d51a6dbf36e8ef99e6375e8a9.php 第 92 行.
NOTIC: [8] Undefined variable: proinfo /Users/smilec/Code/Lab/Application/Runtime/Cache/Admin/c8d84a2d51a6dbf36e8ef99e6375e8a9.php 第 161 行.
NOTIC: [8] Undefined variable: proinfo /Users/smilec/Code/Lab/Application/Runtime/Cache/Admin/c8d84a2d51a6dbf36e8ef99e6375e8a9.php 第 165 行.
INFO: Run Behavior\ParseTemplateBehavior [ RunTime:0.022962s ]
INFO: [ view_parse ] --END-- [ RunTime:0.023018s ]
INFO: [ view_filter ] --START--
INFO: Run Behavior\WriteHtmlCacheBehavior [ RunTime:0.000202s ]
INFO: [ view_filter ] --END-- [ RunTime:0.000255s ]
INFO: [ app_end ] --START--
INFO: Run Behavior\ShowPageTraceBehavior [ RunTime:0.000515s ]
INFO: [ app_end ] --END-- [ RunTime:0.000570s ]

[ 2015-10-18T10:03:55+08:00 ] ::1 /index.php/Admin/Activity.html
INFO: [ app_init ] --START--
INFO: Run Behavior\BuildLiteBehavior [ RunTime:0.000021s ]
INFO: [ app_init ] --END-- [ RunTime:0.000491s ]
INFO: [ app_begin ] --START--
INFO: Run Behavior\ReadHtmlCacheBehavior [ RunTime:0.000524s ]
INFO: [ app_begin ] --END-- [ RunTime:0.000595s ]
INFO: [ view_parse ] --START--
INFO: [ template_filter ] --START--
INFO: Run Behavior\ContentReplaceBehavior [ RunTime:0.000054s ]
INFO: [ template_filter ] --END-- [ RunTime:0.000128s ]
SQL: SHOW COLUMNS FROM `lab_user` [ RunTime:0.0016s ]
NOTIC: [8] Undefined variable: proinfo /Users/smilec/Code/Lab/Application/Runtime/Cache/Admin/c8d84a2d51a6dbf36e8ef99e6375e8a9.php 第 92 行.
NOTIC: [8] Undefined variable: proinfo /Users/smilec/Code/Lab/Application/Runtime/Cache/Admin/c8d84a2d51a6dbf36e8ef99e6375e8a9.php 第 161 行.
NOTIC: [8] Undefined variable: proinfo /Users/smilec/Code/Lab/Application/Runtime/Cache/Admin/c8d84a2d51a6dbf36e8ef99e6375e8a9.php 第 165 行.
INFO: Run Behavior\ParseTemplateBehavior [ RunTime:0.030908s ]
INFO: [ view_parse ] --END-- [ RunTime:0.030970s ]
INFO: [ view_filter ] --START--
INFO: Run Behavior\WriteHtmlCacheBehavior [ RunTime:0.000204s ]
INFO: [ view_filter ] --END-- [ RunTime:0.000258s ]
INFO: [ app_end ] --START--
INFO: Run Behavior\ShowPageTraceBehavior [ RunTime:0.000562s ]
INFO: [ app_end ] --END-- [ RunTime:0.000623s ]

[ 2015-10-18T10:03:57+08:00 ] ::1 /index.php/Admin/Activity.html
INFO: [ app_init ] --START--
INFO: Run Behavior\BuildLiteBehavior [ RunTime:0.000015s ]
INFO: [ app_init ] --END-- [ RunTime:0.000346s ]
INFO: [ app_begin ] --START--
INFO: Run Behavior\ReadHtmlCacheBehavior [ RunTime:0.000457s ]
INFO: [ app_begin ] --END-- [ RunTime:0.000516s ]
INFO: [ view_parse ] --START--
INFO: [ template_filter ] --START--
INFO: Run Behavior\ContentReplaceBehavior [ RunTime:0.000045s ]
INFO: [ template_filter ] --END-- [ RunTime:0.000117s ]
SQL: SHOW COLUMNS FROM `lab_user` [ RunTime:0.0018s ]
NOTIC: [8] Undefined variable: proinfo /Users/smilec/Code/Lab/Application/Runtime/Cache/Admin/c8d84a2d51a6dbf36e8ef99e6375e8a9.php 第 92 行.
NOTIC: [8] Undefined variable: proinfo /Users/smilec/Code/Lab/Application/Runtime/Cache/Admin/c8d84a2d51a6dbf36e8ef99e6375e8a9.php 第 161 行.
NOTIC: [8] Undefined variable: proinfo /Users/smilec/Code/Lab/Application/Runtime/Cache/Admin/c8d84a2d51a6dbf36e8ef99e6375e8a9.php 第 165 行.
INFO: Run Behavior\ParseTemplateBehavior [ RunTime:0.022414s ]
INFO: [ view_parse ] --END-- [ RunTime:0.022474s ]
INFO: [ view_filter ] --START--
INFO: Run Behavior\WriteHtmlCacheBehavior [ RunTime:0.000213s ]
INFO: [ view_filter ] --END-- [ RunTime:0.000266s ]
INFO: [ app_end ] --START--
INFO: Run Behavior\ShowPageTraceBehavior [ RunTime:0.000523s ]
INFO: [ app_end ] --END-- [ RunTime:0.000579s ]

