[ 2015-10-16T19:21:11+08:00 ] ::1 /index.php/Admin.html
INFO: [ app_init ] --START--
INFO: Run Behavior\BuildLiteBehavior [ RunTime:0.000042s ]
INFO: [ app_init ] --END-- [ RunTime:0.000868s ]
INFO: [ app_begin ] --START--
INFO: Run Behavior\ReadHtmlCacheBehavior [ RunTime:0.000780s ]
INFO: [ app_begin ] --END-- [ RunTime:0.000885s ]
SQL: SHOW COLUMNS FROM `lab_project` [ RunTime:0.0022s ]
SQL: SELECT COUNT(*) AS tp_count FROM `lab_project` LIMIT 1   [ RunTime:0.0003s ]
SQL: SHOW COLUMNS FROM `lab_user` [ RunTime:0.0015s ]
SQL: SELECT COUNT(*) AS tp_count FROM `lab_user` LIMIT 1   [ RunTime:0.0003s ]
SQL: SELECT COUNT(*) AS tp_count FROM `lab_project` WHERE ( allow=0 ) LIMIT 1   [ RunTime:0.0002s ]
INFO: [ view_parse ] --START--
INFO: [ template_filter ] --START--
INFO: Run Behavior\ContentReplaceBehavior [ RunTime:0.000054s ]
INFO: [ template_filter ] --END-- [ RunTime:0.000134s ]
SQL: SHOW COLUMNS FROM `lab_user` [ RunTime:0.0014s ]
INFO: Run Behavior\ParseTemplateBehavior [ RunTime:0.016155s ]
INFO: [ view_parse ] --END-- [ RunTime:0.016225s ]
INFO: [ view_filter ] --START--
INFO: Run Behavior\WriteHtmlCacheBehavior [ RunTime:0.000197s ]
INFO: [ view_filter ] --END-- [ RunTime:0.000252s ]
INFO: [ app_end ] --START--
INFO: Run Behavior\ShowPageTraceBehavior [ RunTime:0.000561s ]
INFO: [ app_end ] --END-- [ RunTime:0.000631s ]

[ 2015-10-16T19:21:56+08:00 ] ::1 /index.php/Admin.html
INFO: [ app_init ] --START--
INFO: Run Behavior\BuildLiteBehavior [ RunTime:0.000025s ]
INFO: [ app_init ] --END-- [ RunTime:0.000475s ]
INFO: [ app_begin ] --START--
INFO: Run Behavior\ReadHtmlCacheBehavior [ RunTime:0.000844s ]
INFO: [ app_begin ] --END-- [ RunTime:0.000955s ]
SQL: SHOW COLUMNS FROM `lab_project` [ RunTime:0.0015s ]
SQL: SELECT COUNT(*) AS tp_count FROM `lab_project` LIMIT 1   [ RunTime:0.0003s ]
SQL: SHOW COLUMNS FROM `lab_user` [ RunTime:0.0013s ]
SQL: SELECT COUNT(*) AS tp_count FROM `lab_user` LIMIT 1   [ RunTime:0.0003s ]
SQL: SELECT COUNT(*) AS tp_count FROM `lab_project` WHERE ( allow=0 ) LIMIT 1   [ RunTime:0.0003s ]
INFO: [ view_parse ] --START--
INFO: [ template_filter ] --START--
INFO: Run Behavior\ContentReplaceBehavior [ RunTime:0.000078s ]
INFO: [ template_filter ] --END-- [ RunTime:0.000209s ]
SQL: SHOW COLUMNS FROM `lab_user` [ RunTime:0.0016s ]
INFO: Run Behavior\ParseTemplateBehavior [ RunTime:0.015163s ]
INFO: [ view_parse ] --END-- [ RunTime:0.015250s ]
INFO: [ view_filter ] --START--
INFO: Run Behavior\WriteHtmlCacheBehavior [ RunTime:0.000214s ]
INFO: [ view_filter ] --END-- [ RunTime:0.000278s ]
INFO: [ app_end ] --START--
INFO: Run Behavior\ShowPageTraceBehavior [ RunTime:0.000798s ]
INFO: [ app_end ] --END-- [ RunTime:0.000874s ]

[ 2015-10-16T19:23:24+08:00 ] ::1 /index.php/Admin/Index.html
INFO: [ app_init ] --START--
INFO: Run Behavior\BuildLiteBehavior [ RunTime:0.000016s ]
INFO: [ app_init ] --END-- [ RunTime:0.000344s ]
INFO: [ app_begin ] --START--
INFO: Run Behavior\ReadHtmlCacheBehavior [ RunTime:0.000452s ]
INFO: [ app_begin ] --END-- [ RunTime:0.000510s ]
SQL: SHOW COLUMNS FROM `lab_project` [ RunTime:0.0018s ]
SQL: SELECT COUNT(*) AS tp_count FROM `lab_project` LIMIT 1   [ RunTime:0.0002s ]
SQL: SHOW COLUMNS FROM `lab_user` [ RunTime:0.0015s ]
SQL: SELECT COUNT(*) AS tp_count FROM `lab_user` LIMIT 1   [ RunTime:0.0003s ]
SQL: SELECT COUNT(*) AS tp_count FROM `lab_project` WHERE ( allow=0 ) LIMIT 1   [ RunTime:0.0003s ]
INFO: [ view_parse ] --START--
INFO: [ template_filter ] --START--
INFO: Run Behavior\ContentReplaceBehavior [ RunTime:0.000042s ]
INFO: [ template_filter ] --END-- [ RunTime:0.000121s ]
SQL: SHOW COLUMNS FROM `lab_user` [ RunTime:0.0014s ]
INFO: Run Behavior\ParseTemplateBehavior [ RunTime:0.011310s ]
INFO: [ view_parse ] --END-- [ RunTime:0.011397s ]
INFO: [ view_filter ] --START--
INFO: Run Behavior\WriteHtmlCacheBehavior [ RunTime:0.000190s ]
INFO: [ view_filter ] --END-- [ RunTime:0.000239s ]
INFO: [ app_end ] --START--
INFO: Run Behavior\ShowPageTraceBehavior [ RunTime:0.000499s ]
INFO: [ app_end ] --END-- [ RunTime:0.000553s ]

[ 2015-10-16T19:23:24+08:00 ] ::1 /index.php/Admin/assets/i/favicon.png
INFO: [ app_init ] --START--
INFO: Run Behavior\BuildLiteBehavior [ RunTime:0.000017s ]
INFO: [ app_init ] --END-- [ RunTime:0.000385s ]

[ 2015-10-16T19:23:25+08:00 ] ::1 /index.php/Admin/Index.html
INFO: [ app_init ] --START--
INFO: Run Behavior\BuildLiteBehavior [ RunTime:0.000021s ]
INFO: [ app_init ] --END-- [ RunTime:0.000454s ]
INFO: [ app_begin ] --START--
INFO: Run Behavior\ReadHtmlCacheBehavior [ RunTime:0.000451s ]
INFO: [ app_begin ] --END-- [ RunTime:0.000511s ]
SQL: SHOW COLUMNS FROM `lab_project` [ RunTime:0.0018s ]
SQL: SELECT COUNT(*) AS tp_count FROM `lab_project` LIMIT 1   [ RunTime:0.0003s ]
SQL: SHOW COLUMNS FROM `lab_user` [ RunTime:0.0016s ]
SQL: SELECT COUNT(*) AS tp_count FROM `lab_user` LIMIT 1   [ RunTime:0.0003s ]
SQL: SELECT COUNT(*) AS tp_count FROM `lab_project` WHERE ( allow=0 ) LIMIT 1   [ RunTime:0.0005s ]
INFO: [ view_parse ] --START--
INFO: [ template_filter ] --START--
INFO: Run Behavior\ContentReplaceBehavior [ RunTime:0.000046s ]
INFO: [ template_filter ] --END-- [ RunTime:0.000118s ]
SQL: SHOW COLUMNS FROM `lab_user` [ RunTime:0.0014s ]
INFO: Run Behavior\ParseTemplateBehavior [ RunTime:0.010997s ]
INFO: [ view_parse ] --END-- [ RunTime:0.011060s ]
INFO: [ view_filter ] --START--
INFO: Run Behavior\WriteHtmlCacheBehavior [ RunTime:0.000251s ]
INFO: [ view_filter ] --END-- [ RunTime:0.000355s ]
INFO: [ app_end ] --START--
INFO: Run Behavior\ShowPageTraceBehavior [ RunTime:0.000536s ]
INFO: [ app_end ] --END-- [ RunTime:0.000595s ]

[ 2015-10-16T19:23:26+08:00 ] ::1 /index.php/Admin/Check.html
INFO: [ app_init ] --START--
INFO: Run Behavior\BuildLiteBehavior [ RunTime:0.000015s ]
INFO: [ app_init ] --END-- [ RunTime:0.000340s ]
INFO: [ app_begin ] --START--
INFO: Run Behavior\ReadHtmlCacheBehavior [ RunTime:0.000451s ]
INFO: [ app_begin ] --END-- [ RunTime:0.000508s ]
SQL: SHOW COLUMNS FROM `lab_project` [ RunTime:0.0016s ]
SQL: SELECT * FROM `lab_project` WHERE ( allow=0 )  [ RunTime:0.0004s ]
INFO: [ view_parse ] --START--
INFO: [ template_filter ] --START--
INFO: Run Behavior\ContentReplaceBehavior [ RunTime:0.000046s ]
INFO: [ template_filter ] --END-- [ RunTime:0.000119s ]
SQL: SHOW COLUMNS FROM `lab_user` [ RunTime:0.0019s ]
INFO: Run Behavior\ParseTemplateBehavior [ RunTime:0.014979s ]
INFO: [ view_parse ] --END-- [ RunTime:0.015037s ]
INFO: [ view_filter ] --START--
INFO: Run Behavior\WriteHtmlCacheBehavior [ RunTime:0.000186s ]
INFO: [ view_filter ] --END-- [ RunTime:0.000238s ]
INFO: [ app_end ] --START--
INFO: Run Behavior\ShowPageTraceBehavior [ RunTime:0.000494s ]
INFO: [ app_end ] --END-- [ RunTime:0.000548s ]

[ 2015-10-16T19:23:27+08:00 ] ::1 /index.php/Admin/Index.html
INFO: [ app_init ] --START--
INFO: Run Behavior\BuildLiteBehavior [ RunTime:0.000016s ]
INFO: [ app_init ] --END-- [ RunTime:0.000422s ]
INFO: [ app_begin ] --START--
INFO: Run Behavior\ReadHtmlCacheBehavior [ RunTime:0.000459s ]
INFO: [ app_begin ] --END-- [ RunTime:0.000519s ]
SQL: SHOW COLUMNS FROM `lab_project` [ RunTime:0.0016s ]
SQL: SELECT COUNT(*) AS tp_count FROM `lab_project` LIMIT 1   [ RunTime:0.0003s ]
SQL: SHOW COLUMNS FROM `lab_user` [ RunTime:0.0014s ]
SQL: SELECT COUNT(*) AS tp_count FROM `lab_user` LIMIT 1   [ RunTime:0.0003s ]
SQL: SELECT COUNT(*) AS tp_count FROM `lab_project` WHERE ( allow=0 ) LIMIT 1   [ RunTime:0.0003s ]
INFO: [ view_parse ] --START--
INFO: [ template_filter ] --START--
INFO: Run Behavior\ContentReplaceBehavior [ RunTime:0.000048s ]
INFO: [ template_filter ] --END-- [ RunTime:0.000126s ]
SQL: SHOW COLUMNS FROM `lab_user` [ RunTime:0.0015s ]
INFO: Run Behavior\ParseTemplateBehavior [ RunTime:0.012374s ]
INFO: [ view_parse ] --END-- [ RunTime:0.012436s ]
INFO: [ view_filter ] --START--
INFO: Run Behavior\WriteHtmlCacheBehavior [ RunTime:0.000197s ]
INFO: [ view_filter ] --END-- [ RunTime:0.000250s ]
INFO: [ app_end ] --START--
INFO: Run Behavior\ShowPageTraceBehavior [ RunTime:0.000507s ]
INFO: [ app_end ] --END-- [ RunTime:0.000561s ]

